2022-10-14 13:55:47.457 - DEBUG: [service_loader.js:17:12] load in service_loader called.
2022-10-14 13:55:47.462 - DEBUG: [service_loader.js:21:16] #0 -> id:1, unit:person
2022-10-14 13:55:48.087 - DEBUG: [service_loader.js:39:16] method #0 -> list
2022-10-14 13:55:48.088 - DEBUG: [service_loader.js:43:16]     do method name -> doList
2022-10-14 13:55:48.088 - DEBUG: [service_loader.js:39:16] method #1 -> read
2022-10-14 13:55:48.089 - DEBUG: [service_loader.js:43:16]     do method name -> doRead
2022-10-14 13:55:48.090 - DEBUG: [service_loader.js:39:16] method #2 -> create
2022-10-14 13:55:48.091 - DEBUG: [service_loader.js:43:16]     do method name -> doCreate
2022-10-14 13:55:48.091 - DEBUG: [service_loader.js:39:16] method #3 -> update
2022-10-14 13:55:48.092 - DEBUG: [service_loader.js:43:16]     do method name -> doUpdate
2022-10-14 13:55:48.092 - DEBUG: [service_loader.js:39:16] method #4 -> delete
2022-10-14 13:55:48.093 - DEBUG: [service_loader.js:43:16]     do method name -> doDelete
2022-10-14 13:55:48.093 - INFO: [index.js:114:12] service loader called.
2022-10-14 13:55:48.094 - DEBUG: [controller_loader.js:26:12] load called.
2022-10-14 13:55:48.094 - DEBUG: [controller_loader.js:106:12] autoLoad called.
2022-10-14 13:55:48.219 - DEBUG: [controller_loader.js:34:20] #0 -> id:1, type:rest, base:, unit:person
2022-10-14 13:55:48.242 - DEBUG: [person-controller.js:27:16] PersonController initialized.
2022-10-14 13:55:48.242 - DEBUG: [controller_loader.js:53:24] rest type #0 -> list
2022-10-14 13:55:48.243 - DEBUG: [controller_loader.js:73:24] rest request method -> get, path -> /person, func -> list
2022-10-14 13:55:48.244 - DEBUG: [controller_loader.js:53:24] rest type #1 -> create
2022-10-14 13:55:48.244 - DEBUG: [controller_loader.js:73:24] rest request method -> post, path -> /person, func -> create
2022-10-14 13:55:48.244 - DEBUG: [controller_loader.js:53:24] rest type #2 -> read
2022-10-14 13:55:48.245 - DEBUG: [controller_loader.js:73:24] rest request method -> get, path -> /person/:id, func -> read
2022-10-14 13:55:48.245 - DEBUG: [controller_loader.js:53:24] rest type #3 -> update
2022-10-14 13:55:48.246 - DEBUG: [controller_loader.js:73:24] rest request method -> put, path -> /person/:id, func -> update
2022-10-14 13:55:48.246 - DEBUG: [controller_loader.js:53:24] rest type #4 -> delete
2022-10-14 13:55:48.246 - DEBUG: [controller_loader.js:73:24] rest request method -> delete, path -> /person/:id, func -> delete
2022-10-14 13:55:48.247 - DEBUG: [controller_loader.js:36:20] #1 -> id:2, type:path, path:/profile/list, method:get,post, file:profile-controller, func:list
2022-10-14 13:55:48.258 - DEBUG: [profile-controller.js:21:11] ProfileController initialized.
2022-10-14 13:55:48.259 - DEBUG: [controller_loader.js:84:28] method #0 -> get
2022-10-14 13:55:48.260 - DEBUG: [controller_loader.js:84:28] method #1 -> post
2022-10-14 13:55:48.261 - DEBUG: [controller_loader.js:36:20] #2 -> id:3, type:path, path:/profile/get, method:get,post, file:profile-controller, func:get
2022-10-14 13:55:48.261 - DEBUG: [profile-controller.js:21:11] ProfileController initialized.
2022-10-14 13:55:48.262 - DEBUG: [controller_loader.js:84:28] method #0 -> get
2022-10-14 13:55:48.262 - DEBUG: [controller_loader.js:84:28] method #1 -> post
2022-10-14 13:55:48.263 - DEBUG: [controller_loader.js:36:20] #3 -> id:4, type:path, path:/profile/add, method:get, file:profile-controller, func:add
2022-10-14 13:55:48.263 - DEBUG: [profile-controller.js:21:11] ProfileController initialized.
2022-10-14 13:55:48.264 - DEBUG: [controller_loader.js:84:28] method #0 -> get
2022-10-14 13:55:48.264 - DEBUG: [controller_loader.js:36:20] #4 -> id:5, type:path, path:/profile/upload, method:post, file:profile-controller, func:upload
2022-10-14 13:55:48.266 - DEBUG: [profile-controller.js:21:11] ProfileController initialized.
2022-10-14 13:55:48.267 - DEBUG: [controller_loader.js:84:28] method #0 -> post
2022-10-14 13:55:48.267 - DEBUG: [controller_loader.js:36:20] #5 -> id:6, type:path, path:/test/set_cookie, method:get, file:test-controller, func:set_cookie
2022-10-14 13:55:48.276 - DEBUG: [test-controller.js:15:16] TestController initialized.
2022-10-14 13:55:48.277 - DEBUG: [controller_loader.js:84:28] method #0 -> get
2022-10-14 13:55:48.277 - DEBUG: [controller_loader.js:36:20] #6 -> id:7, type:path, path:/test/show_cookie, method:get, file:test-controller, func:show_cookie
2022-10-14 13:55:48.278 - DEBUG: [test-controller.js:15:16] TestController initialized.
2022-10-14 13:55:48.279 - DEBUG: [controller_loader.js:84:28] method #0 -> get
2022-10-14 13:55:48.279 - INFO: [index.js:118:12] controller loader called.
2022-10-14 13:55:48.376 - DEBUG: [mci.js:20:16] MCI initialized.
2022-10-14 13:55:48.379 - DEBUG: [mci.js:28:20] name : external01
2022-10-14 13:55:48.730 - DEBUG: [cni.js:15:16] CNI initialized.
2022-10-14 13:55:48.731 - DEBUG: [cni.js:21:16] server name : external02
2022-10-14 13:55:48.732 - DEBUG: [cni.js:25:16] server host : localhost
2022-10-14 13:55:48.732 - DEBUG: [cni.js:26:16] server port : 7102
2022-10-14 13:55:51.860 - INFO: [index.js:242:20] Http Server started.
2022-10-14 13:55:51.861 - INFO: [index.js:252:16] Base URL -> http://localhost:7001
2022-10-14 13:55:51.862 - INFO: [index.js:257:16] Namespace -> ::_7001_29964
2022-10-14 13:55:52.955 - DEBUG: [socketio_loader.js:73:9] socketio_loader.load called.
2022-10-14 13:55:52.960 - DEBUG: [socketio_loader.js:83:16] read namespace file -> ::_7001_18340
2022-10-14 13:55:52.963 - INFO: [index.js:265:20] socket.io loader called.
2022-10-14 13:55:52.968 - DEBUG: [socketio_loader.js:103:16] Error in executing sql -> Sql definition for chat_reset_presence not found in sql_config
2022-10-14 13:55:53.163 - DEBUG: [socketio_loader.js:125:16] namespace file saved to -> ./socketio.pid
2022-10-14 13:55:53.164 - INFO: [socketio_loader.js:133:12] socket.io service started.
2022-10-14 13:55:53.166 - DEBUG: [socketio_loader.js:147:12] redis subscribed -> myapp_message
2022-10-14 13:55:53.215 - DEBUG: [controller_loader.js:226:12] registerRest called : /baroboard/darwin -> in file ../controllers/baroboard-darwin-sync-controller, table : baroboard.device
2022-10-14 13:55:53.241 - DEBUG: [controller_loader.js:241:16] rest type #0 -> list
2022-10-14 13:55:53.242 - DEBUG: [controller_loader.js:259:16] rest request method -> get, path -> /baroboard/darwin, func -> list
2022-10-14 13:55:53.242 - DEBUG: [controller_loader.js:241:16] rest type #1 -> create
2022-10-14 13:55:53.243 - DEBUG: [controller_loader.js:259:16] rest request method -> post, path -> /baroboard/darwin, func -> create
2022-10-14 13:55:53.243 - DEBUG: [controller_loader.js:241:16] rest type #2 -> read
2022-10-14 13:55:53.244 - DEBUG: [controller_loader.js:259:16] rest request method -> get, path -> /baroboard/darwin/:id, func -> read
2022-10-14 13:55:53.244 - DEBUG: [controller_loader.js:241:16] rest type #3 -> update
2022-10-14 13:55:53.245 - DEBUG: [controller_loader.js:259:16] rest request method -> put, path -> /baroboard/darwin/:id, func -> update
2022-10-14 13:55:53.245 - DEBUG: [controller_loader.js:241:16] rest type #4 -> delete
2022-10-14 13:55:53.246 - DEBUG: [controller_loader.js:259:16] rest request method -> delete, path -> /baroboard/darwin/:id, func -> delete
2022-10-14 13:55:53.248 - DEBUG: [controller_loader.js:267:12] registerPath called : /baroboard/darwin/request_esl_sync -> updateData in file ../controllers/baroboard-darwin-sync-controller
2022-10-14 13:55:54.076 - DEBUG: [controller_loader.js:274:20]  method #0 -> post
2022-10-14 13:55:54.083 - DEBUG: [controller_loader.js:226:12] registerRest called : /baroboard/device -> in file ../controllers/baroboard-device-controller, table : baroboard.device
2022-10-14 13:55:54.084 - DEBUG: [controller_loader.js:241:16] rest type #0 -> list
2022-10-14 13:55:54.084 - DEBUG: [controller_loader.js:259:16] rest request method -> get, path -> /baroboard/device, func -> list
2022-10-14 13:55:54.084 - DEBUG: [controller_loader.js:241:16] rest type #1 -> create
2022-10-14 13:55:54.085 - DEBUG: [controller_loader.js:259:16] rest request method -> post, path -> /baroboard/device, func -> create
2022-10-14 13:55:54.085 - DEBUG: [controller_loader.js:241:16] rest type #2 -> read
2022-10-14 13:55:54.086 - DEBUG: [controller_loader.js:259:16] rest request method -> get, path -> /baroboard/device/:id, func -> read
2022-10-14 13:55:54.087 - DEBUG: [controller_loader.js:241:16] rest type #3 -> update
2022-10-14 13:55:54.088 - DEBUG: [controller_loader.js:259:16] rest request method -> put, path -> /baroboard/device/:id, func -> update
2022-10-14 13:55:54.089 - DEBUG: [controller_loader.js:241:16] rest type #4 -> delete
2022-10-14 13:55:54.089 - DEBUG: [controller_loader.js:259:16] rest request method -> delete, path -> /baroboard/device/:id, func -> delete
2022-10-14 13:55:54.091 - DEBUG: [controller_loader.js:267:12] registerPath called : /baroboard/device/data/update -> updateData in file ../controllers/baroboard-device-controller
2022-10-14 13:55:54.125 - DEBUG: [controller_loader.js:274:20]  method #0 -> post
2022-10-14 13:55:54.127 - DEBUG: [controller_loader.js:267:12] registerPath called : /baroboard/device/data/select -> selectData in file ../controllers/baroboard-device-controller
2022-10-14 13:55:54.128 - DEBUG: [controller_loader.js:274:20]  method #0 -> get
2022-10-14 13:55:54.129 - DEBUG: [controller_loader.js:267:12] registerPath called : /baroboard/device/dashboard/list -> dashboardList in file ../controllers/baroboard-device-controller
2022-10-14 13:55:54.130 - DEBUG: [controller_loader.js:274:20]  method #0 -> get
2022-10-14 13:55:54.131 - DEBUG: [controller_loader.js:267:12] registerPath called : /baroboard/device/dashboard/sublist -> dashboardSubList in file ../controllers/baroboard-device-controller
2022-10-14 13:55:54.131 - DEBUG: [controller_loader.js:274:20]  method #0 -> get
2022-10-14 13:55:54.133 - DEBUG: [controller_loader.js:267:12] registerPath called : /baroboard/device/dashboard/legacy -> legacyInfo in file ../controllers/baroboard-device-controller
2022-10-14 13:55:54.134 - DEBUG: [controller_loader.js:288:16] legacyInfo not found in the controller.
2022-10-14 13:55:54.135 - DEBUG: [controller_loader.js:267:12] registerPath called : /baroboard/device/dashboard/fieldlist -> dashboardFieldList in file ../controllers/baroboard-device-controller
2022-10-14 13:55:54.135 - DEBUG: [controller_loader.js:274:20]  method #0 -> get
2022-10-14 13:55:54.137 - DEBUG: [controller_loader.js:267:12] registerPath called : /baroboard/device/data/preview2 -> preview2 in file ../controllers/baroboard-device-controller
2022-10-14 13:55:54.138 - DEBUG: [controller_loader.js:274:20]  method #0 -> post
2022-10-14 13:55:54.142 - DEBUG: [controller_loader.js:267:12] registerPath called : /baroboard/device/data/apply -> applyData in file ../controllers/baroboard-device-controller
2022-10-14 13:55:54.143 - DEBUG: [controller_loader.js:274:20]  method #0 -> post
2022-10-14 13:55:54.145 - DEBUG: [controller_loader.js:267:12] registerPath called : /baroboard/device/data/preview -> applyData2 in file ../controllers/baroboard-device-controller
2022-10-14 13:55:54.146 - DEBUG: [controller_loader.js:274:20]  method #0 -> post
2022-10-14 13:55:54.147 - DEBUG: [controller_loader.js:267:12] registerPath called : /baroboard/device/goodbattery -> batteryUpdate in file ../controllers/baroboard-device-controller
2022-10-14 13:55:54.148 - DEBUG: [controller_loader.js:274:20]  method #0 -> post
2022-10-14 13:55:54.149 - DEBUG: [controller_loader.js:267:12] registerPath called : /baroboard/device/badbattery -> batteryUpdate2 in file ../controllers/baroboard-device-controller
2022-10-14 13:55:54.150 - DEBUG: [controller_loader.js:274:20]  method #0 -> post
2022-10-14 13:55:54.151 - DEBUG: [controller_loader.js:267:12] registerPath called : /baroboard/device/check/usinglayout -> checkUsingLayout in file ../controllers/baroboard-device-controller
2022-10-14 13:55:54.152 - DEBUG: [controller_loader.js:274:20]  method #0 -> post
2022-10-14 13:55:54.153 - DEBUG: [controller_loader.js:267:12] registerPath called : /baroboard/device/status -> statusUpdate in file ../controllers/baroboard-device-controller
2022-10-14 13:55:54.154 - DEBUG: [controller_loader.js:274:20]  method #0 -> post
2022-10-14 13:55:54.155 - DEBUG: [controller_loader.js:267:12] registerPath called : /baroboard/device/statussync -> statusSync in file ../controllers/baroboard-device-controller
2022-10-14 13:55:54.156 - DEBUG: [controller_loader.js:274:20]  method #0 -> post
2022-10-14 13:55:54.160 - DEBUG: [controller_loader.js:267:12] registerPath called : /baroboard/device/data/mappinglist -> layoutMappingDataList in file ../controllers/baroboard-device-controller
2022-10-14 13:55:54.160 - DEBUG: [controller_loader.js:274:20]  method #0 -> post
2022-10-14 13:55:54.162 - DEBUG: [controller_loader.js:267:12] registerPath called : /baroboard/device/modify/layout -> modifyLayoutinfo in file ../controllers/baroboard-device-controller
2022-10-14 13:55:54.163 - DEBUG: [controller_loader.js:274:20]  method #0 -> post
2022-10-14 13:55:54.164 - DEBUG: [controller_loader.js:267:12] registerPath called : /baroboard/device/data/esl_request -> darwinPushESLData in file ../controllers/baroboard-device-controller
2022-10-14 13:55:54.165 - DEBUG: [controller_loader.js:274:20]  method #0 -> post
2022-10-14 13:55:54.168 - DEBUG: [controller_loader.js:226:12] registerRest called : /baroboard/device_group -> in file ../controllers/baroboard-device-group-controller, table : baroboard.device_group
2022-10-14 13:55:54.201 - DEBUG: [controller_loader.js:241:16] rest type #0 -> list
2022-10-14 13:55:54.235 - DEBUG: [controller_loader.js:259:16] rest request method -> get, path -> /baroboard/device_group, func -> list
2022-10-14 13:55:54.236 - DEBUG: [controller_loader.js:241:16] rest type #1 -> create
2022-10-14 13:55:54.238 - DEBUG: [controller_loader.js:259:16] rest request method -> post, path -> /baroboard/device_group, func -> create
2022-10-14 13:55:54.239 - DEBUG: [controller_loader.js:241:16] rest type #2 -> read
2022-10-14 13:55:54.240 - DEBUG: [controller_loader.js:259:16] rest request method -> get, path -> /baroboard/device_group/:id, func -> read
2022-10-14 13:55:54.240 - DEBUG: [controller_loader.js:241:16] rest type #3 -> update
2022-10-14 13:55:54.241 - DEBUG: [controller_loader.js:259:16] rest request method -> put, path -> /baroboard/device_group/:id, func -> update
2022-10-14 13:55:54.242 - DEBUG: [controller_loader.js:241:16] rest type #4 -> delete
2022-10-14 13:55:54.242 - DEBUG: [controller_loader.js:259:16] rest request method -> delete, path -> /baroboard/device_group/:id, func -> delete
2022-10-14 13:55:54.252 - DEBUG: [controller_loader.js:226:12] registerRest called : /baroboard/image -> in file ../controllers/baroboard-image-controller, table : baroboard.image
2022-10-14 13:55:54.253 - DEBUG: [controller_loader.js:241:16] rest type #0 -> list
2022-10-14 13:55:54.258 - DEBUG: [controller_loader.js:259:16] rest request method -> get, path -> /baroboard/image, func -> list
2022-10-14 13:55:54.263 - DEBUG: [controller_loader.js:241:16] rest type #1 -> create
2022-10-14 13:55:54.265 - DEBUG: [controller_loader.js:259:16] rest request method -> post, path -> /baroboard/image, func -> create
2022-10-14 13:55:54.265 - DEBUG: [controller_loader.js:241:16] rest type #2 -> read
2022-10-14 13:55:54.266 - DEBUG: [controller_loader.js:259:16] rest request method -> get, path -> /baroboard/image/:id, func -> read
2022-10-14 13:55:54.267 - DEBUG: [controller_loader.js:241:16] rest type #3 -> update
2022-10-14 13:55:54.268 - DEBUG: [controller_loader.js:259:16] rest request method -> put, path -> /baroboard/image/:id, func -> update
2022-10-14 13:55:54.270 - DEBUG: [controller_loader.js:241:16] rest type #4 -> delete
2022-10-14 13:55:54.274 - DEBUG: [controller_loader.js:259:16] rest request method -> delete, path -> /baroboard/image/:id, func -> delete
2022-10-14 13:55:54.276 - DEBUG: [controller_loader.js:267:12] registerPath called : /baroboard/image/list -> requestList in file ../controllers/baroboard-image-controller
2022-10-14 13:55:54.278 - DEBUG: [controller_loader.js:274:20]  method #0 -> post
2022-10-14 13:55:54.280 - DEBUG: [controller_loader.js:267:12] registerPath called : /baroboard/image/category/list -> requestcategoryList in file ../controllers/baroboard-image-controller
2022-10-14 13:55:54.281 - DEBUG: [controller_loader.js:274:20]  method #0 -> post
2022-10-14 13:55:54.283 - DEBUG: [controller_loader.js:267:12] registerPath called : /baroboard/image/category/delete_item -> requestDeleteImage2 in file ../controllers/baroboard-image-controller
2022-10-14 13:55:54.283 - DEBUG: [controller_loader.js:274:20]  method #0 -> post
2022-10-14 13:55:54.285 - DEBUG: [controller_loader.js:267:12] registerPath called : /baroboard/image/category/title_delete -> requestDeleteCategory in file ../controllers/baroboard-image-controller
2022-10-14 13:55:54.285 - DEBUG: [controller_loader.js:274:20]  method #0 -> post
2022-10-14 13:55:54.290 - DEBUG: [controller_loader.js:267:12] registerPath called : /baroboard/image/category/add -> requestAddCategoryItem in file ../controllers/baroboard-image-controller
2022-10-14 13:55:54.291 - DEBUG: [controller_loader.js:274:20]  method #0 -> post
2022-10-14 13:55:54.293 - DEBUG: [controller_loader.js:267:12] registerPath called : /baroboard/image/category/image -> requestAddImageItemInCategory in file ../controllers/baroboard-image-controller
2022-10-14 13:55:54.294 - DEBUG: [controller_loader.js:274:20]  method #0 -> get
2022-10-14 13:55:54.295 - DEBUG: [controller_loader.js:274:20]  method #1 -> post
2022-10-14 13:55:54.300 - DEBUG: [controller_loader.js:226:12] registerRest called : /baroboard/layout -> in file ../controllers/baroboard-layout-controller, table : baroboard.layout
2022-10-14 13:55:54.301 - DEBUG: [controller_loader.js:241:16] rest type #0 -> list
2022-10-14 13:55:54.301 - DEBUG: [controller_loader.js:259:16] rest request method -> get, path -> /baroboard/layout, func -> list
2022-10-14 13:55:54.302 - DEBUG: [controller_loader.js:241:16] rest type #1 -> create
2022-10-14 13:55:54.302 - DEBUG: [controller_loader.js:259:16] rest request method -> post, path -> /baroboard/layout, func -> create
2022-10-14 13:55:54.303 - DEBUG: [controller_loader.js:241:16] rest type #2 -> read
2022-10-14 13:55:54.304 - DEBUG: [controller_loader.js:259:16] rest request method -> get, path -> /baroboard/layout/:id, func -> read
2022-10-14 13:55:54.304 - DEBUG: [controller_loader.js:241:16] rest type #3 -> update
2022-10-14 13:55:54.305 - DEBUG: [controller_loader.js:259:16] rest request method -> put, path -> /baroboard/layout/:id, func -> update
2022-10-14 13:55:54.306 - DEBUG: [controller_loader.js:241:16] rest type #4 -> delete
2022-10-14 13:55:54.306 - DEBUG: [controller_loader.js:259:16] rest request method -> delete, path -> /baroboard/layout/:id, func -> delete
2022-10-14 13:55:54.308 - DEBUG: [controller_loader.js:267:12] registerPath called : /baroboard/layout/image/del -> requestImageDelete in file ../controllers/baroboard-layout-controller
2022-10-14 13:55:54.310 - DEBUG: [controller_loader.js:274:20]  method #0 -> get
2022-10-14 13:55:54.310 - DEBUG: [controller_loader.js:274:20]  method #1 -> post
2022-10-14 13:55:54.312 - DEBUG: [controller_loader.js:267:12] registerPath called : /baroboard/layout/image/update -> requestUpdateImage in file ../controllers/baroboard-layout-controller
2022-10-14 13:55:54.312 - DEBUG: [controller_loader.js:274:20]  method #0 -> post
2022-10-14 13:55:54.314 - DEBUG: [controller_loader.js:267:12] registerPath called : /baroboard/layout/mapping/update -> updateMapping in file ../controllers/baroboard-layout-controller
2022-10-14 13:55:54.314 - DEBUG: [controller_loader.js:274:20]  method #0 -> post
2022-10-14 13:55:54.319 - DEBUG: [controller_loader.js:226:12] registerRest called : /baroboard/legacy -> in file ../controllers/baroboard-legacy, table : baroboard.legacy
2022-10-14 13:55:54.320 - DEBUG: [controller_loader.js:241:16] rest type #0 -> list
2022-10-14 13:55:54.321 - DEBUG: [controller_loader.js:259:16] rest request method -> get, path -> /baroboard/legacy, func -> list
2022-10-14 13:55:54.322 - DEBUG: [controller_loader.js:241:16] rest type #1 -> create
2022-10-14 13:55:54.323 - DEBUG: [controller_loader.js:259:16] rest request method -> post, path -> /baroboard/legacy, func -> create
2022-10-14 13:55:54.324 - DEBUG: [controller_loader.js:241:16] rest type #2 -> read
2022-10-14 13:55:54.324 - DEBUG: [controller_loader.js:259:16] rest request method -> get, path -> /baroboard/legacy/:id, func -> read
2022-10-14 13:55:54.325 - DEBUG: [controller_loader.js:241:16] rest type #3 -> update
2022-10-14 13:55:54.325 - DEBUG: [controller_loader.js:259:16] rest request method -> put, path -> /baroboard/legacy/:id, func -> update
2022-10-14 13:55:54.325 - DEBUG: [controller_loader.js:241:16] rest type #4 -> delete
2022-10-14 13:55:54.326 - DEBUG: [controller_loader.js:259:16] rest request method -> delete, path -> /baroboard/legacy/:id, func -> delete
2022-10-14 13:55:54.329 - DEBUG: [controller_loader.js:226:12] registerRest called : /baroboard/users -> in file ../controllers/baroboard-users-controller, table : baroboard.users
2022-10-14 13:55:54.330 - DEBUG: [controller_loader.js:241:16] rest type #0 -> list
2022-10-14 13:55:54.330 - DEBUG: [controller_loader.js:259:16] rest request method -> get, path -> /baroboard/users, func -> list
2022-10-14 13:55:54.331 - DEBUG: [controller_loader.js:241:16] rest type #1 -> create
2022-10-14 13:55:54.331 - DEBUG: [controller_loader.js:259:16] rest request method -> post, path -> /baroboard/users, func -> create
2022-10-14 13:55:54.332 - DEBUG: [controller_loader.js:241:16] rest type #2 -> read
2022-10-14 13:55:54.332 - DEBUG: [controller_loader.js:259:16] rest request method -> get, path -> /baroboard/users/:id, func -> read
2022-10-14 13:55:54.333 - DEBUG: [controller_loader.js:241:16] rest type #3 -> update
2022-10-14 13:55:54.333 - DEBUG: [controller_loader.js:259:16] rest request method -> put, path -> /baroboard/users/:id, func -> update
2022-10-14 13:55:54.333 - DEBUG: [controller_loader.js:241:16] rest type #4 -> delete
2022-10-14 13:55:54.334 - DEBUG: [controller_loader.js:259:16] rest request method -> delete, path -> /baroboard/users/:id, func -> delete
2022-10-14 13:55:54.335 - DEBUG: [controller_loader.js:267:12] registerPath called : /baroboard/users/signup -> signup in file ../controllers/baroboard-users-controller
2022-10-14 13:55:54.361 - DEBUG: [controller_loader.js:274:20]  method #0 -> post
2022-10-14 13:55:54.363 - DEBUG: [controller_loader.js:267:12] registerPath called : /baroboard/users/login -> login in file ../controllers/baroboard-users-controller
2022-10-14 13:55:54.364 - DEBUG: [controller_loader.js:274:20]  method #0 -> post
2022-10-14 13:55:54.365 - DEBUG: [controller_loader.js:267:12] registerPath called : /baroboard/users/logout -> logout in file ../controllers/baroboard-users-controller
2022-10-14 13:55:54.366 - DEBUG: [controller_loader.js:274:20]  method #0 -> post
2022-10-14 13:55:54.369 - DEBUG: [controller_loader.js:226:12] registerRest called : /bear -> in file ../controllers/bear-controller, table : test.person
2022-10-14 13:55:54.369 - DEBUG: [controller_loader.js:241:16] rest type #0 -> list
2022-10-14 13:55:54.370 - DEBUG: [controller_loader.js:259:16] rest request method -> get, path -> /bear, func -> list
2022-10-14 13:55:54.371 - DEBUG: [controller_loader.js:241:16] rest type #1 -> create
2022-10-14 13:55:54.372 - DEBUG: [controller_loader.js:259:16] rest request method -> post, path -> /bear, func -> create
2022-10-14 13:55:54.372 - DEBUG: [controller_loader.js:241:16] rest type #2 -> read
2022-10-14 13:55:54.373 - DEBUG: [controller_loader.js:259:16] rest request method -> get, path -> /bear/:id, func -> read
2022-10-14 13:55:54.373 - DEBUG: [controller_loader.js:241:16] rest type #3 -> update
2022-10-14 13:55:54.374 - DEBUG: [controller_loader.js:259:16] rest request method -> put, path -> /bear/:id, func -> update
2022-10-14 13:55:54.374 - DEBUG: [controller_loader.js:241:16] rest type #4 -> delete
2022-10-14 13:55:54.377 - DEBUG: [controller_loader.js:259:16] rest request method -> delete, path -> /bear/:id, func -> delete
2022-10-14 13:55:54.382 - DEBUG: [controller_loader.js:226:12] registerRest called : /cat -> in file ../controllers/cat-controller, table : undefined
2022-10-14 13:55:54.384 - DEBUG: [controller_loader.js:241:16] rest type #0 -> list
2022-10-14 13:55:54.385 - DEBUG: [controller_loader.js:259:16] rest request method -> get, path -> /cat, func -> list
2022-10-14 13:55:54.386 - DEBUG: [controller_loader.js:241:16] rest type #1 -> create
2022-10-14 13:55:54.386 - DEBUG: [controller_loader.js:259:16] rest request method -> post, path -> /cat, func -> create
2022-10-14 13:55:54.388 - DEBUG: [controller_loader.js:241:16] rest type #2 -> read
2022-10-14 13:55:54.388 - DEBUG: [controller_loader.js:259:16] rest request method -> get, path -> /cat/:id, func -> read
2022-10-14 13:55:54.389 - DEBUG: [controller_loader.js:241:16] rest type #3 -> update
2022-10-14 13:55:54.389 - DEBUG: [controller_loader.js:259:16] rest request method -> put, path -> /cat/:id, func -> update
2022-10-14 13:55:54.390 - DEBUG: [controller_loader.js:241:16] rest type #4 -> delete
2022-10-14 13:55:54.390 - DEBUG: [controller_loader.js:259:16] rest request method -> delete, path -> /cat/:id, func -> delete
2022-10-14 13:55:54.397 - DEBUG: [controller_loader.js:267:12] registerPath called : /chat/send -> send in file ../controllers/chat-controller
2022-10-14 13:55:54.400 - DEBUG: [controller_loader.js:274:20]  method #0 -> get
2022-10-14 13:55:54.405 - DEBUG: [controller_loader.js:267:12] registerPath called : /cni-test/patient-list -> patientList in file ../controllers/cni-controller
2022-10-14 13:55:54.422 - DEBUG: [controller_loader.js:274:20]  method #0 -> get
2022-10-14 13:55:54.423 - DEBUG: [controller_loader.js:274:20]  method #1 -> post
2022-10-14 13:55:54.428 - DEBUG: [controller_loader.js:267:12] registerPath called : /consent/v1/patient/inpatient-list-01 -> inpatientList01 in file ../controllers/consent-v1-kbsmc-controller
2022-10-14 13:55:54.431 - DEBUG: [controller_loader.js:274:20]  method #0 -> get
2022-10-14 13:55:54.432 - DEBUG: [controller_loader.js:274:20]  method #1 -> post
2022-10-14 13:55:54.435 - DEBUG: [controller_loader.js:267:12] registerPath called : /consent/v1/consent/consent-save-01 -> consentSave01 in file ../controllers/consent-v1-kbsmc-controller
2022-10-14 13:55:54.436 - DEBUG: [controller_loader.js:274:20]  method #0 -> get
2022-10-14 13:55:54.437 - DEBUG: [controller_loader.js:274:20]  method #1 -> post
2022-10-14 13:55:54.442 - DEBUG: [controller_loader.js:267:12] registerPath called : /dog/index -> index in file ../controllers/dog-controller
2022-10-14 13:55:54.445 - DEBUG: [controller_loader.js:274:20]  method #0 -> get
2022-10-14 13:55:54.446 - DEBUG: [controller_loader.js:274:20]  method #1 -> post
2022-10-14 13:55:54.447 - DEBUG: [controller_loader.js:267:12] registerPath called : /dog/list -> list in file ../controllers/dog-controller
2022-10-14 13:55:54.448 - DEBUG: [controller_loader.js:274:20]  method #0 -> get
2022-10-14 13:55:54.449 - DEBUG: [controller_loader.js:274:20]  method #1 -> post
2022-10-14 13:55:54.450 - DEBUG: [controller_loader.js:267:12] registerPath called : /dog/create -> create in file ../controllers/dog-controller
2022-10-14 13:55:54.451 - DEBUG: [controller_loader.js:274:20]  method #0 -> get
2022-10-14 13:55:54.452 - DEBUG: [controller_loader.js:274:20]  method #1 -> post
2022-10-14 13:55:54.457 - DEBUG: [controller_loader.js:267:12] registerPath called : /dog/read -> read in file ../controllers/dog-controller
2022-10-14 13:55:54.457 - DEBUG: [controller_loader.js:274:20]  method #0 -> get
2022-10-14 13:55:54.459 - DEBUG: [controller_loader.js:274:20]  method #1 -> post
2022-10-14 13:55:54.462 - DEBUG: [controller_loader.js:267:12] registerPath called : /dog/update -> update in file ../controllers/dog-controller
2022-10-14 13:55:54.463 - DEBUG: [controller_loader.js:274:20]  method #0 -> get
2022-10-14 13:55:54.464 - DEBUG: [controller_loader.js:274:20]  method #1 -> post
2022-10-14 13:55:54.465 - DEBUG: [controller_loader.js:267:12] registerPath called : /dog/delete -> delete in file ../controllers/dog-controller
2022-10-14 13:55:54.466 - DEBUG: [controller_loader.js:274:20]  method #0 -> post
2022-10-14 13:55:54.469 - DEBUG: [controller_loader.js:267:12] registerPath called : /esl-index.do -> eslIndex in file ../controllers/index-controller
2022-10-14 13:55:54.472 - DEBUG: [controller_loader.js:274:20]  method #0 -> get
2022-10-14 13:55:54.480 - DEBUG: [controller_loader.js:267:12] registerPath called : /lion/ -> list in file ../controllers/lion-controller
2022-10-14 13:55:54.482 - DEBUG: [controller_loader.js:274:20]  method #0 -> get
2022-10-14 13:55:54.484 - DEBUG: [controller_loader.js:267:12] registerPath called : /lion/create -> create in file ../controllers/lion-controller
2022-10-14 13:55:54.484 - DEBUG: [controller_loader.js:274:20]  method #0 -> post
2022-10-14 13:55:54.485 - DEBUG: [controller_loader.js:267:12] registerPath called : /lion/read/:id -> read in file ../controllers/lion-controller
2022-10-14 13:55:54.486 - DEBUG: [controller_loader.js:274:20]  method #0 -> get
2022-10-14 13:55:54.489 - DEBUG: [controller_loader.js:267:12] registerPath called : /lion/update/:id -> update in file ../controllers/lion-controller
2022-10-14 13:55:54.489 - DEBUG: [controller_loader.js:274:20]  method #0 -> post
2022-10-14 13:55:54.493 - DEBUG: [controller_loader.js:267:12] registerPath called : /lion/delete/:id -> delete in file ../controllers/lion-controller
2022-10-14 13:55:54.494 - DEBUG: [controller_loader.js:274:20]  method #0 -> delete
2022-10-14 13:55:54.498 - DEBUG: [controller_loader.js:267:12] registerPath called : /mci-test/patient-list -> patientList in file ../controllers/mci-controller
2022-10-14 13:55:54.520 - DEBUG: [controller_loader.js:274:20]  method #0 -> get
2022-10-14 13:55:54.521 - DEBUG: [controller_loader.js:274:20]  method #1 -> post
2022-10-14 13:55:54.527 - DEBUG: [controller_loader.js:267:12] registerPath called : /panda/list -> list in file ../controllers/panda-controller
2022-10-14 13:55:54.529 - DEBUG: [controller_loader.js:274:20]  method #0 -> get
2022-10-14 13:55:54.536 - DEBUG: [controller_loader.js:267:12] registerPath called : /sboard_image/upload -> upload in file ../controllers/sboard-image-controller
2022-10-14 13:55:54.538 - DEBUG: [controller_loader.js:274:20]  method #0 -> post
2022-10-14 13:55:54.540 - DEBUG: [controller_loader.js:267:12] registerPath called : /sboard_image/send -> send in file ../controllers/sboard-image-controller
2022-10-14 13:55:54.541 - DEBUG: [controller_loader.js:274:20]  method #0 -> post
2022-10-14 13:55:54.542 - DEBUG: [controller_loader.js:267:12] registerPath called : /sboard_image/send_group -> sendGroup in file ../controllers/sboard-image-controller
2022-10-14 13:55:54.543 - DEBUG: [controller_loader.js:274:20]  method #0 -> post
2022-10-14 13:55:54.549 - DEBUG: [controller_loader.js:267:12] registerPath called : /sheep/ -> list in file ../controllers/sheep-controller
2022-10-14 13:55:54.551 - DEBUG: [controller_loader.js:274:20]  method #0 -> get
2022-10-14 13:55:54.552 - DEBUG: [controller_loader.js:267:12] registerPath called : /sheep/ -> create in file ../controllers/sheep-controller
2022-10-14 13:55:54.553 - DEBUG: [controller_loader.js:274:20]  method #0 -> post
2022-10-14 13:55:54.555 - DEBUG: [controller_loader.js:267:12] registerPath called : /sheep/:id -> read in file ../controllers/sheep-controller
2022-10-14 13:55:54.556 - DEBUG: [controller_loader.js:274:20]  method #0 -> get
2022-10-14 13:55:54.557 - DEBUG: [controller_loader.js:267:12] registerPath called : /sheep/:id -> update in file ../controllers/sheep-controller
2022-10-14 13:55:54.558 - DEBUG: [controller_loader.js:274:20]  method #0 -> put
2022-10-14 13:55:54.559 - DEBUG: [controller_loader.js:267:12] registerPath called : /sheep/:id -> delete in file ../controllers/sheep-controller
2022-10-14 13:55:54.560 - DEBUG: [controller_loader.js:274:20]  method #0 -> delete
2022-10-14 13:55:54.613 - DEBUG: [controller_loader.js:267:12] registerPath called : /data/apply -> applyData in file ../controllers/sync_to_esl-controller
2022-10-14 13:55:54.615 - DEBUG: [controller_loader.js:274:20]  method #0 -> post
2022-10-14 13:55:54.620 - DEBUG: [controller_loader.js:267:12] registerPath called : /data/lastmodifieddate -> getLastModifiedDate in file ../controllers/sync_to_mci-controller
2022-10-14 13:55:54.623 - DEBUG: [controller_loader.js:274:20]  method #0 -> post
2022-10-14 13:55:54.625 - DEBUG: [controller_loader.js:267:12] registerPath called : /data/apply -> applyData in file ../controllers/sync_to_mci-controller
2022-10-14 13:55:54.625 - DEBUG: [controller_loader.js:274:20]  method #0 -> post
2022-10-14 13:55:54.630 - DEBUG: [controller_loader.js:267:12] registerPath called : /tiger/hello -> hello in file ../controllers/tiger-controller
2022-10-14 13:55:54.633 - DEBUG: [controller_loader.js:274:20]  method #0 -> get
2022-10-14 13:55:54.633 - DEBUG: [controller_loader.js:274:20]  method #1 -> post
2022-10-14 13:55:54.640 - DEBUG: [controller_loader.js:267:12] registerPath called : /tiger/bye -> bye in file ../controllers/tiger-controller
2022-10-14 13:55:54.645 - DEBUG: [controller_loader.js:274:20]  method #0 -> get
2022-10-14 13:55:54.647 - DEBUG: [controller_loader.js:274:20]  method #1 -> post
2022-10-14 13:56:15.976 - DEBUG: [index-controller.js:25:16] eslIndex called for path /esl-index.do
2022-10-14 13:56:18.001 - DEBUG: [baroboard-users-controller.js:80:16] BaroboardUsers:login called for path /baroboard/users/login
2022-10-14 13:56:18.057 - DEBUG: [baroboard-device-controller.js:696:16] BaroboardDevice:deletePreview called 
2022-10-14 13:56:18.064 - DEBUG: [table-controller.js:121:14] Table:list called for GET /baroboard/layout
2022-10-14 13:56:18.106 - DEBUG: [table-controller.js:121:14] Table:list called for GET /baroboard/layout
2022-10-14 13:56:18.134 - DEBUG: [table-controller.js:121:14] Table:list called for GET /baroboard/layout
2022-10-14 14:00:18.930 - DEBUG: [table-controller.js:547:14] Table:update called for PUT /baroboard/layout/:id
2022-10-14 14:00:18.934 - DEBUG: [table-controller.js:121:14] Table:list called for GET /baroboard/layout
2022-10-14 14:00:18.977 - DEBUG: [baroboard-device-controller.js:1390:16] modify layoutinfo: Data called for path /modify/layout
2022-10-14 14:00:21.608 - DEBUG: [table-controller.js:121:14] Table:list called for GET /baroboard/layout
2022-10-14 14:00:21.632 - DEBUG: [table-controller.js:121:14] Table:list called for GET /baroboard/layout
2022-10-14 14:00:26.607 - DEBUG: [table-controller.js:121:14] Table:list called for GET /baroboard/layout
2022-10-14 14:00:26.632 - DEBUG: [table-controller.js:121:14] Table:list called for GET /baroboard/layout
2022-10-14 14:00:29.799 - DEBUG: [table-controller.js:121:14] Table:list called for GET /baroboard/device
2022-10-14 14:00:38.924 - DEBUG: [baroboard-device-controller.js:716:16] BaroboardDevice:applyData called for path /baroboard/device/data/apply
2022-10-14 14:00:45.405 - DEBUG: [table-controller.js:121:14] Table:list called for GET /baroboard/layout
2022-10-14 14:02:05.377 - DEBUG: [table-controller.js:547:14] Table:update called for PUT /baroboard/layout/:id
2022-10-14 14:02:05.380 - DEBUG: [table-controller.js:121:14] Table:list called for GET /baroboard/layout
2022-10-14 14:02:05.410 - DEBUG: [baroboard-device-controller.js:1390:16] modify layoutinfo: Data called for path /modify/layout
2022-10-14 14:02:07.688 - DEBUG: [table-controller.js:121:14] Table:list called for GET /baroboard/layout
2022-10-14 14:02:07.724 - DEBUG: [table-controller.js:121:14] Table:list called for GET /baroboard/layout
2022-10-14 14:02:09.936 - DEBUG: [table-controller.js:121:14] Table:list called for GET /baroboard/layout
2022-10-14 14:02:09.962 - DEBUG: [table-controller.js:121:14] Table:list called for GET /baroboard/layout
2022-10-14 14:02:17.834 - DEBUG: [table-controller.js:121:14] Table:list called for GET /baroboard/layout
2022-10-14 14:02:17.853 - DEBUG: [table-controller.js:121:14] Table:list called for GET /baroboard/layout
2022-10-14 14:02:20.930 - DEBUG: [table-controller.js:121:14] Table:list called for GET /baroboard/device
2022-10-14 14:02:25.260 - DEBUG: [baroboard-device-controller.js:542:16] BaroboardDevice:selectData called for path /baroboard/device/data/select
2022-10-14 14:02:25.276 - DEBUG: [baroboard-image-controller.js:49:16] BaroboardImage:requestcategoryList called for path /baroboard/image/category/list
2022-10-14 14:02:27.296 - DEBUG: [baroboard-device-controller.js:542:16] BaroboardDevice:selectData called for path /baroboard/device/data/select
2022-10-14 14:02:27.315 - DEBUG: [baroboard-image-controller.js:49:16] BaroboardImage:requestcategoryList called for path /baroboard/image/category/list
2022-10-14 14:02:31.005 - DEBUG: [baroboard-device-controller.js:716:16] BaroboardDevice:applyData called for path /baroboard/device/data/apply
2022-10-14 14:02:33.947 - DEBUG: [table-controller.js:121:14] Table:list called for GET /baroboard/layout
2022-10-14 14:02:52.097 - DEBUG: [table-controller.js:547:14] Table:update called for PUT /baroboard/layout/:id
2022-10-14 14:02:52.099 - DEBUG: [table-controller.js:121:14] Table:list called for GET /baroboard/layout
2022-10-14 14:02:52.125 - DEBUG: [baroboard-device-controller.js:1390:16] modify layoutinfo: Data called for path /modify/layout
2022-10-14 14:02:55.219 - DEBUG: [table-controller.js:121:14] Table:list called for GET /baroboard/layout
2022-10-14 14:02:55.243 - DEBUG: [table-controller.js:121:14] Table:list called for GET /baroboard/layout
2022-10-14 14:02:56.996 - DEBUG: [table-controller.js:121:14] Table:list called for GET /baroboard/layout
2022-10-14 14:02:57.015 - DEBUG: [table-controller.js:121:14] Table:list called for GET /baroboard/layout
2022-10-14 14:03:00.068 - DEBUG: [table-controller.js:121:14] Table:list called for GET /baroboard/device
2022-10-14 14:03:03.872 - DEBUG: [baroboard-device-controller.js:716:16] BaroboardDevice:applyData called for path /baroboard/device/data/apply
