2022-11-30 09:35:24.521 - DEBUG: [service_loader.js:17:12] load in service_loader called.
2022-11-30 09:35:24.524 - DEBUG: [service_loader.js:21:16] #0 -> id:1, unit:person
2022-11-30 09:35:25.065 - DEBUG: [service_loader.js:39:16] method #0 -> list
2022-11-30 09:35:25.065 - DEBUG: [service_loader.js:43:16]     do method name -> doList
2022-11-30 09:35:25.066 - DEBUG: [service_loader.js:39:16] method #1 -> read
2022-11-30 09:35:25.066 - DEBUG: [service_loader.js:43:16]     do method name -> doRead
2022-11-30 09:35:25.066 - DEBUG: [service_loader.js:39:16] method #2 -> create
2022-11-30 09:35:25.067 - DEBUG: [service_loader.js:43:16]     do method name -> doCreate
2022-11-30 09:35:25.067 - DEBUG: [service_loader.js:39:16] method #3 -> update
2022-11-30 09:35:25.068 - DEBUG: [service_loader.js:43:16]     do method name -> doUpdate
2022-11-30 09:35:25.068 - DEBUG: [service_loader.js:39:16] method #4 -> delete
2022-11-30 09:35:25.068 - DEBUG: [service_loader.js:43:16]     do method name -> doDelete
2022-11-30 09:35:25.069 - INFO: [index.js:114:12] service loader called.
2022-11-30 09:35:25.069 - DEBUG: [controller_loader.js:26:12] load called.
2022-11-30 09:35:25.069 - DEBUG: [controller_loader.js:106:12] autoLoad called.
2022-11-30 09:35:25.154 - DEBUG: [controller_loader.js:34:20] #0 -> id:1, type:rest, base:, unit:person
2022-11-30 09:35:25.176 - DEBUG: [person-controller.js:27:16] PersonController initialized.
2022-11-30 09:35:25.176 - DEBUG: [controller_loader.js:53:24] rest type #0 -> list
2022-11-30 09:35:25.177 - DEBUG: [controller_loader.js:73:24] rest request method -> get, path -> /person, func -> list
2022-11-30 09:35:25.178 - DEBUG: [controller_loader.js:53:24] rest type #1 -> create
2022-11-30 09:35:25.178 - DEBUG: [controller_loader.js:73:24] rest request method -> post, path -> /person, func -> create
2022-11-30 09:35:25.178 - DEBUG: [controller_loader.js:53:24] rest type #2 -> read
2022-11-30 09:35:25.179 - DEBUG: [controller_loader.js:73:24] rest request method -> get, path -> /person/:id, func -> read
2022-11-30 09:35:25.179 - DEBUG: [controller_loader.js:53:24] rest type #3 -> update
2022-11-30 09:35:25.180 - DEBUG: [controller_loader.js:73:24] rest request method -> put, path -> /person/:id, func -> update
2022-11-30 09:35:25.180 - DEBUG: [controller_loader.js:53:24] rest type #4 -> delete
2022-11-30 09:35:25.180 - DEBUG: [controller_loader.js:73:24] rest request method -> delete, path -> /person/:id, func -> delete
2022-11-30 09:35:25.181 - DEBUG: [controller_loader.js:36:20] #1 -> id:2, type:path, path:/profile/list, method:get,post, file:profile-controller, func:list
2022-11-30 09:35:25.191 - DEBUG: [profile-controller.js:21:11] ProfileController initialized.
2022-11-30 09:35:25.193 - DEBUG: [controller_loader.js:84:28] method #0 -> get
2022-11-30 09:35:25.193 - DEBUG: [controller_loader.js:84:28] method #1 -> post
2022-11-30 09:35:25.194 - DEBUG: [controller_loader.js:36:20] #2 -> id:3, type:path, path:/profile/get, method:get,post, file:profile-controller, func:get
2022-11-30 09:35:25.194 - DEBUG: [profile-controller.js:21:11] ProfileController initialized.
2022-11-30 09:35:25.194 - DEBUG: [controller_loader.js:84:28] method #0 -> get
2022-11-30 09:35:25.195 - DEBUG: [controller_loader.js:84:28] method #1 -> post
2022-11-30 09:35:25.195 - DEBUG: [controller_loader.js:36:20] #3 -> id:4, type:path, path:/profile/add, method:get, file:profile-controller, func:add
2022-11-30 09:35:25.195 - DEBUG: [profile-controller.js:21:11] ProfileController initialized.
2022-11-30 09:35:25.195 - DEBUG: [controller_loader.js:84:28] method #0 -> get
2022-11-30 09:35:25.196 - DEBUG: [controller_loader.js:36:20] #4 -> id:5, type:path, path:/profile/upload, method:post, file:profile-controller, func:upload
2022-11-30 09:35:25.196 - DEBUG: [profile-controller.js:21:11] ProfileController initialized.
2022-11-30 09:35:25.196 - DEBUG: [controller_loader.js:84:28] method #0 -> post
2022-11-30 09:35:25.197 - DEBUG: [controller_loader.js:36:20] #5 -> id:6, type:path, path:/test/set_cookie, method:get, file:test-controller, func:set_cookie
2022-11-30 09:35:25.204 - DEBUG: [test-controller.js:15:16] TestController initialized.
2022-11-30 09:35:25.205 - DEBUG: [controller_loader.js:84:28] method #0 -> get
2022-11-30 09:35:25.205 - DEBUG: [controller_loader.js:36:20] #6 -> id:7, type:path, path:/test/show_cookie, method:get, file:test-controller, func:show_cookie
2022-11-30 09:35:25.205 - DEBUG: [test-controller.js:15:16] TestController initialized.
2022-11-30 09:35:25.205 - DEBUG: [controller_loader.js:84:28] method #0 -> get
2022-11-30 09:35:25.206 - INFO: [index.js:118:12] controller loader called.
2022-11-30 09:35:25.249 - DEBUG: [mci.js:20:16] MCI initialized.
2022-11-30 09:35:25.249 - DEBUG: [mci.js:28:20] name : external01
2022-11-30 09:35:25.475 - DEBUG: [cni.js:15:16] CNI initialized.
2022-11-30 09:35:25.476 - DEBUG: [cni.js:21:16] server name : external02
2022-11-30 09:35:25.476 - DEBUG: [cni.js:25:16] server host : localhost
2022-11-30 09:35:25.477 - DEBUG: [cni.js:26:16] server port : 7102
2022-11-30 09:35:27.948 - INFO: [index.js:242:20] Http Server started.
2022-11-30 09:35:27.949 - INFO: [index.js:252:16] Base URL -> http://localhost:7001
2022-11-30 09:35:27.949 - INFO: [index.js:257:16] Namespace -> ::_7001_40460
2022-11-30 09:35:28.617 - DEBUG: [socketio_loader.js:73:9] socketio_loader.load called.
2022-11-30 09:35:28.621 - DEBUG: [socketio_loader.js:83:16] read namespace file -> ::_7001_3148
2022-11-30 09:35:28.622 - INFO: [index.js:265:20] socket.io loader called.
2022-11-30 09:35:28.624 - DEBUG: [socketio_loader.js:103:16] Error in executing sql -> Sql definition for chat_reset_presence not found in sql_config
2022-11-30 09:35:28.765 - DEBUG: [socketio_loader.js:125:16] namespace file saved to -> ./socketio.pid
2022-11-30 09:35:28.765 - INFO: [socketio_loader.js:133:12] socket.io service started.
2022-11-30 09:35:28.767 - DEBUG: [socketio_loader.js:147:12] redis subscribed -> myapp_message
2022-11-30 09:35:50.843 - DEBUG: [service_loader.js:17:12] load in service_loader called.
2022-11-30 09:35:50.846 - DEBUG: [service_loader.js:21:16] #0 -> id:1, unit:person
2022-11-30 09:35:50.883 - DEBUG: [service_loader.js:39:16] method #0 -> list
2022-11-30 09:35:50.884 - DEBUG: [service_loader.js:43:16]     do method name -> doList
2022-11-30 09:35:50.884 - DEBUG: [service_loader.js:39:16] method #1 -> read
2022-11-30 09:35:50.885 - DEBUG: [service_loader.js:43:16]     do method name -> doRead
2022-11-30 09:35:50.885 - DEBUG: [service_loader.js:39:16] method #2 -> create
2022-11-30 09:35:50.885 - DEBUG: [service_loader.js:43:16]     do method name -> doCreate
2022-11-30 09:35:50.885 - DEBUG: [service_loader.js:39:16] method #3 -> update
2022-11-30 09:35:50.885 - DEBUG: [service_loader.js:43:16]     do method name -> doUpdate
2022-11-30 09:35:50.885 - DEBUG: [service_loader.js:39:16] method #4 -> delete
2022-11-30 09:35:50.886 - DEBUG: [service_loader.js:43:16]     do method name -> doDelete
2022-11-30 09:35:50.886 - INFO: [index.js:114:12] service loader called.
2022-11-30 09:35:50.886 - DEBUG: [controller_loader.js:26:12] load called.
2022-11-30 09:35:50.886 - DEBUG: [controller_loader.js:106:12] autoLoad called.
2022-11-30 09:35:50.892 - DEBUG: [controller_loader.js:34:20] #0 -> id:1, type:rest, base:, unit:person
2022-11-30 09:35:50.894 - DEBUG: [person-controller.js:27:16] PersonController initialized.
2022-11-30 09:35:50.894 - DEBUG: [controller_loader.js:53:24] rest type #0 -> list
2022-11-30 09:35:50.894 - DEBUG: [controller_loader.js:73:24] rest request method -> get, path -> /person, func -> list
2022-11-30 09:35:50.895 - DEBUG: [controller_loader.js:53:24] rest type #1 -> create
2022-11-30 09:35:50.895 - DEBUG: [controller_loader.js:73:24] rest request method -> post, path -> /person, func -> create
2022-11-30 09:35:50.895 - DEBUG: [controller_loader.js:53:24] rest type #2 -> read
2022-11-30 09:35:50.895 - DEBUG: [controller_loader.js:73:24] rest request method -> get, path -> /person/:id, func -> read
2022-11-30 09:35:50.896 - DEBUG: [controller_loader.js:53:24] rest type #3 -> update
2022-11-30 09:35:50.896 - DEBUG: [controller_loader.js:73:24] rest request method -> put, path -> /person/:id, func -> update
2022-11-30 09:35:50.896 - DEBUG: [controller_loader.js:53:24] rest type #4 -> delete
2022-11-30 09:35:50.896 - DEBUG: [controller_loader.js:73:24] rest request method -> delete, path -> /person/:id, func -> delete
2022-11-30 09:35:50.897 - DEBUG: [controller_loader.js:36:20] #1 -> id:2, type:path, path:/profile/list, method:get,post, file:profile-controller, func:list
2022-11-30 09:35:50.897 - DEBUG: [profile-controller.js:21:11] ProfileController initialized.
2022-11-30 09:35:50.897 - DEBUG: [controller_loader.js:84:28] method #0 -> get
2022-11-30 09:35:50.898 - DEBUG: [controller_loader.js:84:28] method #1 -> post
2022-11-30 09:35:50.898 - DEBUG: [controller_loader.js:36:20] #2 -> id:3, type:path, path:/profile/get, method:get,post, file:profile-controller, func:get
2022-11-30 09:35:50.898 - DEBUG: [profile-controller.js:21:11] ProfileController initialized.
2022-11-30 09:35:50.898 - DEBUG: [controller_loader.js:84:28] method #0 -> get
2022-11-30 09:35:50.898 - DEBUG: [controller_loader.js:84:28] method #1 -> post
2022-11-30 09:35:50.898 - DEBUG: [controller_loader.js:36:20] #3 -> id:4, type:path, path:/profile/add, method:get, file:profile-controller, func:add
2022-11-30 09:35:50.898 - DEBUG: [profile-controller.js:21:11] ProfileController initialized.
2022-11-30 09:35:50.899 - DEBUG: [controller_loader.js:84:28] method #0 -> get
2022-11-30 09:35:50.899 - DEBUG: [controller_loader.js:36:20] #4 -> id:5, type:path, path:/profile/upload, method:post, file:profile-controller, func:upload
2022-11-30 09:35:50.899 - DEBUG: [profile-controller.js:21:11] ProfileController initialized.
2022-11-30 09:35:50.899 - DEBUG: [controller_loader.js:84:28] method #0 -> post
2022-11-30 09:35:50.899 - DEBUG: [controller_loader.js:36:20] #5 -> id:6, type:path, path:/test/set_cookie, method:get, file:test-controller, func:set_cookie
2022-11-30 09:35:50.900 - DEBUG: [test-controller.js:15:16] TestController initialized.
2022-11-30 09:35:50.900 - DEBUG: [controller_loader.js:84:28] method #0 -> get
2022-11-30 09:35:50.900 - DEBUG: [controller_loader.js:36:20] #6 -> id:7, type:path, path:/test/show_cookie, method:get, file:test-controller, func:show_cookie
2022-11-30 09:35:50.900 - DEBUG: [test-controller.js:15:16] TestController initialized.
2022-11-30 09:35:50.900 - DEBUG: [controller_loader.js:84:28] method #0 -> get
2022-11-30 09:35:50.901 - INFO: [index.js:118:12] controller loader called.
2022-11-30 09:35:50.906 - DEBUG: [mci.js:20:16] MCI initialized.
2022-11-30 09:35:50.907 - DEBUG: [mci.js:28:20] name : external01
2022-11-30 09:35:50.920 - DEBUG: [cni.js:15:16] CNI initialized.
2022-11-30 09:35:50.921 - DEBUG: [cni.js:21:16] server name : external02
2022-11-30 09:35:50.921 - DEBUG: [cni.js:25:16] server host : localhost
2022-11-30 09:35:50.921 - DEBUG: [cni.js:26:16] server port : 7102
2022-11-30 09:35:51.052 - INFO: [index.js:242:20] Http Server started.
2022-11-30 09:35:51.053 - INFO: [index.js:252:16] Base URL -> http://localhost:7001
2022-11-30 09:35:51.054 - INFO: [index.js:257:16] Namespace -> ::_7001_28128
2022-11-30 09:35:51.124 - DEBUG: [socketio_loader.js:73:9] socketio_loader.load called.
2022-11-30 09:35:51.125 - DEBUG: [socketio_loader.js:83:16] read namespace file -> ::_7001_40460
2022-11-30 09:35:51.126 - INFO: [index.js:265:20] socket.io loader called.
2022-11-30 09:35:51.128 - DEBUG: [socketio_loader.js:103:16] Error in executing sql -> Sql definition for chat_reset_presence not found in sql_config
2022-11-30 09:35:51.137 - DEBUG: [socketio_loader.js:125:16] namespace file saved to -> ./socketio.pid
2022-11-30 09:35:51.138 - INFO: [socketio_loader.js:133:12] socket.io service started.
2022-11-30 09:35:51.139 - DEBUG: [socketio_loader.js:147:12] redis subscribed -> myapp_message
2022-11-30 09:35:51.148 - DEBUG: [controller_loader.js:226:12] registerRest called : /baroboard/darwin -> in file ../controllers/baroboard-darwin-sync-controller, table : baroboard.device
2022-11-30 09:35:51.150 - DEBUG: [controller_loader.js:241:16] rest type #0 -> list
2022-11-30 09:35:51.150 - DEBUG: [controller_loader.js:259:16] rest request method -> get, path -> /baroboard/darwin, func -> list
2022-11-30 09:35:51.150 - DEBUG: [controller_loader.js:241:16] rest type #1 -> create
2022-11-30 09:35:51.151 - DEBUG: [controller_loader.js:259:16] rest request method -> post, path -> /baroboard/darwin, func -> create
2022-11-30 09:35:51.151 - DEBUG: [controller_loader.js:241:16] rest type #2 -> read
2022-11-30 09:35:51.151 - DEBUG: [controller_loader.js:259:16] rest request method -> get, path -> /baroboard/darwin/:id, func -> read
2022-11-30 09:35:51.151 - DEBUG: [controller_loader.js:241:16] rest type #3 -> update
2022-11-30 09:35:51.152 - DEBUG: [controller_loader.js:259:16] rest request method -> put, path -> /baroboard/darwin/:id, func -> update
2022-11-30 09:35:51.152 - DEBUG: [controller_loader.js:241:16] rest type #4 -> delete
2022-11-30 09:35:51.152 - DEBUG: [controller_loader.js:259:16] rest request method -> delete, path -> /baroboard/darwin/:id, func -> delete
2022-11-30 09:35:51.155 - DEBUG: [controller_loader.js:267:12] registerPath called : /baroboard/darwin/request_esl_sync -> updateData in file ../controllers/baroboard-darwin-sync-controller
2022-11-30 09:35:51.361 - DEBUG: [controller_loader.js:274:20]  method #0 -> post
2022-11-30 09:35:51.367 - DEBUG: [controller_loader.js:226:12] registerRest called : /baroboard/device -> in file ../controllers/baroboard-device-controller, table : baroboard.device
2022-11-30 09:35:51.367 - DEBUG: [controller_loader.js:241:16] rest type #0 -> list
2022-11-30 09:35:51.367 - DEBUG: [controller_loader.js:259:16] rest request method -> get, path -> /baroboard/device, func -> list
2022-11-30 09:35:51.368 - DEBUG: [controller_loader.js:241:16] rest type #1 -> create
2022-11-30 09:35:51.368 - DEBUG: [controller_loader.js:259:16] rest request method -> post, path -> /baroboard/device, func -> create
2022-11-30 09:35:51.368 - DEBUG: [controller_loader.js:241:16] rest type #2 -> read
2022-11-30 09:35:51.369 - DEBUG: [controller_loader.js:259:16] rest request method -> get, path -> /baroboard/device/:id, func -> read
2022-11-30 09:35:51.369 - DEBUG: [controller_loader.js:241:16] rest type #3 -> update
2022-11-30 09:35:51.369 - DEBUG: [controller_loader.js:259:16] rest request method -> put, path -> /baroboard/device/:id, func -> update
2022-11-30 09:35:51.370 - DEBUG: [controller_loader.js:241:16] rest type #4 -> delete
2022-11-30 09:35:51.370 - DEBUG: [controller_loader.js:259:16] rest request method -> delete, path -> /baroboard/device/:id, func -> delete
2022-11-30 09:35:51.371 - DEBUG: [controller_loader.js:267:12] registerPath called : /baroboard/device/data/update -> updateData in file ../controllers/baroboard-device-controller
2022-11-30 09:35:51.389 - DEBUG: [controller_loader.js:274:20]  method #0 -> post
2022-11-30 09:35:51.391 - DEBUG: [controller_loader.js:267:12] registerPath called : /baroboard/device/data/select -> selectData in file ../controllers/baroboard-device-controller
2022-11-30 09:35:51.391 - DEBUG: [controller_loader.js:274:20]  method #0 -> get
2022-11-30 09:35:51.392 - DEBUG: [controller_loader.js:267:12] registerPath called : /baroboard/device/dashboard/list -> dashboardList in file ../controllers/baroboard-device-controller
2022-11-30 09:35:51.393 - DEBUG: [controller_loader.js:274:20]  method #0 -> get
2022-11-30 09:35:51.394 - DEBUG: [controller_loader.js:267:12] registerPath called : /baroboard/device/dashboard/sublist -> dashboardSubList in file ../controllers/baroboard-device-controller
2022-11-30 09:35:51.394 - DEBUG: [controller_loader.js:274:20]  method #0 -> get
2022-11-30 09:35:51.396 - DEBUG: [controller_loader.js:267:12] registerPath called : /baroboard/device/dashboard/legacy -> legacyInfo in file ../controllers/baroboard-device-controller
2022-11-30 09:35:51.396 - DEBUG: [controller_loader.js:288:16] legacyInfo not found in the controller.
2022-11-30 09:35:51.397 - DEBUG: [controller_loader.js:267:12] registerPath called : /baroboard/device/dashboard/fieldlist -> dashboardFieldList in file ../controllers/baroboard-device-controller
2022-11-30 09:35:51.397 - DEBUG: [controller_loader.js:274:20]  method #0 -> get
2022-11-30 09:35:51.397 - DEBUG: [controller_loader.js:267:12] registerPath called : /baroboard/device/data/preview2 -> preview2 in file ../controllers/baroboard-device-controller
2022-11-30 09:35:51.398 - DEBUG: [controller_loader.js:274:20]  method #0 -> post
2022-11-30 09:35:51.398 - DEBUG: [controller_loader.js:267:12] registerPath called : /baroboard/device/data/apply -> applyData in file ../controllers/baroboard-device-controller
2022-11-30 09:35:51.398 - DEBUG: [controller_loader.js:274:20]  method #0 -> post
2022-11-30 09:35:51.399 - DEBUG: [controller_loader.js:267:12] registerPath called : /baroboard/device/data/preview -> applyData2 in file ../controllers/baroboard-device-controller
2022-11-30 09:35:51.399 - DEBUG: [controller_loader.js:274:20]  method #0 -> post
2022-11-30 09:35:51.400 - DEBUG: [controller_loader.js:267:12] registerPath called : /baroboard/device/goodbattery -> batteryUpdate in file ../controllers/baroboard-device-controller
2022-11-30 09:35:51.400 - DEBUG: [controller_loader.js:274:20]  method #0 -> post
2022-11-30 09:35:51.401 - DEBUG: [controller_loader.js:267:12] registerPath called : /baroboard/device/badbattery -> batteryUpdate2 in file ../controllers/baroboard-device-controller
2022-11-30 09:35:51.401 - DEBUG: [controller_loader.js:274:20]  method #0 -> post
2022-11-30 09:35:51.402 - DEBUG: [controller_loader.js:267:12] registerPath called : /baroboard/device/check/usinglayout -> checkUsingLayout in file ../controllers/baroboard-device-controller
2022-11-30 09:35:51.402 - DEBUG: [controller_loader.js:274:20]  method #0 -> post
2022-11-30 09:35:51.402 - DEBUG: [controller_loader.js:267:12] registerPath called : /baroboard/device/status -> statusUpdate in file ../controllers/baroboard-device-controller
2022-11-30 09:35:51.403 - DEBUG: [controller_loader.js:274:20]  method #0 -> post
2022-11-30 09:35:51.403 - DEBUG: [controller_loader.js:267:12] registerPath called : /baroboard/device/statussync -> statusSync in file ../controllers/baroboard-device-controller
2022-11-30 09:35:51.403 - DEBUG: [controller_loader.js:274:20]  method #0 -> post
2022-11-30 09:35:51.404 - DEBUG: [controller_loader.js:267:12] registerPath called : /baroboard/device/data/mappinglist -> layoutMappingDataList in file ../controllers/baroboard-device-controller
2022-11-30 09:35:51.404 - DEBUG: [controller_loader.js:274:20]  method #0 -> post
2022-11-30 09:35:51.405 - DEBUG: [controller_loader.js:267:12] registerPath called : /baroboard/device/modify/layout -> modifyLayoutinfo in file ../controllers/baroboard-device-controller
2022-11-30 09:35:51.405 - DEBUG: [controller_loader.js:274:20]  method #0 -> post
2022-11-30 09:35:51.406 - DEBUG: [controller_loader.js:267:12] registerPath called : /baroboard/device/data/esl_request -> darwinPushESLData in file ../controllers/baroboard-device-controller
2022-11-30 09:35:51.406 - DEBUG: [controller_loader.js:274:20]  method #0 -> post
2022-11-30 09:35:51.407 - DEBUG: [controller_loader.js:226:12] registerRest called : /baroboard/device_group -> in file ../controllers/baroboard-device-group-controller, table : baroboard.device_group
2022-11-30 09:35:51.407 - DEBUG: [controller_loader.js:241:16] rest type #0 -> list
2022-11-30 09:35:51.408 - DEBUG: [controller_loader.js:259:16] rest request method -> get, path -> /baroboard/device_group, func -> list
2022-11-30 09:35:51.408 - DEBUG: [controller_loader.js:241:16] rest type #1 -> create
2022-11-30 09:35:51.408 - DEBUG: [controller_loader.js:259:16] rest request method -> post, path -> /baroboard/device_group, func -> create
2022-11-30 09:35:51.408 - DEBUG: [controller_loader.js:241:16] rest type #2 -> read
2022-11-30 09:35:51.408 - DEBUG: [controller_loader.js:259:16] rest request method -> get, path -> /baroboard/device_group/:id, func -> read
2022-11-30 09:35:51.408 - DEBUG: [controller_loader.js:241:16] rest type #3 -> update
2022-11-30 09:35:51.408 - DEBUG: [controller_loader.js:259:16] rest request method -> put, path -> /baroboard/device_group/:id, func -> update
2022-11-30 09:35:51.409 - DEBUG: [controller_loader.js:241:16] rest type #4 -> delete
2022-11-30 09:35:51.409 - DEBUG: [controller_loader.js:259:16] rest request method -> delete, path -> /baroboard/device_group/:id, func -> delete
2022-11-30 09:35:51.412 - DEBUG: [controller_loader.js:226:12] registerRest called : /baroboard/image -> in file ../controllers/baroboard-image-controller, table : baroboard.image
2022-11-30 09:35:51.412 - DEBUG: [controller_loader.js:241:16] rest type #0 -> list
2022-11-30 09:35:51.412 - DEBUG: [controller_loader.js:259:16] rest request method -> get, path -> /baroboard/image, func -> list
2022-11-30 09:35:51.412 - DEBUG: [controller_loader.js:241:16] rest type #1 -> create
2022-11-30 09:35:51.412 - DEBUG: [controller_loader.js:259:16] rest request method -> post, path -> /baroboard/image, func -> create
2022-11-30 09:35:51.413 - DEBUG: [controller_loader.js:241:16] rest type #2 -> read
2022-11-30 09:35:51.413 - DEBUG: [controller_loader.js:259:16] rest request method -> get, path -> /baroboard/image/:id, func -> read
2022-11-30 09:35:51.413 - DEBUG: [controller_loader.js:241:16] rest type #3 -> update
2022-11-30 09:35:51.413 - DEBUG: [controller_loader.js:259:16] rest request method -> put, path -> /baroboard/image/:id, func -> update
2022-11-30 09:35:51.413 - DEBUG: [controller_loader.js:241:16] rest type #4 -> delete
2022-11-30 09:35:51.413 - DEBUG: [controller_loader.js:259:16] rest request method -> delete, path -> /baroboard/image/:id, func -> delete
2022-11-30 09:35:51.414 - DEBUG: [controller_loader.js:267:12] registerPath called : /baroboard/image/list -> requestList in file ../controllers/baroboard-image-controller
2022-11-30 09:35:51.415 - DEBUG: [controller_loader.js:274:20]  method #0 -> post
2022-11-30 09:35:51.415 - DEBUG: [controller_loader.js:267:12] registerPath called : /baroboard/image/category/list -> requestcategoryList in file ../controllers/baroboard-image-controller
2022-11-30 09:35:51.416 - DEBUG: [controller_loader.js:274:20]  method #0 -> post
2022-11-30 09:35:51.416 - DEBUG: [controller_loader.js:267:12] registerPath called : /baroboard/image/category/delete_item -> requestDeleteImage2 in file ../controllers/baroboard-image-controller
2022-11-30 09:35:51.416 - DEBUG: [controller_loader.js:274:20]  method #0 -> post
2022-11-30 09:35:51.417 - DEBUG: [controller_loader.js:267:12] registerPath called : /baroboard/image/category/title_delete -> requestDeleteCategory in file ../controllers/baroboard-image-controller
2022-11-30 09:35:51.417 - DEBUG: [controller_loader.js:274:20]  method #0 -> post
2022-11-30 09:35:51.418 - DEBUG: [controller_loader.js:267:12] registerPath called : /baroboard/image/category/add -> requestAddCategoryItem in file ../controllers/baroboard-image-controller
2022-11-30 09:35:51.418 - DEBUG: [controller_loader.js:274:20]  method #0 -> post
2022-11-30 09:35:51.419 - DEBUG: [controller_loader.js:267:12] registerPath called : /baroboard/image/category/image -> requestAddImageItemInCategory in file ../controllers/baroboard-image-controller
2022-11-30 09:35:51.419 - DEBUG: [controller_loader.js:274:20]  method #0 -> get
2022-11-30 09:35:51.419 - DEBUG: [controller_loader.js:274:20]  method #1 -> post
2022-11-30 09:35:51.420 - DEBUG: [controller_loader.js:226:12] registerRest called : /baroboard/layout -> in file ../controllers/baroboard-layout-controller, table : baroboard.layout
2022-11-30 09:35:51.421 - DEBUG: [controller_loader.js:241:16] rest type #0 -> list
2022-11-30 09:35:51.421 - DEBUG: [controller_loader.js:259:16] rest request method -> get, path -> /baroboard/layout, func -> list
2022-11-30 09:35:51.421 - DEBUG: [controller_loader.js:241:16] rest type #1 -> create
2022-11-30 09:35:51.421 - DEBUG: [controller_loader.js:259:16] rest request method -> post, path -> /baroboard/layout, func -> create
2022-11-30 09:35:51.421 - DEBUG: [controller_loader.js:241:16] rest type #2 -> read
2022-11-30 09:35:51.421 - DEBUG: [controller_loader.js:259:16] rest request method -> get, path -> /baroboard/layout/:id, func -> read
2022-11-30 09:35:51.421 - DEBUG: [controller_loader.js:241:16] rest type #3 -> update
2022-11-30 09:35:51.422 - DEBUG: [controller_loader.js:259:16] rest request method -> put, path -> /baroboard/layout/:id, func -> update
2022-11-30 09:35:51.422 - DEBUG: [controller_loader.js:241:16] rest type #4 -> delete
2022-11-30 09:35:51.422 - DEBUG: [controller_loader.js:259:16] rest request method -> delete, path -> /baroboard/layout/:id, func -> delete
2022-11-30 09:35:51.423 - DEBUG: [controller_loader.js:267:12] registerPath called : /baroboard/layout/image/del -> requestImageDelete in file ../controllers/baroboard-layout-controller
2022-11-30 09:35:51.423 - DEBUG: [controller_loader.js:274:20]  method #0 -> get
2022-11-30 09:35:51.423 - DEBUG: [controller_loader.js:274:20]  method #1 -> post
2022-11-30 09:35:51.424 - DEBUG: [controller_loader.js:267:12] registerPath called : /baroboard/layout/image/update -> requestUpdateImage in file ../controllers/baroboard-layout-controller
2022-11-30 09:35:51.424 - DEBUG: [controller_loader.js:274:20]  method #0 -> post
2022-11-30 09:35:51.425 - DEBUG: [controller_loader.js:267:12] registerPath called : /baroboard/layout/mapping/update -> updateMapping in file ../controllers/baroboard-layout-controller
2022-11-30 09:35:51.425 - DEBUG: [controller_loader.js:274:20]  method #0 -> post
2022-11-30 09:35:51.427 - DEBUG: [controller_loader.js:226:12] registerRest called : /baroboard/legacy -> in file ../controllers/baroboard-legacy, table : baroboard.legacy
2022-11-30 09:35:51.427 - DEBUG: [controller_loader.js:241:16] rest type #0 -> list
2022-11-30 09:35:51.428 - DEBUG: [controller_loader.js:259:16] rest request method -> get, path -> /baroboard/legacy, func -> list
2022-11-30 09:35:51.428 - DEBUG: [controller_loader.js:241:16] rest type #1 -> create
2022-11-30 09:35:51.428 - DEBUG: [controller_loader.js:259:16] rest request method -> post, path -> /baroboard/legacy, func -> create
2022-11-30 09:35:51.428 - DEBUG: [controller_loader.js:241:16] rest type #2 -> read
2022-11-30 09:35:51.428 - DEBUG: [controller_loader.js:259:16] rest request method -> get, path -> /baroboard/legacy/:id, func -> read
2022-11-30 09:35:51.428 - DEBUG: [controller_loader.js:241:16] rest type #3 -> update
2022-11-30 09:35:51.428 - DEBUG: [controller_loader.js:259:16] rest request method -> put, path -> /baroboard/legacy/:id, func -> update
2022-11-30 09:35:51.429 - DEBUG: [controller_loader.js:241:16] rest type #4 -> delete
2022-11-30 09:35:51.429 - DEBUG: [controller_loader.js:259:16] rest request method -> delete, path -> /baroboard/legacy/:id, func -> delete
2022-11-30 09:35:51.430 - DEBUG: [controller_loader.js:226:12] registerRest called : /baroboard/users -> in file ../controllers/baroboard-users-controller, table : baroboard.users
2022-11-30 09:35:51.430 - DEBUG: [controller_loader.js:241:16] rest type #0 -> list
2022-11-30 09:35:51.431 - DEBUG: [controller_loader.js:259:16] rest request method -> get, path -> /baroboard/users, func -> list
2022-11-30 09:35:51.431 - DEBUG: [controller_loader.js:241:16] rest type #1 -> create
2022-11-30 09:35:51.431 - DEBUG: [controller_loader.js:259:16] rest request method -> post, path -> /baroboard/users, func -> create
2022-11-30 09:35:51.431 - DEBUG: [controller_loader.js:241:16] rest type #2 -> read
2022-11-30 09:35:51.431 - DEBUG: [controller_loader.js:259:16] rest request method -> get, path -> /baroboard/users/:id, func -> read
2022-11-30 09:35:51.431 - DEBUG: [controller_loader.js:241:16] rest type #3 -> update
2022-11-30 09:35:51.431 - DEBUG: [controller_loader.js:259:16] rest request method -> put, path -> /baroboard/users/:id, func -> update
2022-11-30 09:35:51.432 - DEBUG: [controller_loader.js:241:16] rest type #4 -> delete
2022-11-30 09:35:51.432 - DEBUG: [controller_loader.js:259:16] rest request method -> delete, path -> /baroboard/users/:id, func -> delete
2022-11-30 09:35:51.432 - DEBUG: [controller_loader.js:267:12] registerPath called : /baroboard/users/signup -> signup in file ../controllers/baroboard-users-controller
2022-11-30 09:35:51.445 - DEBUG: [controller_loader.js:274:20]  method #0 -> post
2022-11-30 09:35:51.446 - DEBUG: [controller_loader.js:267:12] registerPath called : /baroboard/users/login -> login in file ../controllers/baroboard-users-controller
2022-11-30 09:35:51.446 - DEBUG: [controller_loader.js:274:20]  method #0 -> post
2022-11-30 09:35:51.447 - DEBUG: [controller_loader.js:267:12] registerPath called : /baroboard/users/logout -> logout in file ../controllers/baroboard-users-controller
2022-11-30 09:35:51.447 - DEBUG: [controller_loader.js:274:20]  method #0 -> post
2022-11-30 09:35:51.448 - DEBUG: [controller_loader.js:226:12] registerRest called : /bear -> in file ../controllers/bear-controller, table : test.person
2022-11-30 09:35:51.448 - DEBUG: [controller_loader.js:241:16] rest type #0 -> list
2022-11-30 09:35:51.448 - DEBUG: [controller_loader.js:259:16] rest request method -> get, path -> /bear, func -> list
2022-11-30 09:35:51.448 - DEBUG: [controller_loader.js:241:16] rest type #1 -> create
2022-11-30 09:35:51.449 - DEBUG: [controller_loader.js:259:16] rest request method -> post, path -> /bear, func -> create
2022-11-30 09:35:51.449 - DEBUG: [controller_loader.js:241:16] rest type #2 -> read
2022-11-30 09:35:51.449 - DEBUG: [controller_loader.js:259:16] rest request method -> get, path -> /bear/:id, func -> read
2022-11-30 09:35:51.449 - DEBUG: [controller_loader.js:241:16] rest type #3 -> update
2022-11-30 09:35:51.449 - DEBUG: [controller_loader.js:259:16] rest request method -> put, path -> /bear/:id, func -> update
2022-11-30 09:35:51.449 - DEBUG: [controller_loader.js:241:16] rest type #4 -> delete
2022-11-30 09:35:51.450 - DEBUG: [controller_loader.js:259:16] rest request method -> delete, path -> /bear/:id, func -> delete
2022-11-30 09:35:51.452 - DEBUG: [controller_loader.js:226:12] registerRest called : /cat -> in file ../controllers/cat-controller, table : undefined
2022-11-30 09:35:51.453 - DEBUG: [controller_loader.js:241:16] rest type #0 -> list
2022-11-30 09:35:51.453 - DEBUG: [controller_loader.js:259:16] rest request method -> get, path -> /cat, func -> list
2022-11-30 09:35:51.453 - DEBUG: [controller_loader.js:241:16] rest type #1 -> create
2022-11-30 09:35:51.453 - DEBUG: [controller_loader.js:259:16] rest request method -> post, path -> /cat, func -> create
2022-11-30 09:35:51.453 - DEBUG: [controller_loader.js:241:16] rest type #2 -> read
2022-11-30 09:35:51.454 - DEBUG: [controller_loader.js:259:16] rest request method -> get, path -> /cat/:id, func -> read
2022-11-30 09:35:51.454 - DEBUG: [controller_loader.js:241:16] rest type #3 -> update
2022-11-30 09:35:51.454 - DEBUG: [controller_loader.js:259:16] rest request method -> put, path -> /cat/:id, func -> update
2022-11-30 09:35:51.454 - DEBUG: [controller_loader.js:241:16] rest type #4 -> delete
2022-11-30 09:35:51.454 - DEBUG: [controller_loader.js:259:16] rest request method -> delete, path -> /cat/:id, func -> delete
2022-11-30 09:35:51.456 - DEBUG: [controller_loader.js:267:12] registerPath called : /chat/send -> send in file ../controllers/chat-controller
2022-11-30 09:35:51.460 - DEBUG: [controller_loader.js:274:20]  method #0 -> get
2022-11-30 09:35:51.462 - DEBUG: [controller_loader.js:267:12] registerPath called : /cni-test/patient-list -> patientList in file ../controllers/cni-controller
2022-11-30 09:35:51.471 - DEBUG: [controller_loader.js:274:20]  method #0 -> get
2022-11-30 09:35:51.471 - DEBUG: [controller_loader.js:274:20]  method #1 -> post
2022-11-30 09:35:51.474 - DEBUG: [controller_loader.js:267:12] registerPath called : /consent/v1/patient/inpatient-list-01 -> inpatientList01 in file ../controllers/consent-v1-kbsmc-controller
2022-11-30 09:35:51.475 - DEBUG: [controller_loader.js:274:20]  method #0 -> get
2022-11-30 09:35:51.475 - DEBUG: [controller_loader.js:274:20]  method #1 -> post
2022-11-30 09:35:51.476 - DEBUG: [controller_loader.js:267:12] registerPath called : /consent/v1/consent/consent-save-01 -> consentSave01 in file ../controllers/consent-v1-kbsmc-controller
2022-11-30 09:35:51.476 - DEBUG: [controller_loader.js:274:20]  method #0 -> get
2022-11-30 09:35:51.476 - DEBUG: [controller_loader.js:274:20]  method #1 -> post
2022-11-30 09:35:51.479 - DEBUG: [controller_loader.js:267:12] registerPath called : /dog/index -> index in file ../controllers/dog-controller
2022-11-30 09:35:51.479 - DEBUG: [controller_loader.js:274:20]  method #0 -> get
2022-11-30 09:35:51.479 - DEBUG: [controller_loader.js:274:20]  method #1 -> post
2022-11-30 09:35:51.480 - DEBUG: [controller_loader.js:267:12] registerPath called : /dog/list -> list in file ../controllers/dog-controller
2022-11-30 09:35:51.480 - DEBUG: [controller_loader.js:274:20]  method #0 -> get
2022-11-30 09:35:51.480 - DEBUG: [controller_loader.js:274:20]  method #1 -> post
2022-11-30 09:35:51.481 - DEBUG: [controller_loader.js:267:12] registerPath called : /dog/create -> create in file ../controllers/dog-controller
2022-11-30 09:35:51.481 - DEBUG: [controller_loader.js:274:20]  method #0 -> get
2022-11-30 09:35:51.481 - DEBUG: [controller_loader.js:274:20]  method #1 -> post
2022-11-30 09:35:51.482 - DEBUG: [controller_loader.js:267:12] registerPath called : /dog/read -> read in file ../controllers/dog-controller
2022-11-30 09:35:51.482 - DEBUG: [controller_loader.js:274:20]  method #0 -> get
2022-11-30 09:35:51.482 - DEBUG: [controller_loader.js:274:20]  method #1 -> post
2022-11-30 09:35:51.483 - DEBUG: [controller_loader.js:267:12] registerPath called : /dog/update -> update in file ../controllers/dog-controller
2022-11-30 09:35:51.483 - DEBUG: [controller_loader.js:274:20]  method #0 -> get
2022-11-30 09:35:51.484 - DEBUG: [controller_loader.js:274:20]  method #1 -> post
2022-11-30 09:35:51.485 - DEBUG: [controller_loader.js:267:12] registerPath called : /dog/delete -> delete in file ../controllers/dog-controller
2022-11-30 09:35:51.485 - DEBUG: [controller_loader.js:274:20]  method #0 -> post
2022-11-30 09:35:51.487 - DEBUG: [controller_loader.js:267:12] registerPath called : /esl-index.do -> eslIndex in file ../controllers/index-controller
2022-11-30 09:35:51.487 - DEBUG: [controller_loader.js:274:20]  method #0 -> get
2022-11-30 09:35:51.490 - DEBUG: [controller_loader.js:267:12] registerPath called : /lion/ -> list in file ../controllers/lion-controller
2022-11-30 09:35:51.491 - DEBUG: [controller_loader.js:274:20]  method #0 -> get
2022-11-30 09:35:51.492 - DEBUG: [controller_loader.js:267:12] registerPath called : /lion/create -> create in file ../controllers/lion-controller
2022-11-30 09:35:51.492 - DEBUG: [controller_loader.js:274:20]  method #0 -> post
2022-11-30 09:35:51.492 - DEBUG: [controller_loader.js:267:12] registerPath called : /lion/read/:id -> read in file ../controllers/lion-controller
2022-11-30 09:35:51.493 - DEBUG: [controller_loader.js:274:20]  method #0 -> get
2022-11-30 09:35:51.493 - DEBUG: [controller_loader.js:267:12] registerPath called : /lion/update/:id -> update in file ../controllers/lion-controller
2022-11-30 09:35:51.493 - DEBUG: [controller_loader.js:274:20]  method #0 -> post
2022-11-30 09:35:51.494 - DEBUG: [controller_loader.js:267:12] registerPath called : /lion/delete/:id -> delete in file ../controllers/lion-controller
2022-11-30 09:35:51.494 - DEBUG: [controller_loader.js:274:20]  method #0 -> delete
2022-11-30 09:35:51.496 - DEBUG: [controller_loader.js:267:12] registerPath called : /mci-test/patient-list -> patientList in file ../controllers/mci-controller
2022-11-30 09:35:51.507 - DEBUG: [controller_loader.js:274:20]  method #0 -> get
2022-11-30 09:35:51.507 - DEBUG: [controller_loader.js:274:20]  method #1 -> post
2022-11-30 09:35:51.509 - DEBUG: [controller_loader.js:267:12] registerPath called : /panda/list -> list in file ../controllers/panda-controller
2022-11-30 09:35:51.510 - DEBUG: [controller_loader.js:274:20]  method #0 -> get
2022-11-30 09:35:51.513 - DEBUG: [controller_loader.js:267:12] registerPath called : /sboard_image/upload -> upload in file ../controllers/sboard-image-controller
2022-11-30 09:35:51.513 - DEBUG: [controller_loader.js:274:20]  method #0 -> post
2022-11-30 09:35:51.514 - DEBUG: [controller_loader.js:267:12] registerPath called : /sboard_image/send -> send in file ../controllers/sboard-image-controller
2022-11-30 09:35:51.514 - DEBUG: [controller_loader.js:274:20]  method #0 -> post
2022-11-30 09:35:51.515 - DEBUG: [controller_loader.js:267:12] registerPath called : /sboard_image/send_group -> sendGroup in file ../controllers/sboard-image-controller
2022-11-30 09:35:51.515 - DEBUG: [controller_loader.js:274:20]  method #0 -> post
2022-11-30 09:35:51.517 - DEBUG: [controller_loader.js:267:12] registerPath called : /sheep/ -> list in file ../controllers/sheep-controller
2022-11-30 09:35:51.517 - DEBUG: [controller_loader.js:274:20]  method #0 -> get
2022-11-30 09:35:51.518 - DEBUG: [controller_loader.js:267:12] registerPath called : /sheep/ -> create in file ../controllers/sheep-controller
2022-11-30 09:35:51.518 - DEBUG: [controller_loader.js:274:20]  method #0 -> post
2022-11-30 09:35:51.519 - DEBUG: [controller_loader.js:267:12] registerPath called : /sheep/:id -> read in file ../controllers/sheep-controller
2022-11-30 09:35:51.519 - DEBUG: [controller_loader.js:274:20]  method #0 -> get
2022-11-30 09:35:51.520 - DEBUG: [controller_loader.js:267:12] registerPath called : /sheep/:id -> update in file ../controllers/sheep-controller
2022-11-30 09:35:51.521 - DEBUG: [controller_loader.js:274:20]  method #0 -> put
2022-11-30 09:35:51.522 - DEBUG: [controller_loader.js:267:12] registerPath called : /sheep/:id -> delete in file ../controllers/sheep-controller
2022-11-30 09:35:51.522 - DEBUG: [controller_loader.js:274:20]  method #0 -> delete
2022-11-30 09:35:51.524 - DEBUG: [controller_loader.js:267:12] registerPath called : /data/apply -> applyData in file ../controllers/sync_to_esl-controller
2022-11-30 09:35:51.525 - DEBUG: [controller_loader.js:274:20]  method #0 -> post
2022-11-30 09:35:51.526 - DEBUG: [controller_loader.js:267:12] registerPath called : /data/lastmodifieddate -> getLastModifiedDate in file ../controllers/sync_to_mci-controller
2022-11-30 09:35:51.527 - DEBUG: [controller_loader.js:274:20]  method #0 -> post
2022-11-30 09:35:51.528 - DEBUG: [controller_loader.js:267:12] registerPath called : /data/apply -> applyData in file ../controllers/sync_to_mci-controller
2022-11-30 09:35:51.528 - DEBUG: [controller_loader.js:274:20]  method #0 -> post
2022-11-30 09:35:51.530 - DEBUG: [controller_loader.js:267:12] registerPath called : /tiger/hello -> hello in file ../controllers/tiger-controller
2022-11-30 09:35:51.530 - DEBUG: [controller_loader.js:274:20]  method #0 -> get
2022-11-30 09:35:51.530 - DEBUG: [controller_loader.js:274:20]  method #1 -> post
2022-11-30 09:35:51.531 - DEBUG: [controller_loader.js:267:12] registerPath called : /tiger/bye -> bye in file ../controllers/tiger-controller
2022-11-30 09:35:51.531 - DEBUG: [controller_loader.js:274:20]  method #0 -> get
2022-11-30 09:35:51.531 - DEBUG: [controller_loader.js:274:20]  method #1 -> post
