2022-10-28 08:09:43.750 - DEBUG: [service_loader.js:17:12] load in service_loader called.
2022-10-28 08:09:43.753 - DEBUG: [service_loader.js:21:16] #0 -> id:1, unit:person
2022-10-28 08:09:43.817 - DEBUG: [service_loader.js:39:16] method #0 -> list
2022-10-28 08:09:43.818 - DEBUG: [service_loader.js:43:16]     do method name -> doList
2022-10-28 08:09:43.819 - DEBUG: [service_loader.js:39:16] method #1 -> read
2022-10-28 08:09:43.819 - DEBUG: [service_loader.js:43:16]     do method name -> doRead
2022-10-28 08:09:43.819 - DEBUG: [service_loader.js:39:16] method #2 -> create
2022-10-28 08:09:43.820 - DEBUG: [service_loader.js:43:16]     do method name -> doCreate
2022-10-28 08:09:43.820 - DEBUG: [service_loader.js:39:16] method #3 -> update
2022-10-28 08:09:43.821 - DEBUG: [service_loader.js:43:16]     do method name -> doUpdate
2022-10-28 08:09:43.821 - DEBUG: [service_loader.js:39:16] method #4 -> delete
2022-10-28 08:09:43.822 - DEBUG: [service_loader.js:43:16]     do method name -> doDelete
2022-10-28 08:09:43.822 - INFO: [index.js:114:12] service loader called.
2022-10-28 08:09:43.823 - DEBUG: [controller_loader.js:26:12] load called.
2022-10-28 08:09:43.824 - DEBUG: [controller_loader.js:106:12] autoLoad called.
2022-10-28 08:09:43.843 - DEBUG: [controller_loader.js:34:20] #0 -> id:1, type:rest, base:, unit:person
2022-10-28 08:09:43.845 - DEBUG: [person-controller.js:27:16] PersonController initialized.
2022-10-28 08:09:43.846 - DEBUG: [controller_loader.js:53:24] rest type #0 -> list
2022-10-28 08:09:43.846 - DEBUG: [controller_loader.js:73:24] rest request method -> get, path -> /person, func -> list
2022-10-28 08:09:43.847 - DEBUG: [controller_loader.js:53:24] rest type #1 -> create
2022-10-28 08:09:43.847 - DEBUG: [controller_loader.js:73:24] rest request method -> post, path -> /person, func -> create
2022-10-28 08:09:43.848 - DEBUG: [controller_loader.js:53:24] rest type #2 -> read
2022-10-28 08:09:43.848 - DEBUG: [controller_loader.js:73:24] rest request method -> get, path -> /person/:id, func -> read
2022-10-28 08:09:43.849 - DEBUG: [controller_loader.js:53:24] rest type #3 -> update
2022-10-28 08:09:43.849 - DEBUG: [controller_loader.js:73:24] rest request method -> put, path -> /person/:id, func -> update
2022-10-28 08:09:43.849 - DEBUG: [controller_loader.js:53:24] rest type #4 -> delete
2022-10-28 08:09:43.850 - DEBUG: [controller_loader.js:73:24] rest request method -> delete, path -> /person/:id, func -> delete
2022-10-28 08:09:43.850 - DEBUG: [controller_loader.js:36:20] #1 -> id:2, type:path, path:/profile/list, method:get,post, file:profile-controller, func:list
2022-10-28 08:09:43.851 - DEBUG: [profile-controller.js:21:11] ProfileController initialized.
2022-10-28 08:09:43.852 - DEBUG: [controller_loader.js:84:28] method #0 -> get
2022-10-28 08:09:43.852 - DEBUG: [controller_loader.js:84:28] method #1 -> post
2022-10-28 08:09:43.853 - DEBUG: [controller_loader.js:36:20] #2 -> id:3, type:path, path:/profile/get, method:get,post, file:profile-controller, func:get
2022-10-28 08:09:43.855 - DEBUG: [profile-controller.js:21:11] ProfileController initialized.
2022-10-28 08:09:43.855 - DEBUG: [controller_loader.js:84:28] method #0 -> get
2022-10-28 08:09:43.855 - DEBUG: [controller_loader.js:84:28] method #1 -> post
2022-10-28 08:09:43.856 - DEBUG: [controller_loader.js:36:20] #3 -> id:4, type:path, path:/profile/add, method:get, file:profile-controller, func:add
2022-10-28 08:09:43.856 - DEBUG: [profile-controller.js:21:11] ProfileController initialized.
2022-10-28 08:09:43.857 - DEBUG: [controller_loader.js:84:28] method #0 -> get
2022-10-28 08:09:43.857 - DEBUG: [controller_loader.js:36:20] #4 -> id:5, type:path, path:/profile/upload, method:post, file:profile-controller, func:upload
2022-10-28 08:09:43.858 - DEBUG: [profile-controller.js:21:11] ProfileController initialized.
2022-10-28 08:09:43.858 - DEBUG: [controller_loader.js:84:28] method #0 -> post
2022-10-28 08:09:43.858 - DEBUG: [controller_loader.js:36:20] #5 -> id:6, type:path, path:/test/set_cookie, method:get, file:test-controller, func:set_cookie
2022-10-28 08:09:43.859 - DEBUG: [test-controller.js:15:16] TestController initialized.
2022-10-28 08:09:43.860 - DEBUG: [controller_loader.js:84:28] method #0 -> get
2022-10-28 08:09:43.860 - DEBUG: [controller_loader.js:36:20] #6 -> id:7, type:path, path:/test/show_cookie, method:get, file:test-controller, func:show_cookie
2022-10-28 08:09:43.860 - DEBUG: [test-controller.js:15:16] TestController initialized.
2022-10-28 08:09:43.861 - DEBUG: [controller_loader.js:84:28] method #0 -> get
2022-10-28 08:09:43.861 - INFO: [index.js:118:12] controller loader called.
2022-10-28 08:09:43.872 - DEBUG: [mci.js:20:16] MCI initialized.
2022-10-28 08:09:43.872 - DEBUG: [mci.js:28:20] name : external01
2022-10-28 08:09:43.893 - DEBUG: [cni.js:15:16] CNI initialized.
2022-10-28 08:09:43.894 - DEBUG: [cni.js:21:16] server name : external02
2022-10-28 08:09:43.894 - DEBUG: [cni.js:25:16] server host : localhost
2022-10-28 08:09:43.894 - DEBUG: [cni.js:26:16] server port : 7102
2022-10-28 08:09:46.101 - INFO: [index.js:242:20] Http Server started.
2022-10-28 08:09:46.101 - INFO: [index.js:252:16] Base URL -> http://localhost:7001
2022-10-28 08:09:46.102 - INFO: [index.js:257:16] Namespace -> ::_7001_17160
2022-10-28 08:09:46.813 - DEBUG: [socketio_loader.js:73:9] socketio_loader.load called.
2022-10-28 08:09:46.813 - DEBUG: [socketio_loader.js:83:16] read namespace file -> ::_7001_28900
2022-10-28 08:09:46.814 - INFO: [index.js:265:20] socket.io loader called.
2022-10-28 08:09:46.817 - DEBUG: [socketio_loader.js:103:16] Error in executing sql -> Sql definition for chat_reset_presence not found in sql_config
2022-10-28 08:09:46.987 - DEBUG: [socketio_loader.js:125:16] namespace file saved to -> ./socketio.pid
2022-10-28 08:09:46.988 - INFO: [socketio_loader.js:133:12] socket.io service started.
2022-10-28 08:09:46.989 - DEBUG: [socketio_loader.js:147:12] redis subscribed -> myapp_message
2022-10-28 08:09:47.006 - DEBUG: [controller_loader.js:226:12] registerRest called : /baroboard/darwin -> in file ../controllers/baroboard-darwin-sync-controller, table : baroboard.device
2022-10-28 08:09:47.009 - DEBUG: [controller_loader.js:241:16] rest type #0 -> list
2022-10-28 08:09:47.010 - DEBUG: [controller_loader.js:259:16] rest request method -> get, path -> /baroboard/darwin, func -> list
2022-10-28 08:09:47.010 - DEBUG: [controller_loader.js:241:16] rest type #1 -> create
2022-10-28 08:09:47.010 - DEBUG: [controller_loader.js:259:16] rest request method -> post, path -> /baroboard/darwin, func -> create
2022-10-28 08:09:47.011 - DEBUG: [controller_loader.js:241:16] rest type #2 -> read
2022-10-28 08:09:47.011 - DEBUG: [controller_loader.js:259:16] rest request method -> get, path -> /baroboard/darwin/:id, func -> read
2022-10-28 08:09:47.011 - DEBUG: [controller_loader.js:241:16] rest type #3 -> update
2022-10-28 08:09:47.012 - DEBUG: [controller_loader.js:259:16] rest request method -> put, path -> /baroboard/darwin/:id, func -> update
2022-10-28 08:09:47.012 - DEBUG: [controller_loader.js:241:16] rest type #4 -> delete
2022-10-28 08:09:47.013 - DEBUG: [controller_loader.js:259:16] rest request method -> delete, path -> /baroboard/darwin/:id, func -> delete
2022-10-28 08:09:47.014 - DEBUG: [controller_loader.js:267:12] registerPath called : /baroboard/darwin/request_esl_sync -> updateData in file ../controllers/baroboard-darwin-sync-controller
2022-10-28 08:09:47.662 - DEBUG: [controller_loader.js:274:20]  method #0 -> post
2022-10-28 08:09:47.667 - DEBUG: [controller_loader.js:226:12] registerRest called : /baroboard/device -> in file ../controllers/baroboard-device-controller, table : baroboard.device
2022-10-28 08:09:47.667 - DEBUG: [controller_loader.js:241:16] rest type #0 -> list
2022-10-28 08:09:47.668 - DEBUG: [controller_loader.js:259:16] rest request method -> get, path -> /baroboard/device, func -> list
2022-10-28 08:09:47.668 - DEBUG: [controller_loader.js:241:16] rest type #1 -> create
2022-10-28 08:09:47.668 - DEBUG: [controller_loader.js:259:16] rest request method -> post, path -> /baroboard/device, func -> create
2022-10-28 08:09:47.668 - DEBUG: [controller_loader.js:241:16] rest type #2 -> read
2022-10-28 08:09:47.668 - DEBUG: [controller_loader.js:259:16] rest request method -> get, path -> /baroboard/device/:id, func -> read
2022-10-28 08:09:47.669 - DEBUG: [controller_loader.js:241:16] rest type #3 -> update
2022-10-28 08:09:47.669 - DEBUG: [controller_loader.js:259:16] rest request method -> put, path -> /baroboard/device/:id, func -> update
2022-10-28 08:09:47.669 - DEBUG: [controller_loader.js:241:16] rest type #4 -> delete
2022-10-28 08:09:47.669 - DEBUG: [controller_loader.js:259:16] rest request method -> delete, path -> /baroboard/device/:id, func -> delete
2022-10-28 08:09:47.670 - DEBUG: [controller_loader.js:267:12] registerPath called : /baroboard/device/data/update -> updateData in file ../controllers/baroboard-device-controller
2022-10-28 08:09:47.686 - DEBUG: [controller_loader.js:274:20]  method #0 -> post
2022-10-28 08:09:47.687 - DEBUG: [controller_loader.js:267:12] registerPath called : /baroboard/device/data/select -> selectData in file ../controllers/baroboard-device-controller
2022-10-28 08:09:47.687 - DEBUG: [controller_loader.js:274:20]  method #0 -> get
2022-10-28 08:09:47.688 - DEBUG: [controller_loader.js:267:12] registerPath called : /baroboard/device/dashboard/list -> dashboardList in file ../controllers/baroboard-device-controller
2022-10-28 08:09:47.688 - DEBUG: [controller_loader.js:274:20]  method #0 -> get
2022-10-28 08:09:47.689 - DEBUG: [controller_loader.js:267:12] registerPath called : /baroboard/device/dashboard/sublist -> dashboardSubList in file ../controllers/baroboard-device-controller
2022-10-28 08:09:47.689 - DEBUG: [controller_loader.js:274:20]  method #0 -> get
2022-10-28 08:09:47.690 - DEBUG: [controller_loader.js:267:12] registerPath called : /baroboard/device/dashboard/legacy -> legacyInfo in file ../controllers/baroboard-device-controller
2022-10-28 08:09:47.691 - DEBUG: [controller_loader.js:288:16] legacyInfo not found in the controller.
2022-10-28 08:09:47.692 - DEBUG: [controller_loader.js:267:12] registerPath called : /baroboard/device/dashboard/fieldlist -> dashboardFieldList in file ../controllers/baroboard-device-controller
2022-10-28 08:09:47.692 - DEBUG: [controller_loader.js:274:20]  method #0 -> get
2022-10-28 08:09:47.695 - DEBUG: [controller_loader.js:267:12] registerPath called : /baroboard/device/data/preview2 -> preview2 in file ../controllers/baroboard-device-controller
2022-10-28 08:09:47.695 - DEBUG: [controller_loader.js:274:20]  method #0 -> post
2022-10-28 08:09:47.696 - DEBUG: [controller_loader.js:267:12] registerPath called : /baroboard/device/data/apply -> applyData in file ../controllers/baroboard-device-controller
2022-10-28 08:09:47.697 - DEBUG: [controller_loader.js:274:20]  method #0 -> post
2022-10-28 08:09:47.697 - DEBUG: [controller_loader.js:267:12] registerPath called : /baroboard/device/data/preview -> applyData2 in file ../controllers/baroboard-device-controller
2022-10-28 08:09:47.698 - DEBUG: [controller_loader.js:274:20]  method #0 -> post
2022-10-28 08:09:47.699 - DEBUG: [controller_loader.js:267:12] registerPath called : /baroboard/device/goodbattery -> batteryUpdate in file ../controllers/baroboard-device-controller
2022-10-28 08:09:47.699 - DEBUG: [controller_loader.js:274:20]  method #0 -> post
2022-10-28 08:09:47.700 - DEBUG: [controller_loader.js:267:12] registerPath called : /baroboard/device/badbattery -> batteryUpdate2 in file ../controllers/baroboard-device-controller
2022-10-28 08:09:47.700 - DEBUG: [controller_loader.js:274:20]  method #0 -> post
2022-10-28 08:09:47.701 - DEBUG: [controller_loader.js:267:12] registerPath called : /baroboard/device/check/usinglayout -> checkUsingLayout in file ../controllers/baroboard-device-controller
2022-10-28 08:09:47.701 - DEBUG: [controller_loader.js:274:20]  method #0 -> post
2022-10-28 08:09:47.701 - DEBUG: [controller_loader.js:267:12] registerPath called : /baroboard/device/status -> statusUpdate in file ../controllers/baroboard-device-controller
2022-10-28 08:09:47.702 - DEBUG: [controller_loader.js:274:20]  method #0 -> post
2022-10-28 08:09:47.702 - DEBUG: [controller_loader.js:267:12] registerPath called : /baroboard/device/statussync -> statusSync in file ../controllers/baroboard-device-controller
2022-10-28 08:09:47.702 - DEBUG: [controller_loader.js:274:20]  method #0 -> post
2022-10-28 08:09:47.702 - DEBUG: [controller_loader.js:267:12] registerPath called : /baroboard/device/data/mappinglist -> layoutMappingDataList in file ../controllers/baroboard-device-controller
2022-10-28 08:09:47.703 - DEBUG: [controller_loader.js:274:20]  method #0 -> post
2022-10-28 08:09:47.703 - DEBUG: [controller_loader.js:267:12] registerPath called : /baroboard/device/modify/layout -> modifyLayoutinfo in file ../controllers/baroboard-device-controller
2022-10-28 08:09:47.703 - DEBUG: [controller_loader.js:274:20]  method #0 -> post
2022-10-28 08:09:47.703 - DEBUG: [controller_loader.js:267:12] registerPath called : /baroboard/device/data/esl_request -> darwinPushESLData in file ../controllers/baroboard-device-controller
2022-10-28 08:09:47.704 - DEBUG: [controller_loader.js:274:20]  method #0 -> post
2022-10-28 08:09:47.705 - DEBUG: [controller_loader.js:226:12] registerRest called : /baroboard/device_group -> in file ../controllers/baroboard-device-group-controller, table : baroboard.device_group
2022-10-28 08:09:47.705 - DEBUG: [controller_loader.js:241:16] rest type #0 -> list
2022-10-28 08:09:47.705 - DEBUG: [controller_loader.js:259:16] rest request method -> get, path -> /baroboard/device_group, func -> list
2022-10-28 08:09:47.706 - DEBUG: [controller_loader.js:241:16] rest type #1 -> create
2022-10-28 08:09:47.706 - DEBUG: [controller_loader.js:259:16] rest request method -> post, path -> /baroboard/device_group, func -> create
2022-10-28 08:09:47.706 - DEBUG: [controller_loader.js:241:16] rest type #2 -> read
2022-10-28 08:09:47.706 - DEBUG: [controller_loader.js:259:16] rest request method -> get, path -> /baroboard/device_group/:id, func -> read
2022-10-28 08:09:47.706 - DEBUG: [controller_loader.js:241:16] rest type #3 -> update
2022-10-28 08:09:47.707 - DEBUG: [controller_loader.js:259:16] rest request method -> put, path -> /baroboard/device_group/:id, func -> update
2022-10-28 08:09:47.707 - DEBUG: [controller_loader.js:241:16] rest type #4 -> delete
2022-10-28 08:09:47.707 - DEBUG: [controller_loader.js:259:16] rest request method -> delete, path -> /baroboard/device_group/:id, func -> delete
2022-10-28 08:09:47.712 - DEBUG: [controller_loader.js:226:12] registerRest called : /baroboard/image -> in file ../controllers/baroboard-image-controller, table : baroboard.image
2022-10-28 08:09:47.712 - DEBUG: [controller_loader.js:241:16] rest type #0 -> list
2022-10-28 08:09:47.713 - DEBUG: [controller_loader.js:259:16] rest request method -> get, path -> /baroboard/image, func -> list
2022-10-28 08:09:47.713 - DEBUG: [controller_loader.js:241:16] rest type #1 -> create
2022-10-28 08:09:47.713 - DEBUG: [controller_loader.js:259:16] rest request method -> post, path -> /baroboard/image, func -> create
2022-10-28 08:09:47.714 - DEBUG: [controller_loader.js:241:16] rest type #2 -> read
2022-10-28 08:09:47.714 - DEBUG: [controller_loader.js:259:16] rest request method -> get, path -> /baroboard/image/:id, func -> read
2022-10-28 08:09:47.714 - DEBUG: [controller_loader.js:241:16] rest type #3 -> update
2022-10-28 08:09:47.715 - DEBUG: [controller_loader.js:259:16] rest request method -> put, path -> /baroboard/image/:id, func -> update
2022-10-28 08:09:47.715 - DEBUG: [controller_loader.js:241:16] rest type #4 -> delete
2022-10-28 08:09:47.715 - DEBUG: [controller_loader.js:259:16] rest request method -> delete, path -> /baroboard/image/:id, func -> delete
2022-10-28 08:09:47.716 - DEBUG: [controller_loader.js:267:12] registerPath called : /baroboard/image/list -> requestList in file ../controllers/baroboard-image-controller
2022-10-28 08:09:47.717 - DEBUG: [controller_loader.js:274:20]  method #0 -> post
2022-10-28 08:09:47.718 - DEBUG: [controller_loader.js:267:12] registerPath called : /baroboard/image/category/list -> requestcategoryList in file ../controllers/baroboard-image-controller
2022-10-28 08:09:47.718 - DEBUG: [controller_loader.js:274:20]  method #0 -> post
2022-10-28 08:09:47.719 - DEBUG: [controller_loader.js:267:12] registerPath called : /baroboard/image/category/delete_item -> requestDeleteImage2 in file ../controllers/baroboard-image-controller
2022-10-28 08:09:47.720 - DEBUG: [controller_loader.js:274:20]  method #0 -> post
2022-10-28 08:09:47.720 - DEBUG: [controller_loader.js:267:12] registerPath called : /baroboard/image/category/title_delete -> requestDeleteCategory in file ../controllers/baroboard-image-controller
2022-10-28 08:09:47.720 - DEBUG: [controller_loader.js:274:20]  method #0 -> post
2022-10-28 08:09:47.721 - DEBUG: [controller_loader.js:267:12] registerPath called : /baroboard/image/category/add -> requestAddCategoryItem in file ../controllers/baroboard-image-controller
2022-10-28 08:09:47.721 - DEBUG: [controller_loader.js:274:20]  method #0 -> post
2022-10-28 08:09:47.721 - DEBUG: [controller_loader.js:267:12] registerPath called : /baroboard/image/category/image -> requestAddImageItemInCategory in file ../controllers/baroboard-image-controller
2022-10-28 08:09:47.721 - DEBUG: [controller_loader.js:274:20]  method #0 -> get
2022-10-28 08:09:47.722 - DEBUG: [controller_loader.js:274:20]  method #1 -> post
2022-10-28 08:09:47.725 - DEBUG: [controller_loader.js:226:12] registerRest called : /baroboard/layout -> in file ../controllers/baroboard-layout-controller, table : baroboard.layout
2022-10-28 08:09:47.725 - DEBUG: [controller_loader.js:241:16] rest type #0 -> list
2022-10-28 08:09:47.725 - DEBUG: [controller_loader.js:259:16] rest request method -> get, path -> /baroboard/layout, func -> list
2022-10-28 08:09:47.725 - DEBUG: [controller_loader.js:241:16] rest type #1 -> create
2022-10-28 08:09:47.726 - DEBUG: [controller_loader.js:259:16] rest request method -> post, path -> /baroboard/layout, func -> create
2022-10-28 08:09:47.726 - DEBUG: [controller_loader.js:241:16] rest type #2 -> read
2022-10-28 08:09:47.726 - DEBUG: [controller_loader.js:259:16] rest request method -> get, path -> /baroboard/layout/:id, func -> read
2022-10-28 08:09:47.726 - DEBUG: [controller_loader.js:241:16] rest type #3 -> update
2022-10-28 08:09:47.726 - DEBUG: [controller_loader.js:259:16] rest request method -> put, path -> /baroboard/layout/:id, func -> update
2022-10-28 08:09:47.727 - DEBUG: [controller_loader.js:241:16] rest type #4 -> delete
2022-10-28 08:09:47.727 - DEBUG: [controller_loader.js:259:16] rest request method -> delete, path -> /baroboard/layout/:id, func -> delete
2022-10-28 08:09:47.727 - DEBUG: [controller_loader.js:267:12] registerPath called : /baroboard/layout/image/del -> requestImageDelete in file ../controllers/baroboard-layout-controller
2022-10-28 08:09:47.729 - DEBUG: [controller_loader.js:274:20]  method #0 -> get
2022-10-28 08:09:47.729 - DEBUG: [controller_loader.js:274:20]  method #1 -> post
2022-10-28 08:09:47.729 - DEBUG: [controller_loader.js:267:12] registerPath called : /baroboard/layout/image/update -> requestUpdateImage in file ../controllers/baroboard-layout-controller
2022-10-28 08:09:47.729 - DEBUG: [controller_loader.js:274:20]  method #0 -> post
2022-10-28 08:09:47.730 - DEBUG: [controller_loader.js:267:12] registerPath called : /baroboard/layout/mapping/update -> updateMapping in file ../controllers/baroboard-layout-controller
2022-10-28 08:09:47.730 - DEBUG: [controller_loader.js:274:20]  method #0 -> post
2022-10-28 08:09:47.731 - DEBUG: [controller_loader.js:226:12] registerRest called : /baroboard/legacy -> in file ../controllers/baroboard-legacy, table : baroboard.legacy
2022-10-28 08:09:47.731 - DEBUG: [controller_loader.js:241:16] rest type #0 -> list
2022-10-28 08:09:47.731 - DEBUG: [controller_loader.js:259:16] rest request method -> get, path -> /baroboard/legacy, func -> list
2022-10-28 08:09:47.731 - DEBUG: [controller_loader.js:241:16] rest type #1 -> create
2022-10-28 08:09:47.732 - DEBUG: [controller_loader.js:259:16] rest request method -> post, path -> /baroboard/legacy, func -> create
2022-10-28 08:09:47.732 - DEBUG: [controller_loader.js:241:16] rest type #2 -> read
2022-10-28 08:09:47.732 - DEBUG: [controller_loader.js:259:16] rest request method -> get, path -> /baroboard/legacy/:id, func -> read
2022-10-28 08:09:47.732 - DEBUG: [controller_loader.js:241:16] rest type #3 -> update
2022-10-28 08:09:47.732 - DEBUG: [controller_loader.js:259:16] rest request method -> put, path -> /baroboard/legacy/:id, func -> update
2022-10-28 08:09:47.732 - DEBUG: [controller_loader.js:241:16] rest type #4 -> delete
2022-10-28 08:09:47.733 - DEBUG: [controller_loader.js:259:16] rest request method -> delete, path -> /baroboard/legacy/:id, func -> delete
2022-10-28 08:09:47.734 - DEBUG: [controller_loader.js:226:12] registerRest called : /baroboard/users -> in file ../controllers/baroboard-users-controller, table : baroboard.users
2022-10-28 08:09:47.734 - DEBUG: [controller_loader.js:241:16] rest type #0 -> list
2022-10-28 08:09:47.734 - DEBUG: [controller_loader.js:259:16] rest request method -> get, path -> /baroboard/users, func -> list
2022-10-28 08:09:47.734 - DEBUG: [controller_loader.js:241:16] rest type #1 -> create
2022-10-28 08:09:47.735 - DEBUG: [controller_loader.js:259:16] rest request method -> post, path -> /baroboard/users, func -> create
2022-10-28 08:09:47.735 - DEBUG: [controller_loader.js:241:16] rest type #2 -> read
2022-10-28 08:09:47.735 - DEBUG: [controller_loader.js:259:16] rest request method -> get, path -> /baroboard/users/:id, func -> read
2022-10-28 08:09:47.735 - DEBUG: [controller_loader.js:241:16] rest type #3 -> update
2022-10-28 08:09:47.735 - DEBUG: [controller_loader.js:259:16] rest request method -> put, path -> /baroboard/users/:id, func -> update
2022-10-28 08:09:47.736 - DEBUG: [controller_loader.js:241:16] rest type #4 -> delete
2022-10-28 08:09:47.736 - DEBUG: [controller_loader.js:259:16] rest request method -> delete, path -> /baroboard/users/:id, func -> delete
2022-10-28 08:09:47.736 - DEBUG: [controller_loader.js:267:12] registerPath called : /baroboard/users/signup -> signup in file ../controllers/baroboard-users-controller
2022-10-28 08:09:47.738 - DEBUG: [controller_loader.js:274:20]  method #0 -> post
2022-10-28 08:09:47.739 - DEBUG: [controller_loader.js:267:12] registerPath called : /baroboard/users/login -> login in file ../controllers/baroboard-users-controller
2022-10-28 08:09:47.739 - DEBUG: [controller_loader.js:274:20]  method #0 -> post
2022-10-28 08:09:47.740 - DEBUG: [controller_loader.js:267:12] registerPath called : /baroboard/users/logout -> logout in file ../controllers/baroboard-users-controller
2022-10-28 08:09:47.740 - DEBUG: [controller_loader.js:274:20]  method #0 -> post
2022-10-28 08:09:47.741 - DEBUG: [controller_loader.js:226:12] registerRest called : /bear -> in file ../controllers/bear-controller, table : test.person
2022-10-28 08:09:47.742 - DEBUG: [controller_loader.js:241:16] rest type #0 -> list
2022-10-28 08:09:47.742 - DEBUG: [controller_loader.js:259:16] rest request method -> get, path -> /bear, func -> list
2022-10-28 08:09:47.742 - DEBUG: [controller_loader.js:241:16] rest type #1 -> create
2022-10-28 08:09:47.743 - DEBUG: [controller_loader.js:259:16] rest request method -> post, path -> /bear, func -> create
2022-10-28 08:09:47.743 - DEBUG: [controller_loader.js:241:16] rest type #2 -> read
2022-10-28 08:09:47.743 - DEBUG: [controller_loader.js:259:16] rest request method -> get, path -> /bear/:id, func -> read
2022-10-28 08:09:47.743 - DEBUG: [controller_loader.js:241:16] rest type #3 -> update
2022-10-28 08:09:47.744 - DEBUG: [controller_loader.js:259:16] rest request method -> put, path -> /bear/:id, func -> update
2022-10-28 08:09:47.744 - DEBUG: [controller_loader.js:241:16] rest type #4 -> delete
2022-10-28 08:09:47.744 - DEBUG: [controller_loader.js:259:16] rest request method -> delete, path -> /bear/:id, func -> delete
2022-10-28 08:09:47.748 - DEBUG: [controller_loader.js:226:12] registerRest called : /cat -> in file ../controllers/cat-controller, table : undefined
2022-10-28 08:09:47.748 - DEBUG: [controller_loader.js:241:16] rest type #0 -> list
2022-10-28 08:09:47.749 - DEBUG: [controller_loader.js:259:16] rest request method -> get, path -> /cat, func -> list
2022-10-28 08:09:47.749 - DEBUG: [controller_loader.js:241:16] rest type #1 -> create
2022-10-28 08:09:47.749 - DEBUG: [controller_loader.js:259:16] rest request method -> post, path -> /cat, func -> create
2022-10-28 08:09:47.750 - DEBUG: [controller_loader.js:241:16] rest type #2 -> read
2022-10-28 08:09:47.750 - DEBUG: [controller_loader.js:259:16] rest request method -> get, path -> /cat/:id, func -> read
2022-10-28 08:09:47.751 - DEBUG: [controller_loader.js:241:16] rest type #3 -> update
2022-10-28 08:09:47.751 - DEBUG: [controller_loader.js:259:16] rest request method -> put, path -> /cat/:id, func -> update
2022-10-28 08:09:47.751 - DEBUG: [controller_loader.js:241:16] rest type #4 -> delete
2022-10-28 08:09:47.752 - DEBUG: [controller_loader.js:259:16] rest request method -> delete, path -> /cat/:id, func -> delete
2022-10-28 08:09:47.757 - DEBUG: [controller_loader.js:267:12] registerPath called : /chat/send -> send in file ../controllers/chat-controller
2022-10-28 08:09:47.758 - DEBUG: [controller_loader.js:274:20]  method #0 -> get
2022-10-28 08:09:47.760 - DEBUG: [controller_loader.js:267:12] registerPath called : /cni-test/patient-list -> patientList in file ../controllers/cni-controller
2022-10-28 08:09:47.761 - DEBUG: [controller_loader.js:274:20]  method #0 -> get
2022-10-28 08:09:47.762 - DEBUG: [controller_loader.js:274:20]  method #1 -> post
2022-10-28 08:09:47.765 - DEBUG: [controller_loader.js:267:12] registerPath called : /consent/v1/patient/inpatient-list-01 -> inpatientList01 in file ../controllers/consent-v1-kbsmc-controller
2022-10-28 08:09:47.765 - DEBUG: [controller_loader.js:274:20]  method #0 -> get
2022-10-28 08:09:47.766 - DEBUG: [controller_loader.js:274:20]  method #1 -> post
2022-10-28 08:09:47.767 - DEBUG: [controller_loader.js:267:12] registerPath called : /consent/v1/consent/consent-save-01 -> consentSave01 in file ../controllers/consent-v1-kbsmc-controller
2022-10-28 08:09:47.769 - DEBUG: [controller_loader.js:274:20]  method #0 -> get
2022-10-28 08:09:47.769 - DEBUG: [controller_loader.js:274:20]  method #1 -> post
2022-10-28 08:09:47.772 - DEBUG: [controller_loader.js:267:12] registerPath called : /dog/index -> index in file ../controllers/dog-controller
2022-10-28 08:09:47.773 - DEBUG: [controller_loader.js:274:20]  method #0 -> get
2022-10-28 08:09:47.773 - DEBUG: [controller_loader.js:274:20]  method #1 -> post
2022-10-28 08:09:47.774 - DEBUG: [controller_loader.js:267:12] registerPath called : /dog/list -> list in file ../controllers/dog-controller
2022-10-28 08:09:47.775 - DEBUG: [controller_loader.js:274:20]  method #0 -> get
2022-10-28 08:09:47.775 - DEBUG: [controller_loader.js:274:20]  method #1 -> post
2022-10-28 08:09:47.775 - DEBUG: [controller_loader.js:267:12] registerPath called : /dog/create -> create in file ../controllers/dog-controller
2022-10-28 08:09:47.776 - DEBUG: [controller_loader.js:274:20]  method #0 -> get
2022-10-28 08:09:47.776 - DEBUG: [controller_loader.js:274:20]  method #1 -> post
2022-10-28 08:09:47.777 - DEBUG: [controller_loader.js:267:12] registerPath called : /dog/read -> read in file ../controllers/dog-controller
2022-10-28 08:09:47.777 - DEBUG: [controller_loader.js:274:20]  method #0 -> get
2022-10-28 08:09:47.778 - DEBUG: [controller_loader.js:274:20]  method #1 -> post
2022-10-28 08:09:47.779 - DEBUG: [controller_loader.js:267:12] registerPath called : /dog/update -> update in file ../controllers/dog-controller
2022-10-28 08:09:47.779 - DEBUG: [controller_loader.js:274:20]  method #0 -> get
2022-10-28 08:09:47.779 - DEBUG: [controller_loader.js:274:20]  method #1 -> post
2022-10-28 08:09:47.780 - DEBUG: [controller_loader.js:267:12] registerPath called : /dog/delete -> delete in file ../controllers/dog-controller
2022-10-28 08:09:47.781 - DEBUG: [controller_loader.js:274:20]  method #0 -> post
2022-10-28 08:09:47.784 - DEBUG: [controller_loader.js:267:12] registerPath called : /esl-index.do -> eslIndex in file ../controllers/index-controller
2022-10-28 08:09:47.785 - DEBUG: [controller_loader.js:274:20]  method #0 -> get
2022-10-28 08:09:47.789 - DEBUG: [controller_loader.js:267:12] registerPath called : /lion/ -> list in file ../controllers/lion-controller
2022-10-28 08:09:47.790 - DEBUG: [controller_loader.js:274:20]  method #0 -> get
2022-10-28 08:09:47.791 - DEBUG: [controller_loader.js:267:12] registerPath called : /lion/create -> create in file ../controllers/lion-controller
2022-10-28 08:09:47.792 - DEBUG: [controller_loader.js:274:20]  method #0 -> post
2022-10-28 08:09:47.792 - DEBUG: [controller_loader.js:267:12] registerPath called : /lion/read/:id -> read in file ../controllers/lion-controller
2022-10-28 08:09:47.792 - DEBUG: [controller_loader.js:274:20]  method #0 -> get
2022-10-28 08:09:47.793 - DEBUG: [controller_loader.js:267:12] registerPath called : /lion/update/:id -> update in file ../controllers/lion-controller
2022-10-28 08:09:47.793 - DEBUG: [controller_loader.js:274:20]  method #0 -> post
2022-10-28 08:09:47.794 - DEBUG: [controller_loader.js:267:12] registerPath called : /lion/delete/:id -> delete in file ../controllers/lion-controller
2022-10-28 08:09:47.794 - DEBUG: [controller_loader.js:274:20]  method #0 -> delete
2022-10-28 08:09:47.799 - DEBUG: [controller_loader.js:267:12] registerPath called : /mci-test/patient-list -> patientList in file ../controllers/mci-controller
2022-10-28 08:09:47.801 - DEBUG: [controller_loader.js:274:20]  method #0 -> get
2022-10-28 08:09:47.801 - DEBUG: [controller_loader.js:274:20]  method #1 -> post
2022-10-28 08:09:47.804 - DEBUG: [controller_loader.js:267:12] registerPath called : /panda/list -> list in file ../controllers/panda-controller
2022-10-28 08:09:47.805 - DEBUG: [controller_loader.js:274:20]  method #0 -> get
2022-10-28 08:09:47.809 - DEBUG: [controller_loader.js:267:12] registerPath called : /sboard_image/upload -> upload in file ../controllers/sboard-image-controller
2022-10-28 08:09:47.810 - DEBUG: [controller_loader.js:274:20]  method #0 -> post
2022-10-28 08:09:47.811 - DEBUG: [controller_loader.js:267:12] registerPath called : /sboard_image/send -> send in file ../controllers/sboard-image-controller
2022-10-28 08:09:47.811 - DEBUG: [controller_loader.js:274:20]  method #0 -> post
2022-10-28 08:09:47.814 - DEBUG: [controller_loader.js:267:12] registerPath called : /sboard_image/send_group -> sendGroup in file ../controllers/sboard-image-controller
2022-10-28 08:09:47.815 - DEBUG: [controller_loader.js:274:20]  method #0 -> post
2022-10-28 08:09:47.816 - DEBUG: [controller_loader.js:267:12] registerPath called : /sheep/ -> list in file ../controllers/sheep-controller
2022-10-28 08:09:47.817 - DEBUG: [controller_loader.js:274:20]  method #0 -> get
2022-10-28 08:09:47.818 - DEBUG: [controller_loader.js:267:12] registerPath called : /sheep/ -> create in file ../controllers/sheep-controller
2022-10-28 08:09:47.818 - DEBUG: [controller_loader.js:274:20]  method #0 -> post
2022-10-28 08:09:47.819 - DEBUG: [controller_loader.js:267:12] registerPath called : /sheep/:id -> read in file ../controllers/sheep-controller
2022-10-28 08:09:47.819 - DEBUG: [controller_loader.js:274:20]  method #0 -> get
2022-10-28 08:09:47.819 - DEBUG: [controller_loader.js:267:12] registerPath called : /sheep/:id -> update in file ../controllers/sheep-controller
2022-10-28 08:09:47.820 - DEBUG: [controller_loader.js:274:20]  method #0 -> put
2022-10-28 08:09:47.820 - DEBUG: [controller_loader.js:267:12] registerPath called : /sheep/:id -> delete in file ../controllers/sheep-controller
2022-10-28 08:09:47.820 - DEBUG: [controller_loader.js:274:20]  method #0 -> delete
2022-10-28 08:09:47.823 - DEBUG: [controller_loader.js:267:12] registerPath called : /data/apply -> applyData in file ../controllers/sync_to_esl-controller
2022-10-28 08:09:47.823 - DEBUG: [controller_loader.js:274:20]  method #0 -> post
2022-10-28 08:09:47.826 - DEBUG: [controller_loader.js:267:12] registerPath called : /data/lastmodifieddate -> getLastModifiedDate in file ../controllers/sync_to_mci-controller
2022-10-28 08:09:47.829 - DEBUG: [controller_loader.js:274:20]  method #0 -> post
2022-10-28 08:09:47.830 - DEBUG: [controller_loader.js:267:12] registerPath called : /data/apply -> applyData in file ../controllers/sync_to_mci-controller
2022-10-28 08:09:47.830 - DEBUG: [controller_loader.js:274:20]  method #0 -> post
2022-10-28 08:09:47.832 - DEBUG: [controller_loader.js:267:12] registerPath called : /tiger/hello -> hello in file ../controllers/tiger-controller
2022-10-28 08:09:47.833 - DEBUG: [controller_loader.js:274:20]  method #0 -> get
2022-10-28 08:09:47.834 - DEBUG: [controller_loader.js:274:20]  method #1 -> post
2022-10-28 08:09:47.835 - DEBUG: [controller_loader.js:267:12] registerPath called : /tiger/bye -> bye in file ../controllers/tiger-controller
2022-10-28 08:09:47.835 - DEBUG: [controller_loader.js:274:20]  method #0 -> get
2022-10-28 08:09:47.835 - DEBUG: [controller_loader.js:274:20]  method #1 -> post
