2022-11-07 14:31:09.362 - DEBUG: [service_loader.js:17:12] load in service_loader called.
2022-11-07 14:31:09.366 - DEBUG: [service_loader.js:21:16] #0 -> id:1, unit:person
2022-11-07 14:31:09.872 - DEBUG: [service_loader.js:39:16] method #0 -> list
2022-11-07 14:31:09.872 - DEBUG: [service_loader.js:43:16]     do method name -> doList
2022-11-07 14:31:09.873 - DEBUG: [service_loader.js:39:16] method #1 -> read
2022-11-07 14:31:09.873 - DEBUG: [service_loader.js:43:16]     do method name -> doRead
2022-11-07 14:31:09.874 - DEBUG: [service_loader.js:39:16] method #2 -> create
2022-11-07 14:31:09.874 - DEBUG: [service_loader.js:43:16]     do method name -> doCreate
2022-11-07 14:31:09.874 - DEBUG: [service_loader.js:39:16] method #3 -> update
2022-11-07 14:31:09.875 - DEBUG: [service_loader.js:43:16]     do method name -> doUpdate
2022-11-07 14:31:09.875 - DEBUG: [service_loader.js:39:16] method #4 -> delete
2022-11-07 14:31:09.876 - DEBUG: [service_loader.js:43:16]     do method name -> doDelete
2022-11-07 14:31:09.876 - INFO: [index.js:114:12] service loader called.
2022-11-07 14:31:09.876 - DEBUG: [controller_loader.js:26:12] load called.
2022-11-07 14:31:09.877 - DEBUG: [controller_loader.js:106:12] autoLoad called.
2022-11-07 14:31:09.966 - DEBUG: [controller_loader.js:34:20] #0 -> id:1, type:rest, base:, unit:person
2022-11-07 14:31:09.992 - DEBUG: [person-controller.js:27:16] PersonController initialized.
2022-11-07 14:31:09.993 - DEBUG: [controller_loader.js:53:24] rest type #0 -> list
2022-11-07 14:31:09.993 - DEBUG: [controller_loader.js:73:24] rest request method -> get, path -> /person, func -> list
2022-11-07 14:31:09.994 - DEBUG: [controller_loader.js:53:24] rest type #1 -> create
2022-11-07 14:31:09.994 - DEBUG: [controller_loader.js:73:24] rest request method -> post, path -> /person, func -> create
2022-11-07 14:31:09.995 - DEBUG: [controller_loader.js:53:24] rest type #2 -> read
2022-11-07 14:31:09.995 - DEBUG: [controller_loader.js:73:24] rest request method -> get, path -> /person/:id, func -> read
2022-11-07 14:31:09.996 - DEBUG: [controller_loader.js:53:24] rest type #3 -> update
2022-11-07 14:31:09.996 - DEBUG: [controller_loader.js:73:24] rest request method -> put, path -> /person/:id, func -> update
2022-11-07 14:31:09.996 - DEBUG: [controller_loader.js:53:24] rest type #4 -> delete
2022-11-07 14:31:09.997 - DEBUG: [controller_loader.js:73:24] rest request method -> delete, path -> /person/:id, func -> delete
2022-11-07 14:31:09.997 - DEBUG: [controller_loader.js:36:20] #1 -> id:2, type:path, path:/profile/list, method:get,post, file:profile-controller, func:list
2022-11-07 14:31:10.007 - DEBUG: [profile-controller.js:21:11] ProfileController initialized.
2022-11-07 14:31:10.008 - DEBUG: [controller_loader.js:84:28] method #0 -> get
2022-11-07 14:31:10.009 - DEBUG: [controller_loader.js:84:28] method #1 -> post
2022-11-07 14:31:10.009 - DEBUG: [controller_loader.js:36:20] #2 -> id:3, type:path, path:/profile/get, method:get,post, file:profile-controller, func:get
2022-11-07 14:31:10.010 - DEBUG: [profile-controller.js:21:11] ProfileController initialized.
2022-11-07 14:31:10.010 - DEBUG: [controller_loader.js:84:28] method #0 -> get
2022-11-07 14:31:10.010 - DEBUG: [controller_loader.js:84:28] method #1 -> post
2022-11-07 14:31:10.011 - DEBUG: [controller_loader.js:36:20] #3 -> id:4, type:path, path:/profile/add, method:get, file:profile-controller, func:add
2022-11-07 14:31:10.011 - DEBUG: [profile-controller.js:21:11] ProfileController initialized.
2022-11-07 14:31:10.012 - DEBUG: [controller_loader.js:84:28] method #0 -> get
2022-11-07 14:31:10.012 - DEBUG: [controller_loader.js:36:20] #4 -> id:5, type:path, path:/profile/upload, method:post, file:profile-controller, func:upload
2022-11-07 14:31:10.012 - DEBUG: [profile-controller.js:21:11] ProfileController initialized.
2022-11-07 14:31:10.013 - DEBUG: [controller_loader.js:84:28] method #0 -> post
2022-11-07 14:31:10.013 - DEBUG: [controller_loader.js:36:20] #5 -> id:6, type:path, path:/test/set_cookie, method:get, file:test-controller, func:set_cookie
2022-11-07 14:31:10.022 - DEBUG: [test-controller.js:15:16] TestController initialized.
2022-11-07 14:31:10.023 - DEBUG: [controller_loader.js:84:28] method #0 -> get
2022-11-07 14:31:10.023 - DEBUG: [controller_loader.js:36:20] #6 -> id:7, type:path, path:/test/show_cookie, method:get, file:test-controller, func:show_cookie
2022-11-07 14:31:10.024 - DEBUG: [test-controller.js:15:16] TestController initialized.
2022-11-07 14:31:10.024 - DEBUG: [controller_loader.js:84:28] method #0 -> get
2022-11-07 14:31:10.024 - INFO: [index.js:118:12] controller loader called.
2022-11-07 14:31:10.074 - DEBUG: [mci.js:20:16] MCI initialized.
2022-11-07 14:31:10.074 - DEBUG: [mci.js:28:20] name : external01
2022-11-07 14:31:10.277 - DEBUG: [cni.js:15:16] CNI initialized.
2022-11-07 14:31:10.278 - DEBUG: [cni.js:21:16] server name : external02
2022-11-07 14:31:10.278 - DEBUG: [cni.js:25:16] server host : localhost
2022-11-07 14:31:10.279 - DEBUG: [cni.js:26:16] server port : 7102
2022-11-07 14:31:12.144 - INFO: [index.js:242:20] Http Server started.
2022-11-07 14:31:12.145 - INFO: [index.js:252:16] Base URL -> http://localhost:7001
2022-11-07 14:31:12.145 - INFO: [index.js:257:16] Namespace -> ::_7001_7116
2022-11-07 14:31:12.759 - DEBUG: [socketio_loader.js:73:9] socketio_loader.load called.
2022-11-07 14:31:12.762 - DEBUG: [socketio_loader.js:83:16] read namespace file -> ::_7001_17160
2022-11-07 14:31:12.763 - INFO: [index.js:265:20] socket.io loader called.
2022-11-07 14:31:12.766 - DEBUG: [socketio_loader.js:103:16] Error in executing sql -> Sql definition for chat_reset_presence not found in sql_config
2022-11-07 14:31:12.896 - DEBUG: [socketio_loader.js:125:16] namespace file saved to -> ./socketio.pid
2022-11-07 14:31:12.896 - INFO: [socketio_loader.js:133:12] socket.io service started.
2022-11-07 14:31:12.897 - DEBUG: [socketio_loader.js:147:12] redis subscribed -> myapp_message
2022-11-07 14:31:12.926 - DEBUG: [controller_loader.js:226:12] registerRest called : /baroboard/darwin -> in file ../controllers/baroboard-darwin-sync-controller, table : baroboard.device
2022-11-07 14:31:12.942 - DEBUG: [controller_loader.js:241:16] rest type #0 -> list
2022-11-07 14:31:12.943 - DEBUG: [controller_loader.js:259:16] rest request method -> get, path -> /baroboard/darwin, func -> list
2022-11-07 14:31:12.944 - DEBUG: [controller_loader.js:241:16] rest type #1 -> create
2022-11-07 14:31:12.945 - DEBUG: [controller_loader.js:259:16] rest request method -> post, path -> /baroboard/darwin, func -> create
2022-11-07 14:31:12.946 - DEBUG: [controller_loader.js:241:16] rest type #2 -> read
2022-11-07 14:31:12.946 - DEBUG: [controller_loader.js:259:16] rest request method -> get, path -> /baroboard/darwin/:id, func -> read
2022-11-07 14:31:12.947 - DEBUG: [controller_loader.js:241:16] rest type #3 -> update
2022-11-07 14:31:12.948 - DEBUG: [controller_loader.js:259:16] rest request method -> put, path -> /baroboard/darwin/:id, func -> update
2022-11-07 14:31:12.948 - DEBUG: [controller_loader.js:241:16] rest type #4 -> delete
2022-11-07 14:31:12.949 - DEBUG: [controller_loader.js:259:16] rest request method -> delete, path -> /baroboard/darwin/:id, func -> delete
2022-11-07 14:31:12.951 - DEBUG: [controller_loader.js:267:12] registerPath called : /baroboard/darwin/request_esl_sync -> updateData in file ../controllers/baroboard-darwin-sync-controller
2022-11-07 14:31:13.532 - DEBUG: [controller_loader.js:274:20]  method #0 -> post
2022-11-07 14:31:13.537 - DEBUG: [controller_loader.js:226:12] registerRest called : /baroboard/device -> in file ../controllers/baroboard-device-controller, table : baroboard.device
2022-11-07 14:31:13.537 - DEBUG: [controller_loader.js:241:16] rest type #0 -> list
2022-11-07 14:31:13.537 - DEBUG: [controller_loader.js:259:16] rest request method -> get, path -> /baroboard/device, func -> list
2022-11-07 14:31:13.538 - DEBUG: [controller_loader.js:241:16] rest type #1 -> create
2022-11-07 14:31:13.538 - DEBUG: [controller_loader.js:259:16] rest request method -> post, path -> /baroboard/device, func -> create
2022-11-07 14:31:13.539 - DEBUG: [controller_loader.js:241:16] rest type #2 -> read
2022-11-07 14:31:13.539 - DEBUG: [controller_loader.js:259:16] rest request method -> get, path -> /baroboard/device/:id, func -> read
2022-11-07 14:31:13.539 - DEBUG: [controller_loader.js:241:16] rest type #3 -> update
2022-11-07 14:31:13.540 - DEBUG: [controller_loader.js:259:16] rest request method -> put, path -> /baroboard/device/:id, func -> update
2022-11-07 14:31:13.540 - DEBUG: [controller_loader.js:241:16] rest type #4 -> delete
2022-11-07 14:31:13.540 - DEBUG: [controller_loader.js:259:16] rest request method -> delete, path -> /baroboard/device/:id, func -> delete
2022-11-07 14:31:13.541 - DEBUG: [controller_loader.js:267:12] registerPath called : /baroboard/device/data/update -> updateData in file ../controllers/baroboard-device-controller
2022-11-07 14:31:13.561 - DEBUG: [controller_loader.js:274:20]  method #0 -> post
2022-11-07 14:31:13.562 - DEBUG: [controller_loader.js:267:12] registerPath called : /baroboard/device/data/select -> selectData in file ../controllers/baroboard-device-controller
2022-11-07 14:31:13.563 - DEBUG: [controller_loader.js:274:20]  method #0 -> get
2022-11-07 14:31:13.564 - DEBUG: [controller_loader.js:267:12] registerPath called : /baroboard/device/dashboard/list -> dashboardList in file ../controllers/baroboard-device-controller
2022-11-07 14:31:13.564 - DEBUG: [controller_loader.js:274:20]  method #0 -> get
2022-11-07 14:31:13.565 - DEBUG: [controller_loader.js:267:12] registerPath called : /baroboard/device/dashboard/sublist -> dashboardSubList in file ../controllers/baroboard-device-controller
2022-11-07 14:31:13.565 - DEBUG: [controller_loader.js:274:20]  method #0 -> get
2022-11-07 14:31:13.566 - DEBUG: [controller_loader.js:267:12] registerPath called : /baroboard/device/dashboard/legacy -> legacyInfo in file ../controllers/baroboard-device-controller
2022-11-07 14:31:13.567 - DEBUG: [controller_loader.js:288:16] legacyInfo not found in the controller.
2022-11-07 14:31:13.567 - DEBUG: [controller_loader.js:267:12] registerPath called : /baroboard/device/dashboard/fieldlist -> dashboardFieldList in file ../controllers/baroboard-device-controller
2022-11-07 14:31:13.568 - DEBUG: [controller_loader.js:274:20]  method #0 -> get
2022-11-07 14:31:13.568 - DEBUG: [controller_loader.js:267:12] registerPath called : /baroboard/device/data/preview2 -> preview2 in file ../controllers/baroboard-device-controller
2022-11-07 14:31:13.569 - DEBUG: [controller_loader.js:274:20]  method #0 -> post
2022-11-07 14:31:13.569 - DEBUG: [controller_loader.js:267:12] registerPath called : /baroboard/device/data/apply -> applyData in file ../controllers/baroboard-device-controller
2022-11-07 14:31:13.570 - DEBUG: [controller_loader.js:274:20]  method #0 -> post
2022-11-07 14:31:13.571 - DEBUG: [controller_loader.js:267:12] registerPath called : /baroboard/device/data/preview -> applyData2 in file ../controllers/baroboard-device-controller
2022-11-07 14:31:13.571 - DEBUG: [controller_loader.js:274:20]  method #0 -> post
2022-11-07 14:31:13.572 - DEBUG: [controller_loader.js:267:12] registerPath called : /baroboard/device/goodbattery -> batteryUpdate in file ../controllers/baroboard-device-controller
2022-11-07 14:31:13.572 - DEBUG: [controller_loader.js:274:20]  method #0 -> post
2022-11-07 14:31:13.573 - DEBUG: [controller_loader.js:267:12] registerPath called : /baroboard/device/badbattery -> batteryUpdate2 in file ../controllers/baroboard-device-controller
2022-11-07 14:31:13.573 - DEBUG: [controller_loader.js:274:20]  method #0 -> post
2022-11-07 14:31:13.574 - DEBUG: [controller_loader.js:267:12] registerPath called : /baroboard/device/check/usinglayout -> checkUsingLayout in file ../controllers/baroboard-device-controller
2022-11-07 14:31:13.575 - DEBUG: [controller_loader.js:274:20]  method #0 -> post
2022-11-07 14:31:13.575 - DEBUG: [controller_loader.js:267:12] registerPath called : /baroboard/device/status -> statusUpdate in file ../controllers/baroboard-device-controller
2022-11-07 14:31:13.576 - DEBUG: [controller_loader.js:274:20]  method #0 -> post
2022-11-07 14:31:13.576 - DEBUG: [controller_loader.js:267:12] registerPath called : /baroboard/device/statussync -> statusSync in file ../controllers/baroboard-device-controller
2022-11-07 14:31:13.577 - DEBUG: [controller_loader.js:274:20]  method #0 -> post
2022-11-07 14:31:13.577 - DEBUG: [controller_loader.js:267:12] registerPath called : /baroboard/device/data/mappinglist -> layoutMappingDataList in file ../controllers/baroboard-device-controller
2022-11-07 14:31:13.578 - DEBUG: [controller_loader.js:274:20]  method #0 -> post
2022-11-07 14:31:13.578 - DEBUG: [controller_loader.js:267:12] registerPath called : /baroboard/device/modify/layout -> modifyLayoutinfo in file ../controllers/baroboard-device-controller
2022-11-07 14:31:13.578 - DEBUG: [controller_loader.js:274:20]  method #0 -> post
2022-11-07 14:31:13.579 - DEBUG: [controller_loader.js:267:12] registerPath called : /baroboard/device/data/esl_request -> darwinPushESLData in file ../controllers/baroboard-device-controller
2022-11-07 14:31:13.579 - DEBUG: [controller_loader.js:274:20]  method #0 -> post
2022-11-07 14:31:13.581 - DEBUG: [controller_loader.js:226:12] registerRest called : /baroboard/device_group -> in file ../controllers/baroboard-device-group-controller, table : baroboard.device_group
2022-11-07 14:31:13.582 - DEBUG: [controller_loader.js:241:16] rest type #0 -> list
2022-11-07 14:31:13.583 - DEBUG: [controller_loader.js:259:16] rest request method -> get, path -> /baroboard/device_group, func -> list
2022-11-07 14:31:13.584 - DEBUG: [controller_loader.js:241:16] rest type #1 -> create
2022-11-07 14:31:13.585 - DEBUG: [controller_loader.js:259:16] rest request method -> post, path -> /baroboard/device_group, func -> create
2022-11-07 14:31:13.586 - DEBUG: [controller_loader.js:241:16] rest type #2 -> read
2022-11-07 14:31:13.586 - DEBUG: [controller_loader.js:259:16] rest request method -> get, path -> /baroboard/device_group/:id, func -> read
2022-11-07 14:31:13.587 - DEBUG: [controller_loader.js:241:16] rest type #3 -> update
2022-11-07 14:31:13.588 - DEBUG: [controller_loader.js:259:16] rest request method -> put, path -> /baroboard/device_group/:id, func -> update
2022-11-07 14:31:13.589 - DEBUG: [controller_loader.js:241:16] rest type #4 -> delete
2022-11-07 14:31:13.590 - DEBUG: [controller_loader.js:259:16] rest request method -> delete, path -> /baroboard/device_group/:id, func -> delete
2022-11-07 14:31:13.592 - DEBUG: [controller_loader.js:226:12] registerRest called : /baroboard/image -> in file ../controllers/baroboard-image-controller, table : baroboard.image
2022-11-07 14:31:13.592 - DEBUG: [controller_loader.js:241:16] rest type #0 -> list
2022-11-07 14:31:13.593 - DEBUG: [controller_loader.js:259:16] rest request method -> get, path -> /baroboard/image, func -> list
2022-11-07 14:31:13.593 - DEBUG: [controller_loader.js:241:16] rest type #1 -> create
2022-11-07 14:31:13.593 - DEBUG: [controller_loader.js:259:16] rest request method -> post, path -> /baroboard/image, func -> create
2022-11-07 14:31:13.593 - DEBUG: [controller_loader.js:241:16] rest type #2 -> read
2022-11-07 14:31:13.593 - DEBUG: [controller_loader.js:259:16] rest request method -> get, path -> /baroboard/image/:id, func -> read
2022-11-07 14:31:13.594 - DEBUG: [controller_loader.js:241:16] rest type #3 -> update
2022-11-07 14:31:13.594 - DEBUG: [controller_loader.js:259:16] rest request method -> put, path -> /baroboard/image/:id, func -> update
2022-11-07 14:31:13.594 - DEBUG: [controller_loader.js:241:16] rest type #4 -> delete
2022-11-07 14:31:13.594 - DEBUG: [controller_loader.js:259:16] rest request method -> delete, path -> /baroboard/image/:id, func -> delete
2022-11-07 14:31:13.595 - DEBUG: [controller_loader.js:267:12] registerPath called : /baroboard/image/list -> requestList in file ../controllers/baroboard-image-controller
2022-11-07 14:31:13.596 - DEBUG: [controller_loader.js:274:20]  method #0 -> post
2022-11-07 14:31:13.597 - DEBUG: [controller_loader.js:267:12] registerPath called : /baroboard/image/category/list -> requestcategoryList in file ../controllers/baroboard-image-controller
2022-11-07 14:31:13.597 - DEBUG: [controller_loader.js:274:20]  method #0 -> post
2022-11-07 14:31:13.598 - DEBUG: [controller_loader.js:267:12] registerPath called : /baroboard/image/category/delete_item -> requestDeleteImage2 in file ../controllers/baroboard-image-controller
2022-11-07 14:31:13.598 - DEBUG: [controller_loader.js:274:20]  method #0 -> post
2022-11-07 14:31:13.598 - DEBUG: [controller_loader.js:267:12] registerPath called : /baroboard/image/category/title_delete -> requestDeleteCategory in file ../controllers/baroboard-image-controller
2022-11-07 14:31:13.599 - DEBUG: [controller_loader.js:274:20]  method #0 -> post
2022-11-07 14:31:13.599 - DEBUG: [controller_loader.js:267:12] registerPath called : /baroboard/image/category/add -> requestAddCategoryItem in file ../controllers/baroboard-image-controller
2022-11-07 14:31:13.600 - DEBUG: [controller_loader.js:274:20]  method #0 -> post
2022-11-07 14:31:13.600 - DEBUG: [controller_loader.js:267:12] registerPath called : /baroboard/image/category/image -> requestAddImageItemInCategory in file ../controllers/baroboard-image-controller
2022-11-07 14:31:13.601 - DEBUG: [controller_loader.js:274:20]  method #0 -> get
2022-11-07 14:31:13.601 - DEBUG: [controller_loader.js:274:20]  method #1 -> post
2022-11-07 14:31:13.602 - DEBUG: [controller_loader.js:226:12] registerRest called : /baroboard/layout -> in file ../controllers/baroboard-layout-controller, table : baroboard.layout
2022-11-07 14:31:13.603 - DEBUG: [controller_loader.js:241:16] rest type #0 -> list
2022-11-07 14:31:13.603 - DEBUG: [controller_loader.js:259:16] rest request method -> get, path -> /baroboard/layout, func -> list
2022-11-07 14:31:13.603 - DEBUG: [controller_loader.js:241:16] rest type #1 -> create
2022-11-07 14:31:13.603 - DEBUG: [controller_loader.js:259:16] rest request method -> post, path -> /baroboard/layout, func -> create
2022-11-07 14:31:13.603 - DEBUG: [controller_loader.js:241:16] rest type #2 -> read
2022-11-07 14:31:13.604 - DEBUG: [controller_loader.js:259:16] rest request method -> get, path -> /baroboard/layout/:id, func -> read
2022-11-07 14:31:13.604 - DEBUG: [controller_loader.js:241:16] rest type #3 -> update
2022-11-07 14:31:13.604 - DEBUG: [controller_loader.js:259:16] rest request method -> put, path -> /baroboard/layout/:id, func -> update
2022-11-07 14:31:13.604 - DEBUG: [controller_loader.js:241:16] rest type #4 -> delete
2022-11-07 14:31:13.604 - DEBUG: [controller_loader.js:259:16] rest request method -> delete, path -> /baroboard/layout/:id, func -> delete
2022-11-07 14:31:13.605 - DEBUG: [controller_loader.js:267:12] registerPath called : /baroboard/layout/image/del -> requestImageDelete in file ../controllers/baroboard-layout-controller
2022-11-07 14:31:13.606 - DEBUG: [controller_loader.js:274:20]  method #0 -> get
2022-11-07 14:31:13.606 - DEBUG: [controller_loader.js:274:20]  method #1 -> post
2022-11-07 14:31:13.607 - DEBUG: [controller_loader.js:267:12] registerPath called : /baroboard/layout/image/update -> requestUpdateImage in file ../controllers/baroboard-layout-controller
2022-11-07 14:31:13.607 - DEBUG: [controller_loader.js:274:20]  method #0 -> post
2022-11-07 14:31:13.626 - DEBUG: [controller_loader.js:267:12] registerPath called : /baroboard/layout/mapping/update -> updateMapping in file ../controllers/baroboard-layout-controller
2022-11-07 14:31:13.626 - DEBUG: [controller_loader.js:274:20]  method #0 -> post
2022-11-07 14:31:13.629 - DEBUG: [controller_loader.js:226:12] registerRest called : /baroboard/legacy -> in file ../controllers/baroboard-legacy, table : baroboard.legacy
2022-11-07 14:31:13.629 - DEBUG: [controller_loader.js:241:16] rest type #0 -> list
2022-11-07 14:31:13.629 - DEBUG: [controller_loader.js:259:16] rest request method -> get, path -> /baroboard/legacy, func -> list
2022-11-07 14:31:13.630 - DEBUG: [controller_loader.js:241:16] rest type #1 -> create
2022-11-07 14:31:13.630 - DEBUG: [controller_loader.js:259:16] rest request method -> post, path -> /baroboard/legacy, func -> create
2022-11-07 14:31:13.631 - DEBUG: [controller_loader.js:241:16] rest type #2 -> read
2022-11-07 14:31:13.631 - DEBUG: [controller_loader.js:259:16] rest request method -> get, path -> /baroboard/legacy/:id, func -> read
2022-11-07 14:31:13.631 - DEBUG: [controller_loader.js:241:16] rest type #3 -> update
2022-11-07 14:31:13.632 - DEBUG: [controller_loader.js:259:16] rest request method -> put, path -> /baroboard/legacy/:id, func -> update
2022-11-07 14:31:13.632 - DEBUG: [controller_loader.js:241:16] rest type #4 -> delete
2022-11-07 14:31:13.633 - DEBUG: [controller_loader.js:259:16] rest request method -> delete, path -> /baroboard/legacy/:id, func -> delete
2022-11-07 14:31:13.635 - DEBUG: [controller_loader.js:226:12] registerRest called : /baroboard/users -> in file ../controllers/baroboard-users-controller, table : baroboard.users
2022-11-07 14:31:13.635 - DEBUG: [controller_loader.js:241:16] rest type #0 -> list
2022-11-07 14:31:13.636 - DEBUG: [controller_loader.js:259:16] rest request method -> get, path -> /baroboard/users, func -> list
2022-11-07 14:31:13.636 - DEBUG: [controller_loader.js:241:16] rest type #1 -> create
2022-11-07 14:31:13.636 - DEBUG: [controller_loader.js:259:16] rest request method -> post, path -> /baroboard/users, func -> create
2022-11-07 14:31:13.637 - DEBUG: [controller_loader.js:241:16] rest type #2 -> read
2022-11-07 14:31:13.637 - DEBUG: [controller_loader.js:259:16] rest request method -> get, path -> /baroboard/users/:id, func -> read
2022-11-07 14:31:13.638 - DEBUG: [controller_loader.js:241:16] rest type #3 -> update
2022-11-07 14:31:13.638 - DEBUG: [controller_loader.js:259:16] rest request method -> put, path -> /baroboard/users/:id, func -> update
2022-11-07 14:31:13.638 - DEBUG: [controller_loader.js:241:16] rest type #4 -> delete
2022-11-07 14:31:13.639 - DEBUG: [controller_loader.js:259:16] rest request method -> delete, path -> /baroboard/users/:id, func -> delete
2022-11-07 14:31:13.640 - DEBUG: [controller_loader.js:267:12] registerPath called : /baroboard/users/signup -> signup in file ../controllers/baroboard-users-controller
2022-11-07 14:31:13.654 - DEBUG: [controller_loader.js:274:20]  method #0 -> post
2022-11-07 14:31:13.655 - DEBUG: [controller_loader.js:267:12] registerPath called : /baroboard/users/login -> login in file ../controllers/baroboard-users-controller
2022-11-07 14:31:13.656 - DEBUG: [controller_loader.js:274:20]  method #0 -> post
2022-11-07 14:31:13.657 - DEBUG: [controller_loader.js:267:12] registerPath called : /baroboard/users/logout -> logout in file ../controllers/baroboard-users-controller
2022-11-07 14:31:13.657 - DEBUG: [controller_loader.js:274:20]  method #0 -> post
2022-11-07 14:31:13.659 - DEBUG: [controller_loader.js:226:12] registerRest called : /bear -> in file ../controllers/bear-controller, table : test.person
2022-11-07 14:31:13.659 - DEBUG: [controller_loader.js:241:16] rest type #0 -> list
2022-11-07 14:31:13.659 - DEBUG: [controller_loader.js:259:16] rest request method -> get, path -> /bear, func -> list
2022-11-07 14:31:13.660 - DEBUG: [controller_loader.js:241:16] rest type #1 -> create
2022-11-07 14:31:13.660 - DEBUG: [controller_loader.js:259:16] rest request method -> post, path -> /bear, func -> create
2022-11-07 14:31:13.660 - DEBUG: [controller_loader.js:241:16] rest type #2 -> read
2022-11-07 14:31:13.660 - DEBUG: [controller_loader.js:259:16] rest request method -> get, path -> /bear/:id, func -> read
2022-11-07 14:31:13.661 - DEBUG: [controller_loader.js:241:16] rest type #3 -> update
2022-11-07 14:31:13.661 - DEBUG: [controller_loader.js:259:16] rest request method -> put, path -> /bear/:id, func -> update
2022-11-07 14:31:13.661 - DEBUG: [controller_loader.js:241:16] rest type #4 -> delete
2022-11-07 14:31:13.661 - DEBUG: [controller_loader.js:259:16] rest request method -> delete, path -> /bear/:id, func -> delete
2022-11-07 14:31:13.665 - DEBUG: [controller_loader.js:226:12] registerRest called : /cat -> in file ../controllers/cat-controller, table : undefined
2022-11-07 14:31:13.666 - DEBUG: [controller_loader.js:241:16] rest type #0 -> list
2022-11-07 14:31:13.667 - DEBUG: [controller_loader.js:259:16] rest request method -> get, path -> /cat, func -> list
2022-11-07 14:31:13.667 - DEBUG: [controller_loader.js:241:16] rest type #1 -> create
2022-11-07 14:31:13.667 - DEBUG: [controller_loader.js:259:16] rest request method -> post, path -> /cat, func -> create
2022-11-07 14:31:13.667 - DEBUG: [controller_loader.js:241:16] rest type #2 -> read
2022-11-07 14:31:13.668 - DEBUG: [controller_loader.js:259:16] rest request method -> get, path -> /cat/:id, func -> read
2022-11-07 14:31:13.668 - DEBUG: [controller_loader.js:241:16] rest type #3 -> update
2022-11-07 14:31:13.668 - DEBUG: [controller_loader.js:259:16] rest request method -> put, path -> /cat/:id, func -> update
2022-11-07 14:31:13.668 - DEBUG: [controller_loader.js:241:16] rest type #4 -> delete
2022-11-07 14:31:13.669 - DEBUG: [controller_loader.js:259:16] rest request method -> delete, path -> /cat/:id, func -> delete
2022-11-07 14:31:13.671 - DEBUG: [controller_loader.js:267:12] registerPath called : /chat/send -> send in file ../controllers/chat-controller
2022-11-07 14:31:13.672 - DEBUG: [controller_loader.js:274:20]  method #0 -> get
2022-11-07 14:31:13.674 - DEBUG: [controller_loader.js:267:12] registerPath called : /cni-test/patient-list -> patientList in file ../controllers/cni-controller
2022-11-07 14:31:13.683 - DEBUG: [controller_loader.js:274:20]  method #0 -> get
2022-11-07 14:31:13.684 - DEBUG: [controller_loader.js:274:20]  method #1 -> post
2022-11-07 14:31:13.686 - DEBUG: [controller_loader.js:267:12] registerPath called : /consent/v1/patient/inpatient-list-01 -> inpatientList01 in file ../controllers/consent-v1-kbsmc-controller
2022-11-07 14:31:13.687 - DEBUG: [controller_loader.js:274:20]  method #0 -> get
2022-11-07 14:31:13.687 - DEBUG: [controller_loader.js:274:20]  method #1 -> post
2022-11-07 14:31:13.687 - DEBUG: [controller_loader.js:267:12] registerPath called : /consent/v1/consent/consent-save-01 -> consentSave01 in file ../controllers/consent-v1-kbsmc-controller
2022-11-07 14:31:13.688 - DEBUG: [controller_loader.js:274:20]  method #0 -> get
2022-11-07 14:31:13.688 - DEBUG: [controller_loader.js:274:20]  method #1 -> post
2022-11-07 14:31:13.691 - DEBUG: [controller_loader.js:267:12] registerPath called : /dog/index -> index in file ../controllers/dog-controller
2022-11-07 14:31:13.691 - DEBUG: [controller_loader.js:274:20]  method #0 -> get
2022-11-07 14:31:13.692 - DEBUG: [controller_loader.js:274:20]  method #1 -> post
2022-11-07 14:31:13.692 - DEBUG: [controller_loader.js:267:12] registerPath called : /dog/list -> list in file ../controllers/dog-controller
2022-11-07 14:31:13.693 - DEBUG: [controller_loader.js:274:20]  method #0 -> get
2022-11-07 14:31:13.693 - DEBUG: [controller_loader.js:274:20]  method #1 -> post
2022-11-07 14:31:13.694 - DEBUG: [controller_loader.js:267:12] registerPath called : /dog/create -> create in file ../controllers/dog-controller
2022-11-07 14:31:13.694 - DEBUG: [controller_loader.js:274:20]  method #0 -> get
2022-11-07 14:31:13.694 - DEBUG: [controller_loader.js:274:20]  method #1 -> post
2022-11-07 14:31:13.695 - DEBUG: [controller_loader.js:267:12] registerPath called : /dog/read -> read in file ../controllers/dog-controller
2022-11-07 14:31:13.695 - DEBUG: [controller_loader.js:274:20]  method #0 -> get
2022-11-07 14:31:13.695 - DEBUG: [controller_loader.js:274:20]  method #1 -> post
2022-11-07 14:31:13.696 - DEBUG: [controller_loader.js:267:12] registerPath called : /dog/update -> update in file ../controllers/dog-controller
2022-11-07 14:31:13.697 - DEBUG: [controller_loader.js:274:20]  method #0 -> get
2022-11-07 14:31:13.697 - DEBUG: [controller_loader.js:274:20]  method #1 -> post
2022-11-07 14:31:13.698 - DEBUG: [controller_loader.js:267:12] registerPath called : /dog/delete -> delete in file ../controllers/dog-controller
2022-11-07 14:31:13.699 - DEBUG: [controller_loader.js:274:20]  method #0 -> post
2022-11-07 14:31:13.701 - DEBUG: [controller_loader.js:267:12] registerPath called : /esl-index.do -> eslIndex in file ../controllers/index-controller
2022-11-07 14:31:13.701 - DEBUG: [controller_loader.js:274:20]  method #0 -> get
2022-11-07 14:31:13.703 - DEBUG: [controller_loader.js:267:12] registerPath called : /lion/ -> list in file ../controllers/lion-controller
2022-11-07 14:31:13.704 - DEBUG: [controller_loader.js:274:20]  method #0 -> get
2022-11-07 14:31:13.705 - DEBUG: [controller_loader.js:267:12] registerPath called : /lion/create -> create in file ../controllers/lion-controller
2022-11-07 14:31:13.705 - DEBUG: [controller_loader.js:274:20]  method #0 -> post
2022-11-07 14:31:13.706 - DEBUG: [controller_loader.js:267:12] registerPath called : /lion/read/:id -> read in file ../controllers/lion-controller
2022-11-07 14:31:13.706 - DEBUG: [controller_loader.js:274:20]  method #0 -> get
2022-11-07 14:31:13.707 - DEBUG: [controller_loader.js:267:12] registerPath called : /lion/update/:id -> update in file ../controllers/lion-controller
2022-11-07 14:31:13.707 - DEBUG: [controller_loader.js:274:20]  method #0 -> post
2022-11-07 14:31:13.707 - DEBUG: [controller_loader.js:267:12] registerPath called : /lion/delete/:id -> delete in file ../controllers/lion-controller
2022-11-07 14:31:13.708 - DEBUG: [controller_loader.js:274:20]  method #0 -> delete
2022-11-07 14:31:13.710 - DEBUG: [controller_loader.js:267:12] registerPath called : /mci-test/patient-list -> patientList in file ../controllers/mci-controller
2022-11-07 14:31:13.721 - DEBUG: [controller_loader.js:274:20]  method #0 -> get
2022-11-07 14:31:13.721 - DEBUG: [controller_loader.js:274:20]  method #1 -> post
2022-11-07 14:31:13.723 - DEBUG: [controller_loader.js:267:12] registerPath called : /panda/list -> list in file ../controllers/panda-controller
2022-11-07 14:31:13.724 - DEBUG: [controller_loader.js:274:20]  method #0 -> get
2022-11-07 14:31:13.727 - DEBUG: [controller_loader.js:267:12] registerPath called : /sboard_image/upload -> upload in file ../controllers/sboard-image-controller
2022-11-07 14:31:13.727 - DEBUG: [controller_loader.js:274:20]  method #0 -> post
2022-11-07 14:31:13.728 - DEBUG: [controller_loader.js:267:12] registerPath called : /sboard_image/send -> send in file ../controllers/sboard-image-controller
2022-11-07 14:31:13.728 - DEBUG: [controller_loader.js:274:20]  method #0 -> post
2022-11-07 14:31:13.729 - DEBUG: [controller_loader.js:267:12] registerPath called : /sboard_image/send_group -> sendGroup in file ../controllers/sboard-image-controller
2022-11-07 14:31:13.729 - DEBUG: [controller_loader.js:274:20]  method #0 -> post
2022-11-07 14:31:13.731 - DEBUG: [controller_loader.js:267:12] registerPath called : /sheep/ -> list in file ../controllers/sheep-controller
2022-11-07 14:31:13.732 - DEBUG: [controller_loader.js:274:20]  method #0 -> get
2022-11-07 14:31:13.733 - DEBUG: [controller_loader.js:267:12] registerPath called : /sheep/ -> create in file ../controllers/sheep-controller
2022-11-07 14:31:13.733 - DEBUG: [controller_loader.js:274:20]  method #0 -> post
2022-11-07 14:31:13.734 - DEBUG: [controller_loader.js:267:12] registerPath called : /sheep/:id -> read in file ../controllers/sheep-controller
2022-11-07 14:31:13.734 - DEBUG: [controller_loader.js:274:20]  method #0 -> get
2022-11-07 14:31:13.735 - DEBUG: [controller_loader.js:267:12] registerPath called : /sheep/:id -> update in file ../controllers/sheep-controller
2022-11-07 14:31:13.735 - DEBUG: [controller_loader.js:274:20]  method #0 -> put
2022-11-07 14:31:13.736 - DEBUG: [controller_loader.js:267:12] registerPath called : /sheep/:id -> delete in file ../controllers/sheep-controller
2022-11-07 14:31:13.736 - DEBUG: [controller_loader.js:274:20]  method #0 -> delete
2022-11-07 14:31:13.738 - DEBUG: [controller_loader.js:267:12] registerPath called : /data/apply -> applyData in file ../controllers/sync_to_esl-controller
2022-11-07 14:31:13.739 - DEBUG: [controller_loader.js:274:20]  method #0 -> post
2022-11-07 14:31:13.740 - DEBUG: [controller_loader.js:267:12] registerPath called : /data/lastmodifieddate -> getLastModifiedDate in file ../controllers/sync_to_mci-controller
2022-11-07 14:31:13.742 - DEBUG: [controller_loader.js:274:20]  method #0 -> post
2022-11-07 14:31:13.742 - DEBUG: [controller_loader.js:267:12] registerPath called : /data/apply -> applyData in file ../controllers/sync_to_mci-controller
2022-11-07 14:31:13.742 - DEBUG: [controller_loader.js:274:20]  method #0 -> post
2022-11-07 14:31:13.744 - DEBUG: [controller_loader.js:267:12] registerPath called : /tiger/hello -> hello in file ../controllers/tiger-controller
2022-11-07 14:31:13.744 - DEBUG: [controller_loader.js:274:20]  method #0 -> get
2022-11-07 14:31:13.745 - DEBUG: [controller_loader.js:274:20]  method #1 -> post
2022-11-07 14:31:13.745 - DEBUG: [controller_loader.js:267:12] registerPath called : /tiger/bye -> bye in file ../controllers/tiger-controller
2022-11-07 14:31:13.745 - DEBUG: [controller_loader.js:274:20]  method #0 -> get
2022-11-07 14:31:13.746 - DEBUG: [controller_loader.js:274:20]  method #1 -> post
2022-11-07 14:31:47.200 - DEBUG: [index-controller.js:25:16] eslIndex called for path /esl-index.do
2022-11-07 14:31:52.069 - DEBUG: [baroboard-users-controller.js:80:16] BaroboardUsers:login called for path /baroboard/users/login
2022-11-07 14:31:52.151 - DEBUG: [baroboard-device-controller.js:696:16] BaroboardDevice:deletePreview called 
2022-11-07 14:31:52.155 - DEBUG: [table-controller.js:121:14] Table:list called for GET /baroboard/layout
2022-11-07 14:31:52.204 - DEBUG: [table-controller.js:121:14] Table:list called for GET /baroboard/layout
2022-11-07 14:31:52.226 - DEBUG: [table-controller.js:121:14] Table:list called for GET /baroboard/layout
2022-11-07 14:32:04.024 - DEBUG: [table-controller.js:121:14] Table:list called for GET /baroboard/layout
2022-11-07 14:32:04.042 - DEBUG: [table-controller.js:121:14] Table:list called for GET /baroboard/layout
2022-11-07 16:49:40.246 - DEBUG: [table-controller.js:121:14] Table:list called for GET /baroboard/layout
2022-11-07 16:49:40.265 - DEBUG: [table-controller.js:121:14] Table:list called for GET /baroboard/layout
2022-11-07 16:49:40.285 - DEBUG: [table-controller.js:121:14] Table:list called for GET /baroboard/layout
2022-11-07 16:49:45.226 - DEBUG: [table-controller.js:121:14] Table:list called for GET /baroboard/device
2022-11-07 16:49:46.738 - DEBUG: [table-controller.js:121:14] Table:list called for GET /baroboard/device_group
2022-11-07 16:49:46.739 - DEBUG: [table-controller.js:121:14] Table:list called for GET /baroboard/layout
2022-11-07 16:49:50.891 - DEBUG: [table-controller.js:121:14] Table:list called for GET /baroboard/device
2022-11-07 16:49:53.486 - DEBUG: [table-controller.js:121:14] Table:list called for GET /baroboard/layout
2022-11-07 16:49:53.488 - DEBUG: [table-controller.js:121:14] Table:list called for GET /baroboard/device_group
2022-11-07 16:50:55.875 - DEBUG: [table-controller.js:256:14] Table:create called for PUT /baroboard/device
2022-11-07 16:50:55.878 - DEBUG: [table-controller.js:121:14] Table:list called for GET /baroboard/device
2022-11-07 16:50:55.892 - DEBUG: [index-controller.js:25:16] eslIndex called for path /esl-index.do
2022-11-07 16:50:57.519 - DEBUG: [baroboard-users-controller.js:80:16] BaroboardUsers:login called for path /baroboard/users/login
2022-11-07 16:50:57.533 - DEBUG: [baroboard-device-controller.js:696:16] BaroboardDevice:deletePreview called 
2022-11-07 16:50:57.535 - DEBUG: [table-controller.js:121:14] Table:list called for GET /baroboard/layout
2022-11-07 16:50:57.555 - DEBUG: [table-controller.js:121:14] Table:list called for GET /baroboard/layout
2022-11-07 16:50:57.569 - DEBUG: [table-controller.js:121:14] Table:list called for GET /baroboard/layout
2022-11-07 16:51:00.529 - DEBUG: [table-controller.js:121:14] Table:list called for GET /baroboard/device
2022-11-07 16:51:06.816 - DEBUG: [table-controller.js:121:14] Table:list called for GET /baroboard/device
2022-11-07 16:51:11.064 - DEBUG: [table-controller.js:121:14] Table:list called for GET /baroboard/device
2022-11-07 16:59:44.898 - DEBUG: [baroboard-device-controller.js:1331:16] sync device Status: Data called for path /baroboard/statussync
