2020-05-27 09:34:57.740 - DEBUG: [service_loader.js:17:12] load in service_loader called.
2020-05-27 09:34:57.743 - DEBUG: [service_loader.js:21:16] #0 -> id:1, unit:person
2020-05-27 09:34:58.036 - DEBUG: [service_loader.js:39:16] method #0 -> list
2020-05-27 09:34:58.037 - DEBUG: [service_loader.js:43:16]     do method name -> doList
2020-05-27 09:34:58.037 - DEBUG: [service_loader.js:39:16] method #1 -> read
2020-05-27 09:34:58.038 - DEBUG: [service_loader.js:43:16]     do method name -> doRead
2020-05-27 09:34:58.038 - DEBUG: [service_loader.js:39:16] method #2 -> create
2020-05-27 09:34:58.038 - DEBUG: [service_loader.js:43:16]     do method name -> doCreate
2020-05-27 09:34:58.039 - DEBUG: [service_loader.js:39:16] method #3 -> update
2020-05-27 09:34:58.039 - DEBUG: [service_loader.js:43:16]     do method name -> doUpdate
2020-05-27 09:34:58.040 - DEBUG: [service_loader.js:39:16] method #4 -> delete
2020-05-27 09:34:58.040 - DEBUG: [service_loader.js:43:16]     do method name -> doDelete
2020-05-27 09:34:58.040 - INFO: [index.js:111:12] service loader called.
2020-05-27 09:34:58.041 - DEBUG: [controller_loader.js:26:12] load called.
2020-05-27 09:34:58.041 - DEBUG: [controller_loader.js:106:12] autoLoad called.
2020-05-27 09:34:58.076 - DEBUG: [controller_loader.js:34:20] #0 -> id:1, type:rest, base:, unit:person
2020-05-27 09:34:58.083 - DEBUG: [person-controller.js:27:16] PersonController initialized.
2020-05-27 09:34:58.084 - DEBUG: [controller_loader.js:53:24] rest type #0 -> list
2020-05-27 09:34:58.085 - DEBUG: [controller_loader.js:73:24] rest request method -> get, path -> /person, func -> list
2020-05-27 09:34:58.085 - DEBUG: [controller_loader.js:53:24] rest type #1 -> create
2020-05-27 09:34:58.086 - DEBUG: [controller_loader.js:73:24] rest request method -> post, path -> /person, func -> create
2020-05-27 09:34:58.087 - DEBUG: [controller_loader.js:53:24] rest type #2 -> read
2020-05-27 09:34:58.088 - DEBUG: [controller_loader.js:73:24] rest request method -> get, path -> /person/:id, func -> read
2020-05-27 09:34:58.089 - DEBUG: [controller_loader.js:53:24] rest type #3 -> update
2020-05-27 09:34:58.089 - DEBUG: [controller_loader.js:73:24] rest request method -> put, path -> /person/:id, func -> update
2020-05-27 09:34:58.090 - DEBUG: [controller_loader.js:53:24] rest type #4 -> delete
2020-05-27 09:34:58.091 - DEBUG: [controller_loader.js:73:24] rest request method -> delete, path -> /person/:id, func -> delete
2020-05-27 09:34:58.091 - DEBUG: [controller_loader.js:36:20] #1 -> id:2, type:path, path:/profile/list, method:get,post, file:profile-controller, func:list
2020-05-27 09:34:58.096 - DEBUG: [profile-controller.js:21:11] ProfileController initialized.
2020-05-27 09:34:58.096 - DEBUG: [controller_loader.js:84:28] method #0 -> get
2020-05-27 09:34:58.097 - DEBUG: [controller_loader.js:84:28] method #1 -> post
2020-05-27 09:34:58.099 - DEBUG: [controller_loader.js:36:20] #2 -> id:3, type:path, path:/profile/get, method:get,post, file:profile-controller, func:get
2020-05-27 09:34:58.102 - DEBUG: [profile-controller.js:21:11] ProfileController initialized.
2020-05-27 09:34:58.102 - DEBUG: [controller_loader.js:84:28] method #0 -> get
2020-05-27 09:34:58.103 - DEBUG: [controller_loader.js:84:28] method #1 -> post
2020-05-27 09:34:58.104 - DEBUG: [controller_loader.js:36:20] #3 -> id:4, type:path, path:/profile/add, method:get, file:profile-controller, func:add
2020-05-27 09:34:58.105 - DEBUG: [profile-controller.js:21:11] ProfileController initialized.
2020-05-27 09:34:58.105 - DEBUG: [controller_loader.js:84:28] method #0 -> get
2020-05-27 09:34:58.106 - DEBUG: [controller_loader.js:36:20] #4 -> id:5, type:path, path:/profile/upload, method:post, file:profile-controller, func:upload
2020-05-27 09:34:58.107 - DEBUG: [profile-controller.js:21:11] ProfileController initialized.
2020-05-27 09:34:58.108 - DEBUG: [controller_loader.js:84:28] method #0 -> post
2020-05-27 09:34:58.109 - DEBUG: [controller_loader.js:36:20] #5 -> id:6, type:path, path:/test/set_cookie, method:get, file:test-controller, func:set_cookie
2020-05-27 09:34:58.113 - DEBUG: [test-controller.js:15:16] TestController initialized.
2020-05-27 09:34:58.113 - DEBUG: [controller_loader.js:84:28] method #0 -> get
2020-05-27 09:34:58.115 - DEBUG: [controller_loader.js:36:20] #6 -> id:7, type:path, path:/test/show_cookie, method:get, file:test-controller, func:show_cookie
2020-05-27 09:34:58.117 - DEBUG: [test-controller.js:15:16] TestController initialized.
2020-05-27 09:34:58.118 - DEBUG: [controller_loader.js:84:28] method #0 -> get
2020-05-27 09:34:58.119 - INFO: [index.js:115:12] controller loader called.
2020-05-27 09:34:58.166 - DEBUG: [mci.js:20:16] MCI initialized.
2020-05-27 09:34:58.167 - DEBUG: [mci.js:28:20] name : external01
2020-05-27 09:34:58.271 - DEBUG: [cni.js:15:16] CNI initialized.
2020-05-27 09:34:58.273 - DEBUG: [cni.js:21:16] server name : external02
2020-05-27 09:34:58.275 - DEBUG: [cni.js:25:16] server host : localhost
2020-05-27 09:34:58.277 - DEBUG: [cni.js:26:16] server port : 7102
2020-05-27 09:34:59.392 - INFO: [index.js:238:20] Http Server started.
2020-05-27 09:34:59.394 - INFO: [index.js:248:16] Base URL -> http://localhost:7001
2020-05-27 09:34:59.396 - INFO: [index.js:253:16] Namespace -> ::_7001_9076
2020-05-27 09:34:59.786 - DEBUG: [socketio_loader.js:73:9] socketio_loader.load called.
2020-05-27 09:34:59.789 - DEBUG: [socketio_loader.js:83:16] read namespace file -> ::_7001_16792
2020-05-27 09:34:59.794 - INFO: [index.js:261:20] socket.io loader called.
2020-05-27 09:34:59.821 - DEBUG: [controller_loader.js:226:12] registerRest called : /baroboard/device -> in file ../controllers/baroboard-device-controller, table : baroboard.device
2020-05-27 09:34:59.834 - DEBUG: [controller_loader.js:241:16] rest type #0 -> list
2020-05-27 09:34:59.835 - DEBUG: [controller_loader.js:259:16] rest request method -> get, path -> /baroboard/device, func -> list
2020-05-27 09:34:59.837 - DEBUG: [controller_loader.js:241:16] rest type #1 -> create
2020-05-27 09:34:59.837 - DEBUG: [controller_loader.js:259:16] rest request method -> post, path -> /baroboard/device, func -> create
2020-05-27 09:34:59.841 - DEBUG: [controller_loader.js:241:16] rest type #2 -> read
2020-05-27 09:34:59.841 - DEBUG: [controller_loader.js:259:16] rest request method -> get, path -> /baroboard/device/:id, func -> read
2020-05-27 09:34:59.843 - DEBUG: [controller_loader.js:241:16] rest type #3 -> update
2020-05-27 09:34:59.844 - DEBUG: [controller_loader.js:259:16] rest request method -> put, path -> /baroboard/device/:id, func -> update
2020-05-27 09:34:59.845 - DEBUG: [controller_loader.js:241:16] rest type #4 -> delete
2020-05-27 09:34:59.847 - DEBUG: [controller_loader.js:259:16] rest request method -> delete, path -> /baroboard/device/:id, func -> delete
2020-05-27 09:34:59.851 - DEBUG: [controller_loader.js:267:12] registerPath called : /baroboard/device/data/update -> updateData in file ../controllers/baroboard-device-controller
2020-05-27 09:35:00.312 - DEBUG: [controller_loader.js:274:20]  method #0 -> post
2020-05-27 09:35:00.320 - DEBUG: [controller_loader.js:267:12] registerPath called : /baroboard/device/data/select -> selectData in file ../controllers/baroboard-device-controller
2020-05-27 09:35:00.321 - DEBUG: [controller_loader.js:274:20]  method #0 -> get
2020-05-27 09:35:00.324 - DEBUG: [controller_loader.js:267:12] registerPath called : /baroboard/device/dashboard/list -> dashboardList in file ../controllers/baroboard-device-controller
2020-05-27 09:35:00.325 - DEBUG: [controller_loader.js:274:20]  method #0 -> get
2020-05-27 09:35:00.330 - DEBUG: [controller_loader.js:267:12] registerPath called : /baroboard/device/dashboard/sublist -> dashboardSubList in file ../controllers/baroboard-device-controller
2020-05-27 09:35:00.331 - DEBUG: [controller_loader.js:274:20]  method #0 -> get
2020-05-27 09:35:00.334 - DEBUG: [controller_loader.js:267:12] registerPath called : /baroboard/device/dashboard/legacy -> legacyInfo in file ../controllers/baroboard-device-controller
2020-05-27 09:35:00.335 - DEBUG: [controller_loader.js:288:16] legacyInfo not found in the controller.
2020-05-27 09:35:00.338 - DEBUG: [controller_loader.js:267:12] registerPath called : /baroboard/device/dashboard/fieldlist -> dashboardFieldList in file ../controllers/baroboard-device-controller
2020-05-27 09:35:00.339 - DEBUG: [controller_loader.js:274:20]  method #0 -> get
2020-05-27 09:35:00.345 - DEBUG: [controller_loader.js:267:12] registerPath called : /baroboard/device/data/preview2 -> preview2 in file ../controllers/baroboard-device-controller
2020-05-27 09:35:00.347 - DEBUG: [controller_loader.js:274:20]  method #0 -> post
2020-05-27 09:35:00.350 - DEBUG: [controller_loader.js:267:12] registerPath called : /baroboard/device/data/apply -> applyData in file ../controllers/baroboard-device-controller
2020-05-27 09:35:00.351 - DEBUG: [controller_loader.js:274:20]  method #0 -> post
2020-05-27 09:35:00.354 - DEBUG: [controller_loader.js:267:12] registerPath called : /baroboard/device/data/preview -> applyData2 in file ../controllers/baroboard-device-controller
2020-05-27 09:35:00.355 - DEBUG: [controller_loader.js:274:20]  method #0 -> post
2020-05-27 09:35:00.362 - DEBUG: [controller_loader.js:267:12] registerPath called : /baroboard/device/goodbattery -> batteryUpdate in file ../controllers/baroboard-device-controller
2020-05-27 09:35:00.363 - DEBUG: [controller_loader.js:274:20]  method #0 -> post
2020-05-27 09:35:00.367 - DEBUG: [controller_loader.js:267:12] registerPath called : /baroboard/device/badbattery -> batteryUpdate2 in file ../controllers/baroboard-device-controller
2020-05-27 09:35:00.368 - DEBUG: [controller_loader.js:274:20]  method #0 -> post
2020-05-27 09:35:00.371 - DEBUG: [controller_loader.js:267:12] registerPath called : /baroboard/device/check/usinglayout -> checkUsingLayout in file ../controllers/baroboard-device-controller
2020-05-27 09:35:00.371 - DEBUG: [controller_loader.js:274:20]  method #0 -> post
2020-05-27 09:35:00.378 - DEBUG: [controller_loader.js:267:12] registerPath called : /baroboard/device/status -> statusUpdate in file ../controllers/baroboard-device-controller
2020-05-27 09:35:00.379 - DEBUG: [controller_loader.js:274:20]  method #0 -> post
2020-05-27 09:35:00.382 - DEBUG: [controller_loader.js:267:12] registerPath called : /baroboard/device/data/mappinglist -> layoutMappingDataList in file ../controllers/baroboard-device-controller
2020-05-27 09:35:00.382 - DEBUG: [controller_loader.js:274:20]  method #0 -> post
2020-05-27 09:35:00.385 - DEBUG: [controller_loader.js:267:12] registerPath called : /baroboard/device/modify/layout -> modifyLayoutinfo in file ../controllers/baroboard-device-controller
2020-05-27 09:35:00.386 - DEBUG: [controller_loader.js:274:20]  method #0 -> post
2020-05-27 09:35:00.396 - DEBUG: [controller_loader.js:226:12] registerRest called : /baroboard/device_group -> in file ../controllers/baroboard-device-group-controller, table : baroboard.device_group
2020-05-27 09:35:00.398 - DEBUG: [controller_loader.js:241:16] rest type #0 -> list
2020-05-27 09:35:00.398 - DEBUG: [controller_loader.js:259:16] rest request method -> get, path -> /baroboard/device_group, func -> list
2020-05-27 09:35:00.400 - DEBUG: [controller_loader.js:241:16] rest type #1 -> create
2020-05-27 09:35:00.400 - DEBUG: [controller_loader.js:259:16] rest request method -> post, path -> /baroboard/device_group, func -> create
2020-05-27 09:35:00.401 - DEBUG: [controller_loader.js:241:16] rest type #2 -> read
2020-05-27 09:35:00.402 - DEBUG: [controller_loader.js:259:16] rest request method -> get, path -> /baroboard/device_group/:id, func -> read
2020-05-27 09:35:00.403 - DEBUG: [controller_loader.js:241:16] rest type #3 -> update
2020-05-27 09:35:00.404 - DEBUG: [controller_loader.js:259:16] rest request method -> put, path -> /baroboard/device_group/:id, func -> update
2020-05-27 09:35:00.407 - DEBUG: [controller_loader.js:241:16] rest type #4 -> delete
2020-05-27 09:35:00.407 - DEBUG: [controller_loader.js:259:16] rest request method -> delete, path -> /baroboard/device_group/:id, func -> delete
2020-05-27 09:35:00.415 - DEBUG: [controller_loader.js:226:12] registerRest called : /baroboard/image -> in file ../controllers/baroboard-image-controller, table : baroboard.image
2020-05-27 09:35:00.416 - DEBUG: [controller_loader.js:241:16] rest type #0 -> list
2020-05-27 09:35:00.417 - DEBUG: [controller_loader.js:259:16] rest request method -> get, path -> /baroboard/image, func -> list
2020-05-27 09:35:00.418 - DEBUG: [controller_loader.js:241:16] rest type #1 -> create
2020-05-27 09:35:00.418 - DEBUG: [controller_loader.js:259:16] rest request method -> post, path -> /baroboard/image, func -> create
2020-05-27 09:35:00.419 - DEBUG: [controller_loader.js:241:16] rest type #2 -> read
2020-05-27 09:35:00.422 - DEBUG: [controller_loader.js:259:16] rest request method -> get, path -> /baroboard/image/:id, func -> read
2020-05-27 09:35:00.423 - DEBUG: [controller_loader.js:241:16] rest type #3 -> update
2020-05-27 09:35:00.424 - DEBUG: [controller_loader.js:259:16] rest request method -> put, path -> /baroboard/image/:id, func -> update
2020-05-27 09:35:00.425 - DEBUG: [controller_loader.js:241:16] rest type #4 -> delete
2020-05-27 09:35:00.426 - DEBUG: [controller_loader.js:259:16] rest request method -> delete, path -> /baroboard/image/:id, func -> delete
2020-05-27 09:35:00.430 - DEBUG: [controller_loader.js:267:12] registerPath called : /baroboard/image/list -> requestList in file ../controllers/baroboard-image-controller
2020-05-27 09:35:00.432 - DEBUG: [controller_loader.js:274:20]  method #0 -> post
2020-05-27 09:35:00.435 - DEBUG: [controller_loader.js:267:12] registerPath called : /baroboard/image/category/list -> requestcategoryList in file ../controllers/baroboard-image-controller
2020-05-27 09:35:00.438 - DEBUG: [controller_loader.js:274:20]  method #0 -> post
2020-05-27 09:35:00.442 - DEBUG: [controller_loader.js:267:12] registerPath called : /baroboard/image/category/delete_item -> requestDeleteImage2 in file ../controllers/baroboard-image-controller
2020-05-27 09:35:00.444 - DEBUG: [controller_loader.js:274:20]  method #0 -> post
2020-05-27 09:35:00.447 - DEBUG: [controller_loader.js:267:12] registerPath called : /baroboard/image/category/title_delete -> requestDeleteCategory in file ../controllers/baroboard-image-controller
2020-05-27 09:35:00.448 - DEBUG: [controller_loader.js:274:20]  method #0 -> post
2020-05-27 09:35:00.453 - DEBUG: [controller_loader.js:267:12] registerPath called : /baroboard/image/category/add -> requestAddCategoryItem in file ../controllers/baroboard-image-controller
2020-05-27 09:35:00.454 - DEBUG: [controller_loader.js:274:20]  method #0 -> post
2020-05-27 09:35:00.458 - DEBUG: [controller_loader.js:267:12] registerPath called : /baroboard/image/category/image -> requestAddImageItemInCategory in file ../controllers/baroboard-image-controller
2020-05-27 09:35:00.458 - DEBUG: [controller_loader.js:274:20]  method #0 -> get
2020-05-27 09:35:00.460 - DEBUG: [controller_loader.js:274:20]  method #1 -> post
2020-05-27 09:35:00.465 - DEBUG: [controller_loader.js:226:12] registerRest called : /baroboard/layout -> in file ../controllers/baroboard-layout-controller, table : baroboard.layout
2020-05-27 09:35:00.466 - DEBUG: [controller_loader.js:241:16] rest type #0 -> list
2020-05-27 09:35:00.469 - DEBUG: [controller_loader.js:259:16] rest request method -> get, path -> /baroboard/layout, func -> list
2020-05-27 09:35:00.471 - DEBUG: [controller_loader.js:241:16] rest type #1 -> create
2020-05-27 09:35:00.472 - DEBUG: [controller_loader.js:259:16] rest request method -> post, path -> /baroboard/layout, func -> create
2020-05-27 09:35:00.473 - DEBUG: [controller_loader.js:241:16] rest type #2 -> read
2020-05-27 09:35:00.474 - DEBUG: [controller_loader.js:259:16] rest request method -> get, path -> /baroboard/layout/:id, func -> read
2020-05-27 09:35:00.475 - DEBUG: [controller_loader.js:241:16] rest type #3 -> update
2020-05-27 09:35:00.476 - DEBUG: [controller_loader.js:259:16] rest request method -> put, path -> /baroboard/layout/:id, func -> update
2020-05-27 09:35:00.478 - DEBUG: [controller_loader.js:241:16] rest type #4 -> delete
2020-05-27 09:35:00.479 - DEBUG: [controller_loader.js:259:16] rest request method -> delete, path -> /baroboard/layout/:id, func -> delete
2020-05-27 09:35:00.485 - DEBUG: [controller_loader.js:267:12] registerPath called : /baroboard/layout/image/del -> requestImageDelete in file ../controllers/baroboard-layout-controller
2020-05-27 09:35:00.488 - DEBUG: [controller_loader.js:274:20]  method #0 -> get
2020-05-27 09:35:00.488 - DEBUG: [controller_loader.js:274:20]  method #1 -> post
2020-05-27 09:35:00.493 - DEBUG: [controller_loader.js:267:12] registerPath called : /baroboard/layout/image/update -> requestUpdateImage in file ../controllers/baroboard-layout-controller
2020-05-27 09:35:00.495 - DEBUG: [controller_loader.js:274:20]  method #0 -> post
2020-05-27 09:35:00.500 - DEBUG: [controller_loader.js:267:12] registerPath called : /baroboard/layout/mapping/update -> updateMapping in file ../controllers/baroboard-layout-controller
2020-05-27 09:35:00.501 - DEBUG: [controller_loader.js:274:20]  method #0 -> post
2020-05-27 09:35:00.507 - DEBUG: [controller_loader.js:226:12] registerRest called : /baroboard/legacy -> in file ../controllers/baroboard-legacy, table : baroboard.legacy
2020-05-27 09:35:00.508 - DEBUG: [controller_loader.js:241:16] rest type #0 -> list
2020-05-27 09:35:00.509 - DEBUG: [controller_loader.js:259:16] rest request method -> get, path -> /baroboard/legacy, func -> list
2020-05-27 09:35:00.510 - DEBUG: [controller_loader.js:241:16] rest type #1 -> create
2020-05-27 09:35:00.512 - DEBUG: [controller_loader.js:259:16] rest request method -> post, path -> /baroboard/legacy, func -> create
2020-05-27 09:35:00.513 - DEBUG: [controller_loader.js:241:16] rest type #2 -> read
2020-05-27 09:35:00.515 - DEBUG: [controller_loader.js:259:16] rest request method -> get, path -> /baroboard/legacy/:id, func -> read
2020-05-27 09:35:00.517 - DEBUG: [controller_loader.js:241:16] rest type #3 -> update
2020-05-27 09:35:00.518 - DEBUG: [controller_loader.js:259:16] rest request method -> put, path -> /baroboard/legacy/:id, func -> update
2020-05-27 09:35:00.519 - DEBUG: [controller_loader.js:241:16] rest type #4 -> delete
2020-05-27 09:35:00.519 - DEBUG: [controller_loader.js:259:16] rest request method -> delete, path -> /baroboard/legacy/:id, func -> delete
2020-05-27 09:35:00.524 - DEBUG: [controller_loader.js:226:12] registerRest called : /baroboard/users -> in file ../controllers/baroboard-users-controller, table : baroboard.users
2020-05-27 09:35:00.525 - DEBUG: [controller_loader.js:241:16] rest type #0 -> list
2020-05-27 09:35:00.526 - DEBUG: [controller_loader.js:259:16] rest request method -> get, path -> /baroboard/users, func -> list
2020-05-27 09:35:00.528 - DEBUG: [controller_loader.js:241:16] rest type #1 -> create
2020-05-27 09:35:00.528 - DEBUG: [controller_loader.js:259:16] rest request method -> post, path -> /baroboard/users, func -> create
2020-05-27 09:35:00.531 - DEBUG: [controller_loader.js:241:16] rest type #2 -> read
2020-05-27 09:35:00.532 - DEBUG: [controller_loader.js:259:16] rest request method -> get, path -> /baroboard/users/:id, func -> read
2020-05-27 09:35:00.533 - DEBUG: [controller_loader.js:241:16] rest type #3 -> update
2020-05-27 09:35:00.533 - DEBUG: [controller_loader.js:259:16] rest request method -> put, path -> /baroboard/users/:id, func -> update
2020-05-27 09:35:00.535 - DEBUG: [controller_loader.js:241:16] rest type #4 -> delete
2020-05-27 09:35:00.535 - DEBUG: [controller_loader.js:259:16] rest request method -> delete, path -> /baroboard/users/:id, func -> delete
2020-05-27 09:35:00.539 - DEBUG: [controller_loader.js:267:12] registerPath called : /baroboard/users/login -> login in file ../controllers/baroboard-users-controller
2020-05-27 09:35:00.541 - DEBUG: [controller_loader.js:274:20]  method #0 -> post
2020-05-27 09:35:00.547 - DEBUG: [controller_loader.js:267:12] registerPath called : /baroboard/users/logout -> logout in file ../controllers/baroboard-users-controller
2020-05-27 09:35:00.548 - DEBUG: [controller_loader.js:274:20]  method #0 -> post
2020-05-27 09:35:00.554 - DEBUG: [controller_loader.js:226:12] registerRest called : /bear -> in file ../controllers/bear-controller, table : test.person
2020-05-27 09:35:00.555 - DEBUG: [controller_loader.js:241:16] rest type #0 -> list
2020-05-27 09:35:00.556 - DEBUG: [controller_loader.js:259:16] rest request method -> get, path -> /bear, func -> list
2020-05-27 09:35:00.556 - DEBUG: [controller_loader.js:241:16] rest type #1 -> create
2020-05-27 09:35:00.557 - DEBUG: [controller_loader.js:259:16] rest request method -> post, path -> /bear, func -> create
2020-05-27 09:35:00.558 - DEBUG: [controller_loader.js:241:16] rest type #2 -> read
2020-05-27 09:35:00.559 - DEBUG: [controller_loader.js:259:16] rest request method -> get, path -> /bear/:id, func -> read
2020-05-27 09:35:00.563 - DEBUG: [controller_loader.js:241:16] rest type #3 -> update
2020-05-27 09:35:00.564 - DEBUG: [controller_loader.js:259:16] rest request method -> put, path -> /bear/:id, func -> update
2020-05-27 09:35:00.566 - DEBUG: [controller_loader.js:241:16] rest type #4 -> delete
2020-05-27 09:35:00.567 - DEBUG: [controller_loader.js:259:16] rest request method -> delete, path -> /bear/:id, func -> delete
2020-05-27 09:35:00.573 - DEBUG: [controller_loader.js:226:12] registerRest called : /cat -> in file ../controllers/cat-controller, table : undefined
2020-05-27 09:35:00.575 - DEBUG: [controller_loader.js:241:16] rest type #0 -> list
2020-05-27 09:35:00.576 - DEBUG: [controller_loader.js:259:16] rest request method -> get, path -> /cat, func -> list
2020-05-27 09:35:00.578 - DEBUG: [controller_loader.js:241:16] rest type #1 -> create
2020-05-27 09:35:00.580 - DEBUG: [controller_loader.js:259:16] rest request method -> post, path -> /cat, func -> create
2020-05-27 09:35:00.581 - DEBUG: [controller_loader.js:241:16] rest type #2 -> read
2020-05-27 09:35:00.582 - DEBUG: [controller_loader.js:259:16] rest request method -> get, path -> /cat/:id, func -> read
2020-05-27 09:35:00.583 - DEBUG: [controller_loader.js:241:16] rest type #3 -> update
2020-05-27 09:35:00.584 - DEBUG: [controller_loader.js:259:16] rest request method -> put, path -> /cat/:id, func -> update
2020-05-27 09:35:00.585 - DEBUG: [controller_loader.js:241:16] rest type #4 -> delete
2020-05-27 09:35:00.585 - DEBUG: [controller_loader.js:259:16] rest request method -> delete, path -> /cat/:id, func -> delete
2020-05-27 09:35:00.597 - DEBUG: [controller_loader.js:267:12] registerPath called : /chat/send -> send in file ../controllers/chat-controller
2020-05-27 09:35:00.600 - DEBUG: [controller_loader.js:274:20]  method #0 -> get
2020-05-27 09:35:00.607 - DEBUG: [controller_loader.js:267:12] registerPath called : /cni-test/patient-list -> patientList in file ../controllers/cni-controller
2020-05-27 09:35:00.617 - DEBUG: [controller_loader.js:274:20]  method #0 -> get
2020-05-27 09:35:00.618 - DEBUG: [controller_loader.js:274:20]  method #1 -> post
2020-05-27 09:35:00.632 - DEBUG: [controller_loader.js:267:12] registerPath called : /consent/v1/patient/inpatient-list-01 -> inpatientList01 in file ../controllers/consent-v1-kbsmc-controller
2020-05-27 09:35:00.634 - DEBUG: [controller_loader.js:274:20]  method #0 -> get
2020-05-27 09:35:00.636 - DEBUG: [controller_loader.js:274:20]  method #1 -> post
2020-05-27 09:35:00.641 - DEBUG: [controller_loader.js:267:12] registerPath called : /consent/v1/consent/consent-save-01 -> consentSave01 in file ../controllers/consent-v1-kbsmc-controller
2020-05-27 09:35:00.642 - DEBUG: [controller_loader.js:274:20]  method #0 -> get
2020-05-27 09:35:00.644 - DEBUG: [controller_loader.js:274:20]  method #1 -> post
2020-05-27 09:35:00.655 - DEBUG: [controller_loader.js:267:12] registerPath called : /dog/index -> index in file ../controllers/dog-controller
2020-05-27 09:35:00.659 - DEBUG: [controller_loader.js:274:20]  method #0 -> get
2020-05-27 09:35:00.661 - DEBUG: [controller_loader.js:274:20]  method #1 -> post
2020-05-27 09:35:00.666 - DEBUG: [controller_loader.js:267:12] registerPath called : /dog/list -> list in file ../controllers/dog-controller
2020-05-27 09:35:00.667 - DEBUG: [controller_loader.js:274:20]  method #0 -> get
2020-05-27 09:35:00.668 - DEBUG: [controller_loader.js:274:20]  method #1 -> post
2020-05-27 09:35:00.673 - DEBUG: [controller_loader.js:267:12] registerPath called : /dog/create -> create in file ../controllers/dog-controller
2020-05-27 09:35:00.674 - DEBUG: [controller_loader.js:274:20]  method #0 -> get
2020-05-27 09:35:00.674 - DEBUG: [controller_loader.js:274:20]  method #1 -> post
2020-05-27 09:35:00.679 - DEBUG: [controller_loader.js:267:12] registerPath called : /dog/read -> read in file ../controllers/dog-controller
2020-05-27 09:35:00.680 - DEBUG: [controller_loader.js:274:20]  method #0 -> get
2020-05-27 09:35:00.681 - DEBUG: [controller_loader.js:274:20]  method #1 -> post
2020-05-27 09:35:00.684 - DEBUG: [controller_loader.js:267:12] registerPath called : /dog/update -> update in file ../controllers/dog-controller
2020-05-27 09:35:00.685 - DEBUG: [controller_loader.js:274:20]  method #0 -> get
2020-05-27 09:35:00.686 - DEBUG: [controller_loader.js:274:20]  method #1 -> post
2020-05-27 09:35:00.691 - DEBUG: [controller_loader.js:267:12] registerPath called : /dog/delete -> delete in file ../controllers/dog-controller
2020-05-27 09:35:00.692 - DEBUG: [controller_loader.js:274:20]  method #0 -> post
2020-05-27 09:35:00.700 - DEBUG: [controller_loader.js:267:12] registerPath called : /sheep.do -> sheepIndex in file ../controllers/index-controller
2020-05-27 09:35:00.702 - DEBUG: [controller_loader.js:274:20]  method #0 -> get
2020-05-27 09:35:00.706 - DEBUG: [controller_loader.js:267:12] registerPath called : /sheep2.do -> sheepIndex2 in file ../controllers/index-controller
2020-05-27 09:35:00.707 - DEBUG: [controller_loader.js:274:20]  method #0 -> get
2020-05-27 09:35:00.712 - DEBUG: [controller_loader.js:267:12] registerPath called : /sheep3.do -> sheepIndex3 in file ../controllers/index-controller
2020-05-27 09:35:00.713 - DEBUG: [controller_loader.js:274:20]  method #0 -> get
2020-05-27 09:35:00.716 - DEBUG: [controller_loader.js:267:12] registerPath called : /sheep4.do -> sheepIndex4 in file ../controllers/index-controller
2020-05-27 09:35:00.719 - DEBUG: [controller_loader.js:274:20]  method #0 -> get
2020-05-27 09:35:00.723 - DEBUG: [controller_loader.js:267:12] registerPath called : /esl-index.do -> eslIndex in file ../controllers/index-controller
2020-05-27 09:35:00.724 - DEBUG: [controller_loader.js:274:20]  method #0 -> get
2020-05-27 09:35:00.735 - DEBUG: [controller_loader.js:267:12] registerPath called : /lion/ -> list in file ../controllers/lion-controller
2020-05-27 09:35:00.737 - DEBUG: [controller_loader.js:274:20]  method #0 -> get
2020-05-27 09:35:00.740 - DEBUG: [controller_loader.js:267:12] registerPath called : /lion/create -> create in file ../controllers/lion-controller
2020-05-27 09:35:00.741 - DEBUG: [controller_loader.js:274:20]  method #0 -> post
2020-05-27 09:35:00.745 - DEBUG: [controller_loader.js:267:12] registerPath called : /lion/read/:id -> read in file ../controllers/lion-controller
2020-05-27 09:35:00.746 - DEBUG: [controller_loader.js:274:20]  method #0 -> get
2020-05-27 09:35:00.750 - DEBUG: [controller_loader.js:267:12] registerPath called : /lion/update/:id -> update in file ../controllers/lion-controller
2020-05-27 09:35:00.751 - DEBUG: [controller_loader.js:274:20]  method #0 -> post
2020-05-27 09:35:00.755 - DEBUG: [controller_loader.js:267:12] registerPath called : /lion/delete/:id -> delete in file ../controllers/lion-controller
2020-05-27 09:35:00.756 - DEBUG: [controller_loader.js:274:20]  method #0 -> delete
2020-05-27 09:35:00.766 - DEBUG: [controller_loader.js:267:12] registerPath called : /mci-test/patient-list -> patientList in file ../controllers/mci-controller
2020-05-27 09:35:00.777 - DEBUG: [controller_loader.js:274:20]  method #0 -> get
2020-05-27 09:35:00.778 - DEBUG: [controller_loader.js:274:20]  method #1 -> post
2020-05-27 09:35:00.789 - DEBUG: [controller_loader.js:267:12] registerPath called : /panda/list -> list in file ../controllers/panda-controller
2020-05-27 09:35:00.791 - DEBUG: [controller_loader.js:274:20]  method #0 -> get
2020-05-27 09:35:00.805 - DEBUG: [controller_loader.js:267:12] registerPath called : /sboard_image/upload -> upload in file ../controllers/sboard-image-controller
2020-05-27 09:35:00.807 - DEBUG: [controller_loader.js:274:20]  method #0 -> post
2020-05-27 09:35:00.813 - DEBUG: [controller_loader.js:267:12] registerPath called : /sboard_image/send -> send in file ../controllers/sboard-image-controller
2020-05-27 09:35:00.814 - DEBUG: [controller_loader.js:274:20]  method #0 -> post
2020-05-27 09:35:00.817 - DEBUG: [controller_loader.js:267:12] registerPath called : /sboard_image/send_group -> sendGroup in file ../controllers/sboard-image-controller
2020-05-27 09:35:00.818 - DEBUG: [controller_loader.js:274:20]  method #0 -> post
2020-05-27 09:35:00.829 - DEBUG: [controller_loader.js:267:12] registerPath called : /sheep/ -> list in file ../controllers/sheep-controller
2020-05-27 09:35:00.831 - DEBUG: [controller_loader.js:274:20]  method #0 -> get
2020-05-27 09:35:00.835 - DEBUG: [controller_loader.js:267:12] registerPath called : /sheep/ -> create in file ../controllers/sheep-controller
2020-05-27 09:35:00.835 - DEBUG: [controller_loader.js:274:20]  method #0 -> post
2020-05-27 09:35:00.838 - DEBUG: [controller_loader.js:267:12] registerPath called : /sheep/:id -> read in file ../controllers/sheep-controller
2020-05-27 09:35:00.839 - DEBUG: [controller_loader.js:274:20]  method #0 -> get
2020-05-27 09:35:00.846 - DEBUG: [controller_loader.js:267:12] registerPath called : /sheep/:id -> update in file ../controllers/sheep-controller
2020-05-27 09:35:00.848 - DEBUG: [controller_loader.js:274:20]  method #0 -> put
2020-05-27 09:35:00.851 - DEBUG: [controller_loader.js:267:12] registerPath called : /sheep/:id -> delete in file ../controllers/sheep-controller
2020-05-27 09:35:00.852 - DEBUG: [controller_loader.js:274:20]  method #0 -> delete
2020-05-27 09:35:00.861 - DEBUG: [controller_loader.js:267:12] registerPath called : /data/lastmodifieddate -> getLastModifiedDate in file ../controllers/sync_to_mci-controller
2020-05-27 09:35:00.891 - DEBUG: [controller_loader.js:274:20]  method #0 -> post
2020-05-27 09:35:00.901 - DEBUG: [controller_loader.js:267:12] registerPath called : /data/apply -> applyData in file ../controllers/sync_to_mci-controller
2020-05-27 09:35:00.902 - DEBUG: [controller_loader.js:274:20]  method #0 -> post
2020-05-27 09:35:00.910 - DEBUG: [controller_loader.js:267:12] registerPath called : /tiger/hello -> hello in file ../controllers/tiger-controller
2020-05-27 09:35:00.913 - DEBUG: [controller_loader.js:274:20]  method #0 -> get
2020-05-27 09:35:00.915 - DEBUG: [controller_loader.js:274:20]  method #1 -> post
2020-05-27 09:35:00.923 - DEBUG: [controller_loader.js:267:12] registerPath called : /tiger/bye -> bye in file ../controllers/tiger-controller
2020-05-27 09:35:00.924 - DEBUG: [controller_loader.js:274:20]  method #0 -> get
2020-05-27 09:35:00.925 - DEBUG: [controller_loader.js:274:20]  method #1 -> post
2020-05-27 09:35:00.992 - DEBUG: [socketio_loader.js:103:16] Error in executing sql -> Error: ER_BAD_DB_ERROR: Unknown database 'chat'
2020-05-27 09:35:01.085 - DEBUG: [socketio_loader.js:125:16] namespace file saved to -> ./socketio.pid
2020-05-27 09:35:01.088 - INFO: [socketio_loader.js:133:12] socket.io service started.
2020-05-27 09:35:01.091 - DEBUG: [socketio_loader.js:147:12] redis subscribed -> myapp_message
2020-05-27 09:37:26.504 - DEBUG: [mci.js:20:16] MCI initialized.
2020-05-27 09:37:26.509 - INFO: [sync_to_mci.js:42:12] Sync_to_MCI is started.
2020-05-27 09:37:26.509 - INFO: [sync_to_mci.js:54:12] sync_to_mci Controller is imported.
2020-05-27 09:37:26.510 - INFO: [sync_to_mci.js:65:12] MCIPatientInfo started
2020-05-27 09:37:26.566 - DEBUG: [mci-controller.js:36:16] MCITest:patientList called for path /mci-test/patient-list
2020-05-27 09:37:26.577 - DEBUG: [mci_util.js:17:16] MciUtil initialized.
2020-05-27 09:37:26.641 - DEBUG: [mci_util.js:181:16] query called.
2020-05-27 09:37:26.642 - DEBUG: [mci_util.js:182:16] values.input -> {"wardCd":"171130"}
2020-05-27 09:37:26.643 - DEBUG: [mci.js:37:16] mci.send called.
2020-05-27 09:37:26.644 - DEBUG: [mci.js:75:16] createSystemHeader called.
2020-05-27 09:37:26.645 - DEBUG: [mci.js:114:16] createBusinessHeader called.
2020-05-27 09:37:26.646 - DEBUG: [mci.js:46:16] Request -> "{\"cfs_sheader_001\":{\"tlgrLngtVl\":\"0000001092\",\"uuid\":\"3d1bd250-9fb2-11ea-80cf-3f29b563dc30\",\"tlgrPrgrNo\":\"1\",\"tlgrTypeCd\":\"Q\",\"inrfId\":\"mno_elsdidt_l01\",\"tlgrRqstDt\":\"20200527093726645000\",\"lnkdSystInfmVl\":\"\",\"sesnId\":\"\",\"tlgrRqstSystIp\":\"119.6.3.104\",\"tlgrMediDvsnCd\":\"MO\",\"tlgrRqstSystId\":\"bm0\",\"tlgrTrnmSrvcId\":\"DRS_100000_1001\",\"tlgrTrnmUserId\":\"MOBILE\",\"tlgrRecvSrvcId\":\"\",\"tlgrRecvUserId\":\"\",\"prsgRsltDvsnCd\":\"\",\"filePrsgYn\":\"\",\"syncPrsgDvsnCd\":\"S\",\"ectnYn\":\"N\",\"cmrnYn\":\"N\",\"systEnvrDvsnCd\":\"P\",\"testTlgrYn\":\"N\",\"inrfSttsCd\":\"\",\"wndoHndeId\":\"\",\"dataInfmYn\":\"\",\"tlgrVrsnCeckYn\":\"\",\"rqstTlgrVrsnNo\":\"\",\"rspnTlgrVrsnNo\":\"\",\"cmrnTrgtYn\":\"\",\"systHedrRmrkVl\":\"\"},\"cfs_bheader_s00\":{\"evntTypCd\":\"\",\"hsptCd\":\"\",\"cntrCd\":\"\",\"dprtCd\":\"\",\"natnCd\":\"ko\",\"lnggCd\":\"KR\",\"aftrMtrlExstYn\":\"\",\"mxmmRqstVl\":\"\",\"mesgCd\":\"\",\"mesgCtn\":\"\",\"adddMesgCd\":\"\",\"adddMesgCtn\":\"\",\"errPrgmNm\":\"\",\"errFuncNm\":\"\",\"errLineNo\":\"\",\"errSqlNo\":\"\",\"errTpNo\":\"\",\"errMesgPrsgDvsnCd\":\"\",\"excfCd\":\"\",\"dtlsExcfCd\":\"\",\"mesgMngmDvsnYn\":\"\",\"userId\":\"MOBILE\",\"scryAplyYn\":\"\",\"bswrHedrRmrkVl\":\"\"},\"mns_elsdidt_002\":{\"wardCd\":\"171130\"}}"
2020-05-27 09:37:26.651 - DEBUG: [mci.js:214:10] createLengthPrefix called.
2020-05-27 09:37:26.652 - DEBUG: [mci.js:67:10] output : 0000001092{"cfs_sheader_001":{"tlgrLngtVl":"0000001092","uuid":"3d1bd250-9fb2-11ea-80cf-3f29b563dc30","tlgrPrgrNo":"1","tlgrTypeCd":"Q","inrfId":"mno_elsdidt_l01","tlgrRqstDt":"20200527093726645000","lnkdSystInfmVl":"","sesnId":"","tlgrRqstSystIp":"119.6.3.104","tlgrMediDvsnCd":"MO","tlgrRqstSystId":"bm0","tlgrTrnmSrvcId":"DRS_100000_1001","tlgrTrnmUserId":"MOBILE","tlgrRecvSrvcId":"","tlgrRecvUserId":"","prsgRsltDvsnCd":"","filePrsgYn":"","syncPrsgDvsnCd":"S","ectnYn":"N","cmrnYn":"N","systEnvrDvsnCd":"P","testTlgrYn":"N","inrfSttsCd":"","wndoHndeId":"","dataInfmYn":"","tlgrVrsnCeckYn":"","rqstTlgrVrsnNo":"","rspnTlgrVrsnNo":"","cmrnTrgtYn":"","systHedrRmrkVl":""},"cfs_bheader_s00":{"evntTypCd":"","hsptCd":"","cntrCd":"","dprtCd":"","natnCd":"ko","lnggCd":"KR","aftrMtrlExstYn":"","mxmmRqstVl":"","mesgCd":"","mesgCtn":"","adddMesgCd":"","adddMesgCtn":"","errPrgmNm":"","errFuncNm":"","errLineNo":"","errSqlNo":"","errTpNo":"","errMesgPrsgDvsnCd":"","excfCd":"","dtlsExcfCd":"","mesgMngmDvsnYn":"","userId":"MOBILE","scryAplyYn":"","bswrHedrRmrkVl":""},"mns_elsdidt_002":{"wardCd":"171130"}}
2020-05-27 09:37:26.654 - DEBUG: [mci.js:148:16] sendData called.
2020-05-27 09:37:26.658 - DEBUG: [mci.js:160:20] Client connection ID : 3d1dce20-9fb2-11ea-80cf-3f29b563dc30
2020-05-27 09:37:26.659 - DEBUG: [mci.js:163:20] about to send output.
2020-05-27 09:37:26.662 - DEBUG: [mci_util.js:212:32] send request done -> output sent.
2020-05-27 09:37:26.663 - DEBUG: [mci.js:168:20] all before release : 1
2020-05-27 09:37:26.664 - DEBUG: [mci.js:169:20] free before release : 0
2020-05-27 09:37:26.823 - DEBUG: [mci_util.js:215:32] received event : data
2020-05-27 09:37:26.829 - DEBUG: [mci_util.js:33:11] typeof data : object
2020-05-27 09:37:26.829 - DEBUG: [mci_util.js:40:16] [[Class]] property : [object Uint8Array]
2020-05-27 09:37:26.831 - DEBUG: [mci_util.js:41:16] is Buffer? : true
2020-05-27 09:37:26.833 - DEBUG: [mci_util.js:57:20] remaining buffer for socket [3d1dce20-9fb2-11ea-80cf-3f29b563dc30] not exists.
2020-05-27 09:37:26.834 - DEBUG: [mci_util.js:70:16] length string : 0000003600
2020-05-27 09:37:26.835 - DEBUG: [mci_util.js:76:16] body length : 3600
2020-05-27 09:37:26.836 - DEBUG: [mci_util.js:86:16] compared length : 3600, 3600
2020-05-27 09:37:26.838 - DEBUG: [mci_util.js:96:20] body buffer is completed.
2020-05-27 09:37:26.839 - DEBUG: [mci_util.js:99:20] converting body data for TEST.
2020-05-27 09:37:26.841 - DEBUG: [mci_util.js:104:24] first digit : {
2020-05-27 09:37:26.848 - DEBUG: [mci_util.js:129:24] connection released.
2020-05-27 09:37:26.848 - DEBUG: [mci_util.js:248:16] processCompleted called.
2020-05-27 09:37:26.850 - DEBUG: [mci_util.js:252:16] output -> {
	"cfs_sheader_001": {
		"tlgrLngtVl": "0000003056",
		"uuid": "79b0f125-f24c-43ae-8c28-58916bbe7e57",
		"tlgrPrgrNo": "2",
		"tlgrTypeCd": "A",
		"inrfId": "mno_elsdidt_l01",
		"tlgrRqstDt": "20200228080326152000",
		"lnkdSystInfmVl": "11001101",
		"sesnId": "",
		"tlgrRqstSystIp": "119.6.3.92",
		"tlgrMediDvsnCd": "MO",
		"tlgrRqstSystId": "bm0",
		"tlgrTrnmSrvcId": "DRS_100000_1001",
		"tlgrTrnmUserId": "MOBILE",
		"tlgrRecvSrvcId": "mno_elsdidt_l01",
		"tlgrRecvUserId": "",
		"prsgRsltDvsnCd": "1",
		"filePrsgYn": "",
		"syncPrsgDvsnCd": "S",
		"ectnYn": "N",
		"cmrnYn": "N",
		"systEnvrDvsnCd": "D",
		"testTlgrYn": "N",
		"inrfSttsCd": "",
		"wndoHndeId": "",
		"dataInfmYn": "",
		"tlgrVrsnCeckYn": "",
		"rqstTlgrVrsnNo": "",
		"rspnTlgrVrsnNo": "",
		"cmrnTrgtYn": "",
		"systHedrRmrkVl": ""
	},
	"cfs_bheader_s00": {
		"evntTypCd": "",
		"hsptCd": "",
		"cntrCd": "",
		"dprtCd": "",
		"natnCd": "ko",
		"lnggCd": "KR",
		"aftrMtrlExstYn": "",
		"mxmmRqstVl": "",
		"mesgCd": "IB00013",
		"mesgCtn": "정상 조회되었습니다.",
		"adddMesgCd": "",
		"adddMesgCtn": "",
		"errPrgmNm": "",
		"errFuncNm": "",
		"errLineNo": "",
		"errSqlNo": "",
		"errTpNo": "",
		"errMesgPrsgDvsnCd": "S",
		"excfCd": "",
		"dtlsExcfCd": "",
		"mesgMngmDvsnYn": "",
		"userId": "MOBILE",
		"scryAplyYn": "",
		"bswrHedrRmrkVl": ""
	},
	"mnc_elsdidt_001": {
		"afiReptNtm": 2,
		"mns_elsdidt_001": [
			{
				"ptntNm": "허다성",
				"gendCd": "M",
				"ageCtn": "29세",
				"btdt": "1992-05-16",
				"mcdpNm": "감염내과분과",
				"chdrNm": "정병윤",
				"gndrNm": "김용훈",
				"fallCtn": "Y",
				"bdsrEtcCtn": "Y",
				"ctctYn": "Y",
				"cnsdCtctStcrVl": "",
				"airCatnYn": "",
				"drplYn": "Y",
				"blodCatnYn": "Y",
				"invrIsltYn": "",
				"etcYn": "Y",
				"inptCasbCtn": "Y",
				"admsDt": "2020-05-27",
				"dschPrrnYmd": "2020-05-30",
				"dvsnNm1": "",
				"dvsnNm2": "10:00~12:00 / 15:00~17:00",
				"dvsnNm3": "08:00~09:00 / 17:00~17:30",
				"dvsnNm4": "11:00~13:00 / 16:00~18:00",
				"dvsnNm5": "07:30~08:30 / 17:30~18:30",
				"dvsnNm6": "15:00~17:00 / 18:00~20:00",
				"dvsnNm7": "",
				"wardCdCtn": "07W",
				"carePtrmNo": "01",
				"careSckbNo": "01",
				"ptno": "06460451",
				"wardNm": "음압격리병동 5층",
				"wardCd": "171130",
				"mdrpNo": 2014423079,
				"ptntNmCatnYn": "Y",
				"npoYn": "Y",
				"npoCtn": "조식 후",
				"npoDscrMemoCtn": "물만 드세요",
				"ptntInftCtn": "( 5 )시까지 절대안정"
			},
			{
				"ptntNm": "김테스트",
				"gendCd": "F",
				"ageCtn": "30세",
				"btdt": "1989-11-28",
				"mcdpNm": "감염내과분과",
				"chdrNm": "고재현",
				"gndrNm": "김시호",
				"fallCtn": "Y",
				"bdsrEtcCtn": "Y",
				"ctctYn": "",
				"cnsdCtctStcrVl": "",
				"airCatnYn": "",
				"drplYn": "",
				"blodCatnYn": "",
				"invrIsltYn": "",
				"etcYn": "",
				"inptCasbCtn": "",
				"admsDt": "2020-02-21",
				"dschPrrnYmd": "",
				"dvsnNm1": "",
				"dvsnNm2": "10:00~12:00 / 15:00~17:00",
				"dvsnNm3": "",
				"dvsnNm4": "11:00~13:00 / 16:00~18:00",
				"dvsnNm5": "",
				"dvsnNm6": "15:00~17:00 / 18:00~20:00",
				"dvsnNm7": "",
				"wardCdCtn": "05IU",
				"carePtrmNo": "09",
				"careSckbNo": "01",
				"ptno": "42738795",
				"wardNm": "음압격리병동 5층",
				"wardCd": "202366",
				"mdrpNo": 2014423080,
				"ptntNmCatnYn": "Y",
				"npoYn": "N",
				"npoCtn": "",
				"npoDscrMemoCtn": "",
				"ptntInftCtn": ""
			}
		]
	}
}
2020-05-27 09:37:26.868 - DEBUG: [mci_util.js:276:20] processResponse called.
2020-05-27 09:37:26.869 - DEBUG: [mci_util.js:282:24] KEYS -> ["cfs_sheader_001","cfs_bheader_s00","mnc_elsdidt_001"]
2020-05-27 09:37:26.871 - DEBUG: [mci_util.js:310:16] parseHeader called.
2020-05-27 09:37:26.872 - DEBUG: [mci_util.js:286:24] HEADER -> {"serviceId":"mno_elsdidt_l01","userId":"","errMessage":"","code":"IB00013","message":"정상 조회되었습니다."}
2020-05-27 09:37:26.874 - DEBUG: [mci_util.js:488:16] parseBody called.
2020-05-27 09:37:26.875 - DEBUG: [mci_util.js:495:20] outname type : string
2020-05-27 09:37:26.878 - DEBUG: [mci_util.js:504:24] repeat count : 2
2020-05-27 09:37:26.880 - DEBUG: [mci_util.js:523:16] parseData called.
2020-05-27 09:37:26.880 - DEBUG: [mci_util.js:529:24] mapper found with attributes 36
2020-05-27 09:37:26.881 - DEBUG: [mci_util.js:535:40] mapping #0 [firstName] -> [ptntNm] : 허다성
2020-05-27 09:37:26.882 - DEBUG: [mci_util.js:535:40] mapping #1 [nameWarning] -> [ptntNmCatnYn] : Y
2020-05-27 09:37:26.883 - DEBUG: [mci_util.js:535:40] mapping #2 [gender] -> [gendCd] : M
2020-05-27 09:37:26.884 - DEBUG: [mci_util.js:535:40] mapping #3 [age] -> [ageCtn] : 29세
2020-05-27 09:37:26.885 - DEBUG: [mci_util.js:535:40] mapping #4 [birthDate] -> [btdt] : 1992-05-16
2020-05-27 09:37:26.886 - DEBUG: [mci_util.js:535:40] mapping #5 [dept] -> [mcdpNm] : 감염내과분과
2020-05-27 09:37:26.887 - DEBUG: [mci_util.js:535:40] mapping #6 [doctorName1] -> [gndrNm] : 김용훈
2020-05-27 09:37:26.896 - DEBUG: [mci_util.js:535:40] mapping #7 [doctorName2] -> [chdrNm] : 정병윤
2020-05-27 09:37:26.899 - DEBUG: [mci_util.js:535:40] mapping #8 [caution3] -> [fallCtn] : Y
2020-05-27 09:37:26.900 - DEBUG: [mci_util.js:535:40] mapping #9 [caution4] -> [bdsrEtcCtn] : Y
2020-05-27 09:37:26.900 - DEBUG: [mci_util.js:535:40] mapping #10 [caution2B] -> [ctctYn] : Y
2020-05-27 09:37:26.902 - DEBUG: [mci_util.js:535:40] mapping #11 [caution2A] -> [cnsdCtctStcrVl] : 
2020-05-27 09:37:26.902 - DEBUG: [mci_util.js:535:40] mapping #12 [caution1A] -> [airCatnYn] : 
2020-05-27 09:37:26.903 - DEBUG: [mci_util.js:535:40] mapping #13 [caution1B] -> [drplYn] : Y
2020-05-27 09:37:26.904 - DEBUG: [mci_util.js:535:40] mapping #14 [caution5] -> [blodCatnYn] : Y
2020-05-27 09:37:26.905 - DEBUG: [mci_util.js:535:40] mapping #15 [caution6A] -> [invrIsltYn] : 
2020-05-27 09:37:26.906 - DEBUG: [mci_util.js:535:40] mapping #16 [caution6B] -> [etcYn] : Y
2020-05-27 09:37:26.907 - DEBUG: [mci_util.js:535:40] mapping #17 [npoYn] -> [npoYn] : Y
2020-05-27 09:37:26.911 - DEBUG: [mci_util.js:535:40] mapping #18 [npoCtn] -> [npoCtn] : 조식 후
2020-05-27 09:37:26.911 - DEBUG: [mci_util.js:535:40] mapping #19 [npoDscrMemoCtn] -> [npoDscrMemoCtn] : 물만 드세요
2020-05-27 09:37:26.912 - DEBUG: [mci_util.js:535:40] mapping #20 [ptntInftCtn] -> [ptntInftCtn] : ( 5 )시까지 절대안정
2020-05-27 09:37:26.914 - DEBUG: [mci_util.js:535:40] mapping #21 [treatDate] -> [admsDt] : 2020-05-27
2020-05-27 09:37:26.915 - DEBUG: [mci_util.js:535:40] mapping #22 [leavingDate] -> [dschPrrnYmd] : 2020-05-30
2020-05-27 09:37:26.915 - DEBUG: [mci_util.js:535:40] mapping #23 [roundingSun] -> [dvsnNm1] : 
2020-05-27 09:37:26.916 - DEBUG: [mci_util.js:535:40] mapping #24 [roundingMon] -> [dvsnNm2] : 10:00~12:00 / 15:00~17:00
2020-05-27 09:37:26.917 - DEBUG: [mci_util.js:535:40] mapping #25 [roundingTue] -> [dvsnNm3] : 08:00~09:00 / 17:00~17:30
2020-05-27 09:37:26.918 - DEBUG: [mci_util.js:535:40] mapping #26 [roundingWed] -> [dvsnNm4] : 11:00~13:00 / 16:00~18:00
2020-05-27 09:37:26.920 - DEBUG: [mci_util.js:535:40] mapping #27 [roundingThu] -> [dvsnNm5] : 07:30~08:30 / 17:30~18:30
2020-05-27 09:37:26.921 - DEBUG: [mci_util.js:535:40] mapping #28 [roundingFri] -> [dvsnNm6] : 15:00~17:00 / 18:00~20:00
2020-05-27 09:37:26.922 - DEBUG: [mci_util.js:535:40] mapping #29 [roundingSat] -> [dvsnNm7] : 
2020-05-27 09:37:26.924 - DEBUG: [mci_util.js:535:40] mapping #30 [ward] -> [wardCdCtn] : 07W
2020-05-27 09:37:26.925 - DEBUG: [mci_util.js:535:40] mapping #31 [roomNo] -> [carePtrmNo] : 01
2020-05-27 09:37:26.926 - DEBUG: [mci_util.js:535:40] mapping #32 [bedNo] -> [careSckbNo] : 01
2020-05-27 09:37:26.927 - DEBUG: [mci_util.js:535:40] mapping #33 [id] -> [ptno] : 06460451
2020-05-27 09:37:26.928 - DEBUG: [mci_util.js:535:40] mapping #34 [wardName] -> [wardNm] : 음압격리병동 5층
2020-05-27 09:37:26.928 - DEBUG: [mci_util.js:535:40] mapping #35 [wardId] -> [wardCd] : 171130
2020-05-27 09:37:26.977 - ERROR: [sync_to_mci.js:156:24]  message=cu6rObj is not defined, stack=ReferenceError: cu6rObj is not defined
    at resetData (D:\ESL_BY\ubiaccess-server_esl_2020_05_25\sync_to_mci.js:193:30)
    at processTicksAndRejections (internal/process/task_queues.js:97:5)
    at async D:\ESL_BY\ubiaccess-server_esl_2020_05_25\sync_to_mci.js:83:27
    at async mciPatientInfo (D:\ESL_BY\ubiaccess-server_esl_2020_05_25\sync_to_mci.js:74:9)
2020-05-27 09:38:56.120 - DEBUG: [mci.js:20:16] MCI initialized.
2020-05-27 09:38:56.125 - INFO: [sync_to_mci.js:42:12] Sync_to_MCI is started.
2020-05-27 09:38:56.125 - INFO: [sync_to_mci.js:54:12] sync_to_mci Controller is imported.
2020-05-27 09:38:56.127 - INFO: [sync_to_mci.js:65:12] MCIPatientInfo started
2020-05-27 09:38:56.171 - DEBUG: [mci-controller.js:36:16] MCITest:patientList called for path /mci-test/patient-list
2020-05-27 09:38:56.181 - DEBUG: [mci_util.js:17:16] MciUtil initialized.
2020-05-27 09:38:56.248 - DEBUG: [mci_util.js:181:16] query called.
2020-05-27 09:38:56.250 - DEBUG: [mci_util.js:182:16] values.input -> {"wardCd":"171130"}
2020-05-27 09:38:56.252 - DEBUG: [mci.js:37:16] mci.send called.
2020-05-27 09:38:56.253 - DEBUG: [mci.js:75:16] createSystemHeader called.
2020-05-27 09:38:56.257 - DEBUG: [mci.js:114:16] createBusinessHeader called.
2020-05-27 09:38:56.259 - DEBUG: [mci.js:46:16] Request -> "{\"cfs_sheader_001\":{\"tlgrLngtVl\":\"0000001092\",\"uuid\":\"72858710-9fb2-11ea-80cf-3f29b563dc30\",\"tlgrPrgrNo\":\"1\",\"tlgrTypeCd\":\"Q\",\"inrfId\":\"mno_elsdidt_l01\",\"tlgrRqstDt\":\"20200527093856257000\",\"lnkdSystInfmVl\":\"\",\"sesnId\":\"\",\"tlgrRqstSystIp\":\"119.6.3.104\",\"tlgrMediDvsnCd\":\"MO\",\"tlgrRqstSystId\":\"bm0\",\"tlgrTrnmSrvcId\":\"DRS_100000_1001\",\"tlgrTrnmUserId\":\"MOBILE\",\"tlgrRecvSrvcId\":\"\",\"tlgrRecvUserId\":\"\",\"prsgRsltDvsnCd\":\"\",\"filePrsgYn\":\"\",\"syncPrsgDvsnCd\":\"S\",\"ectnYn\":\"N\",\"cmrnYn\":\"N\",\"systEnvrDvsnCd\":\"P\",\"testTlgrYn\":\"N\",\"inrfSttsCd\":\"\",\"wndoHndeId\":\"\",\"dataInfmYn\":\"\",\"tlgrVrsnCeckYn\":\"\",\"rqstTlgrVrsnNo\":\"\",\"rspnTlgrVrsnNo\":\"\",\"cmrnTrgtYn\":\"\",\"systHedrRmrkVl\":\"\"},\"cfs_bheader_s00\":{\"evntTypCd\":\"\",\"hsptCd\":\"\",\"cntrCd\":\"\",\"dprtCd\":\"\",\"natnCd\":\"ko\",\"lnggCd\":\"KR\",\"aftrMtrlExstYn\":\"\",\"mxmmRqstVl\":\"\",\"mesgCd\":\"\",\"mesgCtn\":\"\",\"adddMesgCd\":\"\",\"adddMesgCtn\":\"\",\"errPrgmNm\":\"\",\"errFuncNm\":\"\",\"errLineNo\":\"\",\"errSqlNo\":\"\",\"errTpNo\":\"\",\"errMesgPrsgDvsnCd\":\"\",\"excfCd\":\"\",\"dtlsExcfCd\":\"\",\"mesgMngmDvsnYn\":\"\",\"userId\":\"MOBILE\",\"scryAplyYn\":\"\",\"bswrHedrRmrkVl\":\"\"},\"mns_elsdidt_002\":{\"wardCd\":\"171130\"}}"
2020-05-27 09:38:56.260 - DEBUG: [mci.js:214:10] createLengthPrefix called.
2020-05-27 09:38:56.261 - DEBUG: [mci.js:67:10] output : 0000001092{"cfs_sheader_001":{"tlgrLngtVl":"0000001092","uuid":"72858710-9fb2-11ea-80cf-3f29b563dc30","tlgrPrgrNo":"1","tlgrTypeCd":"Q","inrfId":"mno_elsdidt_l01","tlgrRqstDt":"20200527093856257000","lnkdSystInfmVl":"","sesnId":"","tlgrRqstSystIp":"119.6.3.104","tlgrMediDvsnCd":"MO","tlgrRqstSystId":"bm0","tlgrTrnmSrvcId":"DRS_100000_1001","tlgrTrnmUserId":"MOBILE","tlgrRecvSrvcId":"","tlgrRecvUserId":"","prsgRsltDvsnCd":"","filePrsgYn":"","syncPrsgDvsnCd":"S","ectnYn":"N","cmrnYn":"N","systEnvrDvsnCd":"P","testTlgrYn":"N","inrfSttsCd":"","wndoHndeId":"","dataInfmYn":"","tlgrVrsnCeckYn":"","rqstTlgrVrsnNo":"","rspnTlgrVrsnNo":"","cmrnTrgtYn":"","systHedrRmrkVl":""},"cfs_bheader_s00":{"evntTypCd":"","hsptCd":"","cntrCd":"","dprtCd":"","natnCd":"ko","lnggCd":"KR","aftrMtrlExstYn":"","mxmmRqstVl":"","mesgCd":"","mesgCtn":"","adddMesgCd":"","adddMesgCtn":"","errPrgmNm":"","errFuncNm":"","errLineNo":"","errSqlNo":"","errTpNo":"","errMesgPrsgDvsnCd":"","excfCd":"","dtlsExcfCd":"","mesgMngmDvsnYn":"","userId":"MOBILE","scryAplyYn":"","bswrHedrRmrkVl":""},"mns_elsdidt_002":{"wardCd":"171130"}}
2020-05-27 09:38:56.263 - DEBUG: [mci.js:148:16] sendData called.
2020-05-27 09:38:56.265 - DEBUG: [mci.js:160:20] Client connection ID : 7286bf90-9fb2-11ea-80cf-3f29b563dc30
2020-05-27 09:38:56.266 - DEBUG: [mci.js:163:20] about to send output.
2020-05-27 09:38:56.271 - DEBUG: [mci_util.js:212:32] send request done -> output sent.
2020-05-27 09:38:56.271 - DEBUG: [mci.js:168:20] all before release : 1
2020-05-27 09:38:56.272 - DEBUG: [mci.js:169:20] free before release : 0
2020-05-27 09:38:56.354 - DEBUG: [mci_util.js:215:32] received event : data
2020-05-27 09:38:56.356 - DEBUG: [mci_util.js:33:11] typeof data : object
2020-05-27 09:38:56.358 - DEBUG: [mci_util.js:40:16] [[Class]] property : [object Uint8Array]
2020-05-27 09:38:56.359 - DEBUG: [mci_util.js:41:16] is Buffer? : true
2020-05-27 09:38:56.360 - DEBUG: [mci_util.js:57:20] remaining buffer for socket [7286bf90-9fb2-11ea-80cf-3f29b563dc30] not exists.
2020-05-27 09:38:56.363 - DEBUG: [mci_util.js:70:16] length string : 0000003600
2020-05-27 09:38:56.365 - DEBUG: [mci_util.js:76:16] body length : 3600
2020-05-27 09:38:56.365 - DEBUG: [mci_util.js:86:16] compared length : 3600, 3600
2020-05-27 09:38:56.369 - DEBUG: [mci_util.js:96:20] body buffer is completed.
2020-05-27 09:38:56.372 - DEBUG: [mci_util.js:99:20] converting body data for TEST.
2020-05-27 09:38:56.376 - DEBUG: [mci_util.js:104:24] first digit : {
2020-05-27 09:38:56.377 - DEBUG: [mci_util.js:129:24] connection released.
2020-05-27 09:38:56.378 - DEBUG: [mci_util.js:248:16] processCompleted called.
2020-05-27 09:38:56.379 - DEBUG: [mci_util.js:252:16] output -> {
	"cfs_sheader_001": {
		"tlgrLngtVl": "0000003056",
		"uuid": "79b0f125-f24c-43ae-8c28-58916bbe7e57",
		"tlgrPrgrNo": "2",
		"tlgrTypeCd": "A",
		"inrfId": "mno_elsdidt_l01",
		"tlgrRqstDt": "20200228080326152000",
		"lnkdSystInfmVl": "11001101",
		"sesnId": "",
		"tlgrRqstSystIp": "119.6.3.92",
		"tlgrMediDvsnCd": "MO",
		"tlgrRqstSystId": "bm0",
		"tlgrTrnmSrvcId": "DRS_100000_1001",
		"tlgrTrnmUserId": "MOBILE",
		"tlgrRecvSrvcId": "mno_elsdidt_l01",
		"tlgrRecvUserId": "",
		"prsgRsltDvsnCd": "1",
		"filePrsgYn": "",
		"syncPrsgDvsnCd": "S",
		"ectnYn": "N",
		"cmrnYn": "N",
		"systEnvrDvsnCd": "D",
		"testTlgrYn": "N",
		"inrfSttsCd": "",
		"wndoHndeId": "",
		"dataInfmYn": "",
		"tlgrVrsnCeckYn": "",
		"rqstTlgrVrsnNo": "",
		"rspnTlgrVrsnNo": "",
		"cmrnTrgtYn": "",
		"systHedrRmrkVl": ""
	},
	"cfs_bheader_s00": {
		"evntTypCd": "",
		"hsptCd": "",
		"cntrCd": "",
		"dprtCd": "",
		"natnCd": "ko",
		"lnggCd": "KR",
		"aftrMtrlExstYn": "",
		"mxmmRqstVl": "",
		"mesgCd": "IB00013",
		"mesgCtn": "정상 조회되었습니다.",
		"adddMesgCd": "",
		"adddMesgCtn": "",
		"errPrgmNm": "",
		"errFuncNm": "",
		"errLineNo": "",
		"errSqlNo": "",
		"errTpNo": "",
		"errMesgPrsgDvsnCd": "S",
		"excfCd": "",
		"dtlsExcfCd": "",
		"mesgMngmDvsnYn": "",
		"userId": "MOBILE",
		"scryAplyYn": "",
		"bswrHedrRmrkVl": ""
	},
	"mnc_elsdidt_001": {
		"afiReptNtm": 2,
		"mns_elsdidt_001": [
			{
				"ptntNm": "허다성",
				"gendCd": "M",
				"ageCtn": "29세",
				"btdt": "1992-05-16",
				"mcdpNm": "감염내과분과",
				"chdrNm": "정병윤",
				"gndrNm": "김용훈",
				"fallCtn": "Y",
				"bdsrEtcCtn": "Y",
				"ctctYn": "Y",
				"cnsdCtctStcrVl": "",
				"airCatnYn": "",
				"drplYn": "Y",
				"blodCatnYn": "Y",
				"invrIsltYn": "",
				"etcYn": "Y",
				"inptCasbCtn": "Y",
				"admsDt": "2020-05-27",
				"dschPrrnYmd": "2020-05-30",
				"dvsnNm1": "",
				"dvsnNm2": "10:00~12:00 / 15:00~17:00",
				"dvsnNm3": "08:00~09:00 / 17:00~17:30",
				"dvsnNm4": "11:00~13:00 / 16:00~18:00",
				"dvsnNm5": "07:30~08:30 / 17:30~18:30",
				"dvsnNm6": "15:00~17:00 / 18:00~20:00",
				"dvsnNm7": "",
				"wardCdCtn": "07W",
				"carePtrmNo": "01",
				"careSckbNo": "01",
				"ptno": "06460451",
				"wardNm": "음압격리병동 5층",
				"wardCd": "171130",
				"mdrpNo": 2014423079,
				"ptntNmCatnYn": "Y",
				"npoYn": "Y",
				"npoCtn": "조식 후",
				"npoDscrMemoCtn": "물만 드세요",
				"ptntInftCtn": "( 5 )시까지 절대안정"
			},
			{
				"ptntNm": "김테스트",
				"gendCd": "F",
				"ageCtn": "30세",
				"btdt": "1989-11-28",
				"mcdpNm": "감염내과분과",
				"chdrNm": "고재현",
				"gndrNm": "김시호",
				"fallCtn": "Y",
				"bdsrEtcCtn": "Y",
				"ctctYn": "",
				"cnsdCtctStcrVl": "",
				"airCatnYn": "",
				"drplYn": "",
				"blodCatnYn": "",
				"invrIsltYn": "",
				"etcYn": "",
				"inptCasbCtn": "",
				"admsDt": "2020-02-21",
				"dschPrrnYmd": "",
				"dvsnNm1": "",
				"dvsnNm2": "10:00~12:00 / 15:00~17:00",
				"dvsnNm3": "",
				"dvsnNm4": "11:00~13:00 / 16:00~18:00",
				"dvsnNm5": "",
				"dvsnNm6": "15:00~17:00 / 18:00~20:00",
				"dvsnNm7": "",
				"wardCdCtn": "05IU",
				"carePtrmNo": "09",
				"careSckbNo": "01",
				"ptno": "42738795",
				"wardNm": "음압격리병동 5층",
				"wardCd": "202366",
				"mdrpNo": 2014423080,
				"ptntNmCatnYn": "Y",
				"npoYn": "N",
				"npoCtn": "",
				"npoDscrMemoCtn": "",
				"ptntInftCtn": ""
			}
		]
	}
}
2020-05-27 09:38:56.394 - DEBUG: [mci_util.js:276:20] processResponse called.
2020-05-27 09:38:56.396 - DEBUG: [mci_util.js:282:24] KEYS -> ["cfs_sheader_001","cfs_bheader_s00","mnc_elsdidt_001"]
2020-05-27 09:38:56.399 - DEBUG: [mci_util.js:310:16] parseHeader called.
2020-05-27 09:38:56.400 - DEBUG: [mci_util.js:286:24] HEADER -> {"serviceId":"mno_elsdidt_l01","userId":"","errMessage":"","code":"IB00013","message":"정상 조회되었습니다."}
2020-05-27 09:38:56.403 - DEBUG: [mci_util.js:488:16] parseBody called.
2020-05-27 09:38:56.407 - DEBUG: [mci_util.js:495:20] outname type : string
2020-05-27 09:38:56.409 - DEBUG: [mci_util.js:504:24] repeat count : 2
2020-05-27 09:38:56.410 - DEBUG: [mci_util.js:523:16] parseData called.
2020-05-27 09:38:56.411 - DEBUG: [mci_util.js:529:24] mapper found with attributes 36
2020-05-27 09:38:56.413 - DEBUG: [mci_util.js:535:40] mapping #0 [firstName] -> [ptntNm] : 허다성
2020-05-27 09:38:56.414 - DEBUG: [mci_util.js:535:40] mapping #1 [nameWarning] -> [ptntNmCatnYn] : Y
2020-05-27 09:38:56.415 - DEBUG: [mci_util.js:535:40] mapping #2 [gender] -> [gendCd] : M
2020-05-27 09:38:56.417 - DEBUG: [mci_util.js:535:40] mapping #3 [age] -> [ageCtn] : 29세
2020-05-27 09:38:56.419 - DEBUG: [mci_util.js:535:40] mapping #4 [birthDate] -> [btdt] : 1992-05-16
2020-05-27 09:38:56.420 - DEBUG: [mci_util.js:535:40] mapping #5 [dept] -> [mcdpNm] : 감염내과분과
2020-05-27 09:38:56.423 - DEBUG: [mci_util.js:535:40] mapping #6 [doctorName1] -> [gndrNm] : 김용훈
2020-05-27 09:38:56.426 - DEBUG: [mci_util.js:535:40] mapping #7 [doctorName2] -> [chdrNm] : 정병윤
2020-05-27 09:38:56.428 - DEBUG: [mci_util.js:535:40] mapping #8 [caution3] -> [fallCtn] : Y
2020-05-27 09:38:56.429 - DEBUG: [mci_util.js:535:40] mapping #9 [caution4] -> [bdsrEtcCtn] : Y
2020-05-27 09:38:56.430 - DEBUG: [mci_util.js:535:40] mapping #10 [caution2B] -> [ctctYn] : Y
2020-05-27 09:38:56.431 - DEBUG: [mci_util.js:535:40] mapping #11 [caution2A] -> [cnsdCtctStcrVl] : 
2020-05-27 09:38:56.432 - DEBUG: [mci_util.js:535:40] mapping #12 [caution1A] -> [airCatnYn] : 
2020-05-27 09:38:56.433 - DEBUG: [mci_util.js:535:40] mapping #13 [caution1B] -> [drplYn] : Y
2020-05-27 09:38:56.435 - DEBUG: [mci_util.js:535:40] mapping #14 [caution5] -> [blodCatnYn] : Y
2020-05-27 09:38:56.436 - DEBUG: [mci_util.js:535:40] mapping #15 [caution6A] -> [invrIsltYn] : 
2020-05-27 09:38:56.439 - DEBUG: [mci_util.js:535:40] mapping #16 [caution6B] -> [etcYn] : Y
2020-05-27 09:38:56.440 - DEBUG: [mci_util.js:535:40] mapping #17 [npoYn] -> [npoYn] : Y
2020-05-27 09:38:56.442 - DEBUG: [mci_util.js:535:40] mapping #18 [npoCtn] -> [npoCtn] : 조식 후
2020-05-27 09:38:56.444 - DEBUG: [mci_util.js:535:40] mapping #19 [npoDscrMemoCtn] -> [npoDscrMemoCtn] : 물만 드세요
2020-05-27 09:38:56.445 - DEBUG: [mci_util.js:535:40] mapping #20 [ptntInftCtn] -> [ptntInftCtn] : ( 5 )시까지 절대안정
2020-05-27 09:38:56.446 - DEBUG: [mci_util.js:535:40] mapping #21 [treatDate] -> [admsDt] : 2020-05-27
2020-05-27 09:38:56.448 - DEBUG: [mci_util.js:535:40] mapping #22 [leavingDate] -> [dschPrrnYmd] : 2020-05-30
2020-05-27 09:38:56.450 - DEBUG: [mci_util.js:535:40] mapping #23 [roundingSun] -> [dvsnNm1] : 
2020-05-27 09:38:56.452 - DEBUG: [mci_util.js:535:40] mapping #24 [roundingMon] -> [dvsnNm2] : 10:00~12:00 / 15:00~17:00
2020-05-27 09:38:56.454 - DEBUG: [mci_util.js:535:40] mapping #25 [roundingTue] -> [dvsnNm3] : 08:00~09:00 / 17:00~17:30
2020-05-27 09:38:56.455 - DEBUG: [mci_util.js:535:40] mapping #26 [roundingWed] -> [dvsnNm4] : 11:00~13:00 / 16:00~18:00
2020-05-27 09:38:56.457 - DEBUG: [mci_util.js:535:40] mapping #27 [roundingThu] -> [dvsnNm5] : 07:30~08:30 / 17:30~18:30
2020-05-27 09:38:56.458 - DEBUG: [mci_util.js:535:40] mapping #28 [roundingFri] -> [dvsnNm6] : 15:00~17:00 / 18:00~20:00
2020-05-27 09:38:56.460 - DEBUG: [mci_util.js:535:40] mapping #29 [roundingSat] -> [dvsnNm7] : 
2020-05-27 09:38:56.461 - DEBUG: [mci_util.js:535:40] mapping #30 [ward] -> [wardCdCtn] : 07W
2020-05-27 09:38:56.464 - DEBUG: [mci_util.js:535:40] mapping #31 [roomNo] -> [carePtrmNo] : 01
2020-05-27 09:38:56.465 - DEBUG: [mci_util.js:535:40] mapping #32 [bedNo] -> [careSckbNo] : 01
2020-05-27 09:38:56.466 - DEBUG: [mci_util.js:535:40] mapping #33 [id] -> [ptno] : 06460451
2020-05-27 09:38:56.466 - DEBUG: [mci_util.js:535:40] mapping #34 [wardName] -> [wardNm] : 음압격리병동 5층
2020-05-27 09:38:56.469 - DEBUG: [mci_util.js:535:40] mapping #35 [wardId] -> [wardCd] : 171130
2020-05-27 09:38:56.496 - INFO: [sync_to_mci.js:130:24] Begin to make [ESL] Socket Data in the [171130] department
2020-05-27 09:38:56.510 - INFO: [sync_to_mci.js:143:24] [171130]  MCI information has been updated in the DB
2020-05-27 09:39:07.340 - INFO: [sync_to_mci.js:152:24] [ESL + DID] information in the  [171130]  department has been updated.
2020-05-27 09:48:56.141 - INFO: [sync_to_mci.js:65:12] MCIPatientInfo started
2020-05-27 09:48:56.160 - DEBUG: [mci-controller.js:36:16] MCITest:patientList called for path /mci-test/patient-list
2020-05-27 09:48:56.166 - DEBUG: [mci_util.js:17:16] MciUtil initialized.
2020-05-27 09:48:56.237 - DEBUG: [mci_util.js:181:16] query called.
2020-05-27 09:48:56.239 - DEBUG: [mci_util.js:182:16] values.input -> {"wardCd":"171130"}
2020-05-27 09:48:56.240 - DEBUG: [mci.js:37:16] mci.send called.
2020-05-27 09:48:56.241 - DEBUG: [mci.js:75:16] createSystemHeader called.
2020-05-27 09:48:56.242 - DEBUG: [mci.js:114:16] createBusinessHeader called.
2020-05-27 09:48:56.243 - DEBUG: [mci.js:46:16] Request -> "{\"cfs_sheader_001\":{\"tlgrLngtVl\":\"0000001092\",\"uuid\":\"d823f920-9fb3-11ea-80cf-3f29b563dc30\",\"tlgrPrgrNo\":\"1\",\"tlgrTypeCd\":\"Q\",\"inrfId\":\"mno_elsdidt_l01\",\"tlgrRqstDt\":\"20200527094856242000\",\"lnkdSystInfmVl\":\"\",\"sesnId\":\"\",\"tlgrRqstSystIp\":\"119.6.3.104\",\"tlgrMediDvsnCd\":\"MO\",\"tlgrRqstSystId\":\"bm0\",\"tlgrTrnmSrvcId\":\"DRS_100000_1001\",\"tlgrTrnmUserId\":\"MOBILE\",\"tlgrRecvSrvcId\":\"\",\"tlgrRecvUserId\":\"\",\"prsgRsltDvsnCd\":\"\",\"filePrsgYn\":\"\",\"syncPrsgDvsnCd\":\"S\",\"ectnYn\":\"N\",\"cmrnYn\":\"N\",\"systEnvrDvsnCd\":\"P\",\"testTlgrYn\":\"N\",\"inrfSttsCd\":\"\",\"wndoHndeId\":\"\",\"dataInfmYn\":\"\",\"tlgrVrsnCeckYn\":\"\",\"rqstTlgrVrsnNo\":\"\",\"rspnTlgrVrsnNo\":\"\",\"cmrnTrgtYn\":\"\",\"systHedrRmrkVl\":\"\"},\"cfs_bheader_s00\":{\"evntTypCd\":\"\",\"hsptCd\":\"\",\"cntrCd\":\"\",\"dprtCd\":\"\",\"natnCd\":\"ko\",\"lnggCd\":\"KR\",\"aftrMtrlExstYn\":\"\",\"mxmmRqstVl\":\"\",\"mesgCd\":\"\",\"mesgCtn\":\"\",\"adddMesgCd\":\"\",\"adddMesgCtn\":\"\",\"errPrgmNm\":\"\",\"errFuncNm\":\"\",\"errLineNo\":\"\",\"errSqlNo\":\"\",\"errTpNo\":\"\",\"errMesgPrsgDvsnCd\":\"\",\"excfCd\":\"\",\"dtlsExcfCd\":\"\",\"mesgMngmDvsnYn\":\"\",\"userId\":\"MOBILE\",\"scryAplyYn\":\"\",\"bswrHedrRmrkVl\":\"\"},\"mns_elsdidt_002\":{\"wardCd\":\"171130\"}}"
2020-05-27 09:48:56.245 - DEBUG: [mci.js:214:10] createLengthPrefix called.
2020-05-27 09:48:56.247 - DEBUG: [mci.js:67:10] output : 0000001092{"cfs_sheader_001":{"tlgrLngtVl":"0000001092","uuid":"d823f920-9fb3-11ea-80cf-3f29b563dc30","tlgrPrgrNo":"1","tlgrTypeCd":"Q","inrfId":"mno_elsdidt_l01","tlgrRqstDt":"20200527094856242000","lnkdSystInfmVl":"","sesnId":"","tlgrRqstSystIp":"119.6.3.104","tlgrMediDvsnCd":"MO","tlgrRqstSystId":"bm0","tlgrTrnmSrvcId":"DRS_100000_1001","tlgrTrnmUserId":"MOBILE","tlgrRecvSrvcId":"","tlgrRecvUserId":"","prsgRsltDvsnCd":"","filePrsgYn":"","syncPrsgDvsnCd":"S","ectnYn":"N","cmrnYn":"N","systEnvrDvsnCd":"P","testTlgrYn":"N","inrfSttsCd":"","wndoHndeId":"","dataInfmYn":"","tlgrVrsnCeckYn":"","rqstTlgrVrsnNo":"","rspnTlgrVrsnNo":"","cmrnTrgtYn":"","systHedrRmrkVl":""},"cfs_bheader_s00":{"evntTypCd":"","hsptCd":"","cntrCd":"","dprtCd":"","natnCd":"ko","lnggCd":"KR","aftrMtrlExstYn":"","mxmmRqstVl":"","mesgCd":"","mesgCtn":"","adddMesgCd":"","adddMesgCtn":"","errPrgmNm":"","errFuncNm":"","errLineNo":"","errSqlNo":"","errTpNo":"","errMesgPrsgDvsnCd":"","excfCd":"","dtlsExcfCd":"","mesgMngmDvsnYn":"","userId":"MOBILE","scryAplyYn":"","bswrHedrRmrkVl":""},"mns_elsdidt_002":{"wardCd":"171130"}}
2020-05-27 09:48:56.249 - DEBUG: [mci.js:148:16] sendData called.
2020-05-27 09:48:56.251 - DEBUG: [mci.js:160:20] Client connection ID : d82558b0-9fb3-11ea-80cf-3f29b563dc30
2020-05-27 09:48:56.252 - DEBUG: [mci.js:163:20] about to send output.
2020-05-27 09:48:56.253 - DEBUG: [mci_util.js:212:32] send request done -> output sent.
2020-05-27 09:48:56.254 - DEBUG: [mci.js:168:20] all before release : 1
2020-05-27 09:48:56.255 - DEBUG: [mci.js:169:20] free before release : 0
2020-05-27 09:48:56.387 - DEBUG: [mci_util.js:215:32] received event : data
2020-05-27 09:48:56.388 - DEBUG: [mci_util.js:33:11] typeof data : object
2020-05-27 09:48:56.391 - DEBUG: [mci_util.js:40:16] [[Class]] property : [object Uint8Array]
2020-05-27 09:48:56.393 - DEBUG: [mci_util.js:41:16] is Buffer? : true
2020-05-27 09:48:56.396 - DEBUG: [mci_util.js:57:20] remaining buffer for socket [d82558b0-9fb3-11ea-80cf-3f29b563dc30] not exists.
2020-05-27 09:48:56.397 - DEBUG: [mci_util.js:70:16] length string : 0000003600
2020-05-27 09:48:56.400 - DEBUG: [mci_util.js:76:16] body length : 3600
2020-05-27 09:48:56.401 - DEBUG: [mci_util.js:86:16] compared length : 3600, 3600
2020-05-27 09:48:56.403 - DEBUG: [mci_util.js:96:20] body buffer is completed.
2020-05-27 09:48:56.404 - DEBUG: [mci_util.js:99:20] converting body data for TEST.
2020-05-27 09:48:56.406 - DEBUG: [mci_util.js:104:24] first digit : {
2020-05-27 09:48:56.418 - DEBUG: [mci_util.js:129:24] connection released.
2020-05-27 09:48:56.419 - DEBUG: [mci_util.js:248:16] processCompleted called.
2020-05-27 09:48:56.422 - DEBUG: [mci_util.js:252:16] output -> {
	"cfs_sheader_001": {
		"tlgrLngtVl": "0000003056",
		"uuid": "79b0f125-f24c-43ae-8c28-58916bbe7e57",
		"tlgrPrgrNo": "2",
		"tlgrTypeCd": "A",
		"inrfId": "mno_elsdidt_l01",
		"tlgrRqstDt": "20200228080326152000",
		"lnkdSystInfmVl": "11001101",
		"sesnId": "",
		"tlgrRqstSystIp": "119.6.3.92",
		"tlgrMediDvsnCd": "MO",
		"tlgrRqstSystId": "bm0",
		"tlgrTrnmSrvcId": "DRS_100000_1001",
		"tlgrTrnmUserId": "MOBILE",
		"tlgrRecvSrvcId": "mno_elsdidt_l01",
		"tlgrRecvUserId": "",
		"prsgRsltDvsnCd": "1",
		"filePrsgYn": "",
		"syncPrsgDvsnCd": "S",
		"ectnYn": "N",
		"cmrnYn": "N",
		"systEnvrDvsnCd": "D",
		"testTlgrYn": "N",
		"inrfSttsCd": "",
		"wndoHndeId": "",
		"dataInfmYn": "",
		"tlgrVrsnCeckYn": "",
		"rqstTlgrVrsnNo": "",
		"rspnTlgrVrsnNo": "",
		"cmrnTrgtYn": "",
		"systHedrRmrkVl": ""
	},
	"cfs_bheader_s00": {
		"evntTypCd": "",
		"hsptCd": "",
		"cntrCd": "",
		"dprtCd": "",
		"natnCd": "ko",
		"lnggCd": "KR",
		"aftrMtrlExstYn": "",
		"mxmmRqstVl": "",
		"mesgCd": "IB00013",
		"mesgCtn": "정상 조회되었습니다.",
		"adddMesgCd": "",
		"adddMesgCtn": "",
		"errPrgmNm": "",
		"errFuncNm": "",
		"errLineNo": "",
		"errSqlNo": "",
		"errTpNo": "",
		"errMesgPrsgDvsnCd": "S",
		"excfCd": "",
		"dtlsExcfCd": "",
		"mesgMngmDvsnYn": "",
		"userId": "MOBILE",
		"scryAplyYn": "",
		"bswrHedrRmrkVl": ""
	},
	"mnc_elsdidt_001": {
		"afiReptNtm": 2,
		"mns_elsdidt_001": [
			{
				"ptntNm": "허다성",
				"gendCd": "M",
				"ageCtn": "29세",
				"btdt": "1992-05-16",
				"mcdpNm": "감염내과분과",
				"chdrNm": "정병윤",
				"gndrNm": "김용훈",
				"fallCtn": "Y",
				"bdsrEtcCtn": "Y",
				"ctctYn": "Y",
				"cnsdCtctStcrVl": "",
				"airCatnYn": "",
				"drplYn": "Y",
				"blodCatnYn": "Y",
				"invrIsltYn": "",
				"etcYn": "Y",
				"inptCasbCtn": "Y",
				"admsDt": "2020-05-27",
				"dschPrrnYmd": "2020-05-30",
				"dvsnNm1": "",
				"dvsnNm2": "10:00~12:00 / 15:00~17:00",
				"dvsnNm3": "08:00~09:00 / 17:00~17:30",
				"dvsnNm4": "11:00~13:00 / 16:00~18:00",
				"dvsnNm5": "07:30~08:30 / 17:30~18:30",
				"dvsnNm6": "15:00~17:00 / 18:00~20:00",
				"dvsnNm7": "",
				"wardCdCtn": "07W",
				"carePtrmNo": "01",
				"careSckbNo": "01",
				"ptno": "06460451",
				"wardNm": "음압격리병동 5층",
				"wardCd": "171130",
				"mdrpNo": 2014423079,
				"ptntNmCatnYn": "Y",
				"npoYn": "Y",
				"npoCtn": "조식 후",
				"npoDscrMemoCtn": "물만 드세요",
				"ptntInftCtn": "( 5 )시까지 절대안정"
			},
			{
				"ptntNm": "김테스트",
				"gendCd": "F",
				"ageCtn": "30세",
				"btdt": "1989-11-28",
				"mcdpNm": "감염내과분과",
				"chdrNm": "고재현",
				"gndrNm": "김시호",
				"fallCtn": "Y",
				"bdsrEtcCtn": "Y",
				"ctctYn": "",
				"cnsdCtctStcrVl": "",
				"airCatnYn": "",
				"drplYn": "",
				"blodCatnYn": "",
				"invrIsltYn": "",
				"etcYn": "",
				"inptCasbCtn": "",
				"admsDt": "2020-02-21",
				"dschPrrnYmd": "",
				"dvsnNm1": "",
				"dvsnNm2": "10:00~12:00 / 15:00~17:00",
				"dvsnNm3": "",
				"dvsnNm4": "11:00~13:00 / 16:00~18:00",
				"dvsnNm5": "",
				"dvsnNm6": "15:00~17:00 / 18:00~20:00",
				"dvsnNm7": "",
				"wardCdCtn": "05IU",
				"carePtrmNo": "09",
				"careSckbNo": "01",
				"ptno": "42738795",
				"wardNm": "음압격리병동 5층",
				"wardCd": "202366",
				"mdrpNo": 2014423080,
				"ptntNmCatnYn": "Y",
				"npoYn": "N",
				"npoCtn": "",
				"npoDscrMemoCtn": "",
				"ptntInftCtn": ""
			}
		]
	}
}
2020-05-27 09:48:56.440 - DEBUG: [mci_util.js:276:20] processResponse called.
2020-05-27 09:48:56.441 - DEBUG: [mci_util.js:282:24] KEYS -> ["cfs_sheader_001","cfs_bheader_s00","mnc_elsdidt_001"]
2020-05-27 09:48:56.445 - DEBUG: [mci_util.js:310:16] parseHeader called.
2020-05-27 09:48:56.446 - DEBUG: [mci_util.js:286:24] HEADER -> {"serviceId":"mno_elsdidt_l01","userId":"","errMessage":"","code":"IB00013","message":"정상 조회되었습니다."}
2020-05-27 09:48:56.449 - DEBUG: [mci_util.js:488:16] parseBody called.
2020-05-27 09:48:56.450 - DEBUG: [mci_util.js:495:20] outname type : string
2020-05-27 09:48:56.452 - DEBUG: [mci_util.js:504:24] repeat count : 2
2020-05-27 09:48:56.453 - DEBUG: [mci_util.js:523:16] parseData called.
2020-05-27 09:48:56.454 - DEBUG: [mci_util.js:529:24] mapper found with attributes 36
2020-05-27 09:48:56.455 - DEBUG: [mci_util.js:535:40] mapping #0 [firstName] -> [ptntNm] : 허다성
2020-05-27 09:48:56.456 - DEBUG: [mci_util.js:535:40] mapping #1 [nameWarning] -> [ptntNmCatnYn] : Y
2020-05-27 09:48:56.458 - DEBUG: [mci_util.js:535:40] mapping #2 [gender] -> [gendCd] : M
2020-05-27 09:48:56.462 - DEBUG: [mci_util.js:535:40] mapping #3 [age] -> [ageCtn] : 29세
2020-05-27 09:48:56.465 - DEBUG: [mci_util.js:535:40] mapping #4 [birthDate] -> [btdt] : 1992-05-16
2020-05-27 09:48:56.470 - DEBUG: [mci_util.js:535:40] mapping #5 [dept] -> [mcdpNm] : 감염내과분과
2020-05-27 09:48:56.472 - DEBUG: [mci_util.js:535:40] mapping #6 [doctorName1] -> [gndrNm] : 김용훈
2020-05-27 09:48:56.473 - DEBUG: [mci_util.js:535:40] mapping #7 [doctorName2] -> [chdrNm] : 정병윤
2020-05-27 09:48:56.474 - DEBUG: [mci_util.js:535:40] mapping #8 [caution3] -> [fallCtn] : Y
2020-05-27 09:48:56.476 - DEBUG: [mci_util.js:535:40] mapping #9 [caution4] -> [bdsrEtcCtn] : Y
2020-05-27 09:48:56.477 - DEBUG: [mci_util.js:535:40] mapping #10 [caution2B] -> [ctctYn] : Y
2020-05-27 09:48:56.479 - DEBUG: [mci_util.js:535:40] mapping #11 [caution2A] -> [cnsdCtctStcrVl] : 
2020-05-27 09:48:56.482 - DEBUG: [mci_util.js:535:40] mapping #12 [caution1A] -> [airCatnYn] : 
2020-05-27 09:48:56.483 - DEBUG: [mci_util.js:535:40] mapping #13 [caution1B] -> [drplYn] : Y
2020-05-27 09:48:56.486 - DEBUG: [mci_util.js:535:40] mapping #14 [caution5] -> [blodCatnYn] : Y
2020-05-27 09:48:56.487 - DEBUG: [mci_util.js:535:40] mapping #15 [caution6A] -> [invrIsltYn] : 
2020-05-27 09:48:56.488 - DEBUG: [mci_util.js:535:40] mapping #16 [caution6B] -> [etcYn] : Y
2020-05-27 09:48:56.489 - DEBUG: [mci_util.js:535:40] mapping #17 [npoYn] -> [npoYn] : Y
2020-05-27 09:48:56.490 - DEBUG: [mci_util.js:535:40] mapping #18 [npoCtn] -> [npoCtn] : 조식 후
2020-05-27 09:48:56.493 - DEBUG: [mci_util.js:535:40] mapping #19 [npoDscrMemoCtn] -> [npoDscrMemoCtn] : 물만 드세요
2020-05-27 09:48:56.494 - DEBUG: [mci_util.js:535:40] mapping #20 [ptntInftCtn] -> [ptntInftCtn] : ( 5 )시까지 절대안정
2020-05-27 09:48:56.495 - DEBUG: [mci_util.js:535:40] mapping #21 [treatDate] -> [admsDt] : 2020-05-27
2020-05-27 09:48:56.496 - DEBUG: [mci_util.js:535:40] mapping #22 [leavingDate] -> [dschPrrnYmd] : 2020-05-30
2020-05-27 09:48:56.497 - DEBUG: [mci_util.js:535:40] mapping #23 [roundingSun] -> [dvsnNm1] : 
2020-05-27 09:48:56.498 - DEBUG: [mci_util.js:535:40] mapping #24 [roundingMon] -> [dvsnNm2] : 10:00~12:00 / 15:00~17:00
2020-05-27 09:48:56.498 - DEBUG: [mci_util.js:535:40] mapping #25 [roundingTue] -> [dvsnNm3] : 08:00~09:00 / 17:00~17:30
2020-05-27 09:48:56.499 - DEBUG: [mci_util.js:535:40] mapping #26 [roundingWed] -> [dvsnNm4] : 11:00~13:00 / 16:00~18:00
2020-05-27 09:48:56.500 - DEBUG: [mci_util.js:535:40] mapping #27 [roundingThu] -> [dvsnNm5] : 07:30~08:30 / 17:30~18:30
2020-05-27 09:48:56.503 - DEBUG: [mci_util.js:535:40] mapping #28 [roundingFri] -> [dvsnNm6] : 15:00~17:00 / 18:00~20:00
2020-05-27 09:48:56.504 - DEBUG: [mci_util.js:535:40] mapping #29 [roundingSat] -> [dvsnNm7] : 
2020-05-27 09:48:56.506 - DEBUG: [mci_util.js:535:40] mapping #30 [ward] -> [wardCdCtn] : 07W
2020-05-27 09:48:56.508 - DEBUG: [mci_util.js:535:40] mapping #31 [roomNo] -> [carePtrmNo] : 01
2020-05-27 09:48:56.509 - DEBUG: [mci_util.js:535:40] mapping #32 [bedNo] -> [careSckbNo] : 01
2020-05-27 09:48:56.511 - DEBUG: [mci_util.js:535:40] mapping #33 [id] -> [ptno] : 06460451
2020-05-27 09:48:56.513 - DEBUG: [mci_util.js:535:40] mapping #34 [wardName] -> [wardNm] : 음압격리병동 5층
2020-05-27 09:48:56.514 - DEBUG: [mci_util.js:535:40] mapping #35 [wardId] -> [wardCd] : 171130
2020-05-27 09:48:56.527 - INFO: [sync_to_mci.js:130:24] Begin to make [ESL] Socket Data in the [171130] department
2020-05-27 09:48:56.539 - INFO: [sync_to_mci.js:143:24] [171130]  MCI information has been updated in the DB
2020-05-27 09:49:06.717 - INFO: [sync_to_mci.js:152:24] [ESL + DID] information in the  [171130]  department has been updated.
