2020-05-19 11:20:11.057 - DEBUG: [service_loader.js:17:12] load in service_loader called.
2020-05-19 11:20:11.061 - DEBUG: [service_loader.js:21:16] #0 -> id:1, unit:person
2020-05-19 11:20:11.402 - DEBUG: [service_loader.js:39:16] method #0 -> list
2020-05-19 11:20:11.402 - DEBUG: [service_loader.js:43:16]     do method name -> doList
2020-05-19 11:20:11.403 - DEBUG: [service_loader.js:39:16] method #1 -> read
2020-05-19 11:20:11.404 - DEBUG: [service_loader.js:43:16]     do method name -> doRead
2020-05-19 11:20:11.404 - DEBUG: [service_loader.js:39:16] method #2 -> create
2020-05-19 11:20:11.405 - DEBUG: [service_loader.js:43:16]     do method name -> doCreate
2020-05-19 11:20:11.406 - DEBUG: [service_loader.js:39:16] method #3 -> update
2020-05-19 11:20:11.406 - DEBUG: [service_loader.js:43:16]     do method name -> doUpdate
2020-05-19 11:20:11.407 - DEBUG: [service_loader.js:39:16] method #4 -> delete
2020-05-19 11:20:11.407 - DEBUG: [service_loader.js:43:16]     do method name -> doDelete
2020-05-19 11:20:11.407 - INFO: [index.js:111:12] service loader called.
2020-05-19 11:20:11.408 - DEBUG: [controller_loader.js:26:12] load called.
2020-05-19 11:20:11.409 - DEBUG: [controller_loader.js:106:12] autoLoad called.
2020-05-19 11:20:11.449 - DEBUG: [controller_loader.js:34:20] #0 -> id:1, type:rest, base:, unit:person
2020-05-19 11:20:11.458 - DEBUG: [person-controller.js:27:16] PersonController initialized.
2020-05-19 11:20:11.458 - DEBUG: [controller_loader.js:53:24] rest type #0 -> list
2020-05-19 11:20:11.459 - DEBUG: [controller_loader.js:73:24] rest request method -> get, path -> /person, func -> list
2020-05-19 11:20:11.460 - DEBUG: [controller_loader.js:53:24] rest type #1 -> create
2020-05-19 11:20:11.460 - DEBUG: [controller_loader.js:73:24] rest request method -> post, path -> /person, func -> create
2020-05-19 11:20:11.461 - DEBUG: [controller_loader.js:53:24] rest type #2 -> read
2020-05-19 11:20:11.462 - DEBUG: [controller_loader.js:73:24] rest request method -> get, path -> /person/:id, func -> read
2020-05-19 11:20:11.463 - DEBUG: [controller_loader.js:53:24] rest type #3 -> update
2020-05-19 11:20:11.464 - DEBUG: [controller_loader.js:73:24] rest request method -> put, path -> /person/:id, func -> update
2020-05-19 11:20:11.465 - DEBUG: [controller_loader.js:53:24] rest type #4 -> delete
2020-05-19 11:20:11.466 - DEBUG: [controller_loader.js:73:24] rest request method -> delete, path -> /person/:id, func -> delete
2020-05-19 11:20:11.467 - DEBUG: [controller_loader.js:36:20] #1 -> id:2, type:path, path:/profile/list, method:get,post, file:profile-controller, func:list
2020-05-19 11:20:11.473 - DEBUG: [profile-controller.js:21:11] ProfileController initialized.
2020-05-19 11:20:11.473 - DEBUG: [controller_loader.js:84:28] method #0 -> get
2020-05-19 11:20:11.475 - DEBUG: [controller_loader.js:84:28] method #1 -> post
2020-05-19 11:20:11.476 - DEBUG: [controller_loader.js:36:20] #2 -> id:3, type:path, path:/profile/get, method:get,post, file:profile-controller, func:get
2020-05-19 11:20:11.477 - DEBUG: [profile-controller.js:21:11] ProfileController initialized.
2020-05-19 11:20:11.479 - DEBUG: [controller_loader.js:84:28] method #0 -> get
2020-05-19 11:20:11.480 - DEBUG: [controller_loader.js:84:28] method #1 -> post
2020-05-19 11:20:11.481 - DEBUG: [controller_loader.js:36:20] #3 -> id:4, type:path, path:/profile/add, method:get, file:profile-controller, func:add
2020-05-19 11:20:11.483 - DEBUG: [profile-controller.js:21:11] ProfileController initialized.
2020-05-19 11:20:11.484 - DEBUG: [controller_loader.js:84:28] method #0 -> get
2020-05-19 11:20:11.484 - DEBUG: [controller_loader.js:36:20] #4 -> id:5, type:path, path:/profile/upload, method:post, file:profile-controller, func:upload
2020-05-19 11:20:11.485 - DEBUG: [profile-controller.js:21:11] ProfileController initialized.
2020-05-19 11:20:11.486 - DEBUG: [controller_loader.js:84:28] method #0 -> post
2020-05-19 11:20:11.490 - DEBUG: [controller_loader.js:36:20] #5 -> id:6, type:path, path:/test/set_cookie, method:get, file:test-controller, func:set_cookie
2020-05-19 11:20:11.493 - DEBUG: [test-controller.js:15:16] TestController initialized.
2020-05-19 11:20:11.494 - DEBUG: [controller_loader.js:84:28] method #0 -> get
2020-05-19 11:20:11.496 - DEBUG: [controller_loader.js:36:20] #6 -> id:7, type:path, path:/test/show_cookie, method:get, file:test-controller, func:show_cookie
2020-05-19 11:20:11.498 - DEBUG: [test-controller.js:15:16] TestController initialized.
2020-05-19 11:20:11.499 - DEBUG: [controller_loader.js:84:28] method #0 -> get
2020-05-19 11:20:11.501 - INFO: [index.js:115:12] controller loader called.
2020-05-19 11:20:11.536 - DEBUG: [mci.js:20:16] MCI initialized.
2020-05-19 11:20:11.536 - DEBUG: [mci.js:28:20] name : external01
2020-05-19 11:20:11.663 - DEBUG: [cni.js:15:16] CNI initialized.
2020-05-19 11:20:11.663 - DEBUG: [cni.js:21:16] server name : external02
2020-05-19 11:20:11.666 - DEBUG: [cni.js:25:16] server host : localhost
2020-05-19 11:20:11.667 - DEBUG: [cni.js:26:16] server port : 7102
2020-05-19 11:20:12.868 - INFO: [index.js:238:20] Http Server started.
2020-05-19 11:20:12.870 - INFO: [index.js:248:16] Base URL -> http://localhost:7001
2020-05-19 11:20:12.873 - INFO: [index.js:253:16] Namespace -> ::_7001_9580
2020-05-19 11:20:13.314 - DEBUG: [socketio_loader.js:73:9] socketio_loader.load called.
2020-05-19 11:20:13.318 - DEBUG: [socketio_loader.js:83:16] read namespace file -> ::_7001_8096
2020-05-19 11:20:13.329 - INFO: [index.js:261:20] socket.io loader called.
2020-05-19 11:20:13.376 - DEBUG: [controller_loader.js:226:12] registerRest called : /baroboard/device -> in file ../controllers/baroboard-device-controller, table : baroboard.device
2020-05-19 11:20:13.381 - DEBUG: [controller_loader.js:241:16] rest type #0 -> list
2020-05-19 11:20:13.381 - DEBUG: [controller_loader.js:259:16] rest request method -> get, path -> /baroboard/device, func -> list
2020-05-19 11:20:13.384 - DEBUG: [controller_loader.js:241:16] rest type #1 -> create
2020-05-19 11:20:13.386 - DEBUG: [controller_loader.js:259:16] rest request method -> post, path -> /baroboard/device, func -> create
2020-05-19 11:20:13.392 - DEBUG: [controller_loader.js:241:16] rest type #2 -> read
2020-05-19 11:20:13.394 - DEBUG: [controller_loader.js:259:16] rest request method -> get, path -> /baroboard/device/:id, func -> read
2020-05-19 11:20:13.397 - DEBUG: [controller_loader.js:241:16] rest type #3 -> update
2020-05-19 11:20:13.398 - DEBUG: [controller_loader.js:259:16] rest request method -> put, path -> /baroboard/device/:id, func -> update
2020-05-19 11:20:13.400 - DEBUG: [controller_loader.js:241:16] rest type #4 -> delete
2020-05-19 11:20:13.402 - DEBUG: [controller_loader.js:259:16] rest request method -> delete, path -> /baroboard/device/:id, func -> delete
2020-05-19 11:20:13.414 - DEBUG: [controller_loader.js:267:12] registerPath called : /baroboard/device/data/update -> updateData in file ../controllers/baroboard-device-controller
2020-05-19 11:20:13.880 - DEBUG: [controller_loader.js:274:20] 1 method #0 -> post
2020-05-19 11:20:13.887 - DEBUG: [controller_loader.js:267:12] registerPath called : /baroboard/device/data/select -> selectData in file ../controllers/baroboard-device-controller
2020-05-19 11:20:13.889 - DEBUG: [controller_loader.js:274:20] 1 method #0 -> get
2020-05-19 11:20:13.894 - DEBUG: [controller_loader.js:267:12] registerPath called : /baroboard/device/dashboard/list -> dashboardList in file ../controllers/baroboard-device-controller
2020-05-19 11:20:13.895 - DEBUG: [controller_loader.js:274:20] 1 method #0 -> get
2020-05-19 11:20:13.899 - DEBUG: [controller_loader.js:267:12] registerPath called : /baroboard/device/dashboard/sublist -> dashboardSubList in file ../controllers/baroboard-device-controller
2020-05-19 11:20:13.900 - DEBUG: [controller_loader.js:274:20] 1 method #0 -> get
2020-05-19 11:20:13.906 - DEBUG: [controller_loader.js:267:12] registerPath called : /baroboard/device/dashboard/legacy -> legacyInfo in file ../controllers/baroboard-device-controller
2020-05-19 11:20:13.908 - DEBUG: [controller_loader.js:288:16] legacyInfo not found in the controller.
2020-05-19 11:20:13.915 - DEBUG: [controller_loader.js:267:12] registerPath called : /baroboard/device/dashboard/fieldlist -> dashboardFieldList in file ../controllers/baroboard-device-controller
2020-05-19 11:20:13.916 - DEBUG: [controller_loader.js:274:20] 1 method #0 -> get
2020-05-19 11:20:13.924 - DEBUG: [controller_loader.js:267:12] registerPath called : /baroboard/device/data/preview2 -> preview2 in file ../controllers/baroboard-device-controller
2020-05-19 11:20:13.928 - DEBUG: [controller_loader.js:274:20] 1 method #0 -> post
2020-05-19 11:20:13.933 - DEBUG: [controller_loader.js:267:12] registerPath called : /baroboard/device/data/apply -> applyData in file ../controllers/baroboard-device-controller
2020-05-19 11:20:13.934 - DEBUG: [controller_loader.js:274:20] 1 method #0 -> post
2020-05-19 11:20:13.939 - DEBUG: [controller_loader.js:267:12] registerPath called : /baroboard/device/data/preview -> applyData2 in file ../controllers/baroboard-device-controller
2020-05-19 11:20:13.940 - DEBUG: [controller_loader.js:274:20] 1 method #0 -> post
2020-05-19 11:20:13.945 - DEBUG: [controller_loader.js:267:12] registerPath called : /baroboard/device/goodbattery -> batteryUpdate in file ../controllers/baroboard-device-controller
2020-05-19 11:20:13.946 - DEBUG: [controller_loader.js:274:20] 1 method #0 -> post
2020-05-19 11:20:13.950 - DEBUG: [controller_loader.js:267:12] registerPath called : /baroboard/device/badbattery -> batteryUpdate2 in file ../controllers/baroboard-device-controller
2020-05-19 11:20:13.952 - DEBUG: [controller_loader.js:274:20] 1 method #0 -> post
2020-05-19 11:20:13.958 - DEBUG: [controller_loader.js:267:12] registerPath called : /baroboard/device/check/usinglayout -> checkUsingLayout in file ../controllers/baroboard-device-controller
2020-05-19 11:20:13.961 - DEBUG: [controller_loader.js:274:20] 1 method #0 -> post
2020-05-19 11:20:13.967 - DEBUG: [controller_loader.js:267:12] registerPath called : /baroboard/device/status -> statusUpdate in file ../controllers/baroboard-device-controller
2020-05-19 11:20:13.968 - DEBUG: [controller_loader.js:274:20] 1 method #0 -> post
2020-05-19 11:20:13.975 - DEBUG: [controller_loader.js:267:12] registerPath called : /baroboard/device/data/mappinglist -> layoutMappingDataList in file ../controllers/baroboard-device-controller
2020-05-19 11:20:13.976 - DEBUG: [controller_loader.js:274:20] 1 method #0 -> post
2020-05-19 11:20:13.982 - DEBUG: [controller_loader.js:267:12] registerPath called : /baroboard/device/modify/layout -> modifyLayoutinfo in file ../controllers/baroboard-device-controller
2020-05-19 11:20:13.983 - DEBUG: [controller_loader.js:274:20] 1 method #0 -> post
2020-05-19 11:20:13.996 - DEBUG: [controller_loader.js:226:12] registerRest called : /baroboard/device_group -> in file ../controllers/baroboard-device-group-controller, table : baroboard.device_group
2020-05-19 11:20:13.997 - DEBUG: [controller_loader.js:241:16] rest type #0 -> list
2020-05-19 11:20:13.998 - DEBUG: [controller_loader.js:259:16] rest request method -> get, path -> /baroboard/device_group, func -> list
2020-05-19 11:20:13.999 - DEBUG: [controller_loader.js:241:16] rest type #1 -> create
2020-05-19 11:20:14.000 - DEBUG: [controller_loader.js:259:16] rest request method -> post, path -> /baroboard/device_group, func -> create
2020-05-19 11:20:14.001 - DEBUG: [controller_loader.js:241:16] rest type #2 -> read
2020-05-19 11:20:14.002 - DEBUG: [controller_loader.js:259:16] rest request method -> get, path -> /baroboard/device_group/:id, func -> read
2020-05-19 11:20:14.008 - DEBUG: [controller_loader.js:241:16] rest type #3 -> update
2020-05-19 11:20:14.009 - DEBUG: [controller_loader.js:259:16] rest request method -> put, path -> /baroboard/device_group/:id, func -> update
2020-05-19 11:20:14.011 - DEBUG: [controller_loader.js:241:16] rest type #4 -> delete
2020-05-19 11:20:14.012 - DEBUG: [controller_loader.js:259:16] rest request method -> delete, path -> /baroboard/device_group/:id, func -> delete
2020-05-19 11:20:14.023 - DEBUG: [controller_loader.js:226:12] registerRest called : /baroboard/image -> in file ../controllers/baroboard-image-controller, table : baroboard.image
2020-05-19 11:20:14.027 - DEBUG: [controller_loader.js:241:16] rest type #0 -> list
2020-05-19 11:20:14.028 - DEBUG: [controller_loader.js:259:16] rest request method -> get, path -> /baroboard/image, func -> list
2020-05-19 11:20:14.030 - DEBUG: [controller_loader.js:241:16] rest type #1 -> create
2020-05-19 11:20:14.031 - DEBUG: [controller_loader.js:259:16] rest request method -> post, path -> /baroboard/image, func -> create
2020-05-19 11:20:14.032 - DEBUG: [controller_loader.js:241:16] rest type #2 -> read
2020-05-19 11:20:14.033 - DEBUG: [controller_loader.js:259:16] rest request method -> get, path -> /baroboard/image/:id, func -> read
2020-05-19 11:20:14.034 - DEBUG: [controller_loader.js:241:16] rest type #3 -> update
2020-05-19 11:20:14.036 - DEBUG: [controller_loader.js:259:16] rest request method -> put, path -> /baroboard/image/:id, func -> update
2020-05-19 11:20:14.038 - DEBUG: [controller_loader.js:241:16] rest type #4 -> delete
2020-05-19 11:20:14.039 - DEBUG: [controller_loader.js:259:16] rest request method -> delete, path -> /baroboard/image/:id, func -> delete
2020-05-19 11:20:14.046 - DEBUG: [controller_loader.js:267:12] registerPath called : /baroboard/image/list -> requestList in file ../controllers/baroboard-image-controller
2020-05-19 11:20:14.049 - DEBUG: [controller_loader.js:274:20] 1 method #0 -> post
2020-05-19 11:20:14.052 - DEBUG: [controller_loader.js:267:12] registerPath called : /baroboard/image/category/list -> requestcategoryList in file ../controllers/baroboard-image-controller
2020-05-19 11:20:14.055 - DEBUG: [controller_loader.js:274:20] 1 method #0 -> post
2020-05-19 11:20:14.059 - DEBUG: [controller_loader.js:267:12] registerPath called : /baroboard/image/category/delete_item -> requestDeleteImage2 in file ../controllers/baroboard-image-controller
2020-05-19 11:20:14.060 - DEBUG: [controller_loader.js:274:20] 1 method #0 -> post
2020-05-19 11:20:14.063 - DEBUG: [controller_loader.js:267:12] registerPath called : /baroboard/image/category/title_delete -> requestDeleteCategory in file ../controllers/baroboard-image-controller
2020-05-19 11:20:14.064 - DEBUG: [controller_loader.js:274:20] 1 method #0 -> post
2020-05-19 11:20:14.068 - DEBUG: [controller_loader.js:267:12] registerPath called : /baroboard/image/category/add -> requestAddCategoryItem in file ../controllers/baroboard-image-controller
2020-05-19 11:20:14.071 - DEBUG: [controller_loader.js:274:20] 1 method #0 -> post
2020-05-19 11:20:14.077 - DEBUG: [controller_loader.js:267:12] registerPath called : /baroboard/image/category/image -> requestAddImageItemInCategory in file ../controllers/baroboard-image-controller
2020-05-19 11:20:14.078 - DEBUG: [controller_loader.js:274:20] 1 method #0 -> get
2020-05-19 11:20:14.080 - DEBUG: [controller_loader.js:274:20] 1 method #1 -> post
2020-05-19 11:20:14.093 - DEBUG: [controller_loader.js:226:12] registerRest called : /baroboard/layout -> in file ../controllers/baroboard-layout-controller, table : baroboard.layout
2020-05-19 11:20:14.095 - DEBUG: [controller_loader.js:241:16] rest type #0 -> list
2020-05-19 11:20:14.096 - DEBUG: [controller_loader.js:259:16] rest request method -> get, path -> /baroboard/layout, func -> list
2020-05-19 11:20:14.097 - DEBUG: [controller_loader.js:241:16] rest type #1 -> create
2020-05-19 11:20:14.098 - DEBUG: [controller_loader.js:259:16] rest request method -> post, path -> /baroboard/layout, func -> create
2020-05-19 11:20:14.098 - DEBUG: [controller_loader.js:241:16] rest type #2 -> read
2020-05-19 11:20:14.099 - DEBUG: [controller_loader.js:259:16] rest request method -> get, path -> /baroboard/layout/:id, func -> read
2020-05-19 11:20:14.100 - DEBUG: [controller_loader.js:241:16] rest type #3 -> update
2020-05-19 11:20:14.101 - DEBUG: [controller_loader.js:259:16] rest request method -> put, path -> /baroboard/layout/:id, func -> update
2020-05-19 11:20:14.102 - DEBUG: [controller_loader.js:241:16] rest type #4 -> delete
2020-05-19 11:20:14.104 - DEBUG: [controller_loader.js:259:16] rest request method -> delete, path -> /baroboard/layout/:id, func -> delete
2020-05-19 11:20:14.112 - DEBUG: [controller_loader.js:267:12] registerPath called : /baroboard/layout/image/del -> requestImageDelete in file ../controllers/baroboard-layout-controller
2020-05-19 11:20:14.114 - DEBUG: [controller_loader.js:274:20] 1 method #0 -> get
2020-05-19 11:20:14.117 - DEBUG: [controller_loader.js:274:20] 1 method #1 -> post
2020-05-19 11:20:14.124 - DEBUG: [controller_loader.js:267:12] registerPath called : /baroboard/layout/image/update -> requestUpdateImage in file ../controllers/baroboard-layout-controller
2020-05-19 11:20:14.125 - DEBUG: [controller_loader.js:274:20] 1 method #0 -> post
2020-05-19 11:20:14.132 - DEBUG: [controller_loader.js:267:12] registerPath called : /baroboard/layout/mapping/update -> updateMapping in file ../controllers/baroboard-layout-controller
2020-05-19 11:20:14.133 - DEBUG: [controller_loader.js:274:20] 1 method #0 -> post
2020-05-19 11:20:14.144 - DEBUG: [controller_loader.js:226:12] registerRest called : /baroboard/legacy -> in file ../controllers/baroboard-legacy, table : baroboard.legacy
2020-05-19 11:20:14.145 - DEBUG: [controller_loader.js:241:16] rest type #0 -> list
2020-05-19 11:20:14.146 - DEBUG: [controller_loader.js:259:16] rest request method -> get, path -> /baroboard/legacy, func -> list
2020-05-19 11:20:14.148 - DEBUG: [controller_loader.js:241:16] rest type #1 -> create
2020-05-19 11:20:14.149 - DEBUG: [controller_loader.js:259:16] rest request method -> post, path -> /baroboard/legacy, func -> create
2020-05-19 11:20:14.150 - DEBUG: [controller_loader.js:241:16] rest type #2 -> read
2020-05-19 11:20:14.152 - DEBUG: [controller_loader.js:259:16] rest request method -> get, path -> /baroboard/legacy/:id, func -> read
2020-05-19 11:20:14.154 - DEBUG: [controller_loader.js:241:16] rest type #3 -> update
2020-05-19 11:20:14.155 - DEBUG: [controller_loader.js:259:16] rest request method -> put, path -> /baroboard/legacy/:id, func -> update
2020-05-19 11:20:14.158 - DEBUG: [controller_loader.js:241:16] rest type #4 -> delete
2020-05-19 11:20:14.159 - DEBUG: [controller_loader.js:259:16] rest request method -> delete, path -> /baroboard/legacy/:id, func -> delete
2020-05-19 11:20:14.169 - DEBUG: [controller_loader.js:226:12] registerRest called : /baroboard/users -> in file ../controllers/baroboard-users-controller, table : baroboard.users
2020-05-19 11:20:14.171 - DEBUG: [controller_loader.js:241:16] rest type #0 -> list
2020-05-19 11:20:14.173 - DEBUG: [controller_loader.js:259:16] rest request method -> get, path -> /baroboard/users, func -> list
2020-05-19 11:20:14.175 - DEBUG: [controller_loader.js:241:16] rest type #1 -> create
2020-05-19 11:20:14.176 - DEBUG: [controller_loader.js:259:16] rest request method -> post, path -> /baroboard/users, func -> create
2020-05-19 11:20:14.178 - DEBUG: [controller_loader.js:241:16] rest type #2 -> read
2020-05-19 11:20:14.179 - DEBUG: [controller_loader.js:259:16] rest request method -> get, path -> /baroboard/users/:id, func -> read
2020-05-19 11:20:14.180 - DEBUG: [controller_loader.js:241:16] rest type #3 -> update
2020-05-19 11:20:14.181 - DEBUG: [controller_loader.js:259:16] rest request method -> put, path -> /baroboard/users/:id, func -> update
2020-05-19 11:20:14.182 - DEBUG: [controller_loader.js:241:16] rest type #4 -> delete
2020-05-19 11:20:14.183 - DEBUG: [controller_loader.js:259:16] rest request method -> delete, path -> /baroboard/users/:id, func -> delete
2020-05-19 11:20:14.195 - DEBUG: [controller_loader.js:267:12] registerPath called : /baroboard/users/login -> login in file ../controllers/baroboard-users-controller
2020-05-19 11:20:14.197 - DEBUG: [controller_loader.js:274:20] 1 method #0 -> post
2020-05-19 11:20:14.202 - DEBUG: [controller_loader.js:267:12] registerPath called : /baroboard/users/logout -> logout in file ../controllers/baroboard-users-controller
2020-05-19 11:20:14.204 - DEBUG: [controller_loader.js:274:20] 1 method #0 -> post
2020-05-19 11:20:14.215 - DEBUG: [controller_loader.js:226:12] registerRest called : /bear -> in file ../controllers/bear-controller, table : test.person
2020-05-19 11:20:14.216 - DEBUG: [controller_loader.js:241:16] rest type #0 -> list
2020-05-19 11:20:14.217 - DEBUG: [controller_loader.js:259:16] rest request method -> get, path -> /bear, func -> list
2020-05-19 11:20:14.220 - DEBUG: [controller_loader.js:241:16] rest type #1 -> create
2020-05-19 11:20:14.223 - DEBUG: [controller_loader.js:259:16] rest request method -> post, path -> /bear, func -> create
2020-05-19 11:20:14.225 - DEBUG: [controller_loader.js:241:16] rest type #2 -> read
2020-05-19 11:20:14.227 - DEBUG: [controller_loader.js:259:16] rest request method -> get, path -> /bear/:id, func -> read
2020-05-19 11:20:14.229 - DEBUG: [controller_loader.js:241:16] rest type #3 -> update
2020-05-19 11:20:14.229 - DEBUG: [controller_loader.js:259:16] rest request method -> put, path -> /bear/:id, func -> update
2020-05-19 11:20:14.231 - DEBUG: [controller_loader.js:241:16] rest type #4 -> delete
2020-05-19 11:20:14.231 - DEBUG: [controller_loader.js:259:16] rest request method -> delete, path -> /bear/:id, func -> delete
2020-05-19 11:20:14.242 - DEBUG: [controller_loader.js:226:12] registerRest called : /cat -> in file ../controllers/cat-controller, table : undefined
2020-05-19 11:20:14.244 - DEBUG: [controller_loader.js:241:16] rest type #0 -> list
2020-05-19 11:20:14.244 - DEBUG: [controller_loader.js:259:16] rest request method -> get, path -> /cat, func -> list
2020-05-19 11:20:14.245 - DEBUG: [controller_loader.js:241:16] rest type #1 -> create
2020-05-19 11:20:14.246 - DEBUG: [controller_loader.js:259:16] rest request method -> post, path -> /cat, func -> create
2020-05-19 11:20:14.246 - DEBUG: [controller_loader.js:241:16] rest type #2 -> read
2020-05-19 11:20:14.247 - DEBUG: [controller_loader.js:259:16] rest request method -> get, path -> /cat/:id, func -> read
2020-05-19 11:20:14.249 - DEBUG: [controller_loader.js:241:16] rest type #3 -> update
2020-05-19 11:20:14.250 - DEBUG: [controller_loader.js:259:16] rest request method -> put, path -> /cat/:id, func -> update
2020-05-19 11:20:14.251 - DEBUG: [controller_loader.js:241:16] rest type #4 -> delete
2020-05-19 11:20:14.252 - DEBUG: [controller_loader.js:259:16] rest request method -> delete, path -> /cat/:id, func -> delete
2020-05-19 11:20:14.264 - DEBUG: [controller_loader.js:267:12] registerPath called : /chat/send -> send in file ../controllers/chat-controller
2020-05-19 11:20:14.266 - DEBUG: [controller_loader.js:274:20] 1 method #0 -> get
2020-05-19 11:20:14.284 - DEBUG: [controller_loader.js:267:12] registerPath called : /cni-test/patient-list -> patientList in file ../controllers/cni-controller
2020-05-19 11:20:14.295 - DEBUG: [controller_loader.js:274:20] 1 method #0 -> get
2020-05-19 11:20:14.297 - DEBUG: [controller_loader.js:274:20] 1 method #1 -> post
2020-05-19 11:20:14.317 - DEBUG: [controller_loader.js:267:12] registerPath called : /consent/v1/patient/inpatient-list-01 -> inpatientList01 in file ../controllers/consent-v1-kbsmc-controller
2020-05-19 11:20:14.319 - DEBUG: [controller_loader.js:274:20] 1 method #0 -> get
2020-05-19 11:20:14.323 - DEBUG: [controller_loader.js:274:20] 1 method #1 -> post
2020-05-19 11:20:14.329 - DEBUG: [controller_loader.js:267:12] registerPath called : /consent/v1/consent/consent-save-01 -> consentSave01 in file ../controllers/consent-v1-kbsmc-controller
2020-05-19 11:20:14.331 - DEBUG: [controller_loader.js:274:20] 1 method #0 -> get
2020-05-19 11:20:14.333 - DEBUG: [controller_loader.js:274:20] 1 method #1 -> post
2020-05-19 11:20:14.350 - DEBUG: [controller_loader.js:267:12] registerPath called : /dog/index -> index in file ../controllers/dog-controller
2020-05-19 11:20:14.352 - DEBUG: [controller_loader.js:274:20] 1 method #0 -> get
2020-05-19 11:20:14.358 - DEBUG: [controller_loader.js:274:20] 1 method #1 -> post
2020-05-19 11:20:14.366 - DEBUG: [controller_loader.js:267:12] registerPath called : /dog/list -> list in file ../controllers/dog-controller
2020-05-19 11:20:14.367 - DEBUG: [controller_loader.js:274:20] 1 method #0 -> get
2020-05-19 11:20:14.368 - DEBUG: [controller_loader.js:274:20] 1 method #1 -> post
2020-05-19 11:20:14.374 - DEBUG: [controller_loader.js:267:12] registerPath called : /dog/create -> create in file ../controllers/dog-controller
2020-05-19 11:20:14.378 - DEBUG: [controller_loader.js:274:20] 1 method #0 -> get
2020-05-19 11:20:14.378 - DEBUG: [controller_loader.js:274:20] 1 method #1 -> post
2020-05-19 11:20:14.382 - DEBUG: [controller_loader.js:267:12] registerPath called : /dog/read -> read in file ../controllers/dog-controller
2020-05-19 11:20:14.384 - DEBUG: [controller_loader.js:274:20] 1 method #0 -> get
2020-05-19 11:20:14.384 - DEBUG: [controller_loader.js:274:20] 1 method #1 -> post
2020-05-19 11:20:14.390 - DEBUG: [controller_loader.js:267:12] registerPath called : /dog/update -> update in file ../controllers/dog-controller
2020-05-19 11:20:14.392 - DEBUG: [controller_loader.js:274:20] 1 method #0 -> get
2020-05-19 11:20:14.393 - DEBUG: [controller_loader.js:274:20] 1 method #1 -> post
2020-05-19 11:20:14.398 - DEBUG: [controller_loader.js:267:12] registerPath called : /dog/delete -> delete in file ../controllers/dog-controller
2020-05-19 11:20:14.399 - DEBUG: [controller_loader.js:274:20] 1 method #0 -> post
2020-05-19 11:20:14.413 - DEBUG: [controller_loader.js:267:12] registerPath called : /sheep.do -> sheepIndex in file ../controllers/index-controller
2020-05-19 11:20:14.416 - DEBUG: [controller_loader.js:274:20] 1 method #0 -> get
2020-05-19 11:20:14.423 - DEBUG: [controller_loader.js:267:12] registerPath called : /sheep2.do -> sheepIndex2 in file ../controllers/index-controller
2020-05-19 11:20:14.425 - DEBUG: [controller_loader.js:274:20] 1 method #0 -> get
2020-05-19 11:20:14.429 - DEBUG: [controller_loader.js:267:12] registerPath called : /sheep3.do -> sheepIndex3 in file ../controllers/index-controller
2020-05-19 11:20:14.430 - DEBUG: [controller_loader.js:274:20] 1 method #0 -> get
2020-05-19 11:20:14.434 - DEBUG: [controller_loader.js:267:12] registerPath called : /sheep4.do -> sheepIndex4 in file ../controllers/index-controller
2020-05-19 11:20:14.436 - DEBUG: [controller_loader.js:274:20] 1 method #0 -> get
2020-05-19 11:20:14.443 - DEBUG: [controller_loader.js:267:12] registerPath called : /esl-index.do -> eslIndex in file ../controllers/index-controller
2020-05-19 11:20:14.444 - DEBUG: [controller_loader.js:274:20] 1 method #0 -> get
2020-05-19 11:20:14.455 - DEBUG: [controller_loader.js:267:12] registerPath called : /lion/ -> list in file ../controllers/lion-controller
2020-05-19 11:20:14.458 - DEBUG: [controller_loader.js:274:20] 1 method #0 -> get
2020-05-19 11:20:14.463 - DEBUG: [controller_loader.js:267:12] registerPath called : /lion/create -> create in file ../controllers/lion-controller
2020-05-19 11:20:14.464 - DEBUG: [controller_loader.js:274:20] 1 method #0 -> post
2020-05-19 11:20:14.467 - DEBUG: [controller_loader.js:267:12] registerPath called : /lion/read/:id -> read in file ../controllers/lion-controller
2020-05-19 11:20:14.468 - DEBUG: [controller_loader.js:274:20] 1 method #0 -> get
2020-05-19 11:20:14.476 - DEBUG: [controller_loader.js:267:12] registerPath called : /lion/update/:id -> update in file ../controllers/lion-controller
2020-05-19 11:20:14.478 - DEBUG: [controller_loader.js:274:20] 1 method #0 -> post
2020-05-19 11:20:14.485 - DEBUG: [controller_loader.js:267:12] registerPath called : /lion/delete/:id -> delete in file ../controllers/lion-controller
2020-05-19 11:20:14.487 - DEBUG: [controller_loader.js:274:20] 1 method #0 -> delete
2020-05-19 11:20:14.502 - DEBUG: [controller_loader.js:267:12] registerPath called : /mci-test/patient-list -> patientList in file ../controllers/mci-controller
2020-05-19 11:20:14.517 - DEBUG: [controller_loader.js:274:20] 1 method #0 -> get
2020-05-19 11:20:14.518 - DEBUG: [controller_loader.js:274:20] 1 method #1 -> post
2020-05-19 11:20:14.537 - DEBUG: [controller_loader.js:267:12] registerPath called : /panda/list -> list in file ../controllers/panda-controller
2020-05-19 11:20:14.543 - DEBUG: [controller_loader.js:274:20] 1 method #0 -> get
2020-05-19 11:20:14.565 - DEBUG: [controller_loader.js:267:12] registerPath called : /sboard_image/upload -> upload in file ../controllers/sboard-image-controller
2020-05-19 11:20:14.568 - DEBUG: [controller_loader.js:274:20] 1 method #0 -> post
2020-05-19 11:20:14.575 - DEBUG: [controller_loader.js:267:12] registerPath called : /sboard_image/send -> send in file ../controllers/sboard-image-controller
2020-05-19 11:20:14.576 - DEBUG: [controller_loader.js:274:20] 1 method #0 -> post
2020-05-19 11:20:14.585 - DEBUG: [controller_loader.js:267:12] registerPath called : /sboard_image/send_group -> sendGroup in file ../controllers/sboard-image-controller
2020-05-19 11:20:14.586 - DEBUG: [controller_loader.js:274:20] 1 method #0 -> post
2020-05-19 11:20:14.603 - DEBUG: [controller_loader.js:267:12] registerPath called : /sheep/ -> list in file ../controllers/sheep-controller
2020-05-19 11:20:14.608 - DEBUG: [controller_loader.js:274:20] 1 method #0 -> get
2020-05-19 11:20:14.614 - DEBUG: [controller_loader.js:267:12] registerPath called : /sheep/ -> create in file ../controllers/sheep-controller
2020-05-19 11:20:14.616 - DEBUG: [controller_loader.js:274:20] 1 method #0 -> post
2020-05-19 11:20:14.623 - DEBUG: [controller_loader.js:267:12] registerPath called : /sheep/:id -> read in file ../controllers/sheep-controller
2020-05-19 11:20:14.626 - DEBUG: [controller_loader.js:274:20] 1 method #0 -> get
2020-05-19 11:20:14.632 - DEBUG: [controller_loader.js:267:12] registerPath called : /sheep/:id -> update in file ../controllers/sheep-controller
2020-05-19 11:20:14.634 - DEBUG: [controller_loader.js:274:20] 1 method #0 -> put
2020-05-19 11:20:14.642 - DEBUG: [controller_loader.js:267:12] registerPath called : /sheep/:id -> delete in file ../controllers/sheep-controller
2020-05-19 11:20:14.643 - DEBUG: [controller_loader.js:274:20] 1 method #0 -> delete
2020-05-19 11:20:14.658 - DEBUG: [controller_loader.js:267:12] registerPath called : /data/lastmodifieddate -> getLastModifiedDate in file ../controllers/sync_to_mci-controller
2020-05-19 11:20:14.712 - DEBUG: [controller_loader.js:274:20] 1 method #0 -> post
2020-05-19 11:20:14.718 - DEBUG: [controller_loader.js:267:12] registerPath called : /data/apply -> applyData in file ../controllers/sync_to_mci-controller
2020-05-19 11:20:14.720 - DEBUG: [controller_loader.js:274:20] 1 method #0 -> post
2020-05-19 11:20:14.729 - DEBUG: [controller_loader.js:267:12] registerPath called : /tiger/hello -> hello in file ../controllers/tiger-controller
2020-05-19 11:20:14.731 - DEBUG: [controller_loader.js:274:20] 1 method #0 -> get
2020-05-19 11:20:14.732 - DEBUG: [controller_loader.js:274:20] 1 method #1 -> post
2020-05-19 11:20:14.739 - DEBUG: [controller_loader.js:267:12] registerPath called : /tiger/bye -> bye in file ../controllers/tiger-controller
2020-05-19 11:20:14.741 - DEBUG: [controller_loader.js:274:20] 1 method #0 -> get
2020-05-19 11:20:14.743 - DEBUG: [controller_loader.js:274:20] 1 method #1 -> post
2020-05-19 11:20:14.778 - DEBUG: [socketio_loader.js:103:16] Error in executing sql -> Error: ER_BAD_DB_ERROR: Unknown database 'chat'
2020-05-19 11:20:14.874 - DEBUG: [socketio_loader.js:125:16] namespace file saved to -> ./socketio.pid
2020-05-19 11:20:14.875 - INFO: [socketio_loader.js:133:12] socket.io service started.
2020-05-19 11:20:14.879 - DEBUG: [socketio_loader.js:147:12] redis subscribed -> myapp_message
