2023-01-04 10:30:35.448 - DEBUG: [service_loader.js:17:12] load in service_loader called.
2023-01-04 10:30:35.452 - DEBUG: [service_loader.js:21:16] #0 -> id:1, unit:person
2023-01-04 10:30:36.081 - DEBUG: [service_loader.js:39:16] method #0 -> list
2023-01-04 10:30:36.082 - DEBUG: [service_loader.js:43:16]     do method name -> doList
2023-01-04 10:30:36.082 - DEBUG: [service_loader.js:39:16] method #1 -> read
2023-01-04 10:30:36.082 - DEBUG: [service_loader.js:43:16]     do method name -> doRead
2023-01-04 10:30:36.083 - DEBUG: [service_loader.js:39:16] method #2 -> create
2023-01-04 10:30:36.083 - DEBUG: [service_loader.js:43:16]     do method name -> doCreate
2023-01-04 10:30:36.084 - DEBUG: [service_loader.js:39:16] method #3 -> update
2023-01-04 10:30:36.084 - DEBUG: [service_loader.js:43:16]     do method name -> doUpdate
2023-01-04 10:30:36.084 - DEBUG: [service_loader.js:39:16] method #4 -> delete
2023-01-04 10:30:36.085 - DEBUG: [service_loader.js:43:16]     do method name -> doDelete
2023-01-04 10:30:36.085 - INFO: [index.js:114:12] service loader called.
2023-01-04 10:30:36.086 - DEBUG: [controller_loader.js:26:12] load called.
2023-01-04 10:30:36.086 - DEBUG: [controller_loader.js:106:12] autoLoad called.
2023-01-04 10:30:36.180 - DEBUG: [controller_loader.js:34:20] #0 -> id:1, type:rest, base:, unit:person
2023-01-04 10:30:36.203 - DEBUG: [person-controller.js:27:16] PersonController initialized.
2023-01-04 10:30:36.203 - DEBUG: [controller_loader.js:53:24] rest type #0 -> list
2023-01-04 10:30:36.204 - DEBUG: [controller_loader.js:73:24] rest request method -> get, path -> /person, func -> list
2023-01-04 10:30:36.204 - DEBUG: [controller_loader.js:53:24] rest type #1 -> create
2023-01-04 10:30:36.205 - DEBUG: [controller_loader.js:73:24] rest request method -> post, path -> /person, func -> create
2023-01-04 10:30:36.205 - DEBUG: [controller_loader.js:53:24] rest type #2 -> read
2023-01-04 10:30:36.205 - DEBUG: [controller_loader.js:73:24] rest request method -> get, path -> /person/:id, func -> read
2023-01-04 10:30:36.206 - DEBUG: [controller_loader.js:53:24] rest type #3 -> update
2023-01-04 10:30:36.206 - DEBUG: [controller_loader.js:73:24] rest request method -> put, path -> /person/:id, func -> update
2023-01-04 10:30:36.207 - DEBUG: [controller_loader.js:53:24] rest type #4 -> delete
2023-01-04 10:30:36.207 - DEBUG: [controller_loader.js:73:24] rest request method -> delete, path -> /person/:id, func -> delete
2023-01-04 10:30:36.207 - DEBUG: [controller_loader.js:36:20] #1 -> id:2, type:path, path:/profile/list, method:get,post, file:profile-controller, func:list
2023-01-04 10:30:36.218 - DEBUG: [profile-controller.js:21:11] ProfileController initialized.
2023-01-04 10:30:36.219 - DEBUG: [controller_loader.js:84:28] method #0 -> get
2023-01-04 10:30:36.219 - DEBUG: [controller_loader.js:84:28] method #1 -> post
2023-01-04 10:30:36.220 - DEBUG: [controller_loader.js:36:20] #2 -> id:3, type:path, path:/profile/get, method:get,post, file:profile-controller, func:get
2023-01-04 10:30:36.220 - DEBUG: [profile-controller.js:21:11] ProfileController initialized.
2023-01-04 10:30:36.221 - DEBUG: [controller_loader.js:84:28] method #0 -> get
2023-01-04 10:30:36.221 - DEBUG: [controller_loader.js:84:28] method #1 -> post
2023-01-04 10:30:36.221 - DEBUG: [controller_loader.js:36:20] #3 -> id:4, type:path, path:/profile/add, method:get, file:profile-controller, func:add
2023-01-04 10:30:36.222 - DEBUG: [profile-controller.js:21:11] ProfileController initialized.
2023-01-04 10:30:36.222 - DEBUG: [controller_loader.js:84:28] method #0 -> get
2023-01-04 10:30:36.223 - DEBUG: [controller_loader.js:36:20] #4 -> id:5, type:path, path:/profile/upload, method:post, file:profile-controller, func:upload
2023-01-04 10:30:36.223 - DEBUG: [profile-controller.js:21:11] ProfileController initialized.
2023-01-04 10:30:36.223 - DEBUG: [controller_loader.js:84:28] method #0 -> post
2023-01-04 10:30:36.224 - DEBUG: [controller_loader.js:36:20] #5 -> id:6, type:path, path:/test/set_cookie, method:get, file:test-controller, func:set_cookie
2023-01-04 10:30:36.231 - DEBUG: [test-controller.js:15:16] TestController initialized.
2023-01-04 10:30:36.232 - DEBUG: [controller_loader.js:84:28] method #0 -> get
2023-01-04 10:30:36.232 - DEBUG: [controller_loader.js:36:20] #6 -> id:7, type:path, path:/test/show_cookie, method:get, file:test-controller, func:show_cookie
2023-01-04 10:30:36.233 - DEBUG: [test-controller.js:15:16] TestController initialized.
2023-01-04 10:30:36.233 - DEBUG: [controller_loader.js:84:28] method #0 -> get
2023-01-04 10:30:36.234 - INFO: [index.js:118:12] controller loader called.
2023-01-04 10:30:36.290 - DEBUG: [mci.js:20:16] MCI initialized.
2023-01-04 10:30:36.290 - DEBUG: [mci.js:28:20] name : external01
2023-01-04 10:30:36.532 - DEBUG: [cni.js:15:16] CNI initialized.
2023-01-04 10:30:36.532 - DEBUG: [cni.js:21:16] server name : external02
2023-01-04 10:30:36.533 - DEBUG: [cni.js:25:16] server host : localhost
2023-01-04 10:30:36.533 - DEBUG: [cni.js:26:16] server port : 7102
2023-01-04 10:30:38.662 - INFO: [index.js:242:20] Http Server started.
2023-01-04 10:30:38.663 - INFO: [index.js:252:16] Base URL -> http://localhost:7001
2023-01-04 10:30:38.663 - INFO: [index.js:257:16] Namespace -> ::_7001_20512
2023-01-04 10:30:39.369 - DEBUG: [socketio_loader.js:73:9] socketio_loader.load called.
2023-01-04 10:30:39.373 - DEBUG: [socketio_loader.js:83:16] read namespace file -> ::_7001_6344
2023-01-04 10:30:39.374 - INFO: [index.js:265:20] socket.io loader called.
2023-01-04 10:30:39.376 - DEBUG: [socketio_loader.js:103:16] Error in executing sql -> Sql definition for chat_reset_presence not found in sql_config
2023-01-04 10:30:39.521 - DEBUG: [socketio_loader.js:125:16] namespace file saved to -> ./socketio.pid
2023-01-04 10:30:39.521 - INFO: [socketio_loader.js:133:12] socket.io service started.
2023-01-04 10:30:39.522 - DEBUG: [socketio_loader.js:147:12] redis subscribed -> myapp_message
2023-01-04 10:30:39.555 - DEBUG: [controller_loader.js:226:12] registerRest called : /baroboard/darwin -> in file ../controllers/baroboard-darwin-sync-controller, table : baroboard.device
2023-01-04 10:30:39.573 - DEBUG: [controller_loader.js:241:16] rest type #0 -> list
2023-01-04 10:30:39.574 - DEBUG: [controller_loader.js:259:16] rest request method -> get, path -> /baroboard/darwin, func -> list
2023-01-04 10:30:39.574 - DEBUG: [controller_loader.js:241:16] rest type #1 -> create
2023-01-04 10:30:39.575 - DEBUG: [controller_loader.js:259:16] rest request method -> post, path -> /baroboard/darwin, func -> create
2023-01-04 10:30:39.575 - DEBUG: [controller_loader.js:241:16] rest type #2 -> read
2023-01-04 10:30:39.576 - DEBUG: [controller_loader.js:259:16] rest request method -> get, path -> /baroboard/darwin/:id, func -> read
2023-01-04 10:30:39.576 - DEBUG: [controller_loader.js:241:16] rest type #3 -> update
2023-01-04 10:30:39.576 - DEBUG: [controller_loader.js:259:16] rest request method -> put, path -> /baroboard/darwin/:id, func -> update
2023-01-04 10:30:39.577 - DEBUG: [controller_loader.js:241:16] rest type #4 -> delete
2023-01-04 10:30:39.577 - DEBUG: [controller_loader.js:259:16] rest request method -> delete, path -> /baroboard/darwin/:id, func -> delete
2023-01-04 10:30:39.579 - DEBUG: [controller_loader.js:267:12] registerPath called : /baroboard/darwin/request_esl_sync -> updateData in file ../controllers/baroboard-darwin-sync-controller
2023-01-04 10:30:40.222 - DEBUG: [controller_loader.js:274:20]  method #0 -> post
2023-01-04 10:30:40.227 - DEBUG: [controller_loader.js:226:12] registerRest called : /baroboard/device -> in file ../controllers/baroboard-device-controller, table : baroboard.device
2023-01-04 10:30:40.227 - DEBUG: [controller_loader.js:241:16] rest type #0 -> list
2023-01-04 10:30:40.228 - DEBUG: [controller_loader.js:259:16] rest request method -> get, path -> /baroboard/device, func -> list
2023-01-04 10:30:40.228 - DEBUG: [controller_loader.js:241:16] rest type #1 -> create
2023-01-04 10:30:40.228 - DEBUG: [controller_loader.js:259:16] rest request method -> post, path -> /baroboard/device, func -> create
2023-01-04 10:30:40.229 - DEBUG: [controller_loader.js:241:16] rest type #2 -> read
2023-01-04 10:30:40.229 - DEBUG: [controller_loader.js:259:16] rest request method -> get, path -> /baroboard/device/:id, func -> read
2023-01-04 10:30:40.230 - DEBUG: [controller_loader.js:241:16] rest type #3 -> update
2023-01-04 10:30:40.230 - DEBUG: [controller_loader.js:259:16] rest request method -> put, path -> /baroboard/device/:id, func -> update
2023-01-04 10:30:40.230 - DEBUG: [controller_loader.js:241:16] rest type #4 -> delete
2023-01-04 10:30:40.231 - DEBUG: [controller_loader.js:259:16] rest request method -> delete, path -> /baroboard/device/:id, func -> delete
2023-01-04 10:30:40.232 - DEBUG: [controller_loader.js:267:12] registerPath called : /baroboard/device/data/update -> updateData in file ../controllers/baroboard-device-controller
2023-01-04 10:30:40.255 - DEBUG: [controller_loader.js:274:20]  method #0 -> post
2023-01-04 10:30:40.256 - DEBUG: [controller_loader.js:267:12] registerPath called : /baroboard/device/data/select -> selectData in file ../controllers/baroboard-device-controller
2023-01-04 10:30:40.257 - DEBUG: [controller_loader.js:274:20]  method #0 -> get
2023-01-04 10:30:40.258 - DEBUG: [controller_loader.js:267:12] registerPath called : /baroboard/device/dashboard/list -> dashboardList in file ../controllers/baroboard-device-controller
2023-01-04 10:30:40.259 - DEBUG: [controller_loader.js:274:20]  method #0 -> get
2023-01-04 10:30:40.260 - DEBUG: [controller_loader.js:267:12] registerPath called : /baroboard/device/dashboard/sublist -> dashboardSubList in file ../controllers/baroboard-device-controller
2023-01-04 10:30:40.260 - DEBUG: [controller_loader.js:274:20]  method #0 -> get
2023-01-04 10:30:40.262 - DEBUG: [controller_loader.js:267:12] registerPath called : /baroboard/device/dashboard/legacy -> legacyInfo in file ../controllers/baroboard-device-controller
2023-01-04 10:30:40.262 - DEBUG: [controller_loader.js:288:16] legacyInfo not found in the controller.
2023-01-04 10:30:40.263 - DEBUG: [controller_loader.js:267:12] registerPath called : /baroboard/device/dashboard/fieldlist -> dashboardFieldList in file ../controllers/baroboard-device-controller
2023-01-04 10:30:40.263 - DEBUG: [controller_loader.js:274:20]  method #0 -> get
2023-01-04 10:30:40.264 - DEBUG: [controller_loader.js:267:12] registerPath called : /baroboard/device/data/preview2 -> preview2 in file ../controllers/baroboard-device-controller
2023-01-04 10:30:40.265 - DEBUG: [controller_loader.js:274:20]  method #0 -> post
2023-01-04 10:30:40.266 - DEBUG: [controller_loader.js:267:12] registerPath called : /baroboard/device/data/apply -> applyData in file ../controllers/baroboard-device-controller
2023-01-04 10:30:40.266 - DEBUG: [controller_loader.js:274:20]  method #0 -> post
2023-01-04 10:30:40.267 - DEBUG: [controller_loader.js:267:12] registerPath called : /baroboard/device/data/preview -> applyData2 in file ../controllers/baroboard-device-controller
2023-01-04 10:30:40.268 - DEBUG: [controller_loader.js:274:20]  method #0 -> post
2023-01-04 10:30:40.269 - DEBUG: [controller_loader.js:267:12] registerPath called : /baroboard/device/goodbattery -> batteryUpdate in file ../controllers/baroboard-device-controller
2023-01-04 10:30:40.269 - DEBUG: [controller_loader.js:274:20]  method #0 -> post
2023-01-04 10:30:40.270 - DEBUG: [controller_loader.js:267:12] registerPath called : /baroboard/device/badbattery -> batteryUpdate2 in file ../controllers/baroboard-device-controller
2023-01-04 10:30:40.270 - DEBUG: [controller_loader.js:274:20]  method #0 -> post
2023-01-04 10:30:40.271 - DEBUG: [controller_loader.js:267:12] registerPath called : /baroboard/device/check/usinglayout -> checkUsingLayout in file ../controllers/baroboard-device-controller
2023-01-04 10:30:40.271 - DEBUG: [controller_loader.js:274:20]  method #0 -> post
2023-01-04 10:30:40.273 - DEBUG: [controller_loader.js:267:12] registerPath called : /baroboard/device/status -> statusUpdate in file ../controllers/baroboard-device-controller
2023-01-04 10:30:40.273 - DEBUG: [controller_loader.js:274:20]  method #0 -> post
2023-01-04 10:30:40.274 - DEBUG: [controller_loader.js:267:12] registerPath called : /baroboard/device/statussync -> statusSync in file ../controllers/baroboard-device-controller
2023-01-04 10:30:40.274 - DEBUG: [controller_loader.js:274:20]  method #0 -> post
2023-01-04 10:30:40.275 - DEBUG: [controller_loader.js:267:12] registerPath called : /baroboard/device/data/mappinglist -> layoutMappingDataList in file ../controllers/baroboard-device-controller
2023-01-04 10:30:40.276 - DEBUG: [controller_loader.js:274:20]  method #0 -> post
2023-01-04 10:30:40.277 - DEBUG: [controller_loader.js:267:12] registerPath called : /baroboard/device/modify/layout -> modifyLayoutinfo in file ../controllers/baroboard-device-controller
2023-01-04 10:30:40.277 - DEBUG: [controller_loader.js:274:20]  method #0 -> post
2023-01-04 10:30:40.278 - DEBUG: [controller_loader.js:267:12] registerPath called : /baroboard/device/data/esl_request -> darwinPushESLData in file ../controllers/baroboard-device-controller
2023-01-04 10:30:40.278 - DEBUG: [controller_loader.js:274:20]  method #0 -> post
2023-01-04 10:30:40.280 - DEBUG: [controller_loader.js:226:12] registerRest called : /baroboard/device_group -> in file ../controllers/baroboard-device-group-controller, table : baroboard.device_group
2023-01-04 10:30:40.281 - DEBUG: [controller_loader.js:241:16] rest type #0 -> list
2023-01-04 10:30:40.281 - DEBUG: [controller_loader.js:259:16] rest request method -> get, path -> /baroboard/device_group, func -> list
2023-01-04 10:30:40.281 - DEBUG: [controller_loader.js:241:16] rest type #1 -> create
2023-01-04 10:30:40.282 - DEBUG: [controller_loader.js:259:16] rest request method -> post, path -> /baroboard/device_group, func -> create
2023-01-04 10:30:40.282 - DEBUG: [controller_loader.js:241:16] rest type #2 -> read
2023-01-04 10:30:40.282 - DEBUG: [controller_loader.js:259:16] rest request method -> get, path -> /baroboard/device_group/:id, func -> read
2023-01-04 10:30:40.283 - DEBUG: [controller_loader.js:241:16] rest type #3 -> update
2023-01-04 10:30:40.283 - DEBUG: [controller_loader.js:259:16] rest request method -> put, path -> /baroboard/device_group/:id, func -> update
2023-01-04 10:30:40.284 - DEBUG: [controller_loader.js:241:16] rest type #4 -> delete
2023-01-04 10:30:40.284 - DEBUG: [controller_loader.js:259:16] rest request method -> delete, path -> /baroboard/device_group/:id, func -> delete
2023-01-04 10:30:40.286 - DEBUG: [controller_loader.js:226:12] registerRest called : /baroboard/image -> in file ../controllers/baroboard-image-controller, table : baroboard.image
2023-01-04 10:30:40.286 - DEBUG: [controller_loader.js:241:16] rest type #0 -> list
2023-01-04 10:30:40.287 - DEBUG: [controller_loader.js:259:16] rest request method -> get, path -> /baroboard/image, func -> list
2023-01-04 10:30:40.287 - DEBUG: [controller_loader.js:241:16] rest type #1 -> create
2023-01-04 10:30:40.288 - DEBUG: [controller_loader.js:259:16] rest request method -> post, path -> /baroboard/image, func -> create
2023-01-04 10:30:40.288 - DEBUG: [controller_loader.js:241:16] rest type #2 -> read
2023-01-04 10:30:40.289 - DEBUG: [controller_loader.js:259:16] rest request method -> get, path -> /baroboard/image/:id, func -> read
2023-01-04 10:30:40.289 - DEBUG: [controller_loader.js:241:16] rest type #3 -> update
2023-01-04 10:30:40.289 - DEBUG: [controller_loader.js:259:16] rest request method -> put, path -> /baroboard/image/:id, func -> update
2023-01-04 10:30:40.289 - DEBUG: [controller_loader.js:241:16] rest type #4 -> delete
2023-01-04 10:30:40.290 - DEBUG: [controller_loader.js:259:16] rest request method -> delete, path -> /baroboard/image/:id, func -> delete
2023-01-04 10:30:40.291 - DEBUG: [controller_loader.js:267:12] registerPath called : /baroboard/image/list -> requestList in file ../controllers/baroboard-image-controller
2023-01-04 10:30:40.292 - DEBUG: [controller_loader.js:274:20]  method #0 -> post
2023-01-04 10:30:40.293 - DEBUG: [controller_loader.js:267:12] registerPath called : /baroboard/image/category/list -> requestcategoryList in file ../controllers/baroboard-image-controller
2023-01-04 10:30:40.293 - DEBUG: [controller_loader.js:274:20]  method #0 -> post
2023-01-04 10:30:40.294 - DEBUG: [controller_loader.js:267:12] registerPath called : /baroboard/image/category/delete_item -> requestDeleteImage2 in file ../controllers/baroboard-image-controller
2023-01-04 10:30:40.294 - DEBUG: [controller_loader.js:274:20]  method #0 -> post
2023-01-04 10:30:40.294 - DEBUG: [controller_loader.js:267:12] registerPath called : /baroboard/image/category/title_delete -> requestDeleteCategory in file ../controllers/baroboard-image-controller
2023-01-04 10:30:40.295 - DEBUG: [controller_loader.js:274:20]  method #0 -> post
2023-01-04 10:30:40.296 - DEBUG: [controller_loader.js:267:12] registerPath called : /baroboard/image/category/add -> requestAddCategoryItem in file ../controllers/baroboard-image-controller
2023-01-04 10:30:40.296 - DEBUG: [controller_loader.js:274:20]  method #0 -> post
2023-01-04 10:30:40.297 - DEBUG: [controller_loader.js:267:12] registerPath called : /baroboard/image/category/image -> requestAddImageItemInCategory in file ../controllers/baroboard-image-controller
2023-01-04 10:30:40.297 - DEBUG: [controller_loader.js:274:20]  method #0 -> get
2023-01-04 10:30:40.297 - DEBUG: [controller_loader.js:274:20]  method #1 -> post
2023-01-04 10:30:40.299 - DEBUG: [controller_loader.js:226:12] registerRest called : /baroboard/layout -> in file ../controllers/baroboard-layout-controller, table : baroboard.layout
2023-01-04 10:30:40.300 - DEBUG: [controller_loader.js:241:16] rest type #0 -> list
2023-01-04 10:30:40.300 - DEBUG: [controller_loader.js:259:16] rest request method -> get, path -> /baroboard/layout, func -> list
2023-01-04 10:30:40.300 - DEBUG: [controller_loader.js:241:16] rest type #1 -> create
2023-01-04 10:30:40.301 - DEBUG: [controller_loader.js:259:16] rest request method -> post, path -> /baroboard/layout, func -> create
2023-01-04 10:30:40.301 - DEBUG: [controller_loader.js:241:16] rest type #2 -> read
2023-01-04 10:30:40.301 - DEBUG: [controller_loader.js:259:16] rest request method -> get, path -> /baroboard/layout/:id, func -> read
2023-01-04 10:30:40.301 - DEBUG: [controller_loader.js:241:16] rest type #3 -> update
2023-01-04 10:30:40.302 - DEBUG: [controller_loader.js:259:16] rest request method -> put, path -> /baroboard/layout/:id, func -> update
2023-01-04 10:30:40.302 - DEBUG: [controller_loader.js:241:16] rest type #4 -> delete
2023-01-04 10:30:40.302 - DEBUG: [controller_loader.js:259:16] rest request method -> delete, path -> /baroboard/layout/:id, func -> delete
2023-01-04 10:30:40.303 - DEBUG: [controller_loader.js:267:12] registerPath called : /baroboard/layout/image/del -> requestImageDelete in file ../controllers/baroboard-layout-controller
2023-01-04 10:30:40.305 - DEBUG: [controller_loader.js:274:20]  method #0 -> get
2023-01-04 10:30:40.305 - DEBUG: [controller_loader.js:274:20]  method #1 -> post
2023-01-04 10:30:40.306 - DEBUG: [controller_loader.js:267:12] registerPath called : /baroboard/layout/image/update -> requestUpdateImage in file ../controllers/baroboard-layout-controller
2023-01-04 10:30:40.307 - DEBUG: [controller_loader.js:274:20]  method #0 -> post
2023-01-04 10:30:40.308 - DEBUG: [controller_loader.js:267:12] registerPath called : /baroboard/layout/mapping/update -> updateMapping in file ../controllers/baroboard-layout-controller
2023-01-04 10:30:40.308 - DEBUG: [controller_loader.js:274:20]  method #0 -> post
2023-01-04 10:30:40.310 - DEBUG: [controller_loader.js:226:12] registerRest called : /baroboard/legacy -> in file ../controllers/baroboard-legacy, table : baroboard.legacy
2023-01-04 10:30:40.310 - DEBUG: [controller_loader.js:241:16] rest type #0 -> list
2023-01-04 10:30:40.310 - DEBUG: [controller_loader.js:259:16] rest request method -> get, path -> /baroboard/legacy, func -> list
2023-01-04 10:30:40.311 - DEBUG: [controller_loader.js:241:16] rest type #1 -> create
2023-01-04 10:30:40.311 - DEBUG: [controller_loader.js:259:16] rest request method -> post, path -> /baroboard/legacy, func -> create
2023-01-04 10:30:40.311 - DEBUG: [controller_loader.js:241:16] rest type #2 -> read
2023-01-04 10:30:40.312 - DEBUG: [controller_loader.js:259:16] rest request method -> get, path -> /baroboard/legacy/:id, func -> read
2023-01-04 10:30:40.312 - DEBUG: [controller_loader.js:241:16] rest type #3 -> update
2023-01-04 10:30:40.312 - DEBUG: [controller_loader.js:259:16] rest request method -> put, path -> /baroboard/legacy/:id, func -> update
2023-01-04 10:30:40.312 - DEBUG: [controller_loader.js:241:16] rest type #4 -> delete
2023-01-04 10:30:40.313 - DEBUG: [controller_loader.js:259:16] rest request method -> delete, path -> /baroboard/legacy/:id, func -> delete
2023-01-04 10:30:40.314 - DEBUG: [controller_loader.js:226:12] registerRest called : /baroboard/users -> in file ../controllers/baroboard-users-controller, table : baroboard.users
2023-01-04 10:30:40.315 - DEBUG: [controller_loader.js:241:16] rest type #0 -> list
2023-01-04 10:30:40.315 - DEBUG: [controller_loader.js:259:16] rest request method -> get, path -> /baroboard/users, func -> list
2023-01-04 10:30:40.315 - DEBUG: [controller_loader.js:241:16] rest type #1 -> create
2023-01-04 10:30:40.315 - DEBUG: [controller_loader.js:259:16] rest request method -> post, path -> /baroboard/users, func -> create
2023-01-04 10:30:40.316 - DEBUG: [controller_loader.js:241:16] rest type #2 -> read
2023-01-04 10:30:40.316 - DEBUG: [controller_loader.js:259:16] rest request method -> get, path -> /baroboard/users/:id, func -> read
2023-01-04 10:30:40.316 - DEBUG: [controller_loader.js:241:16] rest type #3 -> update
2023-01-04 10:30:40.317 - DEBUG: [controller_loader.js:259:16] rest request method -> put, path -> /baroboard/users/:id, func -> update
2023-01-04 10:30:40.317 - DEBUG: [controller_loader.js:241:16] rest type #4 -> delete
2023-01-04 10:30:40.317 - DEBUG: [controller_loader.js:259:16] rest request method -> delete, path -> /baroboard/users/:id, func -> delete
2023-01-04 10:30:40.318 - DEBUG: [controller_loader.js:267:12] registerPath called : /baroboard/users/signup -> signup in file ../controllers/baroboard-users-controller
2023-01-04 10:30:40.335 - DEBUG: [controller_loader.js:274:20]  method #0 -> post
2023-01-04 10:30:40.336 - DEBUG: [controller_loader.js:267:12] registerPath called : /baroboard/users/login -> login in file ../controllers/baroboard-users-controller
2023-01-04 10:30:40.337 - DEBUG: [controller_loader.js:274:20]  method #0 -> post
2023-01-04 10:30:40.338 - DEBUG: [controller_loader.js:267:12] registerPath called : /baroboard/users/logout -> logout in file ../controllers/baroboard-users-controller
2023-01-04 10:30:40.338 - DEBUG: [controller_loader.js:274:20]  method #0 -> post
2023-01-04 10:30:40.341 - DEBUG: [controller_loader.js:226:12] registerRest called : /bear -> in file ../controllers/bear-controller, table : test.person
2023-01-04 10:30:40.341 - DEBUG: [controller_loader.js:241:16] rest type #0 -> list
2023-01-04 10:30:40.342 - DEBUG: [controller_loader.js:259:16] rest request method -> get, path -> /bear, func -> list
2023-01-04 10:30:40.342 - DEBUG: [controller_loader.js:241:16] rest type #1 -> create
2023-01-04 10:30:40.342 - DEBUG: [controller_loader.js:259:16] rest request method -> post, path -> /bear, func -> create
2023-01-04 10:30:40.343 - DEBUG: [controller_loader.js:241:16] rest type #2 -> read
2023-01-04 10:30:40.343 - DEBUG: [controller_loader.js:259:16] rest request method -> get, path -> /bear/:id, func -> read
2023-01-04 10:30:40.343 - DEBUG: [controller_loader.js:241:16] rest type #3 -> update
2023-01-04 10:30:40.344 - DEBUG: [controller_loader.js:259:16] rest request method -> put, path -> /bear/:id, func -> update
2023-01-04 10:30:40.344 - DEBUG: [controller_loader.js:241:16] rest type #4 -> delete
2023-01-04 10:30:40.344 - DEBUG: [controller_loader.js:259:16] rest request method -> delete, path -> /bear/:id, func -> delete
2023-01-04 10:30:40.347 - DEBUG: [controller_loader.js:226:12] registerRest called : /cat -> in file ../controllers/cat-controller, table : undefined
2023-01-04 10:30:40.349 - DEBUG: [controller_loader.js:241:16] rest type #0 -> list
2023-01-04 10:30:40.349 - DEBUG: [controller_loader.js:259:16] rest request method -> get, path -> /cat, func -> list
2023-01-04 10:30:40.350 - DEBUG: [controller_loader.js:241:16] rest type #1 -> create
2023-01-04 10:30:40.350 - DEBUG: [controller_loader.js:259:16] rest request method -> post, path -> /cat, func -> create
2023-01-04 10:30:40.351 - DEBUG: [controller_loader.js:241:16] rest type #2 -> read
2023-01-04 10:30:40.351 - DEBUG: [controller_loader.js:259:16] rest request method -> get, path -> /cat/:id, func -> read
2023-01-04 10:30:40.351 - DEBUG: [controller_loader.js:241:16] rest type #3 -> update
2023-01-04 10:30:40.352 - DEBUG: [controller_loader.js:259:16] rest request method -> put, path -> /cat/:id, func -> update
2023-01-04 10:30:40.386 - DEBUG: [controller_loader.js:241:16] rest type #4 -> delete
2023-01-04 10:30:40.388 - DEBUG: [controller_loader.js:259:16] rest request method -> delete, path -> /cat/:id, func -> delete
2023-01-04 10:30:40.392 - DEBUG: [controller_loader.js:267:12] registerPath called : /chat/send -> send in file ../controllers/chat-controller
2023-01-04 10:30:40.394 - DEBUG: [controller_loader.js:274:20]  method #0 -> get
2023-01-04 10:30:40.477 - DEBUG: [controller_loader.js:267:12] registerPath called : /cni-test/patient-list -> patientList in file ../controllers/cni-controller
2023-01-04 10:30:40.495 - DEBUG: [controller_loader.js:274:20]  method #0 -> get
2023-01-04 10:30:40.496 - DEBUG: [controller_loader.js:274:20]  method #1 -> post
2023-01-04 10:30:40.502 - DEBUG: [controller_loader.js:267:12] registerPath called : /consent/v1/patient/inpatient-list-01 -> inpatientList01 in file ../controllers/consent-v1-kbsmc-controller
2023-01-04 10:30:40.504 - DEBUG: [controller_loader.js:274:20]  method #0 -> get
2023-01-04 10:30:40.504 - DEBUG: [controller_loader.js:274:20]  method #1 -> post
2023-01-04 10:30:40.505 - DEBUG: [controller_loader.js:267:12] registerPath called : /consent/v1/consent/consent-save-01 -> consentSave01 in file ../controllers/consent-v1-kbsmc-controller
2023-01-04 10:30:40.506 - DEBUG: [controller_loader.js:274:20]  method #0 -> get
2023-01-04 10:30:40.507 - DEBUG: [controller_loader.js:274:20]  method #1 -> post
2023-01-04 10:30:40.510 - DEBUG: [controller_loader.js:267:12] registerPath called : /dog/index -> index in file ../controllers/dog-controller
2023-01-04 10:30:40.512 - DEBUG: [controller_loader.js:274:20]  method #0 -> get
2023-01-04 10:30:40.512 - DEBUG: [controller_loader.js:274:20]  method #1 -> post
2023-01-04 10:30:40.513 - DEBUG: [controller_loader.js:267:12] registerPath called : /dog/list -> list in file ../controllers/dog-controller
2023-01-04 10:30:40.513 - DEBUG: [controller_loader.js:274:20]  method #0 -> get
2023-01-04 10:30:40.514 - DEBUG: [controller_loader.js:274:20]  method #1 -> post
2023-01-04 10:30:40.515 - DEBUG: [controller_loader.js:267:12] registerPath called : /dog/create -> create in file ../controllers/dog-controller
2023-01-04 10:30:40.516 - DEBUG: [controller_loader.js:274:20]  method #0 -> get
2023-01-04 10:30:40.517 - DEBUG: [controller_loader.js:274:20]  method #1 -> post
2023-01-04 10:30:40.518 - DEBUG: [controller_loader.js:267:12] registerPath called : /dog/read -> read in file ../controllers/dog-controller
2023-01-04 10:30:40.519 - DEBUG: [controller_loader.js:274:20]  method #0 -> get
2023-01-04 10:30:40.519 - DEBUG: [controller_loader.js:274:20]  method #1 -> post
2023-01-04 10:30:40.521 - DEBUG: [controller_loader.js:267:12] registerPath called : /dog/update -> update in file ../controllers/dog-controller
2023-01-04 10:30:40.521 - DEBUG: [controller_loader.js:274:20]  method #0 -> get
2023-01-04 10:30:40.522 - DEBUG: [controller_loader.js:274:20]  method #1 -> post
2023-01-04 10:30:40.523 - DEBUG: [controller_loader.js:267:12] registerPath called : /dog/delete -> delete in file ../controllers/dog-controller
2023-01-04 10:30:40.524 - DEBUG: [controller_loader.js:274:20]  method #0 -> post
2023-01-04 10:30:40.526 - DEBUG: [controller_loader.js:267:12] registerPath called : /esl-index.do -> eslIndex in file ../controllers/index-controller
2023-01-04 10:30:40.527 - DEBUG: [controller_loader.js:274:20]  method #0 -> get
2023-01-04 10:30:40.531 - DEBUG: [controller_loader.js:267:12] registerPath called : /lion/ -> list in file ../controllers/lion-controller
2023-01-04 10:30:40.534 - DEBUG: [controller_loader.js:274:20]  method #0 -> get
2023-01-04 10:30:40.535 - DEBUG: [controller_loader.js:267:12] registerPath called : /lion/create -> create in file ../controllers/lion-controller
2023-01-04 10:30:40.536 - DEBUG: [controller_loader.js:274:20]  method #0 -> post
2023-01-04 10:30:40.537 - DEBUG: [controller_loader.js:267:12] registerPath called : /lion/read/:id -> read in file ../controllers/lion-controller
2023-01-04 10:30:40.537 - DEBUG: [controller_loader.js:274:20]  method #0 -> get
2023-01-04 10:30:40.538 - DEBUG: [controller_loader.js:267:12] registerPath called : /lion/update/:id -> update in file ../controllers/lion-controller
2023-01-04 10:30:40.538 - DEBUG: [controller_loader.js:274:20]  method #0 -> post
2023-01-04 10:30:40.539 - DEBUG: [controller_loader.js:267:12] registerPath called : /lion/delete/:id -> delete in file ../controllers/lion-controller
2023-01-04 10:30:40.540 - DEBUG: [controller_loader.js:274:20]  method #0 -> delete
2023-01-04 10:30:40.543 - DEBUG: [controller_loader.js:267:12] registerPath called : /mci-test/patient-list -> patientList in file ../controllers/mci-controller
2023-01-04 10:30:40.561 - DEBUG: [controller_loader.js:274:20]  method #0 -> get
2023-01-04 10:30:40.562 - DEBUG: [controller_loader.js:274:20]  method #1 -> post
2023-01-04 10:30:40.565 - DEBUG: [controller_loader.js:267:12] registerPath called : /panda/list -> list in file ../controllers/panda-controller
2023-01-04 10:30:40.568 - DEBUG: [controller_loader.js:274:20]  method #0 -> get
2023-01-04 10:30:40.573 - DEBUG: [controller_loader.js:267:12] registerPath called : /sboard_image/upload -> upload in file ../controllers/sboard-image-controller
2023-01-04 10:30:40.575 - DEBUG: [controller_loader.js:274:20]  method #0 -> post
2023-01-04 10:30:40.576 - DEBUG: [controller_loader.js:267:12] registerPath called : /sboard_image/send -> send in file ../controllers/sboard-image-controller
2023-01-04 10:30:40.577 - DEBUG: [controller_loader.js:274:20]  method #0 -> post
2023-01-04 10:30:40.578 - DEBUG: [controller_loader.js:267:12] registerPath called : /sboard_image/send_group -> sendGroup in file ../controllers/sboard-image-controller
2023-01-04 10:30:40.578 - DEBUG: [controller_loader.js:274:20]  method #0 -> post
2023-01-04 10:30:40.581 - DEBUG: [controller_loader.js:267:12] registerPath called : /sheep/ -> list in file ../controllers/sheep-controller
2023-01-04 10:30:40.583 - DEBUG: [controller_loader.js:274:20]  method #0 -> get
2023-01-04 10:30:40.584 - DEBUG: [controller_loader.js:267:12] registerPath called : /sheep/ -> create in file ../controllers/sheep-controller
2023-01-04 10:30:40.585 - DEBUG: [controller_loader.js:274:20]  method #0 -> post
2023-01-04 10:30:40.586 - DEBUG: [controller_loader.js:267:12] registerPath called : /sheep/:id -> read in file ../controllers/sheep-controller
2023-01-04 10:30:40.586 - DEBUG: [controller_loader.js:274:20]  method #0 -> get
2023-01-04 10:30:40.587 - DEBUG: [controller_loader.js:267:12] registerPath called : /sheep/:id -> update in file ../controllers/sheep-controller
2023-01-04 10:30:40.587 - DEBUG: [controller_loader.js:274:20]  method #0 -> put
2023-01-04 10:30:40.588 - DEBUG: [controller_loader.js:267:12] registerPath called : /sheep/:id -> delete in file ../controllers/sheep-controller
2023-01-04 10:30:40.588 - DEBUG: [controller_loader.js:274:20]  method #0 -> delete
2023-01-04 10:30:40.592 - DEBUG: [controller_loader.js:267:12] registerPath called : /data/apply -> applyData in file ../controllers/sync_to_esl-controller
2023-01-04 10:30:40.593 - DEBUG: [controller_loader.js:274:20]  method #0 -> post
2023-01-04 10:30:40.595 - DEBUG: [controller_loader.js:267:12] registerPath called : /data/lastmodifieddate -> getLastModifiedDate in file ../controllers/sync_to_mci-controller
2023-01-04 10:30:40.597 - DEBUG: [controller_loader.js:274:20]  method #0 -> post
2023-01-04 10:30:40.598 - DEBUG: [controller_loader.js:267:12] registerPath called : /data/apply -> applyData in file ../controllers/sync_to_mci-controller
2023-01-04 10:30:40.598 - DEBUG: [controller_loader.js:274:20]  method #0 -> post
2023-01-04 10:30:40.603 - DEBUG: [controller_loader.js:267:12] registerPath called : /tiger/hello -> hello in file ../controllers/tiger-controller
2023-01-04 10:30:40.604 - DEBUG: [controller_loader.js:274:20]  method #0 -> get
2023-01-04 10:30:40.604 - DEBUG: [controller_loader.js:274:20]  method #1 -> post
2023-01-04 10:30:40.605 - DEBUG: [controller_loader.js:267:12] registerPath called : /tiger/bye -> bye in file ../controllers/tiger-controller
2023-01-04 10:30:40.605 - DEBUG: [controller_loader.js:274:20]  method #0 -> get
2023-01-04 10:30:40.606 - DEBUG: [controller_loader.js:274:20]  method #1 -> post
2023-01-04 10:30:40.622 - DEBUG: [index-controller.js:25:16] eslIndex called for path /esl-index.do
2023-01-04 10:30:43.173 - DEBUG: [baroboard-users-controller.js:80:16] BaroboardUsers:login called for path /baroboard/users/login
2023-01-04 10:30:43.230 - DEBUG: [baroboard-device-controller.js:698:16] BaroboardDevice:deletePreview called 
2023-01-04 10:30:43.236 - DEBUG: [table-controller.js:121:14] Table:list called for GET /baroboard/layout
2023-01-04 10:30:43.267 - DEBUG: [table-controller.js:121:14] Table:list called for GET /baroboard/layout
2023-01-04 10:30:43.288 - DEBUG: [table-controller.js:121:14] Table:list called for GET /baroboard/layout
2023-01-04 10:30:53.675 - DEBUG: [table-controller.js:121:14] Table:list called for GET /baroboard/layout
2023-01-04 10:30:53.691 - DEBUG: [table-controller.js:121:14] Table:list called for GET /baroboard/layout
2023-01-04 10:31:36.006 - DEBUG: [index-controller.js:25:16] eslIndex called for path /esl-index.do
2023-01-04 10:31:37.717 - DEBUG: [baroboard-users-controller.js:80:16] BaroboardUsers:login called for path /baroboard/users/login
2023-01-04 10:31:37.731 - DEBUG: [baroboard-device-controller.js:698:16] BaroboardDevice:deletePreview called 
2023-01-04 10:31:37.734 - DEBUG: [table-controller.js:121:14] Table:list called for GET /baroboard/layout
2023-01-04 10:31:37.758 - DEBUG: [table-controller.js:121:14] Table:list called for GET /baroboard/layout
2023-01-04 10:31:37.786 - DEBUG: [table-controller.js:121:14] Table:list called for GET /baroboard/layout
2023-01-04 10:31:56.406 - DEBUG: [table-controller.js:547:14] Table:update called for PUT /baroboard/layout/:id
2023-01-04 10:31:56.408 - DEBUG: [table-controller.js:121:14] Table:list called for GET /baroboard/layout
2023-01-04 10:31:56.440 - DEBUG: [baroboard-device-controller.js:1392:16] modify layoutinfo: Data called for path /modify/layout
2023-01-04 10:31:59.029 - DEBUG: [table-controller.js:121:14] Table:list called for GET /baroboard/layout
2023-01-04 10:31:59.051 - DEBUG: [table-controller.js:121:14] Table:list called for GET /baroboard/layout
2023-01-04 10:44:22.148 - DEBUG: [index-controller.js:25:16] eslIndex called for path /esl-index.do
2023-01-04 10:44:23.834 - DEBUG: [baroboard-users-controller.js:80:16] BaroboardUsers:login called for path /baroboard/users/login
2023-01-04 10:44:23.854 - DEBUG: [baroboard-device-controller.js:698:16] BaroboardDevice:deletePreview called 
2023-01-04 10:44:23.858 - DEBUG: [table-controller.js:121:14] Table:list called for GET /baroboard/layout
2023-01-04 10:44:23.881 - DEBUG: [table-controller.js:121:14] Table:list called for GET /baroboard/layout
2023-01-04 10:44:23.905 - DEBUG: [table-controller.js:121:14] Table:list called for GET /baroboard/layout
2023-01-04 10:44:43.890 - DEBUG: [table-controller.js:547:14] Table:update called for PUT /baroboard/layout/:id
2023-01-04 10:44:43.893 - DEBUG: [table-controller.js:121:14] Table:list called for GET /baroboard/layout
2023-01-04 10:44:43.942 - DEBUG: [baroboard-device-controller.js:1392:16] modify layoutinfo: Data called for path /modify/layout
2023-01-04 10:44:45.971 - DEBUG: [table-controller.js:121:14] Table:list called for GET /baroboard/layout
2023-01-04 10:44:45.990 - DEBUG: [table-controller.js:121:14] Table:list called for GET /baroboard/layout
2023-01-04 10:47:14.976 - DEBUG: [table-controller.js:547:14] Table:update called for PUT /baroboard/layout/:id
2023-01-04 10:47:14.978 - DEBUG: [table-controller.js:121:14] Table:list called for GET /baroboard/layout
2023-01-04 10:47:15.010 - DEBUG: [baroboard-device-controller.js:1392:16] modify layoutinfo: Data called for path /modify/layout
2023-01-04 10:47:18.096 - DEBUG: [table-controller.js:121:14] Table:list called for GET /baroboard/layout
2023-01-04 10:47:18.127 - DEBUG: [table-controller.js:121:14] Table:list called for GET /baroboard/layout
2023-01-04 10:48:43.374 - DEBUG: [table-controller.js:547:14] Table:update called for PUT /baroboard/layout/:id
2023-01-04 10:48:43.376 - DEBUG: [table-controller.js:121:14] Table:list called for GET /baroboard/layout
2023-01-04 10:48:43.407 - DEBUG: [baroboard-device-controller.js:1392:16] modify layoutinfo: Data called for path /modify/layout
2023-01-04 10:48:44.805 - DEBUG: [table-controller.js:121:14] Table:list called for GET /baroboard/layout
2023-01-04 10:48:44.826 - DEBUG: [table-controller.js:121:14] Table:list called for GET /baroboard/layout
2023-01-04 10:55:45.463 - DEBUG: [table-controller.js:547:14] Table:update called for PUT /baroboard/layout/:id
2023-01-04 10:55:45.466 - DEBUG: [table-controller.js:121:14] Table:list called for GET /baroboard/layout
2023-01-04 10:55:45.497 - DEBUG: [baroboard-device-controller.js:1392:16] modify layoutinfo: Data called for path /modify/layout
2023-01-04 10:55:47.489 - DEBUG: [table-controller.js:121:14] Table:list called for GET /baroboard/layout
2023-01-04 10:55:47.512 - DEBUG: [table-controller.js:121:14] Table:list called for GET /baroboard/layout
2023-01-04 10:58:36.620 - DEBUG: [table-controller.js:547:14] Table:update called for PUT /baroboard/layout/:id
2023-01-04 10:58:36.622 - DEBUG: [table-controller.js:121:14] Table:list called for GET /baroboard/layout
2023-01-04 10:58:36.652 - DEBUG: [baroboard-device-controller.js:1392:16] modify layoutinfo: Data called for path /modify/layout
2023-01-04 10:58:40.506 - DEBUG: [table-controller.js:121:14] Table:list called for GET /baroboard/layout
2023-01-04 10:58:40.538 - DEBUG: [table-controller.js:121:14] Table:list called for GET /baroboard/layout
2023-01-04 10:58:42.235 - DEBUG: [table-controller.js:121:14] Table:list called for GET /baroboard/layout
2023-01-04 10:58:42.254 - DEBUG: [table-controller.js:121:14] Table:list called for GET /baroboard/layout
2023-01-04 10:58:49.309 - DEBUG: [table-controller.js:121:14] Table:list called for GET /baroboard/layout
2023-01-04 10:58:49.327 - DEBUG: [table-controller.js:121:14] Table:list called for GET /baroboard/layout
2023-01-04 11:07:11.530 - DEBUG: [table-controller.js:547:14] Table:update called for PUT /baroboard/layout/:id
2023-01-04 11:07:11.533 - DEBUG: [table-controller.js:121:14] Table:list called for GET /baroboard/layout
2023-01-04 11:07:11.564 - DEBUG: [baroboard-device-controller.js:1392:16] modify layoutinfo: Data called for path /modify/layout
2023-01-04 11:07:13.486 - DEBUG: [table-controller.js:121:14] Table:list called for GET /baroboard/layout
2023-01-04 11:07:13.519 - DEBUG: [table-controller.js:121:14] Table:list called for GET /baroboard/layout
2023-01-04 11:07:14.798 - DEBUG: [table-controller.js:121:14] Table:list called for GET /baroboard/layout
2023-01-04 11:07:14.818 - DEBUG: [table-controller.js:121:14] Table:list called for GET /baroboard/layout
2023-01-04 11:07:20.590 - DEBUG: [table-controller.js:121:14] Table:list called for GET /baroboard/layout
2023-01-04 11:07:20.608 - DEBUG: [table-controller.js:121:14] Table:list called for GET /baroboard/layout
2023-01-04 11:08:04.516 - DEBUG: [table-controller.js:547:14] Table:update called for PUT /baroboard/layout/:id
2023-01-04 11:08:04.519 - DEBUG: [table-controller.js:121:14] Table:list called for GET /baroboard/layout
2023-01-04 11:08:04.545 - DEBUG: [baroboard-device-controller.js:1392:16] modify layoutinfo: Data called for path /modify/layout
2023-01-04 11:08:16.431 - DEBUG: [table-controller.js:121:14] Table:list called for GET /baroboard/layout
2023-01-04 11:08:16.452 - DEBUG: [table-controller.js:121:14] Table:list called for GET /baroboard/layout
2023-01-04 11:09:55.595 - DEBUG: [table-controller.js:547:14] Table:update called for PUT /baroboard/layout/:id
2023-01-04 11:09:55.598 - DEBUG: [table-controller.js:121:14] Table:list called for GET /baroboard/layout
2023-01-04 11:09:55.629 - DEBUG: [baroboard-device-controller.js:1392:16] modify layoutinfo: Data called for path /modify/layout
2023-01-04 11:09:57.929 - DEBUG: [table-controller.js:121:14] Table:list called for GET /baroboard/layout
2023-01-04 11:09:57.964 - DEBUG: [table-controller.js:121:14] Table:list called for GET /baroboard/layout
2023-01-04 11:10:00.106 - DEBUG: [table-controller.js:121:14] Table:list called for GET /baroboard/layout
2023-01-04 11:10:00.124 - DEBUG: [table-controller.js:121:14] Table:list called for GET /baroboard/layout
2023-01-04 11:10:09.344 - DEBUG: [baroboard-layout-controller.js:81:16] BaroboardLayout:updateMapping called for path /baroboard/layout/mapping/update
2023-01-04 11:10:09.356 - DEBUG: [table-controller.js:121:14] Table:list called for GET /baroboard/layout
2023-01-04 11:10:11.719 - DEBUG: [baroboard-layout-controller.js:81:16] BaroboardLayout:updateMapping called for path /baroboard/layout/mapping/update
2023-01-04 11:10:11.731 - DEBUG: [table-controller.js:121:14] Table:list called for GET /baroboard/layout
2023-01-04 11:40:46.126 - DEBUG: [table-controller.js:121:14] Table:list called for GET /baroboard/device
2023-01-04 11:40:57.239 - DEBUG: [table-controller.js:121:14] Table:list called for GET /baroboard/device
2023-01-04 11:41:00.134 - DEBUG: [table-controller.js:121:14] Table:list called for GET /baroboard/device
2023-01-04 11:41:07.487 - DEBUG: [table-controller.js:121:14] Table:list called for GET /baroboard/device
2023-01-04 11:41:35.674 - DEBUG: [table-controller.js:121:14] Table:list called for GET /baroboard/device_group
2023-01-04 11:41:35.676 - DEBUG: [table-controller.js:121:14] Table:list called for GET /baroboard/layout
2023-01-04 11:41:45.151 - DEBUG: [table-controller.js:547:14] Table:update called for PUT /baroboard/device/:id
2023-01-04 11:41:45.153 - DEBUG: [table-controller.js:121:14] Table:list called for GET /baroboard/device
2023-01-04 11:41:45.172 - DEBUG: [index-controller.js:25:16] eslIndex called for path /esl-index.do
2023-01-04 11:41:45.206 - DEBUG: [table-controller.js:121:14] Table:list called for GET /baroboard/device
2023-01-04 11:41:46.847 - DEBUG: [baroboard-users-controller.js:80:16] BaroboardUsers:login called for path /baroboard/users/login
2023-01-04 11:41:46.862 - DEBUG: [baroboard-device-controller.js:698:16] BaroboardDevice:deletePreview called 
2023-01-04 11:41:46.864 - DEBUG: [table-controller.js:121:14] Table:list called for GET /baroboard/layout
2023-01-04 11:41:46.885 - DEBUG: [table-controller.js:121:14] Table:list called for GET /baroboard/layout
2023-01-04 11:41:46.905 - DEBUG: [table-controller.js:121:14] Table:list called for GET /baroboard/layout
2023-01-04 11:41:53.304 - DEBUG: [table-controller.js:121:14] Table:list called for GET /baroboard/layout
2023-01-04 11:41:59.163 - DEBUG: [table-controller.js:121:14] Table:list called for GET /baroboard/device
2023-01-04 11:42:01.526 - DEBUG: [table-controller.js:121:14] Table:list called for GET /baroboard/device
2023-01-04 11:42:03.287 - DEBUG: [table-controller.js:121:14] Table:list called for GET /baroboard/device_group
2023-01-04 11:42:03.289 - DEBUG: [table-controller.js:121:14] Table:list called for GET /baroboard/layout
2023-01-04 11:42:10.147 - DEBUG: [table-controller.js:547:14] Table:update called for PUT /baroboard/device/:id
2023-01-04 11:42:10.150 - DEBUG: [table-controller.js:121:14] Table:list called for GET /baroboard/device
2023-01-04 11:42:10.171 - DEBUG: [table-controller.js:121:14] Table:list called for GET /baroboard/device
2023-01-04 11:42:16.122 - DEBUG: [baroboard-device-controller.js:718:16] BaroboardDevice:applyData called for path /baroboard/device/data/apply
2023-01-04 11:43:31.551 - DEBUG: [service_loader.js:17:12] load in service_loader called.
2023-01-04 11:43:31.554 - DEBUG: [service_loader.js:21:16] #0 -> id:1, unit:person
2023-01-04 11:43:31.592 - DEBUG: [service_loader.js:39:16] method #0 -> list
2023-01-04 11:43:31.593 - DEBUG: [service_loader.js:43:16]     do method name -> doList
2023-01-04 11:43:31.593 - DEBUG: [service_loader.js:39:16] method #1 -> read
2023-01-04 11:43:31.594 - DEBUG: [service_loader.js:43:16]     do method name -> doRead
2023-01-04 11:43:31.595 - DEBUG: [service_loader.js:39:16] method #2 -> create
2023-01-04 11:43:31.595 - DEBUG: [service_loader.js:43:16]     do method name -> doCreate
2023-01-04 11:43:31.595 - DEBUG: [service_loader.js:39:16] method #3 -> update
2023-01-04 11:43:31.595 - DEBUG: [service_loader.js:43:16]     do method name -> doUpdate
2023-01-04 11:43:31.596 - DEBUG: [service_loader.js:39:16] method #4 -> delete
2023-01-04 11:43:31.596 - DEBUG: [service_loader.js:43:16]     do method name -> doDelete
2023-01-04 11:43:31.596 - INFO: [index.js:114:12] service loader called.
2023-01-04 11:43:31.596 - DEBUG: [controller_loader.js:26:12] load called.
2023-01-04 11:43:31.597 - DEBUG: [controller_loader.js:106:12] autoLoad called.
2023-01-04 11:43:31.603 - DEBUG: [controller_loader.js:34:20] #0 -> id:1, type:rest, base:, unit:person
2023-01-04 11:43:31.604 - DEBUG: [person-controller.js:27:16] PersonController initialized.
2023-01-04 11:43:31.604 - DEBUG: [controller_loader.js:53:24] rest type #0 -> list
2023-01-04 11:43:31.605 - DEBUG: [controller_loader.js:73:24] rest request method -> get, path -> /person, func -> list
2023-01-04 11:43:31.605 - DEBUG: [controller_loader.js:53:24] rest type #1 -> create
2023-01-04 11:43:31.605 - DEBUG: [controller_loader.js:73:24] rest request method -> post, path -> /person, func -> create
2023-01-04 11:43:31.605 - DEBUG: [controller_loader.js:53:24] rest type #2 -> read
2023-01-04 11:43:31.606 - DEBUG: [controller_loader.js:73:24] rest request method -> get, path -> /person/:id, func -> read
2023-01-04 11:43:31.606 - DEBUG: [controller_loader.js:53:24] rest type #3 -> update
2023-01-04 11:43:31.606 - DEBUG: [controller_loader.js:73:24] rest request method -> put, path -> /person/:id, func -> update
2023-01-04 11:43:31.606 - DEBUG: [controller_loader.js:53:24] rest type #4 -> delete
2023-01-04 11:43:31.607 - DEBUG: [controller_loader.js:73:24] rest request method -> delete, path -> /person/:id, func -> delete
2023-01-04 11:43:31.607 - DEBUG: [controller_loader.js:36:20] #1 -> id:2, type:path, path:/profile/list, method:get,post, file:profile-controller, func:list
2023-01-04 11:43:31.608 - DEBUG: [profile-controller.js:21:11] ProfileController initialized.
2023-01-04 11:43:31.608 - DEBUG: [controller_loader.js:84:28] method #0 -> get
2023-01-04 11:43:31.608 - DEBUG: [controller_loader.js:84:28] method #1 -> post
2023-01-04 11:43:31.608 - DEBUG: [controller_loader.js:36:20] #2 -> id:3, type:path, path:/profile/get, method:get,post, file:profile-controller, func:get
2023-01-04 11:43:31.609 - DEBUG: [profile-controller.js:21:11] ProfileController initialized.
2023-01-04 11:43:31.609 - DEBUG: [controller_loader.js:84:28] method #0 -> get
2023-01-04 11:43:31.609 - DEBUG: [controller_loader.js:84:28] method #1 -> post
2023-01-04 11:43:31.609 - DEBUG: [controller_loader.js:36:20] #3 -> id:4, type:path, path:/profile/add, method:get, file:profile-controller, func:add
2023-01-04 11:43:31.611 - DEBUG: [profile-controller.js:21:11] ProfileController initialized.
2023-01-04 11:43:31.611 - DEBUG: [controller_loader.js:84:28] method #0 -> get
2023-01-04 11:43:31.612 - DEBUG: [controller_loader.js:36:20] #4 -> id:5, type:path, path:/profile/upload, method:post, file:profile-controller, func:upload
2023-01-04 11:43:31.612 - DEBUG: [profile-controller.js:21:11] ProfileController initialized.
2023-01-04 11:43:31.612 - DEBUG: [controller_loader.js:84:28] method #0 -> post
2023-01-04 11:43:31.612 - DEBUG: [controller_loader.js:36:20] #5 -> id:6, type:path, path:/test/set_cookie, method:get, file:test-controller, func:set_cookie
2023-01-04 11:43:31.613 - DEBUG: [test-controller.js:15:16] TestController initialized.
2023-01-04 11:43:31.613 - DEBUG: [controller_loader.js:84:28] method #0 -> get
2023-01-04 11:43:31.613 - DEBUG: [controller_loader.js:36:20] #6 -> id:7, type:path, path:/test/show_cookie, method:get, file:test-controller, func:show_cookie
2023-01-04 11:43:31.613 - DEBUG: [test-controller.js:15:16] TestController initialized.
2023-01-04 11:43:31.613 - DEBUG: [controller_loader.js:84:28] method #0 -> get
2023-01-04 11:43:31.614 - INFO: [index.js:118:12] controller loader called.
2023-01-04 11:43:31.620 - DEBUG: [mci.js:20:16] MCI initialized.
2023-01-04 11:43:31.620 - DEBUG: [mci.js:28:20] name : external01
2023-01-04 11:43:31.635 - DEBUG: [cni.js:15:16] CNI initialized.
2023-01-04 11:43:31.635 - DEBUG: [cni.js:21:16] server name : external02
2023-01-04 11:43:31.635 - DEBUG: [cni.js:25:16] server host : localhost
2023-01-04 11:43:31.635 - DEBUG: [cni.js:26:16] server port : 7102
2023-01-04 11:43:31.766 - INFO: [index.js:242:20] Http Server started.
2023-01-04 11:43:31.766 - INFO: [index.js:252:16] Base URL -> http://localhost:7001
2023-01-04 11:43:31.767 - INFO: [index.js:257:16] Namespace -> ::_7001_2676
2023-01-04 11:43:31.836 - DEBUG: [socketio_loader.js:73:9] socketio_loader.load called.
2023-01-04 11:43:31.837 - DEBUG: [socketio_loader.js:83:16] read namespace file -> ::_7001_20512
2023-01-04 11:43:31.837 - INFO: [index.js:265:20] socket.io loader called.
2023-01-04 11:43:31.839 - DEBUG: [socketio_loader.js:103:16] Error in executing sql -> Sql definition for chat_reset_presence not found in sql_config
2023-01-04 11:43:31.848 - DEBUG: [socketio_loader.js:125:16] namespace file saved to -> ./socketio.pid
2023-01-04 11:43:31.849 - INFO: [socketio_loader.js:133:12] socket.io service started.
2023-01-04 11:43:31.849 - DEBUG: [socketio_loader.js:147:12] redis subscribed -> myapp_message
2023-01-04 11:43:31.858 - DEBUG: [controller_loader.js:226:12] registerRest called : /baroboard/darwin -> in file ../controllers/baroboard-darwin-sync-controller, table : baroboard.device
2023-01-04 11:43:31.860 - DEBUG: [controller_loader.js:241:16] rest type #0 -> list
2023-01-04 11:43:31.860 - DEBUG: [controller_loader.js:259:16] rest request method -> get, path -> /baroboard/darwin, func -> list
2023-01-04 11:43:31.861 - DEBUG: [controller_loader.js:241:16] rest type #1 -> create
2023-01-04 11:43:31.861 - DEBUG: [controller_loader.js:259:16] rest request method -> post, path -> /baroboard/darwin, func -> create
2023-01-04 11:43:31.862 - DEBUG: [controller_loader.js:241:16] rest type #2 -> read
2023-01-04 11:43:31.862 - DEBUG: [controller_loader.js:259:16] rest request method -> get, path -> /baroboard/darwin/:id, func -> read
2023-01-04 11:43:31.862 - DEBUG: [controller_loader.js:241:16] rest type #3 -> update
2023-01-04 11:43:31.862 - DEBUG: [controller_loader.js:259:16] rest request method -> put, path -> /baroboard/darwin/:id, func -> update
2023-01-04 11:43:31.863 - DEBUG: [controller_loader.js:241:16] rest type #4 -> delete
2023-01-04 11:43:31.863 - DEBUG: [controller_loader.js:259:16] rest request method -> delete, path -> /baroboard/darwin/:id, func -> delete
2023-01-04 11:43:31.864 - DEBUG: [controller_loader.js:267:12] registerPath called : /baroboard/darwin/request_esl_sync -> updateData in file ../controllers/baroboard-darwin-sync-controller
2023-01-04 11:43:31.942 - DEBUG: [controller_loader.js:274:20]  method #0 -> post
2023-01-04 11:43:31.948 - DEBUG: [controller_loader.js:226:12] registerRest called : /baroboard/device -> in file ../controllers/baroboard-device-controller, table : baroboard.device
2023-01-04 11:43:31.948 - DEBUG: [controller_loader.js:241:16] rest type #0 -> list
2023-01-04 11:43:31.948 - DEBUG: [controller_loader.js:259:16] rest request method -> get, path -> /baroboard/device, func -> list
2023-01-04 11:43:31.949 - DEBUG: [controller_loader.js:241:16] rest type #1 -> create
2023-01-04 11:43:31.949 - DEBUG: [controller_loader.js:259:16] rest request method -> post, path -> /baroboard/device, func -> create
2023-01-04 11:43:31.949 - DEBUG: [controller_loader.js:241:16] rest type #2 -> read
2023-01-04 11:43:31.949 - DEBUG: [controller_loader.js:259:16] rest request method -> get, path -> /baroboard/device/:id, func -> read
2023-01-04 11:43:31.949 - DEBUG: [controller_loader.js:241:16] rest type #3 -> update
2023-01-04 11:43:31.950 - DEBUG: [controller_loader.js:259:16] rest request method -> put, path -> /baroboard/device/:id, func -> update
2023-01-04 11:43:31.950 - DEBUG: [controller_loader.js:241:16] rest type #4 -> delete
2023-01-04 11:43:31.950 - DEBUG: [controller_loader.js:259:16] rest request method -> delete, path -> /baroboard/device/:id, func -> delete
2023-01-04 11:43:31.951 - DEBUG: [controller_loader.js:267:12] registerPath called : /baroboard/device/data/update -> updateData in file ../controllers/baroboard-device-controller
2023-01-04 11:43:31.961 - DEBUG: [controller_loader.js:274:20]  method #0 -> post
2023-01-04 11:43:31.962 - DEBUG: [controller_loader.js:267:12] registerPath called : /baroboard/device/data/select -> selectData in file ../controllers/baroboard-device-controller
2023-01-04 11:43:31.962 - DEBUG: [controller_loader.js:274:20]  method #0 -> get
2023-01-04 11:43:31.963 - DEBUG: [controller_loader.js:267:12] registerPath called : /baroboard/device/dashboard/list -> dashboardList in file ../controllers/baroboard-device-controller
2023-01-04 11:43:31.963 - DEBUG: [controller_loader.js:274:20]  method #0 -> get
2023-01-04 11:43:31.964 - DEBUG: [controller_loader.js:267:12] registerPath called : /baroboard/device/dashboard/sublist -> dashboardSubList in file ../controllers/baroboard-device-controller
2023-01-04 11:43:31.964 - DEBUG: [controller_loader.js:274:20]  method #0 -> get
2023-01-04 11:43:31.965 - DEBUG: [controller_loader.js:267:12] registerPath called : /baroboard/device/dashboard/legacy -> legacyInfo in file ../controllers/baroboard-device-controller
2023-01-04 11:43:31.965 - DEBUG: [controller_loader.js:288:16] legacyInfo not found in the controller.
2023-01-04 11:43:31.965 - DEBUG: [controller_loader.js:267:12] registerPath called : /baroboard/device/dashboard/fieldlist -> dashboardFieldList in file ../controllers/baroboard-device-controller
2023-01-04 11:43:31.966 - DEBUG: [controller_loader.js:274:20]  method #0 -> get
2023-01-04 11:43:31.966 - DEBUG: [controller_loader.js:267:12] registerPath called : /baroboard/device/data/preview2 -> preview2 in file ../controllers/baroboard-device-controller
2023-01-04 11:43:31.966 - DEBUG: [controller_loader.js:274:20]  method #0 -> post
2023-01-04 11:43:31.967 - DEBUG: [controller_loader.js:267:12] registerPath called : /baroboard/device/data/apply -> applyData in file ../controllers/baroboard-device-controller
2023-01-04 11:43:31.967 - DEBUG: [controller_loader.js:274:20]  method #0 -> post
2023-01-04 11:43:31.968 - DEBUG: [controller_loader.js:267:12] registerPath called : /baroboard/device/data/preview -> applyData2 in file ../controllers/baroboard-device-controller
2023-01-04 11:43:31.968 - DEBUG: [controller_loader.js:274:20]  method #0 -> post
2023-01-04 11:43:31.970 - DEBUG: [controller_loader.js:267:12] registerPath called : /baroboard/device/goodbattery -> batteryUpdate in file ../controllers/baroboard-device-controller
2023-01-04 11:43:31.970 - DEBUG: [controller_loader.js:274:20]  method #0 -> post
2023-01-04 11:43:31.971 - DEBUG: [controller_loader.js:267:12] registerPath called : /baroboard/device/badbattery -> batteryUpdate2 in file ../controllers/baroboard-device-controller
2023-01-04 11:43:31.971 - DEBUG: [controller_loader.js:274:20]  method #0 -> post
2023-01-04 11:43:31.972 - DEBUG: [controller_loader.js:267:12] registerPath called : /baroboard/device/check/usinglayout -> checkUsingLayout in file ../controllers/baroboard-device-controller
2023-01-04 11:43:31.972 - DEBUG: [controller_loader.js:274:20]  method #0 -> post
2023-01-04 11:43:31.973 - DEBUG: [controller_loader.js:267:12] registerPath called : /baroboard/device/status -> statusUpdate in file ../controllers/baroboard-device-controller
2023-01-04 11:43:31.973 - DEBUG: [controller_loader.js:274:20]  method #0 -> post
2023-01-04 11:43:31.973 - DEBUG: [controller_loader.js:267:12] registerPath called : /baroboard/device/statussync -> statusSync in file ../controllers/baroboard-device-controller
2023-01-04 11:43:31.973 - DEBUG: [controller_loader.js:274:20]  method #0 -> post
2023-01-04 11:43:31.974 - DEBUG: [controller_loader.js:267:12] registerPath called : /baroboard/device/data/mappinglist -> layoutMappingDataList in file ../controllers/baroboard-device-controller
2023-01-04 11:43:31.974 - DEBUG: [controller_loader.js:274:20]  method #0 -> post
2023-01-04 11:43:31.975 - DEBUG: [controller_loader.js:267:12] registerPath called : /baroboard/device/modify/layout -> modifyLayoutinfo in file ../controllers/baroboard-device-controller
2023-01-04 11:43:31.975 - DEBUG: [controller_loader.js:274:20]  method #0 -> post
2023-01-04 11:43:31.976 - DEBUG: [controller_loader.js:267:12] registerPath called : /baroboard/device/data/esl_request -> darwinPushESLData in file ../controllers/baroboard-device-controller
2023-01-04 11:43:31.976 - DEBUG: [controller_loader.js:274:20]  method #0 -> post
2023-01-04 11:43:31.977 - DEBUG: [controller_loader.js:226:12] registerRest called : /baroboard/device_group -> in file ../controllers/baroboard-device-group-controller, table : baroboard.device_group
2023-01-04 11:43:31.978 - DEBUG: [controller_loader.js:241:16] rest type #0 -> list
2023-01-04 11:43:31.978 - DEBUG: [controller_loader.js:259:16] rest request method -> get, path -> /baroboard/device_group, func -> list
2023-01-04 11:43:31.978 - DEBUG: [controller_loader.js:241:16] rest type #1 -> create
2023-01-04 11:43:31.978 - DEBUG: [controller_loader.js:259:16] rest request method -> post, path -> /baroboard/device_group, func -> create
2023-01-04 11:43:31.978 - DEBUG: [controller_loader.js:241:16] rest type #2 -> read
2023-01-04 11:43:31.978 - DEBUG: [controller_loader.js:259:16] rest request method -> get, path -> /baroboard/device_group/:id, func -> read
2023-01-04 11:43:31.978 - DEBUG: [controller_loader.js:241:16] rest type #3 -> update
2023-01-04 11:43:31.978 - DEBUG: [controller_loader.js:259:16] rest request method -> put, path -> /baroboard/device_group/:id, func -> update
2023-01-04 11:43:31.979 - DEBUG: [controller_loader.js:241:16] rest type #4 -> delete
2023-01-04 11:43:31.979 - DEBUG: [controller_loader.js:259:16] rest request method -> delete, path -> /baroboard/device_group/:id, func -> delete
2023-01-04 11:43:31.980 - DEBUG: [controller_loader.js:226:12] registerRest called : /baroboard/image -> in file ../controllers/baroboard-image-controller, table : baroboard.image
2023-01-04 11:43:31.980 - DEBUG: [controller_loader.js:241:16] rest type #0 -> list
2023-01-04 11:43:31.981 - DEBUG: [controller_loader.js:259:16] rest request method -> get, path -> /baroboard/image, func -> list
2023-01-04 11:43:31.981 - DEBUG: [controller_loader.js:241:16] rest type #1 -> create
2023-01-04 11:43:31.981 - DEBUG: [controller_loader.js:259:16] rest request method -> post, path -> /baroboard/image, func -> create
2023-01-04 11:43:31.981 - DEBUG: [controller_loader.js:241:16] rest type #2 -> read
2023-01-04 11:43:31.981 - DEBUG: [controller_loader.js:259:16] rest request method -> get, path -> /baroboard/image/:id, func -> read
2023-01-04 11:43:31.981 - DEBUG: [controller_loader.js:241:16] rest type #3 -> update
2023-01-04 11:43:31.982 - DEBUG: [controller_loader.js:259:16] rest request method -> put, path -> /baroboard/image/:id, func -> update
2023-01-04 11:43:31.982 - DEBUG: [controller_loader.js:241:16] rest type #4 -> delete
2023-01-04 11:43:31.982 - DEBUG: [controller_loader.js:259:16] rest request method -> delete, path -> /baroboard/image/:id, func -> delete
2023-01-04 11:43:31.983 - DEBUG: [controller_loader.js:267:12] registerPath called : /baroboard/image/list -> requestList in file ../controllers/baroboard-image-controller
2023-01-04 11:43:31.983 - DEBUG: [controller_loader.js:274:20]  method #0 -> post
2023-01-04 11:43:31.986 - DEBUG: [controller_loader.js:267:12] registerPath called : /baroboard/image/category/list -> requestcategoryList in file ../controllers/baroboard-image-controller
2023-01-04 11:43:31.986 - DEBUG: [controller_loader.js:274:20]  method #0 -> post
2023-01-04 11:43:31.987 - DEBUG: [controller_loader.js:267:12] registerPath called : /baroboard/image/category/delete_item -> requestDeleteImage2 in file ../controllers/baroboard-image-controller
2023-01-04 11:43:31.987 - DEBUG: [controller_loader.js:274:20]  method #0 -> post
2023-01-04 11:43:31.988 - DEBUG: [controller_loader.js:267:12] registerPath called : /baroboard/image/category/title_delete -> requestDeleteCategory in file ../controllers/baroboard-image-controller
2023-01-04 11:43:31.988 - DEBUG: [controller_loader.js:274:20]  method #0 -> post
2023-01-04 11:43:31.988 - DEBUG: [controller_loader.js:267:12] registerPath called : /baroboard/image/category/add -> requestAddCategoryItem in file ../controllers/baroboard-image-controller
2023-01-04 11:43:31.989 - DEBUG: [controller_loader.js:274:20]  method #0 -> post
2023-01-04 11:43:31.989 - DEBUG: [controller_loader.js:267:12] registerPath called : /baroboard/image/category/image -> requestAddImageItemInCategory in file ../controllers/baroboard-image-controller
2023-01-04 11:43:31.989 - DEBUG: [controller_loader.js:274:20]  method #0 -> get
2023-01-04 11:43:31.990 - DEBUG: [controller_loader.js:274:20]  method #1 -> post
2023-01-04 11:43:31.991 - DEBUG: [controller_loader.js:226:12] registerRest called : /baroboard/layout -> in file ../controllers/baroboard-layout-controller, table : baroboard.layout
2023-01-04 11:43:31.991 - DEBUG: [controller_loader.js:241:16] rest type #0 -> list
2023-01-04 11:43:31.992 - DEBUG: [controller_loader.js:259:16] rest request method -> get, path -> /baroboard/layout, func -> list
2023-01-04 11:43:31.992 - DEBUG: [controller_loader.js:241:16] rest type #1 -> create
2023-01-04 11:43:31.992 - DEBUG: [controller_loader.js:259:16] rest request method -> post, path -> /baroboard/layout, func -> create
2023-01-04 11:43:31.992 - DEBUG: [controller_loader.js:241:16] rest type #2 -> read
2023-01-04 11:43:31.992 - DEBUG: [controller_loader.js:259:16] rest request method -> get, path -> /baroboard/layout/:id, func -> read
2023-01-04 11:43:31.992 - DEBUG: [controller_loader.js:241:16] rest type #3 -> update
2023-01-04 11:43:31.992 - DEBUG: [controller_loader.js:259:16] rest request method -> put, path -> /baroboard/layout/:id, func -> update
2023-01-04 11:43:31.993 - DEBUG: [controller_loader.js:241:16] rest type #4 -> delete
2023-01-04 11:43:31.993 - DEBUG: [controller_loader.js:259:16] rest request method -> delete, path -> /baroboard/layout/:id, func -> delete
2023-01-04 11:43:31.993 - DEBUG: [controller_loader.js:267:12] registerPath called : /baroboard/layout/image/del -> requestImageDelete in file ../controllers/baroboard-layout-controller
2023-01-04 11:43:31.994 - DEBUG: [controller_loader.js:274:20]  method #0 -> get
2023-01-04 11:43:31.994 - DEBUG: [controller_loader.js:274:20]  method #1 -> post
2023-01-04 11:43:31.995 - DEBUG: [controller_loader.js:267:12] registerPath called : /baroboard/layout/image/update -> requestUpdateImage in file ../controllers/baroboard-layout-controller
2023-01-04 11:43:31.995 - DEBUG: [controller_loader.js:274:20]  method #0 -> post
2023-01-04 11:43:31.996 - DEBUG: [controller_loader.js:267:12] registerPath called : /baroboard/layout/mapping/update -> updateMapping in file ../controllers/baroboard-layout-controller
2023-01-04 11:43:31.996 - DEBUG: [controller_loader.js:274:20]  method #0 -> post
2023-01-04 11:43:31.997 - DEBUG: [controller_loader.js:226:12] registerRest called : /baroboard/legacy -> in file ../controllers/baroboard-legacy, table : baroboard.legacy
2023-01-04 11:43:31.997 - DEBUG: [controller_loader.js:241:16] rest type #0 -> list
2023-01-04 11:43:31.997 - DEBUG: [controller_loader.js:259:16] rest request method -> get, path -> /baroboard/legacy, func -> list
2023-01-04 11:43:31.997 - DEBUG: [controller_loader.js:241:16] rest type #1 -> create
2023-01-04 11:43:31.998 - DEBUG: [controller_loader.js:259:16] rest request method -> post, path -> /baroboard/legacy, func -> create
2023-01-04 11:43:31.998 - DEBUG: [controller_loader.js:241:16] rest type #2 -> read
2023-01-04 11:43:31.998 - DEBUG: [controller_loader.js:259:16] rest request method -> get, path -> /baroboard/legacy/:id, func -> read
2023-01-04 11:43:31.998 - DEBUG: [controller_loader.js:241:16] rest type #3 -> update
2023-01-04 11:43:31.998 - DEBUG: [controller_loader.js:259:16] rest request method -> put, path -> /baroboard/legacy/:id, func -> update
2023-01-04 11:43:31.998 - DEBUG: [controller_loader.js:241:16] rest type #4 -> delete
2023-01-04 11:43:31.999 - DEBUG: [controller_loader.js:259:16] rest request method -> delete, path -> /baroboard/legacy/:id, func -> delete
2023-01-04 11:43:32.002 - DEBUG: [controller_loader.js:226:12] registerRest called : /baroboard/users -> in file ../controllers/baroboard-users-controller, table : baroboard.users
2023-01-04 11:43:32.002 - DEBUG: [controller_loader.js:241:16] rest type #0 -> list
2023-01-04 11:43:32.002 - DEBUG: [controller_loader.js:259:16] rest request method -> get, path -> /baroboard/users, func -> list
2023-01-04 11:43:32.002 - DEBUG: [controller_loader.js:241:16] rest type #1 -> create
2023-01-04 11:43:32.002 - DEBUG: [controller_loader.js:259:16] rest request method -> post, path -> /baroboard/users, func -> create
2023-01-04 11:43:32.002 - DEBUG: [controller_loader.js:241:16] rest type #2 -> read
2023-01-04 11:43:32.002 - DEBUG: [controller_loader.js:259:16] rest request method -> get, path -> /baroboard/users/:id, func -> read
2023-01-04 11:43:32.003 - DEBUG: [controller_loader.js:241:16] rest type #3 -> update
2023-01-04 11:43:32.003 - DEBUG: [controller_loader.js:259:16] rest request method -> put, path -> /baroboard/users/:id, func -> update
2023-01-04 11:43:32.003 - DEBUG: [controller_loader.js:241:16] rest type #4 -> delete
2023-01-04 11:43:32.003 - DEBUG: [controller_loader.js:259:16] rest request method -> delete, path -> /baroboard/users/:id, func -> delete
2023-01-04 11:43:32.004 - DEBUG: [controller_loader.js:267:12] registerPath called : /baroboard/users/signup -> signup in file ../controllers/baroboard-users-controller
2023-01-04 11:43:32.005 - DEBUG: [controller_loader.js:274:20]  method #0 -> post
2023-01-04 11:43:32.006 - DEBUG: [controller_loader.js:267:12] registerPath called : /baroboard/users/login -> login in file ../controllers/baroboard-users-controller
2023-01-04 11:43:32.006 - DEBUG: [controller_loader.js:274:20]  method #0 -> post
2023-01-04 11:43:32.007 - DEBUG: [controller_loader.js:267:12] registerPath called : /baroboard/users/logout -> logout in file ../controllers/baroboard-users-controller
2023-01-04 11:43:32.007 - DEBUG: [controller_loader.js:274:20]  method #0 -> post
2023-01-04 11:43:32.008 - DEBUG: [controller_loader.js:226:12] registerRest called : /bear -> in file ../controllers/bear-controller, table : test.person
2023-01-04 11:43:32.008 - DEBUG: [controller_loader.js:241:16] rest type #0 -> list
2023-01-04 11:43:32.008 - DEBUG: [controller_loader.js:259:16] rest request method -> get, path -> /bear, func -> list
2023-01-04 11:43:32.009 - DEBUG: [controller_loader.js:241:16] rest type #1 -> create
2023-01-04 11:43:32.009 - DEBUG: [controller_loader.js:259:16] rest request method -> post, path -> /bear, func -> create
2023-01-04 11:43:32.009 - DEBUG: [controller_loader.js:241:16] rest type #2 -> read
2023-01-04 11:43:32.009 - DEBUG: [controller_loader.js:259:16] rest request method -> get, path -> /bear/:id, func -> read
2023-01-04 11:43:32.009 - DEBUG: [controller_loader.js:241:16] rest type #3 -> update
2023-01-04 11:43:32.009 - DEBUG: [controller_loader.js:259:16] rest request method -> put, path -> /bear/:id, func -> update
2023-01-04 11:43:32.009 - DEBUG: [controller_loader.js:241:16] rest type #4 -> delete
2023-01-04 11:43:32.010 - DEBUG: [controller_loader.js:259:16] rest request method -> delete, path -> /bear/:id, func -> delete
2023-01-04 11:43:32.012 - DEBUG: [controller_loader.js:226:12] registerRest called : /cat -> in file ../controllers/cat-controller, table : undefined
2023-01-04 11:43:32.012 - DEBUG: [controller_loader.js:241:16] rest type #0 -> list
2023-01-04 11:43:32.012 - DEBUG: [controller_loader.js:259:16] rest request method -> get, path -> /cat, func -> list
2023-01-04 11:43:32.013 - DEBUG: [controller_loader.js:241:16] rest type #1 -> create
2023-01-04 11:43:32.013 - DEBUG: [controller_loader.js:259:16] rest request method -> post, path -> /cat, func -> create
2023-01-04 11:43:32.013 - DEBUG: [controller_loader.js:241:16] rest type #2 -> read
2023-01-04 11:43:32.013 - DEBUG: [controller_loader.js:259:16] rest request method -> get, path -> /cat/:id, func -> read
2023-01-04 11:43:32.013 - DEBUG: [controller_loader.js:241:16] rest type #3 -> update
2023-01-04 11:43:32.013 - DEBUG: [controller_loader.js:259:16] rest request method -> put, path -> /cat/:id, func -> update
2023-01-04 11:43:32.014 - DEBUG: [controller_loader.js:241:16] rest type #4 -> delete
2023-01-04 11:43:32.014 - DEBUG: [controller_loader.js:259:16] rest request method -> delete, path -> /cat/:id, func -> delete
2023-01-04 11:43:32.017 - DEBUG: [controller_loader.js:267:12] registerPath called : /chat/send -> send in file ../controllers/chat-controller
2023-01-04 11:43:32.018 - DEBUG: [controller_loader.js:274:20]  method #0 -> get
2023-01-04 11:43:32.023 - DEBUG: [controller_loader.js:267:12] registerPath called : /cni-test/patient-list -> patientList in file ../controllers/cni-controller
2023-01-04 11:43:32.025 - DEBUG: [controller_loader.js:274:20]  method #0 -> get
2023-01-04 11:43:32.025 - DEBUG: [controller_loader.js:274:20]  method #1 -> post
2023-01-04 11:43:32.027 - DEBUG: [controller_loader.js:267:12] registerPath called : /consent/v1/patient/inpatient-list-01 -> inpatientList01 in file ../controllers/consent-v1-kbsmc-controller
2023-01-04 11:43:32.027 - DEBUG: [controller_loader.js:274:20]  method #0 -> get
2023-01-04 11:43:32.027 - DEBUG: [controller_loader.js:274:20]  method #1 -> post
2023-01-04 11:43:32.028 - DEBUG: [controller_loader.js:267:12] registerPath called : /consent/v1/consent/consent-save-01 -> consentSave01 in file ../controllers/consent-v1-kbsmc-controller
2023-01-04 11:43:32.028 - DEBUG: [controller_loader.js:274:20]  method #0 -> get
2023-01-04 11:43:32.029 - DEBUG: [controller_loader.js:274:20]  method #1 -> post
2023-01-04 11:43:32.031 - DEBUG: [controller_loader.js:267:12] registerPath called : /dog/index -> index in file ../controllers/dog-controller
2023-01-04 11:43:32.032 - DEBUG: [controller_loader.js:274:20]  method #0 -> get
2023-01-04 11:43:32.033 - DEBUG: [controller_loader.js:274:20]  method #1 -> post
2023-01-04 11:43:32.033 - DEBUG: [controller_loader.js:267:12] registerPath called : /dog/list -> list in file ../controllers/dog-controller
2023-01-04 11:43:32.034 - DEBUG: [controller_loader.js:274:20]  method #0 -> get
2023-01-04 11:43:32.034 - DEBUG: [controller_loader.js:274:20]  method #1 -> post
2023-01-04 11:43:32.034 - DEBUG: [controller_loader.js:267:12] registerPath called : /dog/create -> create in file ../controllers/dog-controller
2023-01-04 11:43:32.034 - DEBUG: [controller_loader.js:274:20]  method #0 -> get
2023-01-04 11:43:32.035 - DEBUG: [controller_loader.js:274:20]  method #1 -> post
2023-01-04 11:43:32.035 - DEBUG: [controller_loader.js:267:12] registerPath called : /dog/read -> read in file ../controllers/dog-controller
2023-01-04 11:43:32.035 - DEBUG: [controller_loader.js:274:20]  method #0 -> get
2023-01-04 11:43:32.036 - DEBUG: [controller_loader.js:274:20]  method #1 -> post
2023-01-04 11:43:32.036 - DEBUG: [controller_loader.js:267:12] registerPath called : /dog/update -> update in file ../controllers/dog-controller
2023-01-04 11:43:32.036 - DEBUG: [controller_loader.js:274:20]  method #0 -> get
2023-01-04 11:43:32.036 - DEBUG: [controller_loader.js:274:20]  method #1 -> post
2023-01-04 11:43:32.037 - DEBUG: [controller_loader.js:267:12] registerPath called : /dog/delete -> delete in file ../controllers/dog-controller
2023-01-04 11:43:32.037 - DEBUG: [controller_loader.js:274:20]  method #0 -> post
2023-01-04 11:43:32.039 - DEBUG: [controller_loader.js:267:12] registerPath called : /esl-index.do -> eslIndex in file ../controllers/index-controller
2023-01-04 11:43:32.039 - DEBUG: [controller_loader.js:274:20]  method #0 -> get
2023-01-04 11:43:32.041 - DEBUG: [controller_loader.js:267:12] registerPath called : /lion/ -> list in file ../controllers/lion-controller
2023-01-04 11:43:32.042 - DEBUG: [controller_loader.js:274:20]  method #0 -> get
2023-01-04 11:43:32.042 - DEBUG: [controller_loader.js:267:12] registerPath called : /lion/create -> create in file ../controllers/lion-controller
2023-01-04 11:43:32.043 - DEBUG: [controller_loader.js:274:20]  method #0 -> post
2023-01-04 11:43:32.043 - DEBUG: [controller_loader.js:267:12] registerPath called : /lion/read/:id -> read in file ../controllers/lion-controller
2023-01-04 11:43:32.043 - DEBUG: [controller_loader.js:274:20]  method #0 -> get
2023-01-04 11:43:32.044 - DEBUG: [controller_loader.js:267:12] registerPath called : /lion/update/:id -> update in file ../controllers/lion-controller
2023-01-04 11:43:32.044 - DEBUG: [controller_loader.js:274:20]  method #0 -> post
2023-01-04 11:43:32.045 - DEBUG: [controller_loader.js:267:12] registerPath called : /lion/delete/:id -> delete in file ../controllers/lion-controller
2023-01-04 11:43:32.045 - DEBUG: [controller_loader.js:274:20]  method #0 -> delete
2023-01-04 11:43:32.047 - DEBUG: [controller_loader.js:267:12] registerPath called : /mci-test/patient-list -> patientList in file ../controllers/mci-controller
2023-01-04 11:43:32.050 - DEBUG: [controller_loader.js:274:20]  method #0 -> get
2023-01-04 11:43:32.050 - DEBUG: [controller_loader.js:274:20]  method #1 -> post
2023-01-04 11:43:32.052 - DEBUG: [controller_loader.js:267:12] registerPath called : /panda/list -> list in file ../controllers/panda-controller
2023-01-04 11:43:32.052 - DEBUG: [controller_loader.js:274:20]  method #0 -> get
2023-01-04 11:43:32.055 - DEBUG: [controller_loader.js:267:12] registerPath called : /sboard_image/upload -> upload in file ../controllers/sboard-image-controller
2023-01-04 11:43:32.055 - DEBUG: [controller_loader.js:274:20]  method #0 -> post
2023-01-04 11:43:32.056 - DEBUG: [controller_loader.js:267:12] registerPath called : /sboard_image/send -> send in file ../controllers/sboard-image-controller
2023-01-04 11:43:32.056 - DEBUG: [controller_loader.js:274:20]  method #0 -> post
2023-01-04 11:43:32.057 - DEBUG: [controller_loader.js:267:12] registerPath called : /sboard_image/send_group -> sendGroup in file ../controllers/sboard-image-controller
2023-01-04 11:43:32.057 - DEBUG: [controller_loader.js:274:20]  method #0 -> post
2023-01-04 11:43:32.059 - DEBUG: [controller_loader.js:267:12] registerPath called : /sheep/ -> list in file ../controllers/sheep-controller
2023-01-04 11:43:32.060 - DEBUG: [controller_loader.js:274:20]  method #0 -> get
2023-01-04 11:43:32.060 - DEBUG: [controller_loader.js:267:12] registerPath called : /sheep/ -> create in file ../controllers/sheep-controller
2023-01-04 11:43:32.060 - DEBUG: [controller_loader.js:274:20]  method #0 -> post
2023-01-04 11:43:32.061 - DEBUG: [controller_loader.js:267:12] registerPath called : /sheep/:id -> read in file ../controllers/sheep-controller
2023-01-04 11:43:32.061 - DEBUG: [controller_loader.js:274:20]  method #0 -> get
2023-01-04 11:43:32.062 - DEBUG: [controller_loader.js:267:12] registerPath called : /sheep/:id -> update in file ../controllers/sheep-controller
2023-01-04 11:43:32.062 - DEBUG: [controller_loader.js:274:20]  method #0 -> put
2023-01-04 11:43:32.064 - DEBUG: [controller_loader.js:267:12] registerPath called : /sheep/:id -> delete in file ../controllers/sheep-controller
2023-01-04 11:43:32.064 - DEBUG: [controller_loader.js:274:20]  method #0 -> delete
2023-01-04 11:43:32.066 - DEBUG: [controller_loader.js:267:12] registerPath called : /data/apply -> applyData in file ../controllers/sync_to_esl-controller
2023-01-04 11:43:32.067 - DEBUG: [controller_loader.js:274:20]  method #0 -> post
2023-01-04 11:43:32.068 - DEBUG: [controller_loader.js:267:12] registerPath called : /data/lastmodifieddate -> getLastModifiedDate in file ../controllers/sync_to_mci-controller
2023-01-04 11:43:32.069 - DEBUG: [controller_loader.js:274:20]  method #0 -> post
2023-01-04 11:43:32.070 - DEBUG: [controller_loader.js:267:12] registerPath called : /data/apply -> applyData in file ../controllers/sync_to_mci-controller
2023-01-04 11:43:32.070 - DEBUG: [controller_loader.js:274:20]  method #0 -> post
2023-01-04 11:43:32.072 - DEBUG: [controller_loader.js:267:12] registerPath called : /tiger/hello -> hello in file ../controllers/tiger-controller
2023-01-04 11:43:32.072 - DEBUG: [controller_loader.js:274:20]  method #0 -> get
2023-01-04 11:43:32.072 - DEBUG: [controller_loader.js:274:20]  method #1 -> post
2023-01-04 11:43:32.073 - DEBUG: [controller_loader.js:267:12] registerPath called : /tiger/bye -> bye in file ../controllers/tiger-controller
2023-01-04 11:43:32.073 - DEBUG: [controller_loader.js:274:20]  method #0 -> get
2023-01-04 11:43:32.073 - DEBUG: [controller_loader.js:274:20]  method #1 -> post
2023-01-04 11:45:03.853 - DEBUG: [mci.js:20:16] MCI initialized.
2023-01-04 11:45:03.878 - INFO: [new_sync_to_mci_esl.js:65:16] [172300//01E] start.
2023-01-04 11:45:03.895 - DEBUG: [mci-controller.js:36:16] MCITest:patientList called for path /mci-test/patient-list
2023-01-04 11:45:03.897 - DEBUG: [mci_util.js:17:16] MciUtil initialized.
2023-01-04 11:45:03.904 - DEBUG: [mci_util.js:181:16] query called.
2023-01-04 11:45:03.905 - DEBUG: [mci_util.js:182:16] values.input -> {"wardCd":"172300"}
2023-01-04 11:45:03.905 - DEBUG: [mci.js:37:16] mci.send called.
2023-01-04 11:45:03.905 - DEBUG: [mci.js:75:16] createSystemHeader called.
2023-01-04 11:45:03.906 - DEBUG: [mci.js:114:16] createBusinessHeader called.
2023-01-04 11:45:03.907 - DEBUG: [mci.js:46:16] Request -> "{\"cfs_sheader_001\":{\"tlgrLngtVl\":\"0000001092\",\"uuid\":\"ca732020-8bd9-11ed-8f6f-c9089bce1335\",\"tlgrPrgrNo\":\"1\",\"tlgrTypeCd\":\"Q\",\"inrfId\":\"mno_elsdidt_l01\",\"tlgrRqstDt\":\"20230104114503906000\",\"lnkdSystInfmVl\":\"\",\"sesnId\":\"\",\"tlgrRqstSystIp\":\"119.6.3.104\",\"tlgrMediDvsnCd\":\"MO\",\"tlgrRqstSystId\":\"bm0\",\"tlgrTrnmSrvcId\":\"DRS_100000_1001\",\"tlgrTrnmUserId\":\"MOBILE\",\"tlgrRecvSrvcId\":\"\",\"tlgrRecvUserId\":\"\",\"prsgRsltDvsnCd\":\"\",\"filePrsgYn\":\"\",\"syncPrsgDvsnCd\":\"S\",\"ectnYn\":\"N\",\"cmrnYn\":\"N\",\"systEnvrDvsnCd\":\"P\",\"testTlgrYn\":\"N\",\"inrfSttsCd\":\"\",\"wndoHndeId\":\"\",\"dataInfmYn\":\"\",\"tlgrVrsnCeckYn\":\"\",\"rqstTlgrVrsnNo\":\"\",\"rspnTlgrVrsnNo\":\"\",\"cmrnTrgtYn\":\"\",\"systHedrRmrkVl\":\"\"},\"cfs_bheader_s00\":{\"evntTypCd\":\"\",\"hsptCd\":\"\",\"cntrCd\":\"\",\"dprtCd\":\"\",\"natnCd\":\"ko\",\"lnggCd\":\"KR\",\"aftrMtrlExstYn\":\"\",\"mxmmRqstVl\":\"\",\"mesgCd\":\"\",\"mesgCtn\":\"\",\"adddMesgCd\":\"\",\"adddMesgCtn\":\"\",\"errPrgmNm\":\"\",\"errFuncNm\":\"\",\"errLineNo\":\"\",\"errSqlNo\":\"\",\"errTpNo\":\"\",\"errMesgPrsgDvsnCd\":\"\",\"excfCd\":\"\",\"dtlsExcfCd\":\"\",\"mesgMngmDvsnYn\":\"\",\"userId\":\"MOBILE\",\"scryAplyYn\":\"\",\"bswrHedrRmrkVl\":\"\"},\"mns_elsdidt_002\":{\"wardCd\":\"172300\"}}"
2023-01-04 11:45:03.907 - DEBUG: [mci.js:214:10] createLengthPrefix called.
2023-01-04 11:45:03.908 - DEBUG: [mci.js:67:10] output : 0000001092{"cfs_sheader_001":{"tlgrLngtVl":"0000001092","uuid":"ca732020-8bd9-11ed-8f6f-c9089bce1335","tlgrPrgrNo":"1","tlgrTypeCd":"Q","inrfId":"mno_elsdidt_l01","tlgrRqstDt":"20230104114503906000","lnkdSystInfmVl":"","sesnId":"","tlgrRqstSystIp":"119.6.3.104","tlgrMediDvsnCd":"MO","tlgrRqstSystId":"bm0","tlgrTrnmSrvcId":"DRS_100000_1001","tlgrTrnmUserId":"MOBILE","tlgrRecvSrvcId":"","tlgrRecvUserId":"","prsgRsltDvsnCd":"","filePrsgYn":"","syncPrsgDvsnCd":"S","ectnYn":"N","cmrnYn":"N","systEnvrDvsnCd":"P","testTlgrYn":"N","inrfSttsCd":"","wndoHndeId":"","dataInfmYn":"","tlgrVrsnCeckYn":"","rqstTlgrVrsnNo":"","rspnTlgrVrsnNo":"","cmrnTrgtYn":"","systHedrRmrkVl":""},"cfs_bheader_s00":{"evntTypCd":"","hsptCd":"","cntrCd":"","dprtCd":"","natnCd":"ko","lnggCd":"KR","aftrMtrlExstYn":"","mxmmRqstVl":"","mesgCd":"","mesgCtn":"","adddMesgCd":"","adddMesgCtn":"","errPrgmNm":"","errFuncNm":"","errLineNo":"","errSqlNo":"","errTpNo":"","errMesgPrsgDvsnCd":"","excfCd":"","dtlsExcfCd":"","mesgMngmDvsnYn":"","userId":"MOBILE","scryAplyYn":"","bswrHedrRmrkVl":""},"mns_elsdidt_002":{"wardCd":"172300"}}
2023-01-04 11:45:03.908 - DEBUG: [mci.js:148:16] sendData called.
2023-01-04 11:45:03.912 - DEBUG: [mci.js:160:20] Client connection ID : ca740a80-8bd9-11ed-8f6f-c9089bce1335
2023-01-04 11:45:03.915 - DEBUG: [mci.js:163:20] about to send output.
2023-01-04 11:45:03.915 - DEBUG: [mci_util.js:212:32] send request done -> output sent.
2023-01-04 11:45:03.916 - DEBUG: [mci.js:168:20] all before release : 1
2023-01-04 11:45:03.916 - DEBUG: [mci.js:169:20] free before release : 0
2023-01-04 11:45:03.932 - DEBUG: [mci_util.js:215:32] received event : data
2023-01-04 11:45:03.933 - DEBUG: [mci_util.js:33:11] typeof data : object
2023-01-04 11:45:03.933 - DEBUG: [mci_util.js:40:16] [[Class]] property : [object Uint8Array]
2023-01-04 11:45:03.934 - DEBUG: [mci_util.js:41:16] is Buffer? : true
2023-01-04 11:45:03.934 - DEBUG: [mci_util.js:57:20] remaining buffer for socket [ca740a80-8bd9-11ed-8f6f-c9089bce1335] not exists.
2023-01-04 11:45:03.934 - DEBUG: [mci_util.js:70:16] length string : 0000002598
2023-01-04 11:45:03.934 - DEBUG: [mci_util.js:76:16] body length : 2598
2023-01-04 11:45:03.935 - DEBUG: [mci_util.js:86:16] compared length : 2598, 2598
2023-01-04 11:45:03.935 - DEBUG: [mci_util.js:96:20] body buffer is completed.
2023-01-04 11:45:03.935 - DEBUG: [mci_util.js:99:20] converting body data for TEST.
2023-01-04 11:45:03.935 - DEBUG: [mci_util.js:104:24] first digit : {
2023-01-04 11:45:03.936 - DEBUG: [mci_util.js:129:24] connection released.
2023-01-04 11:45:03.936 - DEBUG: [mci_util.js:248:16] processCompleted called.
2023-01-04 11:45:03.936 - DEBUG: [mci_util.js:252:16] output -> {
	"cfs_sheader_001": {
		"tlgrLngtVl": "0000031460",
		"uuid": "978a0a13-8b1c-475e-a13f-bab6138ce72a",
		"tlgrPrgrNo": "2",
		"tlgrTypeCd": "A",
		"inrfId": "mno_elsdidt_l01",
		"tlgrRqstDt": "20210831133854948000",
		"lnkdSystInfmVl": "11001101",
		"sesnId": "",
		"tlgrRqstSystIp": "119.6.3.92",
		"tlgrMediDvsnCd": "MO",
		"tlgrRqstSystId": "bm0",
		"tlgrTrnmSrvcId": "DRS_100000_1001",
		"tlgrTrnmUserId": "MOBILE",
		"tlgrRecvSrvcId": "mno_elsdidt_l01",
		"tlgrRecvUserId": "",
		"prsgRsltDvsnCd": "1",
		"filePrsgYn": "",
		"syncPrsgDvsnCd": "S",
		"ectnYn": "N",
		"cmrnYn": "N",
		"systEnvrDvsnCd": "D",
		"testTlgrYn": "N",
		"inrfSttsCd": "",
		"wndoHndeId": "",
		"dataInfmYn": "",
		"tlgrVrsnCeckYn": "",
		"rqstTlgrVrsnNo": "",
		"rspnTlgrVrsnNo": "",
		"cmrnTrgtYn": "",
		"systHedrRmrkVl": ""
	},
	"cfs_bheader_s00": {
		"evntTypCd": "",
		"hsptCd": "",
		"cntrCd": "",
		"dprtCd": "",
		"natnCd": "ko",
		"lnggCd": "KR",
		"aftrMtrlExstYn": "",
		"mxmmRqstVl": "",
		"mesgCd": "IB00013",
		"mesgCtn": " .!",
		"adddMesgCd": "",
		"adddMesgCtn": "",
		"errPrgmNm": "",
		"errFuncNm": "",
		"errLineNo": "",
		"errSqlNo": "",
		"errTpNo": "",
		"errMesgPrsgDvsnCd": "S",
		"excfCd": "",
		"dtlsExcfCd": "",
		"mesgMngmDvsnYn": "",
		"userId": "MOBILE",
		"scryAplyYn": "",
		"bswrHedrRmrkVl": ""
	},
	"mnc_elsdidt_001": {
		"afiReptNtm": 27,
		"mns_elsdidt_001": [
			
			{
				"ptntNm": "",
				"gendCd": "M",
				"ageCtn": "30",
				"btdt": "1944-08-03",
				"mcdpNm": "",
				"chdrNm": "1",
				"gndrNm": "2",
				"fallCtn": "",
				"bdsrEtcCtn": "",
				"ctctYn": "",
				"cnsdCtctStcrVl": "",
				"airCatnYn": "",
				"drplYn": "",
				"blodCatnYn": "",
				"invrIsltYn": "",
				"etcYn": "",
				"inptCasbCtn": "",
				"admsDt": "2022-12-29",
				"dschPrrnYmd": "",
				"dvsnNm1": "",
				"dvsnNm2": "",
				"dvsnNm3": "",
				"dvsnNm4": "",
				"dvsnNm5": "",
				"dvsnNm6": "",
				"dvsnNm7": "",
				"wardCdCtn": "01E",
				"carePtrmNo": "01",
				"careSckbNo": "01",
				"ptno": "40756353",
				"wardNm": "",
				"wardCd": "172300",
				"mdrpNo": 2031139100,
				"ptntNmCatnYn": "Y",
				"npoYn": "Y",
				"npoCtn": " ",
				"npoDscrMemoCtn": "",
				"ptntInftCtn": " /( 11:00 ) ",
				"obsrRomStinYn": "N",
				"dpwrYn": "N",
				"codvCd": "E",
				"afiErrmLctnNm": "",
				"afiPtntLctnNm": "-B-03"
			}
		]
	}
}
2023-01-04 11:45:03.937 - DEBUG: [mci_util.js:276:20] processResponse called.
2023-01-04 11:45:03.938 - DEBUG: [mci_util.js:282:24] KEYS -> ["cfs_sheader_001","cfs_bheader_s00","mnc_elsdidt_001"]
2023-01-04 11:45:03.938 - DEBUG: [mci_util.js:310:16] parseHeader called.
2023-01-04 11:45:03.938 - DEBUG: [mci_util.js:286:24] HEADER -> {"serviceId":"mno_elsdidt_l01","userId":"","errMessage":"","code":"IB00013","message":" .!"}
2023-01-04 11:45:03.939 - DEBUG: [mci_util.js:488:16] parseBody called.
2023-01-04 11:45:03.939 - DEBUG: [mci_util.js:495:20] outname type : string
2023-01-04 11:45:03.939 - DEBUG: [mci_util.js:504:24] repeat count : 1
2023-01-04 11:45:03.939 - DEBUG: [mci_util.js:523:16] parseData called.
2023-01-04 11:45:03.940 - DEBUG: [mci_util.js:529:24] mapper found with attributes 39
2023-01-04 11:45:03.940 - DEBUG: [mci_util.js:535:40] mapping #0 [firstName] -> [ptntNm] : 
2023-01-04 11:45:03.940 - DEBUG: [mci_util.js:535:40] mapping #1 [nameWarning] -> [ptntNmCatnYn] : Y
2023-01-04 11:45:03.940 - DEBUG: [mci_util.js:535:40] mapping #2 [gender] -> [gendCd] : M
2023-01-04 11:45:03.941 - DEBUG: [mci_util.js:535:40] mapping #3 [age] -> [ageCtn] : 30
2023-01-04 11:45:03.941 - DEBUG: [mci_util.js:535:40] mapping #4 [birthDate] -> [btdt] : 1944-08-03
2023-01-04 11:45:03.941 - DEBUG: [mci_util.js:535:40] mapping #5 [dept] -> [mcdpNm] : 
2023-01-04 11:45:03.941 - DEBUG: [mci_util.js:535:40] mapping #6 [doctorName1] -> [gndrNm] : 2
2023-01-04 11:45:03.942 - DEBUG: [mci_util.js:535:40] mapping #7 [doctorName2] -> [chdrNm] : 1
2023-01-04 11:45:03.942 - DEBUG: [mci_util.js:535:40] mapping #8 [caution3] -> [fallCtn] : 
2023-01-04 11:45:03.943 - DEBUG: [mci_util.js:535:40] mapping #9 [caution4] -> [bdsrEtcCtn] : 
2023-01-04 11:45:03.943 - DEBUG: [mci_util.js:535:40] mapping #10 [caution2B] -> [ctctYn] : 
2023-01-04 11:45:03.943 - DEBUG: [mci_util.js:535:40] mapping #11 [caution2A] -> [cnsdCtctStcrVl] : 
2023-01-04 11:45:03.943 - DEBUG: [mci_util.js:535:40] mapping #12 [caution1A] -> [airCatnYn] : 
2023-01-04 11:45:03.943 - DEBUG: [mci_util.js:535:40] mapping #13 [caution1B] -> [drplYn] : 
2023-01-04 11:45:03.944 - DEBUG: [mci_util.js:535:40] mapping #14 [caution5] -> [blodCatnYn] : 
2023-01-04 11:45:03.944 - DEBUG: [mci_util.js:535:40] mapping #15 [caution6A] -> [invrIsltYn] : 
2023-01-04 11:45:03.944 - DEBUG: [mci_util.js:535:40] mapping #16 [caution6B] -> [etcYn] : 
2023-01-04 11:45:03.944 - DEBUG: [mci_util.js:535:40] mapping #17 [npoYn] -> [npoYn] : Y
2023-01-04 11:45:03.944 - DEBUG: [mci_util.js:535:40] mapping #18 [npoCtn] -> [npoCtn] :  
2023-01-04 11:45:03.944 - DEBUG: [mci_util.js:535:40] mapping #19 [npoDscrMemoCtn] -> [npoDscrMemoCtn] : 
2023-01-04 11:45:03.944 - DEBUG: [mci_util.js:535:40] mapping #20 [ptntInftCtn] -> [ptntInftCtn] :  /( 11:00 ) 
2023-01-04 11:45:03.945 - DEBUG: [mci_util.js:535:40] mapping #21 [treatDate] -> [admsDt] : 2022-12-29
2023-01-04 11:45:03.945 - DEBUG: [mci_util.js:535:40] mapping #22 [leavingDate] -> [dschPrrnYmd] : 
2023-01-04 11:45:03.945 - DEBUG: [mci_util.js:535:40] mapping #23 [roundingSun] -> [dvsnNm1] : 
2023-01-04 11:45:03.945 - DEBUG: [mci_util.js:535:40] mapping #24 [roundingMon] -> [dvsnNm2] : 
2023-01-04 11:45:03.945 - DEBUG: [mci_util.js:535:40] mapping #25 [roundingTue] -> [dvsnNm3] : 
2023-01-04 11:45:03.945 - DEBUG: [mci_util.js:535:40] mapping #26 [roundingWed] -> [dvsnNm4] : 
2023-01-04 11:45:03.945 - DEBUG: [mci_util.js:535:40] mapping #27 [roundingThu] -> [dvsnNm5] : 
2023-01-04 11:45:03.945 - DEBUG: [mci_util.js:535:40] mapping #28 [roundingFri] -> [dvsnNm6] : 
2023-01-04 11:45:03.946 - DEBUG: [mci_util.js:535:40] mapping #29 [roundingSat] -> [dvsnNm7] : 
2023-01-04 11:45:03.946 - DEBUG: [mci_util.js:535:40] mapping #30 [ward] -> [wardCdCtn] : 01E
2023-01-04 11:45:03.946 - DEBUG: [mci_util.js:535:40] mapping #31 [roomNo] -> [carePtrmNo] : 01
2023-01-04 11:45:03.946 - DEBUG: [mci_util.js:535:40] mapping #32 [bedNo] -> [careSckbNo] : 01
2023-01-04 11:45:03.946 - DEBUG: [mci_util.js:535:40] mapping #33 [id] -> [ptno] : 40756353
2023-01-04 11:45:03.946 - DEBUG: [mci_util.js:535:40] mapping #34 [wardName] -> [wardNm] : 
2023-01-04 11:45:03.946 - DEBUG: [mci_util.js:535:40] mapping #35 [wardId] -> [wardCd] : 172300
2023-01-04 11:45:03.947 - DEBUG: [mci_util.js:535:40] mapping #36 [codvCd] -> [codvCd] : E
2023-01-04 11:45:03.947 - DEBUG: [mci_util.js:535:40] mapping #37 [afiErrmLctnNm] -> [afiErrmLctnNm] : 
2023-01-04 11:45:03.947 - DEBUG: [mci_util.js:535:40] mapping #38 [afiPtntLctnNm] -> [afiPtntLctnNm] : -B-03
2023-01-04 11:45:03.951 - INFO: [new_sync_to_mci_esl.js:149:20] [ Location: 01E || total Device : 1 || diffrent DATA count : 1 ]
2023-01-04 11:45:03.955 - INFO: [sync_to_esl-controller.js:598:12] [01E-B-03]   
2023-01-04 11:45:07.370 - INFO: [new_sync_to_mci_esl.js:175:28] [01E-B-03] requestSuccess
