2023-02-21 15:04:53.901 - DEBUG: [service_loader.js:17:12] load in service_loader called.
2023-02-21 15:04:53.905 - DEBUG: [service_loader.js:21:16] #0 -> id:1, unit:person
2023-02-21 15:04:54.553 - DEBUG: [service_loader.js:39:16] method #0 -> list
2023-02-21 15:04:54.554 - DEBUG: [service_loader.js:43:16]     do method name -> doList
2023-02-21 15:04:54.554 - DEBUG: [service_loader.js:39:16] method #1 -> read
2023-02-21 15:04:54.554 - DEBUG: [service_loader.js:43:16]     do method name -> doRead
2023-02-21 15:04:54.555 - DEBUG: [service_loader.js:39:16] method #2 -> create
2023-02-21 15:04:54.555 - DEBUG: [service_loader.js:43:16]     do method name -> doCreate
2023-02-21 15:04:54.556 - DEBUG: [service_loader.js:39:16] method #3 -> update
2023-02-21 15:04:54.556 - DEBUG: [service_loader.js:43:16]     do method name -> doUpdate
2023-02-21 15:04:54.557 - DEBUG: [service_loader.js:39:16] method #4 -> delete
2023-02-21 15:04:54.557 - DEBUG: [service_loader.js:43:16]     do method name -> doDelete
2023-02-21 15:04:54.557 - INFO: [index.js:114:12] service loader called.
2023-02-21 15:04:54.558 - DEBUG: [controller_loader.js:26:12] load called.
2023-02-21 15:04:54.558 - DEBUG: [controller_loader.js:106:12] autoLoad called.
2023-02-21 15:04:54.670 - DEBUG: [controller_loader.js:34:20] #0 -> id:1, type:rest, base:, unit:person
2023-02-21 15:04:54.690 - DEBUG: [person-controller.js:27:16] PersonController initialized.
2023-02-21 15:04:54.690 - DEBUG: [controller_loader.js:53:24] rest type #0 -> list
2023-02-21 15:04:54.690 - DEBUG: [controller_loader.js:73:24] rest request method -> get, path -> /person, func -> list
2023-02-21 15:04:54.691 - DEBUG: [controller_loader.js:53:24] rest type #1 -> create
2023-02-21 15:04:54.691 - DEBUG: [controller_loader.js:73:24] rest request method -> post, path -> /person, func -> create
2023-02-21 15:04:54.692 - DEBUG: [controller_loader.js:53:24] rest type #2 -> read
2023-02-21 15:04:54.692 - DEBUG: [controller_loader.js:73:24] rest request method -> get, path -> /person/:id, func -> read
2023-02-21 15:04:54.693 - DEBUG: [controller_loader.js:53:24] rest type #3 -> update
2023-02-21 15:04:54.693 - DEBUG: [controller_loader.js:73:24] rest request method -> put, path -> /person/:id, func -> update
2023-02-21 15:04:54.694 - DEBUG: [controller_loader.js:53:24] rest type #4 -> delete
2023-02-21 15:04:54.694 - DEBUG: [controller_loader.js:73:24] rest request method -> delete, path -> /person/:id, func -> delete
2023-02-21 15:04:54.694 - DEBUG: [controller_loader.js:36:20] #1 -> id:2, type:path, path:/profile/list, method:get,post, file:profile-controller, func:list
2023-02-21 15:04:54.708 - DEBUG: [profile-controller.js:21:11] ProfileController initialized.
2023-02-21 15:04:54.708 - DEBUG: [controller_loader.js:84:28] method #0 -> get
2023-02-21 15:04:54.709 - DEBUG: [controller_loader.js:84:28] method #1 -> post
2023-02-21 15:04:54.710 - DEBUG: [controller_loader.js:36:20] #2 -> id:3, type:path, path:/profile/get, method:get,post, file:profile-controller, func:get
2023-02-21 15:04:54.710 - DEBUG: [profile-controller.js:21:11] ProfileController initialized.
2023-02-21 15:04:54.710 - DEBUG: [controller_loader.js:84:28] method #0 -> get
2023-02-21 15:04:54.711 - DEBUG: [controller_loader.js:84:28] method #1 -> post
2023-02-21 15:04:54.711 - DEBUG: [controller_loader.js:36:20] #3 -> id:4, type:path, path:/profile/add, method:get, file:profile-controller, func:add
2023-02-21 15:04:54.711 - DEBUG: [profile-controller.js:21:11] ProfileController initialized.
2023-02-21 15:04:54.712 - DEBUG: [controller_loader.js:84:28] method #0 -> get
2023-02-21 15:04:54.712 - DEBUG: [controller_loader.js:36:20] #4 -> id:5, type:path, path:/profile/upload, method:post, file:profile-controller, func:upload
2023-02-21 15:04:54.713 - DEBUG: [profile-controller.js:21:11] ProfileController initialized.
2023-02-21 15:04:54.713 - DEBUG: [controller_loader.js:84:28] method #0 -> post
2023-02-21 15:04:54.713 - DEBUG: [controller_loader.js:36:20] #5 -> id:6, type:path, path:/test/set_cookie, method:get, file:test-controller, func:set_cookie
2023-02-21 15:04:54.723 - DEBUG: [test-controller.js:15:16] TestController initialized.
2023-02-21 15:04:54.724 - DEBUG: [controller_loader.js:84:28] method #0 -> get
2023-02-21 15:04:54.724 - DEBUG: [controller_loader.js:36:20] #6 -> id:7, type:path, path:/test/show_cookie, method:get, file:test-controller, func:show_cookie
2023-02-21 15:04:54.725 - DEBUG: [test-controller.js:15:16] TestController initialized.
2023-02-21 15:04:54.725 - DEBUG: [controller_loader.js:84:28] method #0 -> get
2023-02-21 15:04:54.726 - INFO: [index.js:118:12] controller loader called.
2023-02-21 15:04:54.801 - DEBUG: [mci.js:20:16] MCI initialized.
2023-02-21 15:04:54.801 - DEBUG: [mci.js:28:20] name : external01
2023-02-21 15:04:55.098 - DEBUG: [cni.js:15:16] CNI initialized.
2023-02-21 15:04:55.098 - DEBUG: [cni.js:21:16] server name : external02
2023-02-21 15:04:55.099 - DEBUG: [cni.js:25:16] server host : localhost
2023-02-21 15:04:55.099 - DEBUG: [cni.js:26:16] server port : 7102
2023-02-21 15:04:57.714 - INFO: [index.js:242:20] Http Server started.
2023-02-21 15:04:57.715 - INFO: [index.js:252:16] Base URL -> http://localhost:7001
2023-02-21 15:04:57.716 - INFO: [index.js:257:16] Namespace -> ::_7001_27360
2023-02-21 15:04:58.604 - DEBUG: [socketio_loader.js:73:9] socketio_loader.load called.
2023-02-21 15:04:58.608 - DEBUG: [socketio_loader.js:83:16] read namespace file -> ::_7001_33620
2023-02-21 15:04:58.609 - INFO: [index.js:265:20] socket.io loader called.
2023-02-21 15:04:58.611 - DEBUG: [socketio_loader.js:103:16] Error in executing sql -> Sql definition for chat_reset_presence not found in sql_config
2023-02-21 15:04:58.792 - DEBUG: [socketio_loader.js:125:16] namespace file saved to -> ./socketio.pid
2023-02-21 15:04:58.792 - INFO: [socketio_loader.js:133:12] socket.io service started.
2023-02-21 15:04:58.793 - DEBUG: [socketio_loader.js:147:12] redis subscribed -> myapp_message
2023-02-21 15:04:58.835 - DEBUG: [controller_loader.js:226:12] registerRest called : /baroboard/darwin -> in file ../controllers/baroboard-darwin-sync-controller, table : baroboard.device
2023-02-21 15:04:58.856 - DEBUG: [controller_loader.js:241:16] rest type #0 -> list
2023-02-21 15:04:58.856 - DEBUG: [controller_loader.js:259:16] rest request method -> get, path -> /baroboard/darwin, func -> list
2023-02-21 15:04:58.857 - DEBUG: [controller_loader.js:241:16] rest type #1 -> create
2023-02-21 15:04:58.857 - DEBUG: [controller_loader.js:259:16] rest request method -> post, path -> /baroboard/darwin, func -> create
2023-02-21 15:04:58.858 - DEBUG: [controller_loader.js:241:16] rest type #2 -> read
2023-02-21 15:04:58.858 - DEBUG: [controller_loader.js:259:16] rest request method -> get, path -> /baroboard/darwin/:id, func -> read
2023-02-21 15:04:58.859 - DEBUG: [controller_loader.js:241:16] rest type #3 -> update
2023-02-21 15:04:58.859 - DEBUG: [controller_loader.js:259:16] rest request method -> put, path -> /baroboard/darwin/:id, func -> update
2023-02-21 15:04:58.859 - DEBUG: [controller_loader.js:241:16] rest type #4 -> delete
2023-02-21 15:04:58.860 - DEBUG: [controller_loader.js:259:16] rest request method -> delete, path -> /baroboard/darwin/:id, func -> delete
2023-02-21 15:04:58.861 - DEBUG: [controller_loader.js:267:12] registerPath called : /baroboard/darwin/request_esl_sync -> updateData in file ../controllers/baroboard-darwin-sync-controller
2023-02-21 15:04:59.475 - DEBUG: [controller_loader.js:274:20]  method #0 -> post
2023-02-21 15:04:59.481 - DEBUG: [controller_loader.js:226:12] registerRest called : /baroboard/device -> in file ../controllers/baroboard-device-controller, table : baroboard.device
2023-02-21 15:04:59.482 - DEBUG: [controller_loader.js:241:16] rest type #0 -> list
2023-02-21 15:04:59.482 - DEBUG: [controller_loader.js:259:16] rest request method -> get, path -> /baroboard/device, func -> list
2023-02-21 15:04:59.482 - DEBUG: [controller_loader.js:241:16] rest type #1 -> create
2023-02-21 15:04:59.483 - DEBUG: [controller_loader.js:259:16] rest request method -> post, path -> /baroboard/device, func -> create
2023-02-21 15:04:59.483 - DEBUG: [controller_loader.js:241:16] rest type #2 -> read
2023-02-21 15:04:59.483 - DEBUG: [controller_loader.js:259:16] rest request method -> get, path -> /baroboard/device/:id, func -> read
2023-02-21 15:04:59.484 - DEBUG: [controller_loader.js:241:16] rest type #3 -> update
2023-02-21 15:04:59.484 - DEBUG: [controller_loader.js:259:16] rest request method -> put, path -> /baroboard/device/:id, func -> update
2023-02-21 15:04:59.484 - DEBUG: [controller_loader.js:241:16] rest type #4 -> delete
2023-02-21 15:04:59.484 - DEBUG: [controller_loader.js:259:16] rest request method -> delete, path -> /baroboard/device/:id, func -> delete
2023-02-21 15:04:59.485 - DEBUG: [controller_loader.js:267:12] registerPath called : /baroboard/device/data/update -> updateData in file ../controllers/baroboard-device-controller
2023-02-21 15:04:59.497 - DEBUG: [controller_loader.js:274:20]  method #0 -> post
2023-02-21 15:04:59.498 - DEBUG: [controller_loader.js:267:12] registerPath called : /baroboard/device/data/select -> selectData in file ../controllers/baroboard-device-controller
2023-02-21 15:04:59.498 - DEBUG: [controller_loader.js:274:20]  method #0 -> get
2023-02-21 15:04:59.499 - DEBUG: [controller_loader.js:267:12] registerPath called : /baroboard/device/dashboard/list -> dashboardList in file ../controllers/baroboard-device-controller
2023-02-21 15:04:59.499 - DEBUG: [controller_loader.js:274:20]  method #0 -> get
2023-02-21 15:04:59.500 - DEBUG: [controller_loader.js:267:12] registerPath called : /baroboard/device/dashboard/sublist -> dashboardSubList in file ../controllers/baroboard-device-controller
2023-02-21 15:04:59.500 - DEBUG: [controller_loader.js:274:20]  method #0 -> get
2023-02-21 15:04:59.501 - DEBUG: [controller_loader.js:267:12] registerPath called : /baroboard/device/dashboard/legacy -> legacyInfo in file ../controllers/baroboard-device-controller
2023-02-21 15:04:59.501 - DEBUG: [controller_loader.js:288:16] legacyInfo not found in the controller.
2023-02-21 15:04:59.501 - DEBUG: [controller_loader.js:267:12] registerPath called : /baroboard/device/dashboard/fieldlist -> dashboardFieldList in file ../controllers/baroboard-device-controller
2023-02-21 15:04:59.502 - DEBUG: [controller_loader.js:274:20]  method #0 -> get
2023-02-21 15:04:59.516 - DEBUG: [controller_loader.js:267:12] registerPath called : /baroboard/device/data/preview2 -> preview2 in file ../controllers/baroboard-device-controller
2023-02-21 15:04:59.517 - DEBUG: [controller_loader.js:274:20]  method #0 -> post
2023-02-21 15:04:59.530 - DEBUG: [controller_loader.js:267:12] registerPath called : /baroboard/device/data/apply -> applyData in file ../controllers/baroboard-device-controller
2023-02-21 15:04:59.530 - DEBUG: [controller_loader.js:274:20]  method #0 -> post
2023-02-21 15:04:59.531 - DEBUG: [controller_loader.js:267:12] registerPath called : /baroboard/device/data/preview -> applyData2 in file ../controllers/baroboard-device-controller
2023-02-21 15:04:59.532 - DEBUG: [controller_loader.js:274:20]  method #0 -> post
2023-02-21 15:04:59.532 - DEBUG: [controller_loader.js:267:12] registerPath called : /baroboard/device/goodbattery -> batteryUpdate in file ../controllers/baroboard-device-controller
2023-02-21 15:04:59.533 - DEBUG: [controller_loader.js:274:20]  method #0 -> post
2023-02-21 15:04:59.534 - DEBUG: [controller_loader.js:267:12] registerPath called : /baroboard/device/badbattery -> batteryUpdate2 in file ../controllers/baroboard-device-controller
2023-02-21 15:04:59.534 - DEBUG: [controller_loader.js:274:20]  method #0 -> post
2023-02-21 15:04:59.535 - DEBUG: [controller_loader.js:267:12] registerPath called : /baroboard/device/check/usinglayout -> checkUsingLayout in file ../controllers/baroboard-device-controller
2023-02-21 15:04:59.536 - DEBUG: [controller_loader.js:274:20]  method #0 -> post
2023-02-21 15:04:59.537 - DEBUG: [controller_loader.js:267:12] registerPath called : /baroboard/device/status -> statusUpdate in file ../controllers/baroboard-device-controller
2023-02-21 15:04:59.537 - DEBUG: [controller_loader.js:274:20]  method #0 -> post
2023-02-21 15:04:59.538 - DEBUG: [controller_loader.js:267:12] registerPath called : /baroboard/device/statussync -> statusSync in file ../controllers/baroboard-device-controller
2023-02-21 15:04:59.538 - DEBUG: [controller_loader.js:274:20]  method #0 -> post
2023-02-21 15:04:59.539 - DEBUG: [controller_loader.js:267:12] registerPath called : /baroboard/device/data/mappinglist -> layoutMappingDataList in file ../controllers/baroboard-device-controller
2023-02-21 15:04:59.539 - DEBUG: [controller_loader.js:274:20]  method #0 -> post
2023-02-21 15:04:59.542 - DEBUG: [controller_loader.js:267:12] registerPath called : /baroboard/device/modify/layout -> modifyLayoutinfo in file ../controllers/baroboard-device-controller
2023-02-21 15:04:59.542 - DEBUG: [controller_loader.js:274:20]  method #0 -> post
2023-02-21 15:04:59.543 - DEBUG: [controller_loader.js:267:12] registerPath called : /baroboard/device/data/esl_request -> darwinPushESLData in file ../controllers/baroboard-device-controller
2023-02-21 15:04:59.544 - DEBUG: [controller_loader.js:274:20]  method #0 -> post
2023-02-21 15:04:59.547 - DEBUG: [controller_loader.js:226:12] registerRest called : /baroboard/device_group -> in file ../controllers/baroboard-device-group-controller, table : baroboard.device_group
2023-02-21 15:04:59.547 - DEBUG: [controller_loader.js:241:16] rest type #0 -> list
2023-02-21 15:04:59.547 - DEBUG: [controller_loader.js:259:16] rest request method -> get, path -> /baroboard/device_group, func -> list
2023-02-21 15:04:59.549 - DEBUG: [controller_loader.js:241:16] rest type #1 -> create
2023-02-21 15:04:59.550 - DEBUG: [controller_loader.js:259:16] rest request method -> post, path -> /baroboard/device_group, func -> create
2023-02-21 15:04:59.550 - DEBUG: [controller_loader.js:241:16] rest type #2 -> read
2023-02-21 15:04:59.551 - DEBUG: [controller_loader.js:259:16] rest request method -> get, path -> /baroboard/device_group/:id, func -> read
2023-02-21 15:04:59.552 - DEBUG: [controller_loader.js:241:16] rest type #3 -> update
2023-02-21 15:04:59.571 - DEBUG: [controller_loader.js:259:16] rest request method -> put, path -> /baroboard/device_group/:id, func -> update
2023-02-21 15:04:59.582 - DEBUG: [controller_loader.js:241:16] rest type #4 -> delete
2023-02-21 15:04:59.583 - DEBUG: [controller_loader.js:259:16] rest request method -> delete, path -> /baroboard/device_group/:id, func -> delete
2023-02-21 15:04:59.587 - DEBUG: [controller_loader.js:226:12] registerRest called : /baroboard/image -> in file ../controllers/baroboard-image-controller, table : baroboard.image
2023-02-21 15:04:59.587 - DEBUG: [controller_loader.js:241:16] rest type #0 -> list
2023-02-21 15:04:59.588 - DEBUG: [controller_loader.js:259:16] rest request method -> get, path -> /baroboard/image, func -> list
2023-02-21 15:04:59.588 - DEBUG: [controller_loader.js:241:16] rest type #1 -> create
2023-02-21 15:04:59.588 - DEBUG: [controller_loader.js:259:16] rest request method -> post, path -> /baroboard/image, func -> create
2023-02-21 15:04:59.589 - DEBUG: [controller_loader.js:241:16] rest type #2 -> read
2023-02-21 15:04:59.589 - DEBUG: [controller_loader.js:259:16] rest request method -> get, path -> /baroboard/image/:id, func -> read
2023-02-21 15:04:59.589 - DEBUG: [controller_loader.js:241:16] rest type #3 -> update
2023-02-21 15:04:59.590 - DEBUG: [controller_loader.js:259:16] rest request method -> put, path -> /baroboard/image/:id, func -> update
2023-02-21 15:04:59.592 - DEBUG: [controller_loader.js:241:16] rest type #4 -> delete
2023-02-21 15:04:59.593 - DEBUG: [controller_loader.js:259:16] rest request method -> delete, path -> /baroboard/image/:id, func -> delete
2023-02-21 15:04:59.596 - DEBUG: [controller_loader.js:267:12] registerPath called : /baroboard/image/list -> requestList in file ../controllers/baroboard-image-controller
2023-02-21 15:04:59.598 - DEBUG: [controller_loader.js:274:20]  method #0 -> post
2023-02-21 15:04:59.600 - DEBUG: [controller_loader.js:267:12] registerPath called : /baroboard/image/category/list -> requestcategoryList in file ../controllers/baroboard-image-controller
2023-02-21 15:04:59.600 - DEBUG: [controller_loader.js:274:20]  method #0 -> post
2023-02-21 15:04:59.602 - DEBUG: [controller_loader.js:267:12] registerPath called : /baroboard/image/category/delete_item -> requestDeleteImage2 in file ../controllers/baroboard-image-controller
2023-02-21 15:04:59.602 - DEBUG: [controller_loader.js:274:20]  method #0 -> post
2023-02-21 15:04:59.603 - DEBUG: [controller_loader.js:267:12] registerPath called : /baroboard/image/category/title_delete -> requestDeleteCategory in file ../controllers/baroboard-image-controller
2023-02-21 15:04:59.604 - DEBUG: [controller_loader.js:274:20]  method #0 -> post
2023-02-21 15:04:59.605 - DEBUG: [controller_loader.js:267:12] registerPath called : /baroboard/image/category/add -> requestAddCategoryItem in file ../controllers/baroboard-image-controller
2023-02-21 15:04:59.605 - DEBUG: [controller_loader.js:274:20]  method #0 -> post
2023-02-21 15:04:59.606 - DEBUG: [controller_loader.js:267:12] registerPath called : /baroboard/image/category/image -> requestAddImageItemInCategory in file ../controllers/baroboard-image-controller
2023-02-21 15:04:59.606 - DEBUG: [controller_loader.js:274:20]  method #0 -> get
2023-02-21 15:04:59.606 - DEBUG: [controller_loader.js:274:20]  method #1 -> post
2023-02-21 15:04:59.609 - DEBUG: [controller_loader.js:226:12] registerRest called : /baroboard/layout -> in file ../controllers/baroboard-layout-controller, table : baroboard.layout
2023-02-21 15:04:59.609 - DEBUG: [controller_loader.js:241:16] rest type #0 -> list
2023-02-21 15:04:59.610 - DEBUG: [controller_loader.js:259:16] rest request method -> get, path -> /baroboard/layout, func -> list
2023-02-21 15:04:59.610 - DEBUG: [controller_loader.js:241:16] rest type #1 -> create
2023-02-21 15:04:59.610 - DEBUG: [controller_loader.js:259:16] rest request method -> post, path -> /baroboard/layout, func -> create
2023-02-21 15:04:59.610 - DEBUG: [controller_loader.js:241:16] rest type #2 -> read
2023-02-21 15:04:59.611 - DEBUG: [controller_loader.js:259:16] rest request method -> get, path -> /baroboard/layout/:id, func -> read
2023-02-21 15:04:59.611 - DEBUG: [controller_loader.js:241:16] rest type #3 -> update
2023-02-21 15:04:59.611 - DEBUG: [controller_loader.js:259:16] rest request method -> put, path -> /baroboard/layout/:id, func -> update
2023-02-21 15:04:59.611 - DEBUG: [controller_loader.js:241:16] rest type #4 -> delete
2023-02-21 15:04:59.612 - DEBUG: [controller_loader.js:259:16] rest request method -> delete, path -> /baroboard/layout/:id, func -> delete
2023-02-21 15:04:59.613 - DEBUG: [controller_loader.js:267:12] registerPath called : /baroboard/layout/image/del -> requestImageDelete in file ../controllers/baroboard-layout-controller
2023-02-21 15:04:59.614 - DEBUG: [controller_loader.js:274:20]  method #0 -> get
2023-02-21 15:04:59.614 - DEBUG: [controller_loader.js:274:20]  method #1 -> post
2023-02-21 15:04:59.615 - DEBUG: [controller_loader.js:267:12] registerPath called : /baroboard/layout/image/update -> requestUpdateImage in file ../controllers/baroboard-layout-controller
2023-02-21 15:04:59.616 - DEBUG: [controller_loader.js:274:20]  method #0 -> post
2023-02-21 15:04:59.617 - DEBUG: [controller_loader.js:267:12] registerPath called : /baroboard/layout/mapping/update -> updateMapping in file ../controllers/baroboard-layout-controller
2023-02-21 15:04:59.617 - DEBUG: [controller_loader.js:274:20]  method #0 -> post
2023-02-21 15:04:59.620 - DEBUG: [controller_loader.js:226:12] registerRest called : /baroboard/legacy -> in file ../controllers/baroboard-legacy, table : baroboard.legacy
2023-02-21 15:04:59.620 - DEBUG: [controller_loader.js:241:16] rest type #0 -> list
2023-02-21 15:04:59.621 - DEBUG: [controller_loader.js:259:16] rest request method -> get, path -> /baroboard/legacy, func -> list
2023-02-21 15:04:59.622 - DEBUG: [controller_loader.js:241:16] rest type #1 -> create
2023-02-21 15:04:59.622 - DEBUG: [controller_loader.js:259:16] rest request method -> post, path -> /baroboard/legacy, func -> create
2023-02-21 15:04:59.623 - DEBUG: [controller_loader.js:241:16] rest type #2 -> read
2023-02-21 15:04:59.623 - DEBUG: [controller_loader.js:259:16] rest request method -> get, path -> /baroboard/legacy/:id, func -> read
2023-02-21 15:04:59.626 - DEBUG: [controller_loader.js:241:16] rest type #3 -> update
2023-02-21 15:04:59.627 - DEBUG: [controller_loader.js:259:16] rest request method -> put, path -> /baroboard/legacy/:id, func -> update
2023-02-21 15:04:59.627 - DEBUG: [controller_loader.js:241:16] rest type #4 -> delete
2023-02-21 15:04:59.627 - DEBUG: [controller_loader.js:259:16] rest request method -> delete, path -> /baroboard/legacy/:id, func -> delete
2023-02-21 15:04:59.631 - DEBUG: [controller_loader.js:226:12] registerRest called : /baroboard/users -> in file ../controllers/baroboard-users-controller, table : baroboard.users
2023-02-21 15:04:59.631 - DEBUG: [controller_loader.js:241:16] rest type #0 -> list
2023-02-21 15:04:59.632 - DEBUG: [controller_loader.js:259:16] rest request method -> get, path -> /baroboard/users, func -> list
2023-02-21 15:04:59.632 - DEBUG: [controller_loader.js:241:16] rest type #1 -> create
2023-02-21 15:04:59.633 - DEBUG: [controller_loader.js:259:16] rest request method -> post, path -> /baroboard/users, func -> create
2023-02-21 15:04:59.633 - DEBUG: [controller_loader.js:241:16] rest type #2 -> read
2023-02-21 15:04:59.634 - DEBUG: [controller_loader.js:259:16] rest request method -> get, path -> /baroboard/users/:id, func -> read
2023-02-21 15:04:59.634 - DEBUG: [controller_loader.js:241:16] rest type #3 -> update
2023-02-21 15:04:59.634 - DEBUG: [controller_loader.js:259:16] rest request method -> put, path -> /baroboard/users/:id, func -> update
2023-02-21 15:04:59.634 - DEBUG: [controller_loader.js:241:16] rest type #4 -> delete
2023-02-21 15:04:59.635 - DEBUG: [controller_loader.js:259:16] rest request method -> delete, path -> /baroboard/users/:id, func -> delete
2023-02-21 15:04:59.636 - DEBUG: [controller_loader.js:267:12] registerPath called : /baroboard/users/signup -> signup in file ../controllers/baroboard-users-controller
2023-02-21 15:04:59.638 - DEBUG: [controller_loader.js:274:20]  method #0 -> post
2023-02-21 15:04:59.639 - DEBUG: [controller_loader.js:267:12] registerPath called : /baroboard/users/login -> login in file ../controllers/baroboard-users-controller
2023-02-21 15:04:59.639 - DEBUG: [controller_loader.js:274:20]  method #0 -> post
2023-02-21 15:04:59.641 - DEBUG: [controller_loader.js:267:12] registerPath called : /baroboard/users/logout -> logout in file ../controllers/baroboard-users-controller
2023-02-21 15:04:59.641 - DEBUG: [controller_loader.js:274:20]  method #0 -> post
2023-02-21 15:04:59.643 - DEBUG: [controller_loader.js:226:12] registerRest called : /bear -> in file ../controllers/bear-controller, table : test.person
2023-02-21 15:04:59.644 - DEBUG: [controller_loader.js:241:16] rest type #0 -> list
2023-02-21 15:04:59.644 - DEBUG: [controller_loader.js:259:16] rest request method -> get, path -> /bear, func -> list
2023-02-21 15:04:59.644 - DEBUG: [controller_loader.js:241:16] rest type #1 -> create
2023-02-21 15:04:59.645 - DEBUG: [controller_loader.js:259:16] rest request method -> post, path -> /bear, func -> create
2023-02-21 15:04:59.645 - DEBUG: [controller_loader.js:241:16] rest type #2 -> read
2023-02-21 15:04:59.645 - DEBUG: [controller_loader.js:259:16] rest request method -> get, path -> /bear/:id, func -> read
2023-02-21 15:04:59.645 - DEBUG: [controller_loader.js:241:16] rest type #3 -> update
2023-02-21 15:04:59.646 - DEBUG: [controller_loader.js:259:16] rest request method -> put, path -> /bear/:id, func -> update
2023-02-21 15:04:59.646 - DEBUG: [controller_loader.js:241:16] rest type #4 -> delete
2023-02-21 15:04:59.647 - DEBUG: [controller_loader.js:259:16] rest request method -> delete, path -> /bear/:id, func -> delete
2023-02-21 15:04:59.650 - DEBUG: [controller_loader.js:226:12] registerRest called : /cat -> in file ../controllers/cat-controller, table : undefined
2023-02-21 15:04:59.651 - DEBUG: [controller_loader.js:241:16] rest type #0 -> list
2023-02-21 15:04:59.651 - DEBUG: [controller_loader.js:259:16] rest request method -> get, path -> /cat, func -> list
2023-02-21 15:04:59.652 - DEBUG: [controller_loader.js:241:16] rest type #1 -> create
2023-02-21 15:04:59.652 - DEBUG: [controller_loader.js:259:16] rest request method -> post, path -> /cat, func -> create
2023-02-21 15:04:59.652 - DEBUG: [controller_loader.js:241:16] rest type #2 -> read
2023-02-21 15:04:59.653 - DEBUG: [controller_loader.js:259:16] rest request method -> get, path -> /cat/:id, func -> read
2023-02-21 15:04:59.653 - DEBUG: [controller_loader.js:241:16] rest type #3 -> update
2023-02-21 15:04:59.653 - DEBUG: [controller_loader.js:259:16] rest request method -> put, path -> /cat/:id, func -> update
2023-02-21 15:04:59.653 - DEBUG: [controller_loader.js:241:16] rest type #4 -> delete
2023-02-21 15:04:59.654 - DEBUG: [controller_loader.js:259:16] rest request method -> delete, path -> /cat/:id, func -> delete
2023-02-21 15:04:59.656 - DEBUG: [controller_loader.js:267:12] registerPath called : /chat/send -> send in file ../controllers/chat-controller
2023-02-21 15:04:59.658 - DEBUG: [controller_loader.js:274:20]  method #0 -> get
2023-02-21 15:04:59.661 - DEBUG: [controller_loader.js:267:12] registerPath called : /cni-test/patient-list -> patientList in file ../controllers/cni-controller
2023-02-21 15:04:59.679 - DEBUG: [controller_loader.js:274:20]  method #0 -> get
2023-02-21 15:04:59.679 - DEBUG: [controller_loader.js:274:20]  method #1 -> post
2023-02-21 15:04:59.683 - DEBUG: [controller_loader.js:267:12] registerPath called : /consent/v1/patient/inpatient-list-01 -> inpatientList01 in file ../controllers/consent-v1-kbsmc-controller
2023-02-21 15:04:59.684 - DEBUG: [controller_loader.js:274:20]  method #0 -> get
2023-02-21 15:04:59.684 - DEBUG: [controller_loader.js:274:20]  method #1 -> post
2023-02-21 15:04:59.685 - DEBUG: [controller_loader.js:267:12] registerPath called : /consent/v1/consent/consent-save-01 -> consentSave01 in file ../controllers/consent-v1-kbsmc-controller
2023-02-21 15:04:59.686 - DEBUG: [controller_loader.js:274:20]  method #0 -> get
2023-02-21 15:04:59.687 - DEBUG: [controller_loader.js:274:20]  method #1 -> post
2023-02-21 15:04:59.695 - DEBUG: [controller_loader.js:267:12] registerPath called : /dog/index -> index in file ../controllers/dog-controller
2023-02-21 15:04:59.696 - DEBUG: [controller_loader.js:274:20]  method #0 -> get
2023-02-21 15:04:59.697 - DEBUG: [controller_loader.js:274:20]  method #1 -> post
2023-02-21 15:04:59.698 - DEBUG: [controller_loader.js:267:12] registerPath called : /dog/list -> list in file ../controllers/dog-controller
2023-02-21 15:04:59.698 - DEBUG: [controller_loader.js:274:20]  method #0 -> get
2023-02-21 15:04:59.699 - DEBUG: [controller_loader.js:274:20]  method #1 -> post
2023-02-21 15:04:59.700 - DEBUG: [controller_loader.js:267:12] registerPath called : /dog/create -> create in file ../controllers/dog-controller
2023-02-21 15:04:59.700 - DEBUG: [controller_loader.js:274:20]  method #0 -> get
2023-02-21 15:04:59.700 - DEBUG: [controller_loader.js:274:20]  method #1 -> post
2023-02-21 15:04:59.703 - DEBUG: [controller_loader.js:267:12] registerPath called : /dog/read -> read in file ../controllers/dog-controller
2023-02-21 15:04:59.703 - DEBUG: [controller_loader.js:274:20]  method #0 -> get
2023-02-21 15:04:59.704 - DEBUG: [controller_loader.js:274:20]  method #1 -> post
2023-02-21 15:04:59.706 - DEBUG: [controller_loader.js:267:12] registerPath called : /dog/update -> update in file ../controllers/dog-controller
2023-02-21 15:04:59.706 - DEBUG: [controller_loader.js:274:20]  method #0 -> get
2023-02-21 15:04:59.707 - DEBUG: [controller_loader.js:274:20]  method #1 -> post
2023-02-21 15:04:59.712 - DEBUG: [controller_loader.js:267:12] registerPath called : /dog/delete -> delete in file ../controllers/dog-controller
2023-02-21 15:04:59.714 - DEBUG: [controller_loader.js:274:20]  method #0 -> post
2023-02-21 15:04:59.728 - DEBUG: [controller_loader.js:267:12] registerPath called : /esl-index.do -> eslIndex in file ../controllers/index-controller
2023-02-21 15:04:59.731 - DEBUG: [controller_loader.js:274:20]  method #0 -> get
2023-02-21 15:04:59.735 - DEBUG: [controller_loader.js:267:12] registerPath called : /lion/ -> list in file ../controllers/lion-controller
2023-02-21 15:04:59.736 - DEBUG: [controller_loader.js:274:20]  method #0 -> get
2023-02-21 15:04:59.737 - DEBUG: [controller_loader.js:267:12] registerPath called : /lion/create -> create in file ../controllers/lion-controller
2023-02-21 15:04:59.737 - DEBUG: [controller_loader.js:274:20]  method #0 -> post
2023-02-21 15:04:59.738 - DEBUG: [controller_loader.js:267:12] registerPath called : /lion/read/:id -> read in file ../controllers/lion-controller
2023-02-21 15:04:59.739 - DEBUG: [controller_loader.js:274:20]  method #0 -> get
2023-02-21 15:04:59.740 - DEBUG: [controller_loader.js:267:12] registerPath called : /lion/update/:id -> update in file ../controllers/lion-controller
2023-02-21 15:04:59.741 - DEBUG: [controller_loader.js:274:20]  method #0 -> post
2023-02-21 15:04:59.743 - DEBUG: [controller_loader.js:267:12] registerPath called : /lion/delete/:id -> delete in file ../controllers/lion-controller
2023-02-21 15:04:59.744 - DEBUG: [controller_loader.js:274:20]  method #0 -> delete
2023-02-21 15:04:59.747 - DEBUG: [controller_loader.js:267:12] registerPath called : /mci-test/patient-list -> patientList in file ../controllers/mci-controller
2023-02-21 15:04:59.769 - DEBUG: [controller_loader.js:274:20]  method #0 -> get
2023-02-21 15:04:59.770 - DEBUG: [controller_loader.js:274:20]  method #1 -> post
2023-02-21 15:04:59.772 - DEBUG: [controller_loader.js:267:12] registerPath called : /panda/list -> list in file ../controllers/panda-controller
2023-02-21 15:04:59.775 - DEBUG: [controller_loader.js:274:20]  method #0 -> get
2023-02-21 15:04:59.780 - DEBUG: [controller_loader.js:267:12] registerPath called : /sboard_image/upload -> upload in file ../controllers/sboard-image-controller
2023-02-21 15:04:59.811 - DEBUG: [controller_loader.js:274:20]  method #0 -> post
2023-02-21 15:04:59.812 - DEBUG: [controller_loader.js:267:12] registerPath called : /sboard_image/send -> send in file ../controllers/sboard-image-controller
2023-02-21 15:04:59.813 - DEBUG: [controller_loader.js:274:20]  method #0 -> post
2023-02-21 15:04:59.814 - DEBUG: [controller_loader.js:267:12] registerPath called : /sboard_image/send_group -> sendGroup in file ../controllers/sboard-image-controller
2023-02-21 15:04:59.814 - DEBUG: [controller_loader.js:274:20]  method #0 -> post
2023-02-21 15:04:59.818 - DEBUG: [controller_loader.js:267:12] registerPath called : /sheep/ -> list in file ../controllers/sheep-controller
2023-02-21 15:04:59.819 - DEBUG: [controller_loader.js:274:20]  method #0 -> get
2023-02-21 15:04:59.820 - DEBUG: [controller_loader.js:267:12] registerPath called : /sheep/ -> create in file ../controllers/sheep-controller
2023-02-21 15:04:59.821 - DEBUG: [controller_loader.js:274:20]  method #0 -> post
2023-02-21 15:04:59.822 - DEBUG: [controller_loader.js:267:12] registerPath called : /sheep/:id -> read in file ../controllers/sheep-controller
2023-02-21 15:04:59.822 - DEBUG: [controller_loader.js:274:20]  method #0 -> get
2023-02-21 15:04:59.825 - DEBUG: [controller_loader.js:267:12] registerPath called : /sheep/:id -> update in file ../controllers/sheep-controller
2023-02-21 15:04:59.827 - DEBUG: [controller_loader.js:274:20]  method #0 -> put
2023-02-21 15:04:59.829 - DEBUG: [controller_loader.js:267:12] registerPath called : /sheep/:id -> delete in file ../controllers/sheep-controller
2023-02-21 15:04:59.829 - DEBUG: [controller_loader.js:274:20]  method #0 -> delete
2023-02-21 15:04:59.835 - DEBUG: [controller_loader.js:267:12] registerPath called : /data/apply -> applyData in file ../controllers/sync_to_esl-controller
2023-02-21 15:04:59.836 - DEBUG: [controller_loader.js:274:20]  method #0 -> post
2023-02-21 15:04:59.839 - DEBUG: [controller_loader.js:267:12] registerPath called : /data/lastmodifieddate -> getLastModifiedDate in file ../controllers/sync_to_mci-controller
2023-02-21 15:04:59.842 - DEBUG: [controller_loader.js:274:20]  method #0 -> post
2023-02-21 15:04:59.844 - DEBUG: [controller_loader.js:267:12] registerPath called : /data/apply -> applyData in file ../controllers/sync_to_mci-controller
2023-02-21 15:04:59.844 - DEBUG: [controller_loader.js:274:20]  method #0 -> post
2023-02-21 15:04:59.847 - DEBUG: [controller_loader.js:267:12] registerPath called : /tiger/hello -> hello in file ../controllers/tiger-controller
2023-02-21 15:04:59.849 - DEBUG: [controller_loader.js:274:20]  method #0 -> get
2023-02-21 15:04:59.849 - DEBUG: [controller_loader.js:274:20]  method #1 -> post
2023-02-21 15:04:59.850 - DEBUG: [controller_loader.js:267:12] registerPath called : /tiger/bye -> bye in file ../controllers/tiger-controller
2023-02-21 15:04:59.850 - DEBUG: [controller_loader.js:274:20]  method #0 -> get
2023-02-21 15:04:59.851 - DEBUG: [controller_loader.js:274:20]  method #1 -> post
2023-02-21 15:05:09.662 - DEBUG: [index-controller.js:25:16] eslIndex called for path /esl-index.do
2023-02-21 15:05:11.919 - DEBUG: [baroboard-users-controller.js:80:16] BaroboardUsers:login called for path /baroboard/users/login
2023-02-21 15:05:12.041 - DEBUG: [baroboard-device-controller.js:703:16] BaroboardDevice:deletePreview called 
2023-02-21 15:05:12.045 - DEBUG: [table-controller.js:121:14] Table:list called for GET /baroboard/layout
2023-02-21 15:05:12.088 - DEBUG: [table-controller.js:121:14] Table:list called for GET /baroboard/layout
2023-02-21 15:05:12.108 - DEBUG: [table-controller.js:121:14] Table:list called for GET /baroboard/layout
2023-02-21 15:05:17.632 - DEBUG: [table-controller.js:121:14] Table:list called for GET /baroboard/device
2023-02-21 15:05:25.338 - DEBUG: [baroboard-device-controller.js:723:16] BaroboardDevice:applyData called for path /baroboard/device/data/apply
2023-02-21 15:05:32.015 - DEBUG: [baroboard-device-controller.js:549:16] BaroboardDevice:selectData called for path /baroboard/device/data/select
2023-02-21 15:05:32.037 - DEBUG: [baroboard-image-controller.js:49:16] BaroboardImage:requestcategoryList called for path /baroboard/image/category/list
2023-02-21 15:05:38.529 - DEBUG: [baroboard-device-controller.js:524:16] BaroboardDevice:updateData called for path /baroboard/device/data/update
2023-02-21 15:05:38.543 - DEBUG: [table-controller.js:121:14] Table:list called for GET /baroboard/device
2023-02-21 15:05:41.022 - DEBUG: [baroboard-device-controller.js:723:16] BaroboardDevice:applyData called for path /baroboard/device/data/apply
2023-02-21 15:07:04.181 - DEBUG: [baroboard-device-controller.js:723:16] BaroboardDevice:applyData called for path /baroboard/device/data/apply
