2022-08-24 12:37:19.247 - DEBUG: [service_loader.js:17:12] load in service_loader called.
2022-08-24 12:37:19.250 - DEBUG: [service_loader.js:21:16] #0 -> id:1, unit:person
2022-08-24 12:37:19.680 - DEBUG: [service_loader.js:39:16] method #0 -> list
2022-08-24 12:37:19.681 - DEBUG: [service_loader.js:43:16]     do method name -> doList
2022-08-24 12:37:19.682 - DEBUG: [service_loader.js:39:16] method #1 -> read
2022-08-24 12:37:19.682 - DEBUG: [service_loader.js:43:16]     do method name -> doRead
2022-08-24 12:37:19.683 - DEBUG: [service_loader.js:39:16] method #2 -> create
2022-08-24 12:37:19.683 - DEBUG: [service_loader.js:43:16]     do method name -> doCreate
2022-08-24 12:37:19.683 - DEBUG: [service_loader.js:39:16] method #3 -> update
2022-08-24 12:37:19.683 - DEBUG: [service_loader.js:43:16]     do method name -> doUpdate
2022-08-24 12:37:19.684 - DEBUG: [service_loader.js:39:16] method #4 -> delete
2022-08-24 12:37:19.684 - DEBUG: [service_loader.js:43:16]     do method name -> doDelete
2022-08-24 12:37:19.684 - INFO: [index.js:114:12] service loader called.
2022-08-24 12:37:19.684 - DEBUG: [controller_loader.js:26:12] load called.
2022-08-24 12:37:19.685 - DEBUG: [controller_loader.js:106:12] autoLoad called.
2022-08-24 12:37:19.754 - DEBUG: [controller_loader.js:34:20] #0 -> id:1, type:rest, base:, unit:person
2022-08-24 12:37:19.766 - DEBUG: [person-controller.js:27:16] PersonController initialized.
2022-08-24 12:37:19.766 - DEBUG: [controller_loader.js:53:24] rest type #0 -> list
2022-08-24 12:37:19.767 - DEBUG: [controller_loader.js:73:24] rest request method -> get, path -> /person, func -> list
2022-08-24 12:37:19.768 - DEBUG: [controller_loader.js:53:24] rest type #1 -> create
2022-08-24 12:37:19.768 - DEBUG: [controller_loader.js:73:24] rest request method -> post, path -> /person, func -> create
2022-08-24 12:37:19.768 - DEBUG: [controller_loader.js:53:24] rest type #2 -> read
2022-08-24 12:37:19.769 - DEBUG: [controller_loader.js:73:24] rest request method -> get, path -> /person/:id, func -> read
2022-08-24 12:37:19.769 - DEBUG: [controller_loader.js:53:24] rest type #3 -> update
2022-08-24 12:37:19.769 - DEBUG: [controller_loader.js:73:24] rest request method -> put, path -> /person/:id, func -> update
2022-08-24 12:37:19.770 - DEBUG: [controller_loader.js:53:24] rest type #4 -> delete
2022-08-24 12:37:19.770 - DEBUG: [controller_loader.js:73:24] rest request method -> delete, path -> /person/:id, func -> delete
2022-08-24 12:37:19.770 - DEBUG: [controller_loader.js:36:20] #1 -> id:2, type:path, path:/profile/list, method:get,post, file:profile-controller, func:list
2022-08-24 12:37:19.779 - DEBUG: [profile-controller.js:21:11] ProfileController initialized.
2022-08-24 12:37:19.779 - DEBUG: [controller_loader.js:84:28] method #0 -> get
2022-08-24 12:37:19.779 - DEBUG: [controller_loader.js:84:28] method #1 -> post
2022-08-24 12:37:19.780 - DEBUG: [controller_loader.js:36:20] #2 -> id:3, type:path, path:/profile/get, method:get,post, file:profile-controller, func:get
2022-08-24 12:37:19.780 - DEBUG: [profile-controller.js:21:11] ProfileController initialized.
2022-08-24 12:37:19.780 - DEBUG: [controller_loader.js:84:28] method #0 -> get
2022-08-24 12:37:19.780 - DEBUG: [controller_loader.js:84:28] method #1 -> post
2022-08-24 12:37:19.780 - DEBUG: [controller_loader.js:36:20] #3 -> id:4, type:path, path:/profile/add, method:get, file:profile-controller, func:add
2022-08-24 12:37:19.781 - DEBUG: [profile-controller.js:21:11] ProfileController initialized.
2022-08-24 12:37:19.781 - DEBUG: [controller_loader.js:84:28] method #0 -> get
2022-08-24 12:37:19.781 - DEBUG: [controller_loader.js:36:20] #4 -> id:5, type:path, path:/profile/upload, method:post, file:profile-controller, func:upload
2022-08-24 12:37:19.781 - DEBUG: [profile-controller.js:21:11] ProfileController initialized.
2022-08-24 12:37:19.781 - DEBUG: [controller_loader.js:84:28] method #0 -> post
2022-08-24 12:37:19.782 - DEBUG: [controller_loader.js:36:20] #5 -> id:6, type:path, path:/test/set_cookie, method:get, file:test-controller, func:set_cookie
2022-08-24 12:37:19.787 - DEBUG: [test-controller.js:15:16] TestController initialized.
2022-08-24 12:37:19.788 - DEBUG: [controller_loader.js:84:28] method #0 -> get
2022-08-24 12:37:19.788 - DEBUG: [controller_loader.js:36:20] #6 -> id:7, type:path, path:/test/show_cookie, method:get, file:test-controller, func:show_cookie
2022-08-24 12:37:19.788 - DEBUG: [test-controller.js:15:16] TestController initialized.
2022-08-24 12:37:19.788 - DEBUG: [controller_loader.js:84:28] method #0 -> get
2022-08-24 12:37:19.789 - INFO: [index.js:118:12] controller loader called.
2022-08-24 12:37:19.824 - DEBUG: [mci.js:20:16] MCI initialized.
2022-08-24 12:37:19.825 - DEBUG: [mci.js:28:20] name : external01
2022-08-24 12:37:20.012 - DEBUG: [cni.js:15:16] CNI initialized.
2022-08-24 12:37:20.013 - DEBUG: [cni.js:21:16] server name : external02
2022-08-24 12:37:20.014 - DEBUG: [cni.js:25:16] server host : localhost
2022-08-24 12:37:20.014 - DEBUG: [cni.js:26:16] server port : 7102
2022-08-24 12:37:21.851 - INFO: [index.js:242:20] Http Server started.
2022-08-24 12:37:21.851 - INFO: [index.js:252:16] Base URL -> http://localhost:7001
2022-08-24 12:37:21.853 - INFO: [index.js:257:16] Namespace -> ::_7001_44000
2022-08-24 12:37:22.468 - DEBUG: [socketio_loader.js:73:9] socketio_loader.load called.
2022-08-24 12:37:22.472 - DEBUG: [socketio_loader.js:83:16] read namespace file -> ::_7001_29416
2022-08-24 12:37:22.473 - INFO: [index.js:265:20] socket.io loader called.
2022-08-24 12:37:22.475 - DEBUG: [socketio_loader.js:103:16] Error in executing sql -> Sql definition for chat_reset_presence not found in sql_config
2022-08-24 12:37:22.609 - DEBUG: [socketio_loader.js:125:16] namespace file saved to -> ./socketio.pid
2022-08-24 12:37:22.610 - INFO: [socketio_loader.js:133:12] socket.io service started.
2022-08-24 12:37:22.611 - DEBUG: [socketio_loader.js:147:12] redis subscribed -> myapp_message
2022-08-24 12:37:22.640 - DEBUG: [controller_loader.js:226:12] registerRest called : /baroboard/darwin -> in file ../controllers/baroboard-darwin-sync-controller, table : baroboard.device
2022-08-24 12:37:22.654 - DEBUG: [controller_loader.js:241:16] rest type #0 -> list
2022-08-24 12:37:22.654 - DEBUG: [controller_loader.js:259:16] rest request method -> get, path -> /baroboard/darwin, func -> list
2022-08-24 12:37:22.656 - DEBUG: [controller_loader.js:241:16] rest type #1 -> create
2022-08-24 12:37:22.656 - DEBUG: [controller_loader.js:259:16] rest request method -> post, path -> /baroboard/darwin, func -> create
2022-08-24 12:37:22.657 - DEBUG: [controller_loader.js:241:16] rest type #2 -> read
2022-08-24 12:37:22.657 - DEBUG: [controller_loader.js:259:16] rest request method -> get, path -> /baroboard/darwin/:id, func -> read
2022-08-24 12:37:22.658 - DEBUG: [controller_loader.js:241:16] rest type #3 -> update
2022-08-24 12:37:22.658 - DEBUG: [controller_loader.js:259:16] rest request method -> put, path -> /baroboard/darwin/:id, func -> update
2022-08-24 12:37:22.658 - DEBUG: [controller_loader.js:241:16] rest type #4 -> delete
2022-08-24 12:37:22.658 - DEBUG: [controller_loader.js:259:16] rest request method -> delete, path -> /baroboard/darwin/:id, func -> delete
2022-08-24 12:37:22.659 - DEBUG: [controller_loader.js:267:12] registerPath called : /baroboard/darwin/request_esl_sync -> updateData in file ../controllers/baroboard-darwin-sync-controller
2022-08-24 12:37:23.169 - DEBUG: [controller_loader.js:274:20]  method #0 -> post
2022-08-24 12:37:23.174 - DEBUG: [controller_loader.js:226:12] registerRest called : /baroboard/device -> in file ../controllers/baroboard-device-controller, table : baroboard.device
2022-08-24 12:37:23.174 - DEBUG: [controller_loader.js:241:16] rest type #0 -> list
2022-08-24 12:37:23.175 - DEBUG: [controller_loader.js:259:16] rest request method -> get, path -> /baroboard/device, func -> list
2022-08-24 12:37:23.175 - DEBUG: [controller_loader.js:241:16] rest type #1 -> create
2022-08-24 12:37:23.176 - DEBUG: [controller_loader.js:259:16] rest request method -> post, path -> /baroboard/device, func -> create
2022-08-24 12:37:23.176 - DEBUG: [controller_loader.js:241:16] rest type #2 -> read
2022-08-24 12:37:23.176 - DEBUG: [controller_loader.js:259:16] rest request method -> get, path -> /baroboard/device/:id, func -> read
2022-08-24 12:37:23.176 - DEBUG: [controller_loader.js:241:16] rest type #3 -> update
2022-08-24 12:37:23.177 - DEBUG: [controller_loader.js:259:16] rest request method -> put, path -> /baroboard/device/:id, func -> update
2022-08-24 12:37:23.177 - DEBUG: [controller_loader.js:241:16] rest type #4 -> delete
2022-08-24 12:37:23.177 - DEBUG: [controller_loader.js:259:16] rest request method -> delete, path -> /baroboard/device/:id, func -> delete
2022-08-24 12:37:23.178 - DEBUG: [controller_loader.js:267:12] registerPath called : /baroboard/device/data/update -> updateData in file ../controllers/baroboard-device-controller
2022-08-24 12:37:23.201 - DEBUG: [controller_loader.js:274:20]  method #0 -> post
2022-08-24 12:37:23.202 - DEBUG: [controller_loader.js:267:12] registerPath called : /baroboard/device/data/select -> selectData in file ../controllers/baroboard-device-controller
2022-08-24 12:37:23.202 - DEBUG: [controller_loader.js:274:20]  method #0 -> get
2022-08-24 12:37:23.203 - DEBUG: [controller_loader.js:267:12] registerPath called : /baroboard/device/dashboard/list -> dashboardList in file ../controllers/baroboard-device-controller
2022-08-24 12:37:23.203 - DEBUG: [controller_loader.js:274:20]  method #0 -> get
2022-08-24 12:37:23.204 - DEBUG: [controller_loader.js:267:12] registerPath called : /baroboard/device/dashboard/sublist -> dashboardSubList in file ../controllers/baroboard-device-controller
2022-08-24 12:37:23.204 - DEBUG: [controller_loader.js:274:20]  method #0 -> get
2022-08-24 12:37:23.205 - DEBUG: [controller_loader.js:267:12] registerPath called : /baroboard/device/dashboard/legacy -> legacyInfo in file ../controllers/baroboard-device-controller
2022-08-24 12:37:23.205 - DEBUG: [controller_loader.js:288:16] legacyInfo not found in the controller.
2022-08-24 12:37:23.205 - DEBUG: [controller_loader.js:267:12] registerPath called : /baroboard/device/dashboard/fieldlist -> dashboardFieldList in file ../controllers/baroboard-device-controller
2022-08-24 12:37:23.206 - DEBUG: [controller_loader.js:274:20]  method #0 -> get
2022-08-24 12:37:23.206 - DEBUG: [controller_loader.js:267:12] registerPath called : /baroboard/device/data/preview2 -> preview2 in file ../controllers/baroboard-device-controller
2022-08-24 12:37:23.206 - DEBUG: [controller_loader.js:274:20]  method #0 -> post
2022-08-24 12:37:23.207 - DEBUG: [controller_loader.js:267:12] registerPath called : /baroboard/device/data/apply -> applyData in file ../controllers/baroboard-device-controller
2022-08-24 12:37:23.207 - DEBUG: [controller_loader.js:274:20]  method #0 -> post
2022-08-24 12:37:23.207 - DEBUG: [controller_loader.js:267:12] registerPath called : /baroboard/device/data/preview -> applyData2 in file ../controllers/baroboard-device-controller
2022-08-24 12:37:23.208 - DEBUG: [controller_loader.js:274:20]  method #0 -> post
2022-08-24 12:37:23.209 - DEBUG: [controller_loader.js:267:12] registerPath called : /baroboard/device/goodbattery -> batteryUpdate in file ../controllers/baroboard-device-controller
2022-08-24 12:37:23.210 - DEBUG: [controller_loader.js:274:20]  method #0 -> post
2022-08-24 12:37:23.210 - DEBUG: [controller_loader.js:267:12] registerPath called : /baroboard/device/badbattery -> batteryUpdate2 in file ../controllers/baroboard-device-controller
2022-08-24 12:37:23.210 - DEBUG: [controller_loader.js:274:20]  method #0 -> post
2022-08-24 12:37:23.211 - DEBUG: [controller_loader.js:267:12] registerPath called : /baroboard/device/check/usinglayout -> checkUsingLayout in file ../controllers/baroboard-device-controller
2022-08-24 12:37:23.211 - DEBUG: [controller_loader.js:274:20]  method #0 -> post
2022-08-24 12:37:23.211 - DEBUG: [controller_loader.js:267:12] registerPath called : /baroboard/device/status -> statusUpdate in file ../controllers/baroboard-device-controller
2022-08-24 12:37:23.212 - DEBUG: [controller_loader.js:274:20]  method #0 -> post
2022-08-24 12:37:23.212 - DEBUG: [controller_loader.js:267:12] registerPath called : /baroboard/device/statussync -> statusSync in file ../controllers/baroboard-device-controller
2022-08-24 12:37:23.212 - DEBUG: [controller_loader.js:274:20]  method #0 -> post
2022-08-24 12:37:23.213 - DEBUG: [controller_loader.js:267:12] registerPath called : /baroboard/device/data/mappinglist -> layoutMappingDataList in file ../controllers/baroboard-device-controller
2022-08-24 12:37:23.213 - DEBUG: [controller_loader.js:274:20]  method #0 -> post
2022-08-24 12:37:23.213 - DEBUG: [controller_loader.js:267:12] registerPath called : /baroboard/device/modify/layout -> modifyLayoutinfo in file ../controllers/baroboard-device-controller
2022-08-24 12:37:23.213 - DEBUG: [controller_loader.js:274:20]  method #0 -> post
2022-08-24 12:37:23.214 - DEBUG: [controller_loader.js:267:12] registerPath called : /baroboard/device/data/esl_request -> darwinPushESLData in file ../controllers/baroboard-device-controller
2022-08-24 12:37:23.214 - DEBUG: [controller_loader.js:274:20]  method #0 -> post
2022-08-24 12:37:23.216 - DEBUG: [controller_loader.js:226:12] registerRest called : /baroboard/device_group -> in file ../controllers/baroboard-device-group-controller, table : baroboard.device_group
2022-08-24 12:37:23.217 - DEBUG: [controller_loader.js:241:16] rest type #0 -> list
2022-08-24 12:37:23.217 - DEBUG: [controller_loader.js:259:16] rest request method -> get, path -> /baroboard/device_group, func -> list
2022-08-24 12:37:23.218 - DEBUG: [controller_loader.js:241:16] rest type #1 -> create
2022-08-24 12:37:23.219 - DEBUG: [controller_loader.js:259:16] rest request method -> post, path -> /baroboard/device_group, func -> create
2022-08-24 12:37:23.220 - DEBUG: [controller_loader.js:241:16] rest type #2 -> read
2022-08-24 12:37:23.220 - DEBUG: [controller_loader.js:259:16] rest request method -> get, path -> /baroboard/device_group/:id, func -> read
2022-08-24 12:37:23.221 - DEBUG: [controller_loader.js:241:16] rest type #3 -> update
2022-08-24 12:37:23.222 - DEBUG: [controller_loader.js:259:16] rest request method -> put, path -> /baroboard/device_group/:id, func -> update
2022-08-24 12:37:23.222 - DEBUG: [controller_loader.js:241:16] rest type #4 -> delete
2022-08-24 12:37:23.223 - DEBUG: [controller_loader.js:259:16] rest request method -> delete, path -> /baroboard/device_group/:id, func -> delete
2022-08-24 12:37:23.227 - DEBUG: [controller_loader.js:226:12] registerRest called : /baroboard/image -> in file ../controllers/baroboard-image-controller, table : baroboard.image
2022-08-24 12:37:23.227 - DEBUG: [controller_loader.js:241:16] rest type #0 -> list
2022-08-24 12:37:23.227 - DEBUG: [controller_loader.js:259:16] rest request method -> get, path -> /baroboard/image, func -> list
2022-08-24 12:37:23.227 - DEBUG: [controller_loader.js:241:16] rest type #1 -> create
2022-08-24 12:37:23.227 - DEBUG: [controller_loader.js:259:16] rest request method -> post, path -> /baroboard/image, func -> create
2022-08-24 12:37:23.228 - DEBUG: [controller_loader.js:241:16] rest type #2 -> read
2022-08-24 12:37:23.228 - DEBUG: [controller_loader.js:259:16] rest request method -> get, path -> /baroboard/image/:id, func -> read
2022-08-24 12:37:23.228 - DEBUG: [controller_loader.js:241:16] rest type #3 -> update
2022-08-24 12:37:23.228 - DEBUG: [controller_loader.js:259:16] rest request method -> put, path -> /baroboard/image/:id, func -> update
2022-08-24 12:37:23.228 - DEBUG: [controller_loader.js:241:16] rest type #4 -> delete
2022-08-24 12:37:23.229 - DEBUG: [controller_loader.js:259:16] rest request method -> delete, path -> /baroboard/image/:id, func -> delete
2022-08-24 12:37:23.229 - DEBUG: [controller_loader.js:267:12] registerPath called : /baroboard/image/list -> requestList in file ../controllers/baroboard-image-controller
2022-08-24 12:37:23.230 - DEBUG: [controller_loader.js:274:20]  method #0 -> post
2022-08-24 12:37:23.230 - DEBUG: [controller_loader.js:267:12] registerPath called : /baroboard/image/category/list -> requestcategoryList in file ../controllers/baroboard-image-controller
2022-08-24 12:37:23.231 - DEBUG: [controller_loader.js:274:20]  method #0 -> post
2022-08-24 12:37:23.231 - DEBUG: [controller_loader.js:267:12] registerPath called : /baroboard/image/category/delete_item -> requestDeleteImage2 in file ../controllers/baroboard-image-controller
2022-08-24 12:37:23.231 - DEBUG: [controller_loader.js:274:20]  method #0 -> post
2022-08-24 12:37:23.232 - DEBUG: [controller_loader.js:267:12] registerPath called : /baroboard/image/category/title_delete -> requestDeleteCategory in file ../controllers/baroboard-image-controller
2022-08-24 12:37:23.232 - DEBUG: [controller_loader.js:274:20]  method #0 -> post
2022-08-24 12:37:23.232 - DEBUG: [controller_loader.js:267:12] registerPath called : /baroboard/image/category/add -> requestAddCategoryItem in file ../controllers/baroboard-image-controller
2022-08-24 12:37:23.233 - DEBUG: [controller_loader.js:274:20]  method #0 -> post
2022-08-24 12:37:23.233 - DEBUG: [controller_loader.js:267:12] registerPath called : /baroboard/image/category/image -> requestAddImageItemInCategory in file ../controllers/baroboard-image-controller
2022-08-24 12:37:23.233 - DEBUG: [controller_loader.js:274:20]  method #0 -> get
2022-08-24 12:37:23.233 - DEBUG: [controller_loader.js:274:20]  method #1 -> post
2022-08-24 12:37:23.235 - DEBUG: [controller_loader.js:226:12] registerRest called : /baroboard/layout -> in file ../controllers/baroboard-layout-controller, table : baroboard.layout
2022-08-24 12:37:23.235 - DEBUG: [controller_loader.js:241:16] rest type #0 -> list
2022-08-24 12:37:23.236 - DEBUG: [controller_loader.js:259:16] rest request method -> get, path -> /baroboard/layout, func -> list
2022-08-24 12:37:23.236 - DEBUG: [controller_loader.js:241:16] rest type #1 -> create
2022-08-24 12:37:23.236 - DEBUG: [controller_loader.js:259:16] rest request method -> post, path -> /baroboard/layout, func -> create
2022-08-24 12:37:23.236 - DEBUG: [controller_loader.js:241:16] rest type #2 -> read
2022-08-24 12:37:23.236 - DEBUG: [controller_loader.js:259:16] rest request method -> get, path -> /baroboard/layout/:id, func -> read
2022-08-24 12:37:23.236 - DEBUG: [controller_loader.js:241:16] rest type #3 -> update
2022-08-24 12:37:23.237 - DEBUG: [controller_loader.js:259:16] rest request method -> put, path -> /baroboard/layout/:id, func -> update
2022-08-24 12:37:23.237 - DEBUG: [controller_loader.js:241:16] rest type #4 -> delete
2022-08-24 12:37:23.237 - DEBUG: [controller_loader.js:259:16] rest request method -> delete, path -> /baroboard/layout/:id, func -> delete
2022-08-24 12:37:23.237 - DEBUG: [controller_loader.js:267:12] registerPath called : /baroboard/layout/image/del -> requestImageDelete in file ../controllers/baroboard-layout-controller
2022-08-24 12:37:23.238 - DEBUG: [controller_loader.js:274:20]  method #0 -> get
2022-08-24 12:37:23.240 - DEBUG: [controller_loader.js:274:20]  method #1 -> post
2022-08-24 12:37:23.240 - DEBUG: [controller_loader.js:267:12] registerPath called : /baroboard/layout/image/update -> requestUpdateImage in file ../controllers/baroboard-layout-controller
2022-08-24 12:37:23.241 - DEBUG: [controller_loader.js:274:20]  method #0 -> post
2022-08-24 12:37:23.241 - DEBUG: [controller_loader.js:267:12] registerPath called : /baroboard/layout/mapping/update -> updateMapping in file ../controllers/baroboard-layout-controller
2022-08-24 12:37:23.241 - DEBUG: [controller_loader.js:274:20]  method #0 -> post
2022-08-24 12:37:23.243 - DEBUG: [controller_loader.js:226:12] registerRest called : /baroboard/legacy -> in file ../controllers/baroboard-legacy, table : baroboard.legacy
2022-08-24 12:37:23.243 - DEBUG: [controller_loader.js:241:16] rest type #0 -> list
2022-08-24 12:37:23.244 - DEBUG: [controller_loader.js:259:16] rest request method -> get, path -> /baroboard/legacy, func -> list
2022-08-24 12:37:23.245 - DEBUG: [controller_loader.js:241:16] rest type #1 -> create
2022-08-24 12:37:23.246 - DEBUG: [controller_loader.js:259:16] rest request method -> post, path -> /baroboard/legacy, func -> create
2022-08-24 12:37:23.246 - DEBUG: [controller_loader.js:241:16] rest type #2 -> read
2022-08-24 12:37:23.247 - DEBUG: [controller_loader.js:259:16] rest request method -> get, path -> /baroboard/legacy/:id, func -> read
2022-08-24 12:37:23.248 - DEBUG: [controller_loader.js:241:16] rest type #3 -> update
2022-08-24 12:37:23.248 - DEBUG: [controller_loader.js:259:16] rest request method -> put, path -> /baroboard/legacy/:id, func -> update
2022-08-24 12:37:23.249 - DEBUG: [controller_loader.js:241:16] rest type #4 -> delete
2022-08-24 12:37:23.250 - DEBUG: [controller_loader.js:259:16] rest request method -> delete, path -> /baroboard/legacy/:id, func -> delete
2022-08-24 12:37:23.252 - DEBUG: [controller_loader.js:226:12] registerRest called : /baroboard/users -> in file ../controllers/baroboard-users-controller, table : baroboard.users
2022-08-24 12:37:23.252 - DEBUG: [controller_loader.js:241:16] rest type #0 -> list
2022-08-24 12:37:23.252 - DEBUG: [controller_loader.js:259:16] rest request method -> get, path -> /baroboard/users, func -> list
2022-08-24 12:37:23.253 - DEBUG: [controller_loader.js:241:16] rest type #1 -> create
2022-08-24 12:37:23.253 - DEBUG: [controller_loader.js:259:16] rest request method -> post, path -> /baroboard/users, func -> create
2022-08-24 12:37:23.253 - DEBUG: [controller_loader.js:241:16] rest type #2 -> read
2022-08-24 12:37:23.253 - DEBUG: [controller_loader.js:259:16] rest request method -> get, path -> /baroboard/users/:id, func -> read
2022-08-24 12:37:23.255 - DEBUG: [controller_loader.js:241:16] rest type #3 -> update
2022-08-24 12:37:23.255 - DEBUG: [controller_loader.js:259:16] rest request method -> put, path -> /baroboard/users/:id, func -> update
2022-08-24 12:37:23.255 - DEBUG: [controller_loader.js:241:16] rest type #4 -> delete
2022-08-24 12:37:23.255 - DEBUG: [controller_loader.js:259:16] rest request method -> delete, path -> /baroboard/users/:id, func -> delete
2022-08-24 12:37:23.256 - DEBUG: [controller_loader.js:267:12] registerPath called : /baroboard/users/signup -> signup in file ../controllers/baroboard-users-controller
2022-08-24 12:37:23.267 - DEBUG: [controller_loader.js:274:20]  method #0 -> post
2022-08-24 12:37:23.268 - DEBUG: [controller_loader.js:267:12] registerPath called : /baroboard/users/login -> login in file ../controllers/baroboard-users-controller
2022-08-24 12:37:23.268 - DEBUG: [controller_loader.js:274:20]  method #0 -> post
2022-08-24 12:37:23.270 - DEBUG: [controller_loader.js:267:12] registerPath called : /baroboard/users/logout -> logout in file ../controllers/baroboard-users-controller
2022-08-24 12:37:23.270 - DEBUG: [controller_loader.js:274:20]  method #0 -> post
2022-08-24 12:37:23.271 - DEBUG: [controller_loader.js:226:12] registerRest called : /bear -> in file ../controllers/bear-controller, table : test.person
2022-08-24 12:37:23.271 - DEBUG: [controller_loader.js:241:16] rest type #0 -> list
2022-08-24 12:37:23.272 - DEBUG: [controller_loader.js:259:16] rest request method -> get, path -> /bear, func -> list
2022-08-24 12:37:23.272 - DEBUG: [controller_loader.js:241:16] rest type #1 -> create
2022-08-24 12:37:23.272 - DEBUG: [controller_loader.js:259:16] rest request method -> post, path -> /bear, func -> create
2022-08-24 12:37:23.272 - DEBUG: [controller_loader.js:241:16] rest type #2 -> read
2022-08-24 12:37:23.272 - DEBUG: [controller_loader.js:259:16] rest request method -> get, path -> /bear/:id, func -> read
2022-08-24 12:37:23.273 - DEBUG: [controller_loader.js:241:16] rest type #3 -> update
2022-08-24 12:37:23.273 - DEBUG: [controller_loader.js:259:16] rest request method -> put, path -> /bear/:id, func -> update
2022-08-24 12:37:23.273 - DEBUG: [controller_loader.js:241:16] rest type #4 -> delete
2022-08-24 12:37:23.273 - DEBUG: [controller_loader.js:259:16] rest request method -> delete, path -> /bear/:id, func -> delete
2022-08-24 12:37:23.275 - DEBUG: [controller_loader.js:226:12] registerRest called : /cat -> in file ../controllers/cat-controller, table : undefined
2022-08-24 12:37:23.276 - DEBUG: [controller_loader.js:241:16] rest type #0 -> list
2022-08-24 12:37:23.276 - DEBUG: [controller_loader.js:259:16] rest request method -> get, path -> /cat, func -> list
2022-08-24 12:37:23.277 - DEBUG: [controller_loader.js:241:16] rest type #1 -> create
2022-08-24 12:37:23.277 - DEBUG: [controller_loader.js:259:16] rest request method -> post, path -> /cat, func -> create
2022-08-24 12:37:23.277 - DEBUG: [controller_loader.js:241:16] rest type #2 -> read
2022-08-24 12:37:23.277 - DEBUG: [controller_loader.js:259:16] rest request method -> get, path -> /cat/:id, func -> read
2022-08-24 12:37:23.277 - DEBUG: [controller_loader.js:241:16] rest type #3 -> update
2022-08-24 12:37:23.278 - DEBUG: [controller_loader.js:259:16] rest request method -> put, path -> /cat/:id, func -> update
2022-08-24 12:37:23.278 - DEBUG: [controller_loader.js:241:16] rest type #4 -> delete
2022-08-24 12:37:23.278 - DEBUG: [controller_loader.js:259:16] rest request method -> delete, path -> /cat/:id, func -> delete
2022-08-24 12:37:23.279 - DEBUG: [controller_loader.js:267:12] registerPath called : /chat/send -> send in file ../controllers/chat-controller
2022-08-24 12:37:23.280 - DEBUG: [controller_loader.js:274:20]  method #0 -> get
2022-08-24 12:37:23.281 - DEBUG: [controller_loader.js:267:12] registerPath called : /cni-test/patient-list -> patientList in file ../controllers/cni-controller
2022-08-24 12:37:23.292 - DEBUG: [controller_loader.js:274:20]  method #0 -> get
2022-08-24 12:37:23.293 - DEBUG: [controller_loader.js:274:20]  method #1 -> post
2022-08-24 12:37:23.295 - DEBUG: [controller_loader.js:267:12] registerPath called : /consent/v1/patient/inpatient-list-01 -> inpatientList01 in file ../controllers/consent-v1-kbsmc-controller
2022-08-24 12:37:23.295 - DEBUG: [controller_loader.js:274:20]  method #0 -> get
2022-08-24 12:37:23.296 - DEBUG: [controller_loader.js:274:20]  method #1 -> post
2022-08-24 12:37:23.296 - DEBUG: [controller_loader.js:267:12] registerPath called : /consent/v1/consent/consent-save-01 -> consentSave01 in file ../controllers/consent-v1-kbsmc-controller
2022-08-24 12:37:23.297 - DEBUG: [controller_loader.js:274:20]  method #0 -> get
2022-08-24 12:37:23.297 - DEBUG: [controller_loader.js:274:20]  method #1 -> post
2022-08-24 12:37:23.299 - DEBUG: [controller_loader.js:267:12] registerPath called : /dog/index -> index in file ../controllers/dog-controller
2022-08-24 12:37:23.300 - DEBUG: [controller_loader.js:274:20]  method #0 -> get
2022-08-24 12:37:23.301 - DEBUG: [controller_loader.js:274:20]  method #1 -> post
2022-08-24 12:37:23.301 - DEBUG: [controller_loader.js:267:12] registerPath called : /dog/list -> list in file ../controllers/dog-controller
2022-08-24 12:37:23.302 - DEBUG: [controller_loader.js:274:20]  method #0 -> get
2022-08-24 12:37:23.302 - DEBUG: [controller_loader.js:274:20]  method #1 -> post
2022-08-24 12:37:23.302 - DEBUG: [controller_loader.js:267:12] registerPath called : /dog/create -> create in file ../controllers/dog-controller
2022-08-24 12:37:23.303 - DEBUG: [controller_loader.js:274:20]  method #0 -> get
2022-08-24 12:37:23.303 - DEBUG: [controller_loader.js:274:20]  method #1 -> post
2022-08-24 12:37:23.303 - DEBUG: [controller_loader.js:267:12] registerPath called : /dog/read -> read in file ../controllers/dog-controller
2022-08-24 12:37:23.303 - DEBUG: [controller_loader.js:274:20]  method #0 -> get
2022-08-24 12:37:23.304 - DEBUG: [controller_loader.js:274:20]  method #1 -> post
2022-08-24 12:37:23.304 - DEBUG: [controller_loader.js:267:12] registerPath called : /dog/update -> update in file ../controllers/dog-controller
2022-08-24 12:37:23.305 - DEBUG: [controller_loader.js:274:20]  method #0 -> get
2022-08-24 12:37:23.305 - DEBUG: [controller_loader.js:274:20]  method #1 -> post
2022-08-24 12:37:23.305 - DEBUG: [controller_loader.js:267:12] registerPath called : /dog/delete -> delete in file ../controllers/dog-controller
2022-08-24 12:37:23.306 - DEBUG: [controller_loader.js:274:20]  method #0 -> post
2022-08-24 12:37:23.307 - DEBUG: [controller_loader.js:267:12] registerPath called : /esl-index.do -> eslIndex in file ../controllers/index-controller
2022-08-24 12:37:23.308 - DEBUG: [controller_loader.js:274:20]  method #0 -> get
2022-08-24 12:37:23.309 - DEBUG: [controller_loader.js:267:12] registerPath called : /lion/ -> list in file ../controllers/lion-controller
2022-08-24 12:37:23.310 - DEBUG: [controller_loader.js:274:20]  method #0 -> get
2022-08-24 12:37:23.311 - DEBUG: [controller_loader.js:267:12] registerPath called : /lion/create -> create in file ../controllers/lion-controller
2022-08-24 12:37:23.311 - DEBUG: [controller_loader.js:274:20]  method #0 -> post
2022-08-24 12:37:23.311 - DEBUG: [controller_loader.js:267:12] registerPath called : /lion/read/:id -> read in file ../controllers/lion-controller
2022-08-24 12:37:23.311 - DEBUG: [controller_loader.js:274:20]  method #0 -> get
2022-08-24 12:37:23.312 - DEBUG: [controller_loader.js:267:12] registerPath called : /lion/update/:id -> update in file ../controllers/lion-controller
2022-08-24 12:37:23.312 - DEBUG: [controller_loader.js:274:20]  method #0 -> post
2022-08-24 12:37:23.312 - DEBUG: [controller_loader.js:267:12] registerPath called : /lion/delete/:id -> delete in file ../controllers/lion-controller
2022-08-24 12:37:23.313 - DEBUG: [controller_loader.js:274:20]  method #0 -> delete
2022-08-24 12:37:23.314 - DEBUG: [controller_loader.js:267:12] registerPath called : /mci-test/patient-list -> patientList in file ../controllers/mci-controller
2022-08-24 12:37:23.326 - DEBUG: [controller_loader.js:274:20]  method #0 -> get
2022-08-24 12:37:23.327 - DEBUG: [controller_loader.js:274:20]  method #1 -> post
2022-08-24 12:37:23.328 - DEBUG: [controller_loader.js:267:12] registerPath called : /panda/list -> list in file ../controllers/panda-controller
2022-08-24 12:37:23.329 - DEBUG: [controller_loader.js:274:20]  method #0 -> get
2022-08-24 12:37:23.333 - DEBUG: [controller_loader.js:267:12] registerPath called : /sboard_image/upload -> upload in file ../controllers/sboard-image-controller
2022-08-24 12:37:23.334 - DEBUG: [controller_loader.js:274:20]  method #0 -> post
2022-08-24 12:37:23.335 - DEBUG: [controller_loader.js:267:12] registerPath called : /sboard_image/send -> send in file ../controllers/sboard-image-controller
2022-08-24 12:37:23.335 - DEBUG: [controller_loader.js:274:20]  method #0 -> post
2022-08-24 12:37:23.335 - DEBUG: [controller_loader.js:267:12] registerPath called : /sboard_image/send_group -> sendGroup in file ../controllers/sboard-image-controller
2022-08-24 12:37:23.336 - DEBUG: [controller_loader.js:274:20]  method #0 -> post
2022-08-24 12:37:23.337 - DEBUG: [controller_loader.js:267:12] registerPath called : /sheep/ -> list in file ../controllers/sheep-controller
2022-08-24 12:37:23.338 - DEBUG: [controller_loader.js:274:20]  method #0 -> get
2022-08-24 12:37:23.338 - DEBUG: [controller_loader.js:267:12] registerPath called : /sheep/ -> create in file ../controllers/sheep-controller
2022-08-24 12:37:23.339 - DEBUG: [controller_loader.js:274:20]  method #0 -> post
2022-08-24 12:37:23.339 - DEBUG: [controller_loader.js:267:12] registerPath called : /sheep/:id -> read in file ../controllers/sheep-controller
2022-08-24 12:37:23.339 - DEBUG: [controller_loader.js:274:20]  method #0 -> get
2022-08-24 12:37:23.340 - DEBUG: [controller_loader.js:267:12] registerPath called : /sheep/:id -> update in file ../controllers/sheep-controller
2022-08-24 12:37:23.340 - DEBUG: [controller_loader.js:274:20]  method #0 -> put
2022-08-24 12:37:23.340 - DEBUG: [controller_loader.js:267:12] registerPath called : /sheep/:id -> delete in file ../controllers/sheep-controller
2022-08-24 12:37:23.340 - DEBUG: [controller_loader.js:274:20]  method #0 -> delete
2022-08-24 12:37:23.342 - DEBUG: [controller_loader.js:267:12] registerPath called : /data/apply -> applyData in file ../controllers/sync_to_esl-controller
2022-08-24 12:37:23.343 - DEBUG: [controller_loader.js:274:20]  method #0 -> post
2022-08-24 12:37:23.346 - DEBUG: [controller_loader.js:267:12] registerPath called : /data/lastmodifieddate -> getLastModifiedDate in file ../controllers/sync_to_mci-controller
2022-08-24 12:37:23.347 - DEBUG: [controller_loader.js:274:20]  method #0 -> post
2022-08-24 12:37:23.348 - DEBUG: [controller_loader.js:267:12] registerPath called : /data/apply -> applyData in file ../controllers/sync_to_mci-controller
2022-08-24 12:37:23.348 - DEBUG: [controller_loader.js:274:20]  method #0 -> post
2022-08-24 12:37:23.350 - DEBUG: [controller_loader.js:267:12] registerPath called : /tiger/hello -> hello in file ../controllers/tiger-controller
2022-08-24 12:37:23.350 - DEBUG: [controller_loader.js:274:20]  method #0 -> get
2022-08-24 12:37:23.350 - DEBUG: [controller_loader.js:274:20]  method #1 -> post
2022-08-24 12:37:23.351 - DEBUG: [controller_loader.js:267:12] registerPath called : /tiger/bye -> bye in file ../controllers/tiger-controller
2022-08-24 12:37:23.351 - DEBUG: [controller_loader.js:274:20]  method #0 -> get
2022-08-24 12:37:23.351 - DEBUG: [controller_loader.js:274:20]  method #1 -> post
2022-08-24 12:38:07.150 - DEBUG: [mci.js:20:16] MCI initialized.
2022-08-24 12:38:07.184 - INFO: [new_sync_to_mci_esl.js:51:16] [171130//07W] start.
2022-08-24 12:38:07.197 - DEBUG: [mci-controller.js:36:16] MCITest:patientList called for path /mci-test/patient-list
2022-08-24 12:38:07.199 - DEBUG: [mci_util.js:17:16] MciUtil initialized.
2022-08-24 12:38:07.239 - DEBUG: [mci_util.js:181:16] query called.
2022-08-24 12:38:07.239 - DEBUG: [mci_util.js:182:16] values.input -> {"wardCd":"171130"}
2022-08-24 12:38:07.240 - DEBUG: [mci.js:37:16] mci.send called.
2022-08-24 12:38:07.240 - DEBUG: [mci.js:75:16] createSystemHeader called.
2022-08-24 12:38:07.241 - DEBUG: [mci.js:114:16] createBusinessHeader called.
2022-08-24 12:38:07.241 - DEBUG: [mci.js:46:16] Request -> "{\"cfs_sheader_001\":{\"tlgrLngtVl\":\"0000001092\",\"uuid\":\"2aecbf90-235e-11ed-9c1a-c1cda76c3263\",\"tlgrPrgrNo\":\"1\",\"tlgrTypeCd\":\"Q\",\"inrfId\":\"mno_elsdidt_l01\",\"tlgrRqstDt\":\"20220824123807241000\",\"lnkdSystInfmVl\":\"\",\"sesnId\":\"\",\"tlgrRqstSystIp\":\"119.6.3.104\",\"tlgrMediDvsnCd\":\"MO\",\"tlgrRqstSystId\":\"bm0\",\"tlgrTrnmSrvcId\":\"DRS_100000_1001\",\"tlgrTrnmUserId\":\"MOBILE\",\"tlgrRecvSrvcId\":\"\",\"tlgrRecvUserId\":\"\",\"prsgRsltDvsnCd\":\"\",\"filePrsgYn\":\"\",\"syncPrsgDvsnCd\":\"S\",\"ectnYn\":\"N\",\"cmrnYn\":\"N\",\"systEnvrDvsnCd\":\"P\",\"testTlgrYn\":\"N\",\"inrfSttsCd\":\"\",\"wndoHndeId\":\"\",\"dataInfmYn\":\"\",\"tlgrVrsnCeckYn\":\"\",\"rqstTlgrVrsnNo\":\"\",\"rspnTlgrVrsnNo\":\"\",\"cmrnTrgtYn\":\"\",\"systHedrRmrkVl\":\"\"},\"cfs_bheader_s00\":{\"evntTypCd\":\"\",\"hsptCd\":\"\",\"cntrCd\":\"\",\"dprtCd\":\"\",\"natnCd\":\"ko\",\"lnggCd\":\"KR\",\"aftrMtrlExstYn\":\"\",\"mxmmRqstVl\":\"\",\"mesgCd\":\"\",\"mesgCtn\":\"\",\"adddMesgCd\":\"\",\"adddMesgCtn\":\"\",\"errPrgmNm\":\"\",\"errFuncNm\":\"\",\"errLineNo\":\"\",\"errSqlNo\":\"\",\"errTpNo\":\"\",\"errMesgPrsgDvsnCd\":\"\",\"excfCd\":\"\",\"dtlsExcfCd\":\"\",\"mesgMngmDvsnYn\":\"\",\"userId\":\"MOBILE\",\"scryAplyYn\":\"\",\"bswrHedrRmrkVl\":\"\"},\"mns_elsdidt_002\":{\"wardCd\":\"171130\"}}"
2022-08-24 12:38:07.243 - DEBUG: [mci.js:214:10] createLengthPrefix called.
2022-08-24 12:38:07.243 - DEBUG: [mci.js:67:10] output : 0000001092{"cfs_sheader_001":{"tlgrLngtVl":"0000001092","uuid":"2aecbf90-235e-11ed-9c1a-c1cda76c3263","tlgrPrgrNo":"1","tlgrTypeCd":"Q","inrfId":"mno_elsdidt_l01","tlgrRqstDt":"20220824123807241000","lnkdSystInfmVl":"","sesnId":"","tlgrRqstSystIp":"119.6.3.104","tlgrMediDvsnCd":"MO","tlgrRqstSystId":"bm0","tlgrTrnmSrvcId":"DRS_100000_1001","tlgrTrnmUserId":"MOBILE","tlgrRecvSrvcId":"","tlgrRecvUserId":"","prsgRsltDvsnCd":"","filePrsgYn":"","syncPrsgDvsnCd":"S","ectnYn":"N","cmrnYn":"N","systEnvrDvsnCd":"P","testTlgrYn":"N","inrfSttsCd":"","wndoHndeId":"","dataInfmYn":"","tlgrVrsnCeckYn":"","rqstTlgrVrsnNo":"","rspnTlgrVrsnNo":"","cmrnTrgtYn":"","systHedrRmrkVl":""},"cfs_bheader_s00":{"evntTypCd":"","hsptCd":"","cntrCd":"","dprtCd":"","natnCd":"ko","lnggCd":"KR","aftrMtrlExstYn":"","mxmmRqstVl":"","mesgCd":"","mesgCtn":"","adddMesgCd":"","adddMesgCtn":"","errPrgmNm":"","errFuncNm":"","errLineNo":"","errSqlNo":"","errTpNo":"","errMesgPrsgDvsnCd":"","excfCd":"","dtlsExcfCd":"","mesgMngmDvsnYn":"","userId":"MOBILE","scryAplyYn":"","bswrHedrRmrkVl":""},"mns_elsdidt_002":{"wardCd":"171130"}}
2022-08-24 12:38:07.244 - DEBUG: [mci.js:148:16] sendData called.
2022-08-24 12:38:07.248 - DEBUG: [mci.js:160:20] Client connection ID : 2aedd100-235e-11ed-9c1a-c1cda76c3263
2022-08-24 12:38:07.248 - DEBUG: [mci.js:163:20] about to send output.
2022-08-24 12:38:07.249 - DEBUG: [mci_util.js:212:32] send request done -> output sent.
2022-08-24 12:38:07.249 - DEBUG: [mci.js:168:20] all before release : 1
2022-08-24 12:38:07.249 - DEBUG: [mci.js:169:20] free before release : 0
2022-08-24 12:38:07.273 - DEBUG: [mci_util.js:215:32] received event : data
2022-08-24 12:38:07.273 - DEBUG: [mci_util.js:33:11] typeof data : object
2022-08-24 12:38:07.274 - DEBUG: [mci_util.js:40:16] [[Class]] property : [object Uint8Array]
2022-08-24 12:38:07.274 - DEBUG: [mci_util.js:41:16] is Buffer? : true
2022-08-24 12:38:07.274 - DEBUG: [mci_util.js:57:20] remaining buffer for socket [2aedd100-235e-11ed-9c1a-c1cda76c3263] not exists.
2022-08-24 12:38:07.275 - DEBUG: [mci_util.js:70:16] length string : 0000004766
2022-08-24 12:38:07.275 - DEBUG: [mci_util.js:76:16] body length : 4766
2022-08-24 12:38:07.276 - DEBUG: [mci_util.js:86:16] compared length : 4766, 4766
2022-08-24 12:38:07.276 - DEBUG: [mci_util.js:96:20] body buffer is completed.
2022-08-24 12:38:07.276 - DEBUG: [mci_util.js:99:20] converting body data for TEST.
2022-08-24 12:38:07.276 - DEBUG: [mci_util.js:104:24] first digit : {
2022-08-24 12:38:07.277 - DEBUG: [mci_util.js:129:24] connection released.
2022-08-24 12:38:07.278 - DEBUG: [mci_util.js:248:16] processCompleted called.
2022-08-24 12:38:07.279 - DEBUG: [mci_util.js:252:16] output -> {
	"cfs_sheader_001": {
		"tlgrLngtVl": "0000031460",
		"uuid": "978a0a13-8b1c-475e-a13f-bab6138ce72a",
		"tlgrPrgrNo": "2",
		"tlgrTypeCd": "A",
		"inrfId": "mno_elsdidt_l01",
		"tlgrRqstDt": "20210831133854948000",
		"lnkdSystInfmVl": "11001101",
		"sesnId": "",
		"tlgrRqstSystIp": "119.6.3.92",
		"tlgrMediDvsnCd": "MO",
		"tlgrRqstSystId": "bm0",
		"tlgrTrnmSrvcId": "DRS_100000_1001",
		"tlgrTrnmUserId": "MOBILE",
		"tlgrRecvSrvcId": "mno_elsdidt_l01",
		"tlgrRecvUserId": "",
		"prsgRsltDvsnCd": "1",
		"filePrsgYn": "",
		"syncPrsgDvsnCd": "S",
		"ectnYn": "N",
		"cmrnYn": "N",
		"systEnvrDvsnCd": "D",
		"testTlgrYn": "N",
		"inrfSttsCd": "",
		"wndoHndeId": "",
		"dataInfmYn": "",
		"tlgrVrsnCeckYn": "",
		"rqstTlgrVrsnNo": "",
		"rspnTlgrVrsnNo": "",
		"cmrnTrgtYn": "",
		"systHedrRmrkVl": ""
	},
	"cfs_bheader_s00": {
		"evntTypCd": "",
		"hsptCd": "",
		"cntrCd": "",
		"dprtCd": "",
		"natnCd": "ko",
		"lnggCd": "KR",
		"aftrMtrlExstYn": "",
		"mxmmRqstVl": "",
		"mesgCd": "IB00013",
		"mesgCtn": "정상 조회되었습니다.!",
		"adddMesgCd": "",
		"adddMesgCtn": "",
		"errPrgmNm": "",
		"errFuncNm": "",
		"errLineNo": "",
		"errSqlNo": "",
		"errTpNo": "",
		"errMesgPrsgDvsnCd": "S",
		"excfCd": "",
		"dtlsExcfCd": "",
		"mesgMngmDvsnYn": "",
		"userId": "MOBILE",
		"scryAplyYn": "",
		"bswrHedrRmrkVl": ""
	},
	"mnc_elsdidt_001": {
		"afiReptNtm": 27,
		"mns_elsdidt_001": [
			{
				"ptntNm": "이승재",
				"gendCd": "M",
				"ageCtn": "28세",
				"btdt": "1995-01-02",
				"mcdpNm": "신경과",
				"chdrNm": "김용훈",
				"gndrNm": "이인호",
				"fallCtn": "",
				"bdsrEtcCtn": "",
				"ctctYn": "",
				"cnsdCtctStcrVl": "",
				"airCatnYn": "",
				"drplYn": "",
				"blodCatnYn": "",
				"invrIsltYn": "",
				"etcYn": "",
				"inptCasbCtn": "",
				"admsDt": "2021-02-15",
				"dschPrrnYmd": "",
				"dvsnNm1": "",
				"dvsnNm2": "",
				"dvsnNm3": "",
				"dvsnNm4": "",
				"dvsnNm5": "",
				"dvsnNm6": "",
				"dvsnNm7": "",
				"wardCdCtn": "07W",
				"carePtrmNo": "02",
				"careSckbNo": "02",
				"ptno": "51848158",
				"wardNm": "07서(NR)",
				"wardCd": "171130",
				"mdrpNo": 2023155495,
				"ptntNmCatnYn": "Y",
				"npoYn": "Y",
				"npoCtn": "자정부터 금식",
				"npoDscrMemoCtn": "",
				"ptntInftCtn": "오른팔 채혈금지/( 09:00 )시까지 절대안정",
				"obsrRomStinYn": "Y"
			},
			{
				"ptntNm": "후르다성",
				"gendCd": "M",
				"ageCtn": "30세",
				"btdt": "1992-05-17",
				"mcdpNm": "신경과",
				"chdrNm": "이주형",
				"gndrNm": "정병윤",
				"fallCtn": "Y",
				"bdsrEtcCtn": "Y",
				"ctctYn": "Y",
				"cnsdCtctStcrVl": "Y",
				"airCatnYn": "Y",
				"drplYn": "Y",
				"blodCatnYn": "Y",
				"invrIsltYn": "Y",
				"etcYn": "",
				"inptCasbCtn": "Y",
				"admsDt": "2022-02-24",
				"dschPrrnYmd": "2022-03-11",
				"dvsnNm1": "08:30~09:30 / 14:00~15:00",
				"dvsnNm2": "08:30~09:30 / 14:00~15:00",
				"dvsnNm3": "08:00~09:00 / 16:00~17:00",
				"dvsnNm4": "08:00~09:00 / 16:00~17:00",
				"dvsnNm5": "08:00~09:00 / 16:00~17:00",
				"dvsnNm6": "08:30~09:30 / 14:00~15:00",
				"dvsnNm7": "",
				"wardCdCtn": "07W",
				"carePtrmNo": "04",
				"careSckbNo": "04",
				"ptno": "51848158",
				"wardNm": "07서",
				"wardCd": "171130",
				"mdrpNo": 2023155495,
				"ptntNmCatnYn": "Y",
				"npoYn": "Y",
				"npoCtn": "자정부터 금식",
				"npoDscrMemoCtn": "",
				"ptntInftCtn": "오른팔 채혈금지/( 09:00 )시까지 절대안정",
				"obsrRomStinYn": "Y"
			},
			{
				"ptntNm": "김용훈",
				"gendCd": "F",
				"ageCtn": "28세",
				"btdt": "1992-05-18",
				"mcdpNm": "정신과",
				"chdrNm": "이주형",
				"gndrNm": "정병윤",
				"fallCtn": "Y",
				"bdsrEtcCtn": "Y",
				"ctctYn": "Y",
				"cnsdCtctStcrVl": "Y",
				"airCatnYn": "Y",
				"drplYn": "Y",
				"blodCatnYn": "Y",
				"invrIsltYn": "Y",
				"etcYn": "",
				"inptCasbCtn": "",
				"admsDt": "2022-02-24",
				"dschPrrnYmd": "",
				"dvsnNm1": "08:30~09:30 / 14:00~15:00",
				"dvsnNm2": "08:30~09:30 / 14:00~15:00",
				"dvsnNm3": "08:00~09:00 / 16:00~17:00",
				"dvsnNm4": "08:00~09:00 / 16:00~17:00",
				"dvsnNm5": "08:00~09:00 / 16:00~17:00",
				"dvsnNm6": "08:30~09:30 / 14:00~15:00",
				"dvsnNm7": "",
				"wardCdCtn": "07W",
				"carePtrmNo": "03",
				"careSckbNo": "03",
				"ptno": "51848158",
				"wardNm": "07서",
				"wardCd": "171130",
				"mdrpNo": 2023155495,
				"ptntNmCatnYn": "Y",
				"npoYn": "Y",
				"npoCtn": "절대안정",
				"npoDscrMemoCtn": "",
				"ptntInftCtn": "병실 밖 이동 금지",
				"obsrRomStinYn": "Y"
			}
		]
	}
}
2022-08-24 12:38:07.286 - DEBUG: [mci_util.js:276:20] processResponse called.
2022-08-24 12:38:07.287 - DEBUG: [mci_util.js:282:24] KEYS -> ["cfs_sheader_001","cfs_bheader_s00","mnc_elsdidt_001"]
2022-08-24 12:38:07.287 - DEBUG: [mci_util.js:310:16] parseHeader called.
2022-08-24 12:38:07.288 - DEBUG: [mci_util.js:286:24] HEADER -> {"serviceId":"mno_elsdidt_l01","userId":"","errMessage":"","code":"IB00013","message":"정상 조회되었습니다.!"}
2022-08-24 12:38:07.288 - DEBUG: [mci_util.js:488:16] parseBody called.
2022-08-24 12:38:07.288 - DEBUG: [mci_util.js:495:20] outname type : string
2022-08-24 12:38:07.289 - DEBUG: [mci_util.js:504:24] repeat count : 3
2022-08-24 12:38:07.289 - DEBUG: [mci_util.js:523:16] parseData called.
2022-08-24 12:38:07.289 - DEBUG: [mci_util.js:529:24] mapper found with attributes 36
2022-08-24 12:38:07.289 - DEBUG: [mci_util.js:535:40] mapping #0 [firstName] -> [ptntNm] : 이승재
2022-08-24 12:38:07.290 - DEBUG: [mci_util.js:535:40] mapping #1 [nameWarning] -> [ptntNmCatnYn] : Y
2022-08-24 12:38:07.290 - DEBUG: [mci_util.js:535:40] mapping #2 [gender] -> [gendCd] : M
2022-08-24 12:38:07.290 - DEBUG: [mci_util.js:535:40] mapping #3 [age] -> [ageCtn] : 28세
2022-08-24 12:38:07.291 - DEBUG: [mci_util.js:535:40] mapping #4 [birthDate] -> [btdt] : 1995-01-02
2022-08-24 12:38:07.291 - DEBUG: [mci_util.js:535:40] mapping #5 [dept] -> [mcdpNm] : 신경과
2022-08-24 12:38:07.291 - DEBUG: [mci_util.js:535:40] mapping #6 [doctorName1] -> [gndrNm] : 이인호
2022-08-24 12:38:07.291 - DEBUG: [mci_util.js:535:40] mapping #7 [doctorName2] -> [chdrNm] : 김용훈
2022-08-24 12:38:07.291 - DEBUG: [mci_util.js:535:40] mapping #8 [caution3] -> [fallCtn] : 
2022-08-24 12:38:07.292 - DEBUG: [mci_util.js:535:40] mapping #9 [caution4] -> [bdsrEtcCtn] : 
2022-08-24 12:38:07.292 - DEBUG: [mci_util.js:535:40] mapping #10 [caution2B] -> [ctctYn] : 
2022-08-24 12:38:07.292 - DEBUG: [mci_util.js:535:40] mapping #11 [caution2A] -> [cnsdCtctStcrVl] : 
2022-08-24 12:38:07.292 - DEBUG: [mci_util.js:535:40] mapping #12 [caution1A] -> [airCatnYn] : 
2022-08-24 12:38:07.295 - DEBUG: [mci_util.js:535:40] mapping #13 [caution1B] -> [drplYn] : 
2022-08-24 12:38:07.295 - DEBUG: [mci_util.js:535:40] mapping #14 [caution5] -> [blodCatnYn] : 
2022-08-24 12:38:07.295 - DEBUG: [mci_util.js:535:40] mapping #15 [caution6A] -> [invrIsltYn] : 
2022-08-24 12:38:07.296 - DEBUG: [mci_util.js:535:40] mapping #16 [caution6B] -> [etcYn] : 
2022-08-24 12:38:07.296 - DEBUG: [mci_util.js:535:40] mapping #17 [npoYn] -> [npoYn] : Y
2022-08-24 12:38:07.296 - DEBUG: [mci_util.js:535:40] mapping #18 [npoCtn] -> [npoCtn] : 자정부터 금식
2022-08-24 12:38:07.296 - DEBUG: [mci_util.js:535:40] mapping #19 [npoDscrMemoCtn] -> [npoDscrMemoCtn] : 
2022-08-24 12:38:07.296 - DEBUG: [mci_util.js:535:40] mapping #20 [ptntInftCtn] -> [ptntInftCtn] : 오른팔 채혈금지/( 09:00 )시까지 절대안정
2022-08-24 12:38:07.297 - DEBUG: [mci_util.js:535:40] mapping #21 [treatDate] -> [admsDt] : 2021-02-15
2022-08-24 12:38:07.297 - DEBUG: [mci_util.js:535:40] mapping #22 [leavingDate] -> [dschPrrnYmd] : 
2022-08-24 12:38:07.297 - DEBUG: [mci_util.js:535:40] mapping #23 [roundingSun] -> [dvsnNm1] : 
2022-08-24 12:38:07.297 - DEBUG: [mci_util.js:535:40] mapping #24 [roundingMon] -> [dvsnNm2] : 
2022-08-24 12:38:07.297 - DEBUG: [mci_util.js:535:40] mapping #25 [roundingTue] -> [dvsnNm3] : 
2022-08-24 12:38:07.298 - DEBUG: [mci_util.js:535:40] mapping #26 [roundingWed] -> [dvsnNm4] : 
2022-08-24 12:38:07.298 - DEBUG: [mci_util.js:535:40] mapping #27 [roundingThu] -> [dvsnNm5] : 
2022-08-24 12:38:07.298 - DEBUG: [mci_util.js:535:40] mapping #28 [roundingFri] -> [dvsnNm6] : 
2022-08-24 12:38:07.299 - DEBUG: [mci_util.js:535:40] mapping #29 [roundingSat] -> [dvsnNm7] : 
2022-08-24 12:38:07.299 - DEBUG: [mci_util.js:535:40] mapping #30 [ward] -> [wardCdCtn] : 07W
2022-08-24 12:38:07.299 - DEBUG: [mci_util.js:535:40] mapping #31 [roomNo] -> [carePtrmNo] : 02
2022-08-24 12:38:07.300 - DEBUG: [mci_util.js:535:40] mapping #32 [bedNo] -> [careSckbNo] : 02
2022-08-24 12:38:07.300 - DEBUG: [mci_util.js:535:40] mapping #33 [id] -> [ptno] : 51848158
2022-08-24 12:38:07.300 - DEBUG: [mci_util.js:535:40] mapping #34 [wardName] -> [wardNm] : 07서(NR)
2022-08-24 12:38:07.301 - DEBUG: [mci_util.js:535:40] mapping #35 [wardId] -> [wardCd] : 171130
2022-08-24 12:38:07.304 - INFO: [new_sync_to_mci_esl.js:77:16] [ Location: 07W || diffrent DATA count : 3 ]
2022-08-24 12:38:07.304 - INFO: [sync_to_esl-controller.js:604:12] [07W-02-02] 데이터 변경 감지
2022-08-24 12:38:10.158 - INFO: [sync_to_esl-controller.js:604:12] [07W-04-04] 데이터 변경 감지
2022-08-24 12:38:10.163 - DEBUG: [new_sync_to_mci_esl.js:99:24] [07W-04-04] 와 name이 맞는 ESL 단말기가 없음
2022-08-24 12:38:10.163 - INFO: [sync_to_esl-controller.js:604:12] [07W-03-03] 데이터 변경 감지
2022-08-24 12:38:17.186 - INFO: [new_sync_to_mci_esl.js:51:16] [171130//07W] start.
2022-08-24 12:38:17.190 - DEBUG: [mci-controller.js:36:16] MCITest:patientList called for path /mci-test/patient-list
2022-08-24 12:38:17.191 - DEBUG: [mci_util.js:17:16] MciUtil initialized.
2022-08-24 12:38:17.229 - DEBUG: [mci_util.js:181:16] query called.
2022-08-24 12:38:17.229 - DEBUG: [mci_util.js:182:16] values.input -> {"wardCd":"171130"}
2022-08-24 12:38:17.230 - DEBUG: [mci.js:37:16] mci.send called.
2022-08-24 12:38:17.230 - DEBUG: [mci.js:75:16] createSystemHeader called.
2022-08-24 12:38:17.231 - DEBUG: [mci.js:114:16] createBusinessHeader called.
2022-08-24 12:38:17.232 - DEBUG: [mci.js:46:16] Request -> "{\"cfs_sheader_001\":{\"tlgrLngtVl\":\"0000001092\",\"uuid\":\"30e0f2e0-235e-11ed-9c1a-c1cda76c3263\",\"tlgrPrgrNo\":\"1\",\"tlgrTypeCd\":\"Q\",\"inrfId\":\"mno_elsdidt_l01\",\"tlgrRqstDt\":\"20220824123817230000\",\"lnkdSystInfmVl\":\"\",\"sesnId\":\"\",\"tlgrRqstSystIp\":\"119.6.3.104\",\"tlgrMediDvsnCd\":\"MO\",\"tlgrRqstSystId\":\"bm0\",\"tlgrTrnmSrvcId\":\"DRS_100000_1001\",\"tlgrTrnmUserId\":\"MOBILE\",\"tlgrRecvSrvcId\":\"\",\"tlgrRecvUserId\":\"\",\"prsgRsltDvsnCd\":\"\",\"filePrsgYn\":\"\",\"syncPrsgDvsnCd\":\"S\",\"ectnYn\":\"N\",\"cmrnYn\":\"N\",\"systEnvrDvsnCd\":\"P\",\"testTlgrYn\":\"N\",\"inrfSttsCd\":\"\",\"wndoHndeId\":\"\",\"dataInfmYn\":\"\",\"tlgrVrsnCeckYn\":\"\",\"rqstTlgrVrsnNo\":\"\",\"rspnTlgrVrsnNo\":\"\",\"cmrnTrgtYn\":\"\",\"systHedrRmrkVl\":\"\"},\"cfs_bheader_s00\":{\"evntTypCd\":\"\",\"hsptCd\":\"\",\"cntrCd\":\"\",\"dprtCd\":\"\",\"natnCd\":\"ko\",\"lnggCd\":\"KR\",\"aftrMtrlExstYn\":\"\",\"mxmmRqstVl\":\"\",\"mesgCd\":\"\",\"mesgCtn\":\"\",\"adddMesgCd\":\"\",\"adddMesgCtn\":\"\",\"errPrgmNm\":\"\",\"errFuncNm\":\"\",\"errLineNo\":\"\",\"errSqlNo\":\"\",\"errTpNo\":\"\",\"errMesgPrsgDvsnCd\":\"\",\"excfCd\":\"\",\"dtlsExcfCd\":\"\",\"mesgMngmDvsnYn\":\"\",\"userId\":\"MOBILE\",\"scryAplyYn\":\"\",\"bswrHedrRmrkVl\":\"\"},\"mns_elsdidt_002\":{\"wardCd\":\"171130\"}}"
2022-08-24 12:38:17.234 - DEBUG: [mci.js:214:10] createLengthPrefix called.
2022-08-24 12:38:17.234 - DEBUG: [mci.js:67:10] output : 0000001092{"cfs_sheader_001":{"tlgrLngtVl":"0000001092","uuid":"30e0f2e0-235e-11ed-9c1a-c1cda76c3263","tlgrPrgrNo":"1","tlgrTypeCd":"Q","inrfId":"mno_elsdidt_l01","tlgrRqstDt":"20220824123817230000","lnkdSystInfmVl":"","sesnId":"","tlgrRqstSystIp":"119.6.3.104","tlgrMediDvsnCd":"MO","tlgrRqstSystId":"bm0","tlgrTrnmSrvcId":"DRS_100000_1001","tlgrTrnmUserId":"MOBILE","tlgrRecvSrvcId":"","tlgrRecvUserId":"","prsgRsltDvsnCd":"","filePrsgYn":"","syncPrsgDvsnCd":"S","ectnYn":"N","cmrnYn":"N","systEnvrDvsnCd":"P","testTlgrYn":"N","inrfSttsCd":"","wndoHndeId":"","dataInfmYn":"","tlgrVrsnCeckYn":"","rqstTlgrVrsnNo":"","rspnTlgrVrsnNo":"","cmrnTrgtYn":"","systHedrRmrkVl":""},"cfs_bheader_s00":{"evntTypCd":"","hsptCd":"","cntrCd":"","dprtCd":"","natnCd":"ko","lnggCd":"KR","aftrMtrlExstYn":"","mxmmRqstVl":"","mesgCd":"","mesgCtn":"","adddMesgCd":"","adddMesgCtn":"","errPrgmNm":"","errFuncNm":"","errLineNo":"","errSqlNo":"","errTpNo":"","errMesgPrsgDvsnCd":"","excfCd":"","dtlsExcfCd":"","mesgMngmDvsnYn":"","userId":"MOBILE","scryAplyYn":"","bswrHedrRmrkVl":""},"mns_elsdidt_002":{"wardCd":"171130"}}
2022-08-24 12:38:17.235 - DEBUG: [mci.js:148:16] sendData called.
2022-08-24 12:38:17.235 - DEBUG: [mci.js:160:20] Client connection ID : 30e1b630-235e-11ed-9c1a-c1cda76c3263
2022-08-24 12:38:17.235 - DEBUG: [mci.js:163:20] about to send output.
2022-08-24 12:38:17.236 - DEBUG: [mci_util.js:212:32] send request done -> output sent.
2022-08-24 12:38:17.236 - DEBUG: [mci.js:168:20] all before release : 1
2022-08-24 12:38:17.237 - DEBUG: [mci.js:169:20] free before release : 0
2022-08-24 12:38:17.246 - DEBUG: [mci_util.js:215:32] received event : data
2022-08-24 12:38:17.247 - DEBUG: [mci_util.js:33:11] typeof data : object
2022-08-24 12:38:17.248 - DEBUG: [mci_util.js:40:16] [[Class]] property : [object Uint8Array]
2022-08-24 12:38:17.249 - DEBUG: [mci_util.js:41:16] is Buffer? : true
2022-08-24 12:38:17.249 - DEBUG: [mci_util.js:57:20] remaining buffer for socket [30e1b630-235e-11ed-9c1a-c1cda76c3263] not exists.
2022-08-24 12:38:17.250 - DEBUG: [mci_util.js:70:16] length string : 0000004766
2022-08-24 12:38:17.250 - DEBUG: [mci_util.js:76:16] body length : 4766
2022-08-24 12:38:17.251 - DEBUG: [mci_util.js:86:16] compared length : 4766, 4766
2022-08-24 12:38:17.251 - DEBUG: [mci_util.js:96:20] body buffer is completed.
2022-08-24 12:38:17.252 - DEBUG: [mci_util.js:99:20] converting body data for TEST.
2022-08-24 12:38:17.252 - DEBUG: [mci_util.js:104:24] first digit : {
2022-08-24 12:38:17.252 - DEBUG: [mci_util.js:129:24] connection released.
2022-08-24 12:38:17.252 - DEBUG: [mci_util.js:248:16] processCompleted called.
2022-08-24 12:38:17.253 - DEBUG: [mci_util.js:252:16] output -> {
	"cfs_sheader_001": {
		"tlgrLngtVl": "0000031460",
		"uuid": "978a0a13-8b1c-475e-a13f-bab6138ce72a",
		"tlgrPrgrNo": "2",
		"tlgrTypeCd": "A",
		"inrfId": "mno_elsdidt_l01",
		"tlgrRqstDt": "20210831133854948000",
		"lnkdSystInfmVl": "11001101",
		"sesnId": "",
		"tlgrRqstSystIp": "119.6.3.92",
		"tlgrMediDvsnCd": "MO",
		"tlgrRqstSystId": "bm0",
		"tlgrTrnmSrvcId": "DRS_100000_1001",
		"tlgrTrnmUserId": "MOBILE",
		"tlgrRecvSrvcId": "mno_elsdidt_l01",
		"tlgrRecvUserId": "",
		"prsgRsltDvsnCd": "1",
		"filePrsgYn": "",
		"syncPrsgDvsnCd": "S",
		"ectnYn": "N",
		"cmrnYn": "N",
		"systEnvrDvsnCd": "D",
		"testTlgrYn": "N",
		"inrfSttsCd": "",
		"wndoHndeId": "",
		"dataInfmYn": "",
		"tlgrVrsnCeckYn": "",
		"rqstTlgrVrsnNo": "",
		"rspnTlgrVrsnNo": "",
		"cmrnTrgtYn": "",
		"systHedrRmrkVl": ""
	},
	"cfs_bheader_s00": {
		"evntTypCd": "",
		"hsptCd": "",
		"cntrCd": "",
		"dprtCd": "",
		"natnCd": "ko",
		"lnggCd": "KR",
		"aftrMtrlExstYn": "",
		"mxmmRqstVl": "",
		"mesgCd": "IB00013",
		"mesgCtn": "정상 조회되었습니다.!",
		"adddMesgCd": "",
		"adddMesgCtn": "",
		"errPrgmNm": "",
		"errFuncNm": "",
		"errLineNo": "",
		"errSqlNo": "",
		"errTpNo": "",
		"errMesgPrsgDvsnCd": "S",
		"excfCd": "",
		"dtlsExcfCd": "",
		"mesgMngmDvsnYn": "",
		"userId": "MOBILE",
		"scryAplyYn": "",
		"bswrHedrRmrkVl": ""
	},
	"mnc_elsdidt_001": {
		"afiReptNtm": 27,
		"mns_elsdidt_001": [
			{
				"ptntNm": "이승재",
				"gendCd": "M",
				"ageCtn": "28세",
				"btdt": "1995-01-02",
				"mcdpNm": "신경과",
				"chdrNm": "김용훈",
				"gndrNm": "이인호",
				"fallCtn": "",
				"bdsrEtcCtn": "",
				"ctctYn": "",
				"cnsdCtctStcrVl": "",
				"airCatnYn": "",
				"drplYn": "",
				"blodCatnYn": "",
				"invrIsltYn": "",
				"etcYn": "",
				"inptCasbCtn": "",
				"admsDt": "2021-02-15",
				"dschPrrnYmd": "",
				"dvsnNm1": "",
				"dvsnNm2": "",
				"dvsnNm3": "",
				"dvsnNm4": "",
				"dvsnNm5": "",
				"dvsnNm6": "",
				"dvsnNm7": "",
				"wardCdCtn": "07W",
				"carePtrmNo": "02",
				"careSckbNo": "02",
				"ptno": "51848158",
				"wardNm": "07서(NR)",
				"wardCd": "171130",
				"mdrpNo": 2023155495,
				"ptntNmCatnYn": "Y",
				"npoYn": "Y",
				"npoCtn": "자정부터 금식",
				"npoDscrMemoCtn": "",
				"ptntInftCtn": "오른팔 채혈금지/( 09:00 )시까지 절대안정",
				"obsrRomStinYn": "Y"
			},
			{
				"ptntNm": "후르다성",
				"gendCd": "M",
				"ageCtn": "30세",
				"btdt": "1992-05-17",
				"mcdpNm": "신경과",
				"chdrNm": "이주형",
				"gndrNm": "정병윤",
				"fallCtn": "Y",
				"bdsrEtcCtn": "Y",
				"ctctYn": "Y",
				"cnsdCtctStcrVl": "Y",
				"airCatnYn": "Y",
				"drplYn": "Y",
				"blodCatnYn": "Y",
				"invrIsltYn": "Y",
				"etcYn": "",
				"inptCasbCtn": "Y",
				"admsDt": "2022-02-24",
				"dschPrrnYmd": "2022-03-11",
				"dvsnNm1": "08:30~09:30 / 14:00~15:00",
				"dvsnNm2": "08:30~09:30 / 14:00~15:00",
				"dvsnNm3": "08:00~09:00 / 16:00~17:00",
				"dvsnNm4": "08:00~09:00 / 16:00~17:00",
				"dvsnNm5": "08:00~09:00 / 16:00~17:00",
				"dvsnNm6": "08:30~09:30 / 14:00~15:00",
				"dvsnNm7": "",
				"wardCdCtn": "07W",
				"carePtrmNo": "04",
				"careSckbNo": "04",
				"ptno": "51848158",
				"wardNm": "07서",
				"wardCd": "171130",
				"mdrpNo": 2023155495,
				"ptntNmCatnYn": "Y",
				"npoYn": "Y",
				"npoCtn": "자정부터 금식",
				"npoDscrMemoCtn": "",
				"ptntInftCtn": "오른팔 채혈금지/( 09:00 )시까지 절대안정",
				"obsrRomStinYn": "Y"
			},
			{
				"ptntNm": "김용훈",
				"gendCd": "F",
				"ageCtn": "28세",
				"btdt": "1992-05-18",
				"mcdpNm": "정신과",
				"chdrNm": "이주형",
				"gndrNm": "정병윤",
				"fallCtn": "Y",
				"bdsrEtcCtn": "Y",
				"ctctYn": "Y",
				"cnsdCtctStcrVl": "Y",
				"airCatnYn": "Y",
				"drplYn": "Y",
				"blodCatnYn": "Y",
				"invrIsltYn": "Y",
				"etcYn": "",
				"inptCasbCtn": "",
				"admsDt": "2022-02-24",
				"dschPrrnYmd": "",
				"dvsnNm1": "08:30~09:30 / 14:00~15:00",
				"dvsnNm2": "08:30~09:30 / 14:00~15:00",
				"dvsnNm3": "08:00~09:00 / 16:00~17:00",
				"dvsnNm4": "08:00~09:00 / 16:00~17:00",
				"dvsnNm5": "08:00~09:00 / 16:00~17:00",
				"dvsnNm6": "08:30~09:30 / 14:00~15:00",
				"dvsnNm7": "",
				"wardCdCtn": "07W",
				"carePtrmNo": "03",
				"careSckbNo": "03",
				"ptno": "51848158",
				"wardNm": "07서",
				"wardCd": "171130",
				"mdrpNo": 2023155495,
				"ptntNmCatnYn": "Y",
				"npoYn": "Y",
				"npoCtn": "절대안정",
				"npoDscrMemoCtn": "",
				"ptntInftCtn": "병실 밖 이동 금지",
				"obsrRomStinYn": "Y"
			}
		]
	}
}
2022-08-24 12:38:17.258 - DEBUG: [mci_util.js:276:20] processResponse called.
2022-08-24 12:38:17.259 - DEBUG: [mci_util.js:282:24] KEYS -> ["cfs_sheader_001","cfs_bheader_s00","mnc_elsdidt_001"]
2022-08-24 12:38:17.259 - DEBUG: [mci_util.js:310:16] parseHeader called.
2022-08-24 12:38:17.259 - DEBUG: [mci_util.js:286:24] HEADER -> {"serviceId":"mno_elsdidt_l01","userId":"","errMessage":"","code":"IB00013","message":"정상 조회되었습니다.!"}
2022-08-24 12:38:17.260 - DEBUG: [mci_util.js:488:16] parseBody called.
2022-08-24 12:38:17.260 - DEBUG: [mci_util.js:495:20] outname type : string
2022-08-24 12:38:17.260 - DEBUG: [mci_util.js:504:24] repeat count : 3
2022-08-24 12:38:17.260 - DEBUG: [mci_util.js:523:16] parseData called.
2022-08-24 12:38:17.263 - DEBUG: [mci_util.js:529:24] mapper found with attributes 36
2022-08-24 12:38:17.264 - DEBUG: [mci_util.js:535:40] mapping #0 [firstName] -> [ptntNm] : 이승재
2022-08-24 12:38:17.264 - DEBUG: [mci_util.js:535:40] mapping #1 [nameWarning] -> [ptntNmCatnYn] : Y
2022-08-24 12:38:17.264 - DEBUG: [mci_util.js:535:40] mapping #2 [gender] -> [gendCd] : M
2022-08-24 12:38:17.265 - DEBUG: [mci_util.js:535:40] mapping #3 [age] -> [ageCtn] : 28세
2022-08-24 12:38:17.265 - DEBUG: [mci_util.js:535:40] mapping #4 [birthDate] -> [btdt] : 1995-01-02
2022-08-24 12:38:17.265 - DEBUG: [mci_util.js:535:40] mapping #5 [dept] -> [mcdpNm] : 신경과
2022-08-24 12:38:17.266 - DEBUG: [mci_util.js:535:40] mapping #6 [doctorName1] -> [gndrNm] : 이인호
2022-08-24 12:38:17.266 - DEBUG: [mci_util.js:535:40] mapping #7 [doctorName2] -> [chdrNm] : 김용훈
2022-08-24 12:38:17.267 - DEBUG: [mci_util.js:535:40] mapping #8 [caution3] -> [fallCtn] : 
2022-08-24 12:38:17.267 - DEBUG: [mci_util.js:535:40] mapping #9 [caution4] -> [bdsrEtcCtn] : 
2022-08-24 12:38:17.267 - DEBUG: [mci_util.js:535:40] mapping #10 [caution2B] -> [ctctYn] : 
2022-08-24 12:38:17.268 - DEBUG: [mci_util.js:535:40] mapping #11 [caution2A] -> [cnsdCtctStcrVl] : 
2022-08-24 12:38:17.268 - DEBUG: [mci_util.js:535:40] mapping #12 [caution1A] -> [airCatnYn] : 
2022-08-24 12:38:17.268 - DEBUG: [mci_util.js:535:40] mapping #13 [caution1B] -> [drplYn] : 
2022-08-24 12:38:17.268 - DEBUG: [mci_util.js:535:40] mapping #14 [caution5] -> [blodCatnYn] : 
2022-08-24 12:38:17.269 - DEBUG: [mci_util.js:535:40] mapping #15 [caution6A] -> [invrIsltYn] : 
2022-08-24 12:38:17.269 - DEBUG: [mci_util.js:535:40] mapping #16 [caution6B] -> [etcYn] : 
2022-08-24 12:38:17.269 - DEBUG: [mci_util.js:535:40] mapping #17 [npoYn] -> [npoYn] : Y
2022-08-24 12:38:17.269 - DEBUG: [mci_util.js:535:40] mapping #18 [npoCtn] -> [npoCtn] : 자정부터 금식
2022-08-24 12:38:17.269 - DEBUG: [mci_util.js:535:40] mapping #19 [npoDscrMemoCtn] -> [npoDscrMemoCtn] : 
2022-08-24 12:38:17.270 - DEBUG: [mci_util.js:535:40] mapping #20 [ptntInftCtn] -> [ptntInftCtn] : 오른팔 채혈금지/( 09:00 )시까지 절대안정
2022-08-24 12:38:17.270 - DEBUG: [mci_util.js:535:40] mapping #21 [treatDate] -> [admsDt] : 2021-02-15
2022-08-24 12:38:17.270 - DEBUG: [mci_util.js:535:40] mapping #22 [leavingDate] -> [dschPrrnYmd] : 
2022-08-24 12:38:17.270 - DEBUG: [mci_util.js:535:40] mapping #23 [roundingSun] -> [dvsnNm1] : 
2022-08-24 12:38:17.271 - DEBUG: [mci_util.js:535:40] mapping #24 [roundingMon] -> [dvsnNm2] : 
2022-08-24 12:38:17.271 - DEBUG: [mci_util.js:535:40] mapping #25 [roundingTue] -> [dvsnNm3] : 
2022-08-24 12:38:17.271 - DEBUG: [mci_util.js:535:40] mapping #26 [roundingWed] -> [dvsnNm4] : 
2022-08-24 12:38:17.271 - DEBUG: [mci_util.js:535:40] mapping #27 [roundingThu] -> [dvsnNm5] : 
2022-08-24 12:38:17.271 - DEBUG: [mci_util.js:535:40] mapping #28 [roundingFri] -> [dvsnNm6] : 
2022-08-24 12:38:17.272 - DEBUG: [mci_util.js:535:40] mapping #29 [roundingSat] -> [dvsnNm7] : 
2022-08-24 12:38:17.272 - DEBUG: [mci_util.js:535:40] mapping #30 [ward] -> [wardCdCtn] : 07W
2022-08-24 12:38:17.272 - DEBUG: [mci_util.js:535:40] mapping #31 [roomNo] -> [carePtrmNo] : 02
2022-08-24 12:38:17.272 - DEBUG: [mci_util.js:535:40] mapping #32 [bedNo] -> [careSckbNo] : 02
2022-08-24 12:38:17.272 - DEBUG: [mci_util.js:535:40] mapping #33 [id] -> [ptno] : 51848158
2022-08-24 12:38:17.272 - DEBUG: [mci_util.js:535:40] mapping #34 [wardName] -> [wardNm] : 07서(NR)
2022-08-24 12:38:17.273 - DEBUG: [mci_util.js:535:40] mapping #35 [wardId] -> [wardCd] : 171130
2022-08-24 12:38:17.274 - INFO: [new_sync_to_mci_esl.js:77:16] [ Location: 07W || diffrent DATA count : 0 ]
2022-08-24 12:38:17.274 - INFO: [new_sync_to_mci_esl.js:103:20] [07W] 변경사항 없음
2022-08-24 12:38:27.200 - INFO: [new_sync_to_mci_esl.js:51:16] [171130//07W] start.
2022-08-24 12:38:27.203 - DEBUG: [mci-controller.js:36:16] MCITest:patientList called for path /mci-test/patient-list
2022-08-24 12:38:27.205 - DEBUG: [mci_util.js:17:16] MciUtil initialized.
2022-08-24 12:38:27.243 - DEBUG: [mci_util.js:181:16] query called.
2022-08-24 12:38:27.243 - DEBUG: [mci_util.js:182:16] values.input -> {"wardCd":"171130"}
2022-08-24 12:38:27.244 - DEBUG: [mci.js:37:16] mci.send called.
2022-08-24 12:38:27.244 - DEBUG: [mci.js:75:16] createSystemHeader called.
2022-08-24 12:38:27.246 - DEBUG: [mci.js:114:16] createBusinessHeader called.
2022-08-24 12:38:27.246 - DEBUG: [mci.js:46:16] Request -> "{\"cfs_sheader_001\":{\"tlgrLngtVl\":\"0000001092\",\"uuid\":\"36d944e0-235e-11ed-9c1a-c1cda76c3263\",\"tlgrPrgrNo\":\"1\",\"tlgrTypeCd\":\"Q\",\"inrfId\":\"mno_elsdidt_l01\",\"tlgrRqstDt\":\"20220824123827246000\",\"lnkdSystInfmVl\":\"\",\"sesnId\":\"\",\"tlgrRqstSystIp\":\"119.6.3.104\",\"tlgrMediDvsnCd\":\"MO\",\"tlgrRqstSystId\":\"bm0\",\"tlgrTrnmSrvcId\":\"DRS_100000_1001\",\"tlgrTrnmUserId\":\"MOBILE\",\"tlgrRecvSrvcId\":\"\",\"tlgrRecvUserId\":\"\",\"prsgRsltDvsnCd\":\"\",\"filePrsgYn\":\"\",\"syncPrsgDvsnCd\":\"S\",\"ectnYn\":\"N\",\"cmrnYn\":\"N\",\"systEnvrDvsnCd\":\"P\",\"testTlgrYn\":\"N\",\"inrfSttsCd\":\"\",\"wndoHndeId\":\"\",\"dataInfmYn\":\"\",\"tlgrVrsnCeckYn\":\"\",\"rqstTlgrVrsnNo\":\"\",\"rspnTlgrVrsnNo\":\"\",\"cmrnTrgtYn\":\"\",\"systHedrRmrkVl\":\"\"},\"cfs_bheader_s00\":{\"evntTypCd\":\"\",\"hsptCd\":\"\",\"cntrCd\":\"\",\"dprtCd\":\"\",\"natnCd\":\"ko\",\"lnggCd\":\"KR\",\"aftrMtrlExstYn\":\"\",\"mxmmRqstVl\":\"\",\"mesgCd\":\"\",\"mesgCtn\":\"\",\"adddMesgCd\":\"\",\"adddMesgCtn\":\"\",\"errPrgmNm\":\"\",\"errFuncNm\":\"\",\"errLineNo\":\"\",\"errSqlNo\":\"\",\"errTpNo\":\"\",\"errMesgPrsgDvsnCd\":\"\",\"excfCd\":\"\",\"dtlsExcfCd\":\"\",\"mesgMngmDvsnYn\":\"\",\"userId\":\"MOBILE\",\"scryAplyYn\":\"\",\"bswrHedrRmrkVl\":\"\"},\"mns_elsdidt_002\":{\"wardCd\":\"171130\"}}"
2022-08-24 12:38:27.247 - DEBUG: [mci.js:214:10] createLengthPrefix called.
2022-08-24 12:38:27.248 - DEBUG: [mci.js:67:10] output : 0000001092{"cfs_sheader_001":{"tlgrLngtVl":"0000001092","uuid":"36d944e0-235e-11ed-9c1a-c1cda76c3263","tlgrPrgrNo":"1","tlgrTypeCd":"Q","inrfId":"mno_elsdidt_l01","tlgrRqstDt":"20220824123827246000","lnkdSystInfmVl":"","sesnId":"","tlgrRqstSystIp":"119.6.3.104","tlgrMediDvsnCd":"MO","tlgrRqstSystId":"bm0","tlgrTrnmSrvcId":"DRS_100000_1001","tlgrTrnmUserId":"MOBILE","tlgrRecvSrvcId":"","tlgrRecvUserId":"","prsgRsltDvsnCd":"","filePrsgYn":"","syncPrsgDvsnCd":"S","ectnYn":"N","cmrnYn":"N","systEnvrDvsnCd":"P","testTlgrYn":"N","inrfSttsCd":"","wndoHndeId":"","dataInfmYn":"","tlgrVrsnCeckYn":"","rqstTlgrVrsnNo":"","rspnTlgrVrsnNo":"","cmrnTrgtYn":"","systHedrRmrkVl":""},"cfs_bheader_s00":{"evntTypCd":"","hsptCd":"","cntrCd":"","dprtCd":"","natnCd":"ko","lnggCd":"KR","aftrMtrlExstYn":"","mxmmRqstVl":"","mesgCd":"","mesgCtn":"","adddMesgCd":"","adddMesgCtn":"","errPrgmNm":"","errFuncNm":"","errLineNo":"","errSqlNo":"","errTpNo":"","errMesgPrsgDvsnCd":"","excfCd":"","dtlsExcfCd":"","mesgMngmDvsnYn":"","userId":"MOBILE","scryAplyYn":"","bswrHedrRmrkVl":""},"mns_elsdidt_002":{"wardCd":"171130"}}
2022-08-24 12:38:27.249 - DEBUG: [mci.js:148:16] sendData called.
2022-08-24 12:38:27.249 - DEBUG: [mci.js:160:20] Client connection ID : 36d9ba10-235e-11ed-9c1a-c1cda76c3263
2022-08-24 12:38:27.249 - DEBUG: [mci.js:163:20] about to send output.
2022-08-24 12:38:27.250 - DEBUG: [mci_util.js:212:32] send request done -> output sent.
2022-08-24 12:38:27.250 - DEBUG: [mci.js:168:20] all before release : 1
2022-08-24 12:38:27.251 - DEBUG: [mci.js:169:20] free before release : 0
2022-08-24 12:38:27.261 - DEBUG: [mci_util.js:215:32] received event : data
2022-08-24 12:38:27.261 - DEBUG: [mci_util.js:33:11] typeof data : object
2022-08-24 12:38:27.262 - DEBUG: [mci_util.js:40:16] [[Class]] property : [object Uint8Array]
2022-08-24 12:38:27.262 - DEBUG: [mci_util.js:41:16] is Buffer? : true
2022-08-24 12:38:27.262 - DEBUG: [mci_util.js:57:20] remaining buffer for socket [36d9ba10-235e-11ed-9c1a-c1cda76c3263] not exists.
2022-08-24 12:38:27.262 - DEBUG: [mci_util.js:70:16] length string : 0000004766
2022-08-24 12:38:27.263 - DEBUG: [mci_util.js:76:16] body length : 4766
2022-08-24 12:38:27.263 - DEBUG: [mci_util.js:86:16] compared length : 4766, 4766
2022-08-24 12:38:27.263 - DEBUG: [mci_util.js:96:20] body buffer is completed.
2022-08-24 12:38:27.263 - DEBUG: [mci_util.js:99:20] converting body data for TEST.
2022-08-24 12:38:27.264 - DEBUG: [mci_util.js:104:24] first digit : {
2022-08-24 12:38:27.264 - DEBUG: [mci_util.js:129:24] connection released.
2022-08-24 12:38:27.264 - DEBUG: [mci_util.js:248:16] processCompleted called.
2022-08-24 12:38:27.264 - DEBUG: [mci_util.js:252:16] output -> {
	"cfs_sheader_001": {
		"tlgrLngtVl": "0000031460",
		"uuid": "978a0a13-8b1c-475e-a13f-bab6138ce72a",
		"tlgrPrgrNo": "2",
		"tlgrTypeCd": "A",
		"inrfId": "mno_elsdidt_l01",
		"tlgrRqstDt": "20210831133854948000",
		"lnkdSystInfmVl": "11001101",
		"sesnId": "",
		"tlgrRqstSystIp": "119.6.3.92",
		"tlgrMediDvsnCd": "MO",
		"tlgrRqstSystId": "bm0",
		"tlgrTrnmSrvcId": "DRS_100000_1001",
		"tlgrTrnmUserId": "MOBILE",
		"tlgrRecvSrvcId": "mno_elsdidt_l01",
		"tlgrRecvUserId": "",
		"prsgRsltDvsnCd": "1",
		"filePrsgYn": "",
		"syncPrsgDvsnCd": "S",
		"ectnYn": "N",
		"cmrnYn": "N",
		"systEnvrDvsnCd": "D",
		"testTlgrYn": "N",
		"inrfSttsCd": "",
		"wndoHndeId": "",
		"dataInfmYn": "",
		"tlgrVrsnCeckYn": "",
		"rqstTlgrVrsnNo": "",
		"rspnTlgrVrsnNo": "",
		"cmrnTrgtYn": "",
		"systHedrRmrkVl": ""
	},
	"cfs_bheader_s00": {
		"evntTypCd": "",
		"hsptCd": "",
		"cntrCd": "",
		"dprtCd": "",
		"natnCd": "ko",
		"lnggCd": "KR",
		"aftrMtrlExstYn": "",
		"mxmmRqstVl": "",
		"mesgCd": "IB00013",
		"mesgCtn": "정상 조회되었습니다.!",
		"adddMesgCd": "",
		"adddMesgCtn": "",
		"errPrgmNm": "",
		"errFuncNm": "",
		"errLineNo": "",
		"errSqlNo": "",
		"errTpNo": "",
		"errMesgPrsgDvsnCd": "S",
		"excfCd": "",
		"dtlsExcfCd": "",
		"mesgMngmDvsnYn": "",
		"userId": "MOBILE",
		"scryAplyYn": "",
		"bswrHedrRmrkVl": ""
	},
	"mnc_elsdidt_001": {
		"afiReptNtm": 27,
		"mns_elsdidt_001": [
			{
				"ptntNm": "이승재",
				"gendCd": "M",
				"ageCtn": "28세",
				"btdt": "1995-01-02",
				"mcdpNm": "신경과",
				"chdrNm": "김용훈",
				"gndrNm": "이인호",
				"fallCtn": "",
				"bdsrEtcCtn": "",
				"ctctYn": "",
				"cnsdCtctStcrVl": "",
				"airCatnYn": "",
				"drplYn": "",
				"blodCatnYn": "",
				"invrIsltYn": "",
				"etcYn": "",
				"inptCasbCtn": "",
				"admsDt": "2021-02-15",
				"dschPrrnYmd": "",
				"dvsnNm1": "",
				"dvsnNm2": "",
				"dvsnNm3": "",
				"dvsnNm4": "",
				"dvsnNm5": "",
				"dvsnNm6": "",
				"dvsnNm7": "",
				"wardCdCtn": "07W",
				"carePtrmNo": "02",
				"careSckbNo": "02",
				"ptno": "51848158",
				"wardNm": "07서(NR)",
				"wardCd": "171130",
				"mdrpNo": 2023155495,
				"ptntNmCatnYn": "Y",
				"npoYn": "Y",
				"npoCtn": "자정부터 금식",
				"npoDscrMemoCtn": "",
				"ptntInftCtn": "오른팔 채혈금지/( 09:00 )시까지 절대안정",
				"obsrRomStinYn": "Y"
			},
			{
				"ptntNm": "후르다성",
				"gendCd": "M",
				"ageCtn": "30세",
				"btdt": "1992-05-17",
				"mcdpNm": "신경과",
				"chdrNm": "이주형",
				"gndrNm": "정병윤",
				"fallCtn": "Y",
				"bdsrEtcCtn": "Y",
				"ctctYn": "Y",
				"cnsdCtctStcrVl": "Y",
				"airCatnYn": "Y",
				"drplYn": "Y",
				"blodCatnYn": "Y",
				"invrIsltYn": "Y",
				"etcYn": "",
				"inptCasbCtn": "Y",
				"admsDt": "2022-02-24",
				"dschPrrnYmd": "2022-03-11",
				"dvsnNm1": "08:30~09:30 / 14:00~15:00",
				"dvsnNm2": "08:30~09:30 / 14:00~15:00",
				"dvsnNm3": "08:00~09:00 / 16:00~17:00",
				"dvsnNm4": "08:00~09:00 / 16:00~17:00",
				"dvsnNm5": "08:00~09:00 / 16:00~17:00",
				"dvsnNm6": "08:30~09:30 / 14:00~15:00",
				"dvsnNm7": "",
				"wardCdCtn": "07W",
				"carePtrmNo": "04",
				"careSckbNo": "04",
				"ptno": "51848158",
				"wardNm": "07서",
				"wardCd": "171130",
				"mdrpNo": 2023155495,
				"ptntNmCatnYn": "Y",
				"npoYn": "Y",
				"npoCtn": "자정부터 금식",
				"npoDscrMemoCtn": "",
				"ptntInftCtn": "오른팔 채혈금지/( 09:00 )시까지 절대안정",
				"obsrRomStinYn": "Y"
			},
			{
				"ptntNm": "김용훈",
				"gendCd": "F",
				"ageCtn": "28세",
				"btdt": "1992-05-18",
				"mcdpNm": "정신과",
				"chdrNm": "이주형",
				"gndrNm": "정병윤",
				"fallCtn": "Y",
				"bdsrEtcCtn": "Y",
				"ctctYn": "Y",
				"cnsdCtctStcrVl": "Y",
				"airCatnYn": "Y",
				"drplYn": "Y",
				"blodCatnYn": "Y",
				"invrIsltYn": "Y",
				"etcYn": "",
				"inptCasbCtn": "",
				"admsDt": "2022-02-24",
				"dschPrrnYmd": "",
				"dvsnNm1": "08:30~09:30 / 14:00~15:00",
				"dvsnNm2": "08:30~09:30 / 14:00~15:00",
				"dvsnNm3": "08:00~09:00 / 16:00~17:00",
				"dvsnNm4": "08:00~09:00 / 16:00~17:00",
				"dvsnNm5": "08:00~09:00 / 16:00~17:00",
				"dvsnNm6": "08:30~09:30 / 14:00~15:00",
				"dvsnNm7": "",
				"wardCdCtn": "07W",
				"carePtrmNo": "03",
				"careSckbNo": "03",
				"ptno": "51848158",
				"wardNm": "07서",
				"wardCd": "171130",
				"mdrpNo": 2023155495,
				"ptntNmCatnYn": "Y",
				"npoYn": "Y",
				"npoCtn": "절대안정",
				"npoDscrMemoCtn": "",
				"ptntInftCtn": "병실 밖 이동 금지",
				"obsrRomStinYn": "Y"
			}
		]
	}
}
2022-08-24 12:38:27.270 - DEBUG: [mci_util.js:276:20] processResponse called.
2022-08-24 12:38:27.271 - DEBUG: [mci_util.js:282:24] KEYS -> ["cfs_sheader_001","cfs_bheader_s00","mnc_elsdidt_001"]
2022-08-24 12:38:27.271 - DEBUG: [mci_util.js:310:16] parseHeader called.
2022-08-24 12:38:27.271 - DEBUG: [mci_util.js:286:24] HEADER -> {"serviceId":"mno_elsdidt_l01","userId":"","errMessage":"","code":"IB00013","message":"정상 조회되었습니다.!"}
2022-08-24 12:38:27.272 - DEBUG: [mci_util.js:488:16] parseBody called.
2022-08-24 12:38:27.272 - DEBUG: [mci_util.js:495:20] outname type : string
2022-08-24 12:38:27.272 - DEBUG: [mci_util.js:504:24] repeat count : 3
2022-08-24 12:38:27.272 - DEBUG: [mci_util.js:523:16] parseData called.
2022-08-24 12:38:27.272 - DEBUG: [mci_util.js:529:24] mapper found with attributes 36
2022-08-24 12:38:27.273 - DEBUG: [mci_util.js:535:40] mapping #0 [firstName] -> [ptntNm] : 이승재
2022-08-24 12:38:27.273 - DEBUG: [mci_util.js:535:40] mapping #1 [nameWarning] -> [ptntNmCatnYn] : Y
2022-08-24 12:38:27.273 - DEBUG: [mci_util.js:535:40] mapping #2 [gender] -> [gendCd] : M
2022-08-24 12:38:27.274 - DEBUG: [mci_util.js:535:40] mapping #3 [age] -> [ageCtn] : 28세
2022-08-24 12:38:27.274 - DEBUG: [mci_util.js:535:40] mapping #4 [birthDate] -> [btdt] : 1995-01-02
2022-08-24 12:38:27.274 - DEBUG: [mci_util.js:535:40] mapping #5 [dept] -> [mcdpNm] : 신경과
2022-08-24 12:38:27.277 - DEBUG: [mci_util.js:535:40] mapping #6 [doctorName1] -> [gndrNm] : 이인호
2022-08-24 12:38:27.277 - DEBUG: [mci_util.js:535:40] mapping #7 [doctorName2] -> [chdrNm] : 김용훈
2022-08-24 12:38:27.277 - DEBUG: [mci_util.js:535:40] mapping #8 [caution3] -> [fallCtn] : 
2022-08-24 12:38:27.278 - DEBUG: [mci_util.js:535:40] mapping #9 [caution4] -> [bdsrEtcCtn] : 
2022-08-24 12:38:27.278 - DEBUG: [mci_util.js:535:40] mapping #10 [caution2B] -> [ctctYn] : 
2022-08-24 12:38:27.278 - DEBUG: [mci_util.js:535:40] mapping #11 [caution2A] -> [cnsdCtctStcrVl] : 
2022-08-24 12:38:27.278 - DEBUG: [mci_util.js:535:40] mapping #12 [caution1A] -> [airCatnYn] : 
2022-08-24 12:38:27.278 - DEBUG: [mci_util.js:535:40] mapping #13 [caution1B] -> [drplYn] : 
2022-08-24 12:38:27.279 - DEBUG: [mci_util.js:535:40] mapping #14 [caution5] -> [blodCatnYn] : 
2022-08-24 12:38:27.279 - DEBUG: [mci_util.js:535:40] mapping #15 [caution6A] -> [invrIsltYn] : 
2022-08-24 12:38:27.279 - DEBUG: [mci_util.js:535:40] mapping #16 [caution6B] -> [etcYn] : 
2022-08-24 12:38:27.279 - DEBUG: [mci_util.js:535:40] mapping #17 [npoYn] -> [npoYn] : Y
2022-08-24 12:38:27.279 - DEBUG: [mci_util.js:535:40] mapping #18 [npoCtn] -> [npoCtn] : 자정부터 금식
2022-08-24 12:38:27.280 - DEBUG: [mci_util.js:535:40] mapping #19 [npoDscrMemoCtn] -> [npoDscrMemoCtn] : 
2022-08-24 12:38:27.280 - DEBUG: [mci_util.js:535:40] mapping #20 [ptntInftCtn] -> [ptntInftCtn] : 오른팔 채혈금지/( 09:00 )시까지 절대안정
2022-08-24 12:38:27.280 - DEBUG: [mci_util.js:535:40] mapping #21 [treatDate] -> [admsDt] : 2021-02-15
2022-08-24 12:38:27.280 - DEBUG: [mci_util.js:535:40] mapping #22 [leavingDate] -> [dschPrrnYmd] : 
2022-08-24 12:38:27.280 - DEBUG: [mci_util.js:535:40] mapping #23 [roundingSun] -> [dvsnNm1] : 
2022-08-24 12:38:27.280 - DEBUG: [mci_util.js:535:40] mapping #24 [roundingMon] -> [dvsnNm2] : 
2022-08-24 12:38:27.281 - DEBUG: [mci_util.js:535:40] mapping #25 [roundingTue] -> [dvsnNm3] : 
2022-08-24 12:38:27.281 - DEBUG: [mci_util.js:535:40] mapping #26 [roundingWed] -> [dvsnNm4] : 
2022-08-24 12:38:27.281 - DEBUG: [mci_util.js:535:40] mapping #27 [roundingThu] -> [dvsnNm5] : 
2022-08-24 12:38:27.282 - DEBUG: [mci_util.js:535:40] mapping #28 [roundingFri] -> [dvsnNm6] : 
2022-08-24 12:38:27.282 - DEBUG: [mci_util.js:535:40] mapping #29 [roundingSat] -> [dvsnNm7] : 
2022-08-24 12:38:27.282 - DEBUG: [mci_util.js:535:40] mapping #30 [ward] -> [wardCdCtn] : 07W
2022-08-24 12:38:27.282 - DEBUG: [mci_util.js:535:40] mapping #31 [roomNo] -> [carePtrmNo] : 02
2022-08-24 12:38:27.282 - DEBUG: [mci_util.js:535:40] mapping #32 [bedNo] -> [careSckbNo] : 02
2022-08-24 12:38:27.283 - DEBUG: [mci_util.js:535:40] mapping #33 [id] -> [ptno] : 51848158
2022-08-24 12:38:27.283 - DEBUG: [mci_util.js:535:40] mapping #34 [wardName] -> [wardNm] : 07서(NR)
2022-08-24 12:38:27.283 - DEBUG: [mci_util.js:535:40] mapping #35 [wardId] -> [wardCd] : 171130
2022-08-24 12:38:27.284 - INFO: [new_sync_to_mci_esl.js:77:16] [ Location: 07W || diffrent DATA count : 0 ]
2022-08-24 12:38:27.284 - INFO: [new_sync_to_mci_esl.js:103:20] [07W] 변경사항 없음
2022-08-24 13:12:12.893 - DEBUG: [mci.js:20:16] MCI initialized.
