2023-01-03 15:26:18.622 - DEBUG: [service_loader.js:17:12] load in service_loader called.
2023-01-03 15:26:18.625 - DEBUG: [service_loader.js:21:16] #0 -> id:1, unit:person
2023-01-03 15:26:19.146 - DEBUG: [service_loader.js:39:16] method #0 -> list
2023-01-03 15:26:19.146 - DEBUG: [service_loader.js:43:16]     do method name -> doList
2023-01-03 15:26:19.146 - DEBUG: [service_loader.js:39:16] method #1 -> read
2023-01-03 15:26:19.147 - DEBUG: [service_loader.js:43:16]     do method name -> doRead
2023-01-03 15:26:19.147 - DEBUG: [service_loader.js:39:16] method #2 -> create
2023-01-03 15:26:19.148 - DEBUG: [service_loader.js:43:16]     do method name -> doCreate
2023-01-03 15:26:19.148 - DEBUG: [service_loader.js:39:16] method #3 -> update
2023-01-03 15:26:19.149 - DEBUG: [service_loader.js:43:16]     do method name -> doUpdate
2023-01-03 15:26:19.149 - DEBUG: [service_loader.js:39:16] method #4 -> delete
2023-01-03 15:26:19.149 - DEBUG: [service_loader.js:43:16]     do method name -> doDelete
2023-01-03 15:26:19.150 - INFO: [index.js:114:12] service loader called.
2023-01-03 15:26:19.151 - DEBUG: [controller_loader.js:26:12] load called.
2023-01-03 15:26:19.151 - DEBUG: [controller_loader.js:106:12] autoLoad called.
2023-01-03 15:26:19.170 - DEBUG: [controller_loader.js:34:20] #0 -> id:1, type:rest, base:, unit:person
2023-01-03 15:26:19.172 - DEBUG: [person-controller.js:27:16] PersonController initialized.
2023-01-03 15:26:19.173 - DEBUG: [controller_loader.js:53:24] rest type #0 -> list
2023-01-03 15:26:19.173 - DEBUG: [controller_loader.js:73:24] rest request method -> get, path -> /person, func -> list
2023-01-03 15:26:19.174 - DEBUG: [controller_loader.js:53:24] rest type #1 -> create
2023-01-03 15:26:19.174 - DEBUG: [controller_loader.js:73:24] rest request method -> post, path -> /person, func -> create
2023-01-03 15:26:19.175 - DEBUG: [controller_loader.js:53:24] rest type #2 -> read
2023-01-03 15:26:19.175 - DEBUG: [controller_loader.js:73:24] rest request method -> get, path -> /person/:id, func -> read
2023-01-03 15:26:19.176 - DEBUG: [controller_loader.js:53:24] rest type #3 -> update
2023-01-03 15:26:19.176 - DEBUG: [controller_loader.js:73:24] rest request method -> put, path -> /person/:id, func -> update
2023-01-03 15:26:19.177 - DEBUG: [controller_loader.js:53:24] rest type #4 -> delete
2023-01-03 15:26:19.177 - DEBUG: [controller_loader.js:73:24] rest request method -> delete, path -> /person/:id, func -> delete
2023-01-03 15:26:19.178 - DEBUG: [controller_loader.js:36:20] #1 -> id:2, type:path, path:/profile/list, method:get,post, file:profile-controller, func:list
2023-01-03 15:26:19.179 - DEBUG: [profile-controller.js:21:11] ProfileController initialized.
2023-01-03 15:26:19.180 - DEBUG: [controller_loader.js:84:28] method #0 -> get
2023-01-03 15:26:19.180 - DEBUG: [controller_loader.js:84:28] method #1 -> post
2023-01-03 15:26:19.181 - DEBUG: [controller_loader.js:36:20] #2 -> id:3, type:path, path:/profile/get, method:get,post, file:profile-controller, func:get
2023-01-03 15:26:19.181 - DEBUG: [profile-controller.js:21:11] ProfileController initialized.
2023-01-03 15:26:19.182 - DEBUG: [controller_loader.js:84:28] method #0 -> get
2023-01-03 15:26:19.182 - DEBUG: [controller_loader.js:84:28] method #1 -> post
2023-01-03 15:26:19.183 - DEBUG: [controller_loader.js:36:20] #3 -> id:4, type:path, path:/profile/add, method:get, file:profile-controller, func:add
2023-01-03 15:26:19.183 - DEBUG: [profile-controller.js:21:11] ProfileController initialized.
2023-01-03 15:26:19.184 - DEBUG: [controller_loader.js:84:28] method #0 -> get
2023-01-03 15:26:19.184 - DEBUG: [controller_loader.js:36:20] #4 -> id:5, type:path, path:/profile/upload, method:post, file:profile-controller, func:upload
2023-01-03 15:26:19.185 - DEBUG: [profile-controller.js:21:11] ProfileController initialized.
2023-01-03 15:26:19.185 - DEBUG: [controller_loader.js:84:28] method #0 -> post
2023-01-03 15:26:19.185 - DEBUG: [controller_loader.js:36:20] #5 -> id:6, type:path, path:/test/set_cookie, method:get, file:test-controller, func:set_cookie
2023-01-03 15:26:19.187 - DEBUG: [test-controller.js:15:16] TestController initialized.
2023-01-03 15:26:19.187 - DEBUG: [controller_loader.js:84:28] method #0 -> get
2023-01-03 15:26:19.188 - DEBUG: [controller_loader.js:36:20] #6 -> id:7, type:path, path:/test/show_cookie, method:get, file:test-controller, func:show_cookie
2023-01-03 15:26:19.189 - DEBUG: [test-controller.js:15:16] TestController initialized.
2023-01-03 15:26:19.190 - DEBUG: [controller_loader.js:84:28] method #0 -> get
2023-01-03 15:26:19.190 - INFO: [index.js:118:12] controller loader called.
2023-01-03 15:26:19.201 - DEBUG: [mci.js:20:16] MCI initialized.
2023-01-03 15:26:19.202 - DEBUG: [mci.js:28:20] name : external01
2023-01-03 15:26:19.429 - DEBUG: [cni.js:15:16] CNI initialized.
2023-01-03 15:26:19.430 - DEBUG: [cni.js:21:16] server name : external02
2023-01-03 15:26:19.430 - DEBUG: [cni.js:25:16] server host : localhost
2023-01-03 15:26:19.431 - DEBUG: [cni.js:26:16] server port : 7102
2023-01-03 15:26:21.535 - INFO: [index.js:242:20] Http Server started.
2023-01-03 15:26:21.536 - INFO: [index.js:252:16] Base URL -> http://localhost:7001
2023-01-03 15:26:21.536 - INFO: [index.js:257:16] Namespace -> ::_7001_10424
2023-01-03 15:26:22.227 - DEBUG: [socketio_loader.js:73:9] socketio_loader.load called.
2023-01-03 15:26:22.228 - DEBUG: [socketio_loader.js:83:16] read namespace file -> ::_7001_5984
2023-01-03 15:26:22.229 - INFO: [index.js:265:20] socket.io loader called.
2023-01-03 15:26:22.231 - DEBUG: [socketio_loader.js:103:16] Error in executing sql -> Sql definition for chat_reset_presence not found in sql_config
2023-01-03 15:26:22.388 - DEBUG: [socketio_loader.js:125:16] namespace file saved to -> ./socketio.pid
2023-01-03 15:26:22.389 - INFO: [socketio_loader.js:133:12] socket.io service started.
2023-01-03 15:26:22.390 - DEBUG: [socketio_loader.js:147:12] redis subscribed -> myapp_message
2023-01-03 15:26:22.405 - DEBUG: [controller_loader.js:226:12] registerRest called : /baroboard/darwin -> in file ../controllers/baroboard-darwin-sync-controller, table : baroboard.device
2023-01-03 15:26:22.407 - DEBUG: [controller_loader.js:241:16] rest type #0 -> list
2023-01-03 15:26:22.408 - DEBUG: [controller_loader.js:259:16] rest request method -> get, path -> /baroboard/darwin, func -> list
2023-01-03 15:26:22.408 - DEBUG: [controller_loader.js:241:16] rest type #1 -> create
2023-01-03 15:26:22.409 - DEBUG: [controller_loader.js:259:16] rest request method -> post, path -> /baroboard/darwin, func -> create
2023-01-03 15:26:22.409 - DEBUG: [controller_loader.js:241:16] rest type #2 -> read
2023-01-03 15:26:22.409 - DEBUG: [controller_loader.js:259:16] rest request method -> get, path -> /baroboard/darwin/:id, func -> read
2023-01-03 15:26:22.410 - DEBUG: [controller_loader.js:241:16] rest type #3 -> update
2023-01-03 15:26:22.410 - DEBUG: [controller_loader.js:259:16] rest request method -> put, path -> /baroboard/darwin/:id, func -> update
2023-01-03 15:26:22.411 - DEBUG: [controller_loader.js:241:16] rest type #4 -> delete
2023-01-03 15:26:22.411 - DEBUG: [controller_loader.js:259:16] rest request method -> delete, path -> /baroboard/darwin/:id, func -> delete
2023-01-03 15:26:22.413 - DEBUG: [controller_loader.js:267:12] registerPath called : /baroboard/darwin/request_esl_sync -> updateData in file ../controllers/baroboard-darwin-sync-controller
2023-01-03 15:26:22.973 - DEBUG: [controller_loader.js:274:20]  method #0 -> post
2023-01-03 15:26:22.978 - DEBUG: [controller_loader.js:226:12] registerRest called : /baroboard/device -> in file ../controllers/baroboard-device-controller, table : baroboard.device
2023-01-03 15:26:22.979 - DEBUG: [controller_loader.js:241:16] rest type #0 -> list
2023-01-03 15:26:22.979 - DEBUG: [controller_loader.js:259:16] rest request method -> get, path -> /baroboard/device, func -> list
2023-01-03 15:26:22.980 - DEBUG: [controller_loader.js:241:16] rest type #1 -> create
2023-01-03 15:26:22.980 - DEBUG: [controller_loader.js:259:16] rest request method -> post, path -> /baroboard/device, func -> create
2023-01-03 15:26:22.981 - DEBUG: [controller_loader.js:241:16] rest type #2 -> read
2023-01-03 15:26:22.981 - DEBUG: [controller_loader.js:259:16] rest request method -> get, path -> /baroboard/device/:id, func -> read
2023-01-03 15:26:22.982 - DEBUG: [controller_loader.js:241:16] rest type #3 -> update
2023-01-03 15:26:22.982 - DEBUG: [controller_loader.js:259:16] rest request method -> put, path -> /baroboard/device/:id, func -> update
2023-01-03 15:26:22.983 - DEBUG: [controller_loader.js:241:16] rest type #4 -> delete
2023-01-03 15:26:22.983 - DEBUG: [controller_loader.js:259:16] rest request method -> delete, path -> /baroboard/device/:id, func -> delete
2023-01-03 15:26:22.985 - DEBUG: [controller_loader.js:267:12] registerPath called : /baroboard/device/data/update -> updateData in file ../controllers/baroboard-device-controller
2023-01-03 15:26:23.009 - DEBUG: [controller_loader.js:274:20]  method #0 -> post
2023-01-03 15:26:23.011 - DEBUG: [controller_loader.js:267:12] registerPath called : /baroboard/device/data/select -> selectData in file ../controllers/baroboard-device-controller
2023-01-03 15:26:23.012 - DEBUG: [controller_loader.js:274:20]  method #0 -> get
2023-01-03 15:26:23.014 - DEBUG: [controller_loader.js:267:12] registerPath called : /baroboard/device/dashboard/list -> dashboardList in file ../controllers/baroboard-device-controller
2023-01-03 15:26:23.015 - DEBUG: [controller_loader.js:274:20]  method #0 -> get
2023-01-03 15:26:23.019 - DEBUG: [controller_loader.js:267:12] registerPath called : /baroboard/device/dashboard/sublist -> dashboardSubList in file ../controllers/baroboard-device-controller
2023-01-03 15:26:23.020 - DEBUG: [controller_loader.js:274:20]  method #0 -> get
2023-01-03 15:26:23.022 - DEBUG: [controller_loader.js:267:12] registerPath called : /baroboard/device/dashboard/legacy -> legacyInfo in file ../controllers/baroboard-device-controller
2023-01-03 15:26:23.023 - DEBUG: [controller_loader.js:288:16] legacyInfo not found in the controller.
2023-01-03 15:26:23.024 - DEBUG: [controller_loader.js:267:12] registerPath called : /baroboard/device/dashboard/fieldlist -> dashboardFieldList in file ../controllers/baroboard-device-controller
2023-01-03 15:26:23.025 - DEBUG: [controller_loader.js:274:20]  method #0 -> get
2023-01-03 15:26:23.026 - DEBUG: [controller_loader.js:267:12] registerPath called : /baroboard/device/data/preview2 -> preview2 in file ../controllers/baroboard-device-controller
2023-01-03 15:26:23.027 - DEBUG: [controller_loader.js:274:20]  method #0 -> post
2023-01-03 15:26:23.029 - DEBUG: [controller_loader.js:267:12] registerPath called : /baroboard/device/data/apply -> applyData in file ../controllers/baroboard-device-controller
2023-01-03 15:26:23.030 - DEBUG: [controller_loader.js:274:20]  method #0 -> post
2023-01-03 15:26:23.031 - DEBUG: [controller_loader.js:267:12] registerPath called : /baroboard/device/data/preview -> applyData2 in file ../controllers/baroboard-device-controller
2023-01-03 15:26:23.032 - DEBUG: [controller_loader.js:274:20]  method #0 -> post
2023-01-03 15:26:23.034 - DEBUG: [controller_loader.js:267:12] registerPath called : /baroboard/device/goodbattery -> batteryUpdate in file ../controllers/baroboard-device-controller
2023-01-03 15:26:23.034 - DEBUG: [controller_loader.js:274:20]  method #0 -> post
2023-01-03 15:26:23.037 - DEBUG: [controller_loader.js:267:12] registerPath called : /baroboard/device/badbattery -> batteryUpdate2 in file ../controllers/baroboard-device-controller
2023-01-03 15:26:23.037 - DEBUG: [controller_loader.js:274:20]  method #0 -> post
2023-01-03 15:26:23.039 - DEBUG: [controller_loader.js:267:12] registerPath called : /baroboard/device/check/usinglayout -> checkUsingLayout in file ../controllers/baroboard-device-controller
2023-01-03 15:26:23.039 - DEBUG: [controller_loader.js:274:20]  method #0 -> post
2023-01-03 15:26:23.040 - DEBUG: [controller_loader.js:267:12] registerPath called : /baroboard/device/status -> statusUpdate in file ../controllers/baroboard-device-controller
2023-01-03 15:26:23.041 - DEBUG: [controller_loader.js:274:20]  method #0 -> post
2023-01-03 15:26:23.042 - DEBUG: [controller_loader.js:267:12] registerPath called : /baroboard/device/statussync -> statusSync in file ../controllers/baroboard-device-controller
2023-01-03 15:26:23.043 - DEBUG: [controller_loader.js:274:20]  method #0 -> post
2023-01-03 15:26:23.045 - DEBUG: [controller_loader.js:267:12] registerPath called : /baroboard/device/data/mappinglist -> layoutMappingDataList in file ../controllers/baroboard-device-controller
2023-01-03 15:26:23.049 - DEBUG: [controller_loader.js:274:20]  method #0 -> post
2023-01-03 15:26:23.052 - DEBUG: [controller_loader.js:267:12] registerPath called : /baroboard/device/modify/layout -> modifyLayoutinfo in file ../controllers/baroboard-device-controller
2023-01-03 15:26:23.053 - DEBUG: [controller_loader.js:274:20]  method #0 -> post
2023-01-03 15:26:23.054 - DEBUG: [controller_loader.js:267:12] registerPath called : /baroboard/device/data/esl_request -> darwinPushESLData in file ../controllers/baroboard-device-controller
2023-01-03 15:26:23.055 - DEBUG: [controller_loader.js:274:20]  method #0 -> post
2023-01-03 15:26:23.057 - DEBUG: [controller_loader.js:226:12] registerRest called : /baroboard/device_group -> in file ../controllers/baroboard-device-group-controller, table : baroboard.device_group
2023-01-03 15:26:23.058 - DEBUG: [controller_loader.js:241:16] rest type #0 -> list
2023-01-03 15:26:23.059 - DEBUG: [controller_loader.js:259:16] rest request method -> get, path -> /baroboard/device_group, func -> list
2023-01-03 15:26:23.059 - DEBUG: [controller_loader.js:241:16] rest type #1 -> create
2023-01-03 15:26:23.059 - DEBUG: [controller_loader.js:259:16] rest request method -> post, path -> /baroboard/device_group, func -> create
2023-01-03 15:26:23.060 - DEBUG: [controller_loader.js:241:16] rest type #2 -> read
2023-01-03 15:26:23.060 - DEBUG: [controller_loader.js:259:16] rest request method -> get, path -> /baroboard/device_group/:id, func -> read
2023-01-03 15:26:23.062 - DEBUG: [controller_loader.js:241:16] rest type #3 -> update
2023-01-03 15:26:23.062 - DEBUG: [controller_loader.js:259:16] rest request method -> put, path -> /baroboard/device_group/:id, func -> update
2023-01-03 15:26:23.064 - DEBUG: [controller_loader.js:241:16] rest type #4 -> delete
2023-01-03 15:26:23.066 - DEBUG: [controller_loader.js:259:16] rest request method -> delete, path -> /baroboard/device_group/:id, func -> delete
2023-01-03 15:26:23.070 - DEBUG: [controller_loader.js:226:12] registerRest called : /baroboard/image -> in file ../controllers/baroboard-image-controller, table : baroboard.image
2023-01-03 15:26:23.071 - DEBUG: [controller_loader.js:241:16] rest type #0 -> list
2023-01-03 15:26:23.072 - DEBUG: [controller_loader.js:259:16] rest request method -> get, path -> /baroboard/image, func -> list
2023-01-03 15:26:23.072 - DEBUG: [controller_loader.js:241:16] rest type #1 -> create
2023-01-03 15:26:23.072 - DEBUG: [controller_loader.js:259:16] rest request method -> post, path -> /baroboard/image, func -> create
2023-01-03 15:26:23.073 - DEBUG: [controller_loader.js:241:16] rest type #2 -> read
2023-01-03 15:26:23.073 - DEBUG: [controller_loader.js:259:16] rest request method -> get, path -> /baroboard/image/:id, func -> read
2023-01-03 15:26:23.073 - DEBUG: [controller_loader.js:241:16] rest type #3 -> update
2023-01-03 15:26:23.074 - DEBUG: [controller_loader.js:259:16] rest request method -> put, path -> /baroboard/image/:id, func -> update
2023-01-03 15:26:23.074 - DEBUG: [controller_loader.js:241:16] rest type #4 -> delete
2023-01-03 15:26:23.075 - DEBUG: [controller_loader.js:259:16] rest request method -> delete, path -> /baroboard/image/:id, func -> delete
2023-01-03 15:26:23.076 - DEBUG: [controller_loader.js:267:12] registerPath called : /baroboard/image/list -> requestList in file ../controllers/baroboard-image-controller
2023-01-03 15:26:23.078 - DEBUG: [controller_loader.js:274:20]  method #0 -> post
2023-01-03 15:26:23.080 - DEBUG: [controller_loader.js:267:12] registerPath called : /baroboard/image/category/list -> requestcategoryList in file ../controllers/baroboard-image-controller
2023-01-03 15:26:23.080 - DEBUG: [controller_loader.js:274:20]  method #0 -> post
2023-01-03 15:26:23.082 - DEBUG: [controller_loader.js:267:12] registerPath called : /baroboard/image/category/delete_item -> requestDeleteImage2 in file ../controllers/baroboard-image-controller
2023-01-03 15:26:23.082 - DEBUG: [controller_loader.js:274:20]  method #0 -> post
2023-01-03 15:26:23.083 - DEBUG: [controller_loader.js:267:12] registerPath called : /baroboard/image/category/title_delete -> requestDeleteCategory in file ../controllers/baroboard-image-controller
2023-01-03 15:26:23.084 - DEBUG: [controller_loader.js:274:20]  method #0 -> post
2023-01-03 15:26:23.085 - DEBUG: [controller_loader.js:267:12] registerPath called : /baroboard/image/category/add -> requestAddCategoryItem in file ../controllers/baroboard-image-controller
2023-01-03 15:26:23.086 - DEBUG: [controller_loader.js:274:20]  method #0 -> post
2023-01-03 15:26:23.088 - DEBUG: [controller_loader.js:267:12] registerPath called : /baroboard/image/category/image -> requestAddImageItemInCategory in file ../controllers/baroboard-image-controller
2023-01-03 15:26:23.089 - DEBUG: [controller_loader.js:274:20]  method #0 -> get
2023-01-03 15:26:23.089 - DEBUG: [controller_loader.js:274:20]  method #1 -> post
2023-01-03 15:26:23.141 - DEBUG: [controller_loader.js:226:12] registerRest called : /baroboard/layout -> in file ../controllers/baroboard-layout-controller, table : baroboard.layout
2023-01-03 15:26:23.142 - DEBUG: [controller_loader.js:241:16] rest type #0 -> list
2023-01-03 15:26:23.143 - DEBUG: [controller_loader.js:259:16] rest request method -> get, path -> /baroboard/layout, func -> list
2023-01-03 15:26:23.143 - DEBUG: [controller_loader.js:241:16] rest type #1 -> create
2023-01-03 15:26:23.144 - DEBUG: [controller_loader.js:259:16] rest request method -> post, path -> /baroboard/layout, func -> create
2023-01-03 15:26:23.144 - DEBUG: [controller_loader.js:241:16] rest type #2 -> read
2023-01-03 15:26:23.150 - DEBUG: [controller_loader.js:259:16] rest request method -> get, path -> /baroboard/layout/:id, func -> read
2023-01-03 15:26:23.150 - DEBUG: [controller_loader.js:241:16] rest type #3 -> update
2023-01-03 15:26:23.151 - DEBUG: [controller_loader.js:259:16] rest request method -> put, path -> /baroboard/layout/:id, func -> update
2023-01-03 15:26:23.152 - DEBUG: [controller_loader.js:241:16] rest type #4 -> delete
2023-01-03 15:26:23.152 - DEBUG: [controller_loader.js:259:16] rest request method -> delete, path -> /baroboard/layout/:id, func -> delete
2023-01-03 15:26:23.156 - DEBUG: [controller_loader.js:267:12] registerPath called : /baroboard/layout/image/del -> requestImageDelete in file ../controllers/baroboard-layout-controller
2023-01-03 15:26:23.158 - DEBUG: [controller_loader.js:274:20]  method #0 -> get
2023-01-03 15:26:23.159 - DEBUG: [controller_loader.js:274:20]  method #1 -> post
2023-01-03 15:26:23.161 - DEBUG: [controller_loader.js:267:12] registerPath called : /baroboard/layout/image/update -> requestUpdateImage in file ../controllers/baroboard-layout-controller
2023-01-03 15:26:23.162 - DEBUG: [controller_loader.js:274:20]  method #0 -> post
2023-01-03 15:26:23.163 - DEBUG: [controller_loader.js:267:12] registerPath called : /baroboard/layout/mapping/update -> updateMapping in file ../controllers/baroboard-layout-controller
2023-01-03 15:26:23.164 - DEBUG: [controller_loader.js:274:20]  method #0 -> post
2023-01-03 15:26:23.171 - DEBUG: [controller_loader.js:226:12] registerRest called : /baroboard/legacy -> in file ../controllers/baroboard-legacy, table : baroboard.legacy
2023-01-03 15:26:23.171 - DEBUG: [controller_loader.js:241:16] rest type #0 -> list
2023-01-03 15:26:23.172 - DEBUG: [controller_loader.js:259:16] rest request method -> get, path -> /baroboard/legacy, func -> list
2023-01-03 15:26:23.172 - DEBUG: [controller_loader.js:241:16] rest type #1 -> create
2023-01-03 15:26:23.173 - DEBUG: [controller_loader.js:259:16] rest request method -> post, path -> /baroboard/legacy, func -> create
2023-01-03 15:26:23.173 - DEBUG: [controller_loader.js:241:16] rest type #2 -> read
2023-01-03 15:26:23.173 - DEBUG: [controller_loader.js:259:16] rest request method -> get, path -> /baroboard/legacy/:id, func -> read
2023-01-03 15:26:23.174 - DEBUG: [controller_loader.js:241:16] rest type #3 -> update
2023-01-03 15:26:23.174 - DEBUG: [controller_loader.js:259:16] rest request method -> put, path -> /baroboard/legacy/:id, func -> update
2023-01-03 15:26:23.175 - DEBUG: [controller_loader.js:241:16] rest type #4 -> delete
2023-01-03 15:26:23.175 - DEBUG: [controller_loader.js:259:16] rest request method -> delete, path -> /baroboard/legacy/:id, func -> delete
2023-01-03 15:26:23.178 - DEBUG: [controller_loader.js:226:12] registerRest called : /baroboard/users -> in file ../controllers/baroboard-users-controller, table : baroboard.users
2023-01-03 15:26:23.179 - DEBUG: [controller_loader.js:241:16] rest type #0 -> list
2023-01-03 15:26:23.179 - DEBUG: [controller_loader.js:259:16] rest request method -> get, path -> /baroboard/users, func -> list
2023-01-03 15:26:23.180 - DEBUG: [controller_loader.js:241:16] rest type #1 -> create
2023-01-03 15:26:23.180 - DEBUG: [controller_loader.js:259:16] rest request method -> post, path -> /baroboard/users, func -> create
2023-01-03 15:26:23.181 - DEBUG: [controller_loader.js:241:16] rest type #2 -> read
2023-01-03 15:26:23.181 - DEBUG: [controller_loader.js:259:16] rest request method -> get, path -> /baroboard/users/:id, func -> read
2023-01-03 15:26:23.182 - DEBUG: [controller_loader.js:241:16] rest type #3 -> update
2023-01-03 15:26:23.182 - DEBUG: [controller_loader.js:259:16] rest request method -> put, path -> /baroboard/users/:id, func -> update
2023-01-03 15:26:23.182 - DEBUG: [controller_loader.js:241:16] rest type #4 -> delete
2023-01-03 15:26:23.183 - DEBUG: [controller_loader.js:259:16] rest request method -> delete, path -> /baroboard/users/:id, func -> delete
2023-01-03 15:26:23.184 - DEBUG: [controller_loader.js:267:12] registerPath called : /baroboard/users/signup -> signup in file ../controllers/baroboard-users-controller
2023-01-03 15:26:23.186 - DEBUG: [controller_loader.js:274:20]  method #0 -> post
2023-01-03 15:26:23.187 - DEBUG: [controller_loader.js:267:12] registerPath called : /baroboard/users/login -> login in file ../controllers/baroboard-users-controller
2023-01-03 15:26:23.188 - DEBUG: [controller_loader.js:274:20]  method #0 -> post
2023-01-03 15:26:23.189 - DEBUG: [controller_loader.js:267:12] registerPath called : /baroboard/users/logout -> logout in file ../controllers/baroboard-users-controller
2023-01-03 15:26:23.190 - DEBUG: [controller_loader.js:274:20]  method #0 -> post
2023-01-03 15:26:23.192 - DEBUG: [controller_loader.js:226:12] registerRest called : /bear -> in file ../controllers/bear-controller, table : test.person
2023-01-03 15:26:23.192 - DEBUG: [controller_loader.js:241:16] rest type #0 -> list
2023-01-03 15:26:23.193 - DEBUG: [controller_loader.js:259:16] rest request method -> get, path -> /bear, func -> list
2023-01-03 15:26:23.193 - DEBUG: [controller_loader.js:241:16] rest type #1 -> create
2023-01-03 15:26:23.193 - DEBUG: [controller_loader.js:259:16] rest request method -> post, path -> /bear, func -> create
2023-01-03 15:26:23.194 - DEBUG: [controller_loader.js:241:16] rest type #2 -> read
2023-01-03 15:26:23.194 - DEBUG: [controller_loader.js:259:16] rest request method -> get, path -> /bear/:id, func -> read
2023-01-03 15:26:23.195 - DEBUG: [controller_loader.js:241:16] rest type #3 -> update
2023-01-03 15:26:23.195 - DEBUG: [controller_loader.js:259:16] rest request method -> put, path -> /bear/:id, func -> update
2023-01-03 15:26:23.196 - DEBUG: [controller_loader.js:241:16] rest type #4 -> delete
2023-01-03 15:26:23.196 - DEBUG: [controller_loader.js:259:16] rest request method -> delete, path -> /bear/:id, func -> delete
2023-01-03 15:26:23.202 - DEBUG: [controller_loader.js:226:12] registerRest called : /cat -> in file ../controllers/cat-controller, table : undefined
2023-01-03 15:26:23.203 - DEBUG: [controller_loader.js:241:16] rest type #0 -> list
2023-01-03 15:26:23.204 - DEBUG: [controller_loader.js:259:16] rest request method -> get, path -> /cat, func -> list
2023-01-03 15:26:23.204 - DEBUG: [controller_loader.js:241:16] rest type #1 -> create
2023-01-03 15:26:23.204 - DEBUG: [controller_loader.js:259:16] rest request method -> post, path -> /cat, func -> create
2023-01-03 15:26:23.205 - DEBUG: [controller_loader.js:241:16] rest type #2 -> read
2023-01-03 15:26:23.205 - DEBUG: [controller_loader.js:259:16] rest request method -> get, path -> /cat/:id, func -> read
2023-01-03 15:26:23.205 - DEBUG: [controller_loader.js:241:16] rest type #3 -> update
2023-01-03 15:26:23.206 - DEBUG: [controller_loader.js:259:16] rest request method -> put, path -> /cat/:id, func -> update
2023-01-03 15:26:23.206 - DEBUG: [controller_loader.js:241:16] rest type #4 -> delete
2023-01-03 15:26:23.206 - DEBUG: [controller_loader.js:259:16] rest request method -> delete, path -> /cat/:id, func -> delete
2023-01-03 15:26:23.210 - DEBUG: [controller_loader.js:267:12] registerPath called : /chat/send -> send in file ../controllers/chat-controller
2023-01-03 15:26:23.212 - DEBUG: [controller_loader.js:274:20]  method #0 -> get
2023-01-03 15:26:23.239 - DEBUG: [controller_loader.js:267:12] registerPath called : /cni-test/patient-list -> patientList in file ../controllers/cni-controller
2023-01-03 15:26:23.241 - DEBUG: [controller_loader.js:274:20]  method #0 -> get
2023-01-03 15:26:23.242 - DEBUG: [controller_loader.js:274:20]  method #1 -> post
2023-01-03 15:26:23.249 - DEBUG: [controller_loader.js:267:12] registerPath called : /consent/v1/patient/inpatient-list-01 -> inpatientList01 in file ../controllers/consent-v1-kbsmc-controller
2023-01-03 15:26:23.256 - DEBUG: [controller_loader.js:274:20]  method #0 -> get
2023-01-03 15:26:23.258 - DEBUG: [controller_loader.js:274:20]  method #1 -> post
2023-01-03 15:26:23.266 - DEBUG: [controller_loader.js:267:12] registerPath called : /consent/v1/consent/consent-save-01 -> consentSave01 in file ../controllers/consent-v1-kbsmc-controller
2023-01-03 15:26:23.267 - DEBUG: [controller_loader.js:274:20]  method #0 -> get
2023-01-03 15:26:23.268 - DEBUG: [controller_loader.js:274:20]  method #1 -> post
2023-01-03 15:26:23.272 - DEBUG: [controller_loader.js:267:12] registerPath called : /dog/index -> index in file ../controllers/dog-controller
2023-01-03 15:26:23.274 - DEBUG: [controller_loader.js:274:20]  method #0 -> get
2023-01-03 15:26:23.274 - DEBUG: [controller_loader.js:274:20]  method #1 -> post
2023-01-03 15:26:23.276 - DEBUG: [controller_loader.js:267:12] registerPath called : /dog/list -> list in file ../controllers/dog-controller
2023-01-03 15:26:23.276 - DEBUG: [controller_loader.js:274:20]  method #0 -> get
2023-01-03 15:26:23.277 - DEBUG: [controller_loader.js:274:20]  method #1 -> post
2023-01-03 15:26:23.280 - DEBUG: [controller_loader.js:267:12] registerPath called : /dog/create -> create in file ../controllers/dog-controller
2023-01-03 15:26:23.280 - DEBUG: [controller_loader.js:274:20]  method #0 -> get
2023-01-03 15:26:23.281 - DEBUG: [controller_loader.js:274:20]  method #1 -> post
2023-01-03 15:26:23.284 - DEBUG: [controller_loader.js:267:12] registerPath called : /dog/read -> read in file ../controllers/dog-controller
2023-01-03 15:26:23.285 - DEBUG: [controller_loader.js:274:20]  method #0 -> get
2023-01-03 15:26:23.285 - DEBUG: [controller_loader.js:274:20]  method #1 -> post
2023-01-03 15:26:23.290 - DEBUG: [controller_loader.js:267:12] registerPath called : /dog/update -> update in file ../controllers/dog-controller
2023-01-03 15:26:23.292 - DEBUG: [controller_loader.js:274:20]  method #0 -> get
2023-01-03 15:26:23.293 - DEBUG: [controller_loader.js:274:20]  method #1 -> post
2023-01-03 15:26:23.296 - DEBUG: [controller_loader.js:267:12] registerPath called : /dog/delete -> delete in file ../controllers/dog-controller
2023-01-03 15:26:23.297 - DEBUG: [controller_loader.js:274:20]  method #0 -> post
2023-01-03 15:26:23.301 - DEBUG: [controller_loader.js:267:12] registerPath called : /esl-index.do -> eslIndex in file ../controllers/index-controller
2023-01-03 15:26:23.303 - DEBUG: [controller_loader.js:274:20]  method #0 -> get
2023-01-03 15:26:23.307 - DEBUG: [controller_loader.js:267:12] registerPath called : /lion/ -> list in file ../controllers/lion-controller
2023-01-03 15:26:23.309 - DEBUG: [controller_loader.js:274:20]  method #0 -> get
2023-01-03 15:26:23.310 - DEBUG: [controller_loader.js:267:12] registerPath called : /lion/create -> create in file ../controllers/lion-controller
2023-01-03 15:26:23.311 - DEBUG: [controller_loader.js:274:20]  method #0 -> post
2023-01-03 15:26:23.314 - DEBUG: [controller_loader.js:267:12] registerPath called : /lion/read/:id -> read in file ../controllers/lion-controller
2023-01-03 15:26:23.314 - DEBUG: [controller_loader.js:274:20]  method #0 -> get
2023-01-03 15:26:23.316 - DEBUG: [controller_loader.js:267:12] registerPath called : /lion/update/:id -> update in file ../controllers/lion-controller
2023-01-03 15:26:23.316 - DEBUG: [controller_loader.js:274:20]  method #0 -> post
2023-01-03 15:26:23.318 - DEBUG: [controller_loader.js:267:12] registerPath called : /lion/delete/:id -> delete in file ../controllers/lion-controller
2023-01-03 15:26:23.319 - DEBUG: [controller_loader.js:274:20]  method #0 -> delete
2023-01-03 15:26:23.323 - DEBUG: [controller_loader.js:267:12] registerPath called : /mci-test/patient-list -> patientList in file ../controllers/mci-controller
2023-01-03 15:26:23.325 - DEBUG: [controller_loader.js:274:20]  method #0 -> get
2023-01-03 15:26:23.326 - DEBUG: [controller_loader.js:274:20]  method #1 -> post
2023-01-03 15:26:23.330 - DEBUG: [controller_loader.js:267:12] registerPath called : /panda/list -> list in file ../controllers/panda-controller
2023-01-03 15:26:23.331 - DEBUG: [controller_loader.js:274:20]  method #0 -> get
2023-01-03 15:26:23.341 - DEBUG: [controller_loader.js:267:12] registerPath called : /sboard_image/upload -> upload in file ../controllers/sboard-image-controller
2023-01-03 15:26:23.342 - DEBUG: [controller_loader.js:274:20]  method #0 -> post
2023-01-03 15:26:23.343 - DEBUG: [controller_loader.js:267:12] registerPath called : /sboard_image/send -> send in file ../controllers/sboard-image-controller
2023-01-03 15:26:23.344 - DEBUG: [controller_loader.js:274:20]  method #0 -> post
2023-01-03 15:26:23.345 - DEBUG: [controller_loader.js:267:12] registerPath called : /sboard_image/send_group -> sendGroup in file ../controllers/sboard-image-controller
2023-01-03 15:26:23.346 - DEBUG: [controller_loader.js:274:20]  method #0 -> post
2023-01-03 15:26:23.353 - DEBUG: [controller_loader.js:267:12] registerPath called : /sheep/ -> list in file ../controllers/sheep-controller
2023-01-03 15:26:23.354 - DEBUG: [controller_loader.js:274:20]  method #0 -> get
2023-01-03 15:26:23.356 - DEBUG: [controller_loader.js:267:12] registerPath called : /sheep/ -> create in file ../controllers/sheep-controller
2023-01-03 15:26:23.357 - DEBUG: [controller_loader.js:274:20]  method #0 -> post
2023-01-03 15:26:23.358 - DEBUG: [controller_loader.js:267:12] registerPath called : /sheep/:id -> read in file ../controllers/sheep-controller
2023-01-03 15:26:23.359 - DEBUG: [controller_loader.js:274:20]  method #0 -> get
2023-01-03 15:26:23.360 - DEBUG: [controller_loader.js:267:12] registerPath called : /sheep/:id -> update in file ../controllers/sheep-controller
2023-01-03 15:26:23.360 - DEBUG: [controller_loader.js:274:20]  method #0 -> put
2023-01-03 15:26:23.366 - DEBUG: [controller_loader.js:267:12] registerPath called : /sheep/:id -> delete in file ../controllers/sheep-controller
2023-01-03 15:26:23.367 - DEBUG: [controller_loader.js:274:20]  method #0 -> delete
2023-01-03 15:26:23.373 - DEBUG: [controller_loader.js:267:12] registerPath called : /data/apply -> applyData in file ../controllers/sync_to_esl-controller
2023-01-03 15:26:23.374 - DEBUG: [controller_loader.js:274:20]  method #0 -> post
2023-01-03 15:26:23.378 - DEBUG: [controller_loader.js:267:12] registerPath called : /data/lastmodifieddate -> getLastModifiedDate in file ../controllers/sync_to_mci-controller
2023-01-03 15:26:23.382 - DEBUG: [controller_loader.js:274:20]  method #0 -> post
2023-01-03 15:26:23.387 - DEBUG: [controller_loader.js:267:12] registerPath called : /data/apply -> applyData in file ../controllers/sync_to_mci-controller
2023-01-03 15:26:23.387 - DEBUG: [controller_loader.js:274:20]  method #0 -> post
2023-01-03 15:26:23.391 - DEBUG: [controller_loader.js:267:12] registerPath called : /tiger/hello -> hello in file ../controllers/tiger-controller
2023-01-03 15:26:23.393 - DEBUG: [controller_loader.js:274:20]  method #0 -> get
2023-01-03 15:26:23.393 - DEBUG: [controller_loader.js:274:20]  method #1 -> post
2023-01-03 15:26:23.395 - DEBUG: [controller_loader.js:267:12] registerPath called : /tiger/bye -> bye in file ../controllers/tiger-controller
2023-01-03 15:26:23.396 - DEBUG: [controller_loader.js:274:20]  method #0 -> get
2023-01-03 15:26:23.397 - DEBUG: [controller_loader.js:274:20]  method #1 -> post
2023-01-03 15:26:46.916 - DEBUG: [index-controller.js:25:16] eslIndex called for path /esl-index.do
2023-01-03 15:26:48.920 - DEBUG: [baroboard-users-controller.js:80:16] BaroboardUsers:login called for path /baroboard/users/login
2023-01-03 15:26:48.971 - DEBUG: [baroboard-device-controller.js:698:16] BaroboardDevice:deletePreview called 
2023-01-03 15:26:48.975 - DEBUG: [table-controller.js:121:14] Table:list called for GET /baroboard/layout
2023-01-03 15:26:49.026 - DEBUG: [table-controller.js:121:14] Table:list called for GET /baroboard/layout
2023-01-03 15:26:49.055 - DEBUG: [table-controller.js:121:14] Table:list called for GET /baroboard/layout
2023-01-03 15:28:23.798 - DEBUG: [index-controller.js:25:16] eslIndex called for path /esl-index.do
2023-01-03 15:28:26.586 - DEBUG: [baroboard-users-controller.js:80:16] BaroboardUsers:login called for path /baroboard/users/login
2023-01-03 15:28:26.605 - DEBUG: [baroboard-device-controller.js:698:16] BaroboardDevice:deletePreview called 
2023-01-03 15:28:26.608 - DEBUG: [table-controller.js:121:14] Table:list called for GET /baroboard/layout
2023-01-03 15:28:26.638 - DEBUG: [table-controller.js:121:14] Table:list called for GET /baroboard/layout
2023-01-03 15:28:26.661 - DEBUG: [table-controller.js:121:14] Table:list called for GET /baroboard/layout
2023-01-03 15:28:35.574 - DEBUG: [table-controller.js:547:14] Table:update called for PUT /baroboard/layout/:id
2023-01-03 15:28:35.579 - DEBUG: [table-controller.js:121:14] Table:list called for GET /baroboard/layout
2023-01-03 15:28:35.610 - DEBUG: [baroboard-device-controller.js:1392:16] modify layoutinfo: Data called for path /modify/layout
2023-01-03 15:28:42.844 - DEBUG: [table-controller.js:121:14] Table:list called for GET /baroboard/layout
2023-01-03 15:28:42.865 - DEBUG: [table-controller.js:121:14] Table:list called for GET /baroboard/layout
2023-01-03 15:28:50.701 - DEBUG: [table-controller.js:547:14] Table:update called for PUT /baroboard/layout/:id
2023-01-03 15:28:50.704 - DEBUG: [table-controller.js:121:14] Table:list called for GET /baroboard/layout
2023-01-03 15:28:50.736 - DEBUG: [baroboard-device-controller.js:1392:16] modify layoutinfo: Data called for path /modify/layout
2023-01-03 15:29:00.105 - DEBUG: [table-controller.js:547:14] Table:update called for PUT /baroboard/layout/:id
2023-01-03 15:29:00.107 - DEBUG: [table-controller.js:121:14] Table:list called for GET /baroboard/layout
2023-01-03 15:29:00.126 - DEBUG: [baroboard-device-controller.js:1392:16] modify layoutinfo: Data called for path /modify/layout
2023-01-03 15:29:04.292 - DEBUG: [table-controller.js:121:14] Table:list called for GET /baroboard/layout
2023-01-03 15:29:04.313 - DEBUG: [table-controller.js:121:14] Table:list called for GET /baroboard/layout
2023-01-03 15:29:11.721 - DEBUG: [table-controller.js:121:14] Table:list called for GET /baroboard/layout
2023-01-03 15:29:11.743 - DEBUG: [table-controller.js:121:14] Table:list called for GET /baroboard/layout
2023-01-03 15:29:20.720 - DEBUG: [table-controller.js:121:14] Table:list called for GET /baroboard/layout
2023-01-03 15:29:20.739 - DEBUG: [table-controller.js:121:14] Table:list called for GET /baroboard/layout
2023-01-03 15:30:17.824 - DEBUG: [service_loader.js:17:12] load in service_loader called.
2023-01-03 15:30:17.827 - DEBUG: [service_loader.js:21:16] #0 -> id:1, unit:person
2023-01-03 15:30:17.867 - DEBUG: [service_loader.js:39:16] method #0 -> list
2023-01-03 15:30:17.868 - DEBUG: [service_loader.js:43:16]     do method name -> doList
2023-01-03 15:30:17.868 - DEBUG: [service_loader.js:39:16] method #1 -> read
2023-01-03 15:30:17.868 - DEBUG: [service_loader.js:43:16]     do method name -> doRead
2023-01-03 15:30:17.868 - DEBUG: [service_loader.js:39:16] method #2 -> create
2023-01-03 15:30:17.869 - DEBUG: [service_loader.js:43:16]     do method name -> doCreate
2023-01-03 15:30:17.869 - DEBUG: [service_loader.js:39:16] method #3 -> update
2023-01-03 15:30:17.869 - DEBUG: [service_loader.js:43:16]     do method name -> doUpdate
2023-01-03 15:30:17.869 - DEBUG: [service_loader.js:39:16] method #4 -> delete
2023-01-03 15:30:17.870 - DEBUG: [service_loader.js:43:16]     do method name -> doDelete
2023-01-03 15:30:17.870 - INFO: [index.js:114:12] service loader called.
2023-01-03 15:30:17.871 - DEBUG: [controller_loader.js:26:12] load called.
2023-01-03 15:30:17.871 - DEBUG: [controller_loader.js:106:12] autoLoad called.
2023-01-03 15:30:17.878 - DEBUG: [controller_loader.js:34:20] #0 -> id:1, type:rest, base:, unit:person
2023-01-03 15:30:17.880 - DEBUG: [person-controller.js:27:16] PersonController initialized.
2023-01-03 15:30:17.880 - DEBUG: [controller_loader.js:53:24] rest type #0 -> list
2023-01-03 15:30:17.881 - DEBUG: [controller_loader.js:73:24] rest request method -> get, path -> /person, func -> list
2023-01-03 15:30:17.881 - DEBUG: [controller_loader.js:53:24] rest type #1 -> create
2023-01-03 15:30:17.881 - DEBUG: [controller_loader.js:73:24] rest request method -> post, path -> /person, func -> create
2023-01-03 15:30:17.882 - DEBUG: [controller_loader.js:53:24] rest type #2 -> read
2023-01-03 15:30:17.882 - DEBUG: [controller_loader.js:73:24] rest request method -> get, path -> /person/:id, func -> read
2023-01-03 15:30:17.883 - DEBUG: [controller_loader.js:53:24] rest type #3 -> update
2023-01-03 15:30:17.883 - DEBUG: [controller_loader.js:73:24] rest request method -> put, path -> /person/:id, func -> update
2023-01-03 15:30:17.884 - DEBUG: [controller_loader.js:53:24] rest type #4 -> delete
2023-01-03 15:30:17.884 - DEBUG: [controller_loader.js:73:24] rest request method -> delete, path -> /person/:id, func -> delete
2023-01-03 15:30:17.884 - DEBUG: [controller_loader.js:36:20] #1 -> id:2, type:path, path:/profile/list, method:get,post, file:profile-controller, func:list
2023-01-03 15:30:17.885 - DEBUG: [profile-controller.js:21:11] ProfileController initialized.
2023-01-03 15:30:17.886 - DEBUG: [controller_loader.js:84:28] method #0 -> get
2023-01-03 15:30:17.886 - DEBUG: [controller_loader.js:84:28] method #1 -> post
2023-01-03 15:30:17.886 - DEBUG: [controller_loader.js:36:20] #2 -> id:3, type:path, path:/profile/get, method:get,post, file:profile-controller, func:get
2023-01-03 15:30:17.886 - DEBUG: [profile-controller.js:21:11] ProfileController initialized.
2023-01-03 15:30:17.887 - DEBUG: [controller_loader.js:84:28] method #0 -> get
2023-01-03 15:30:17.887 - DEBUG: [controller_loader.js:84:28] method #1 -> post
2023-01-03 15:30:17.887 - DEBUG: [controller_loader.js:36:20] #3 -> id:4, type:path, path:/profile/add, method:get, file:profile-controller, func:add
2023-01-03 15:30:17.887 - DEBUG: [profile-controller.js:21:11] ProfileController initialized.
2023-01-03 15:30:17.888 - DEBUG: [controller_loader.js:84:28] method #0 -> get
2023-01-03 15:30:17.888 - DEBUG: [controller_loader.js:36:20] #4 -> id:5, type:path, path:/profile/upload, method:post, file:profile-controller, func:upload
2023-01-03 15:30:17.889 - DEBUG: [profile-controller.js:21:11] ProfileController initialized.
2023-01-03 15:30:17.889 - DEBUG: [controller_loader.js:84:28] method #0 -> post
2023-01-03 15:30:17.889 - DEBUG: [controller_loader.js:36:20] #5 -> id:6, type:path, path:/test/set_cookie, method:get, file:test-controller, func:set_cookie
2023-01-03 15:30:17.890 - DEBUG: [test-controller.js:15:16] TestController initialized.
2023-01-03 15:30:17.890 - DEBUG: [controller_loader.js:84:28] method #0 -> get
2023-01-03 15:30:17.890 - DEBUG: [controller_loader.js:36:20] #6 -> id:7, type:path, path:/test/show_cookie, method:get, file:test-controller, func:show_cookie
2023-01-03 15:30:17.891 - DEBUG: [test-controller.js:15:16] TestController initialized.
2023-01-03 15:30:17.891 - DEBUG: [controller_loader.js:84:28] method #0 -> get
2023-01-03 15:30:17.891 - INFO: [index.js:118:12] controller loader called.
2023-01-03 15:30:17.899 - DEBUG: [mci.js:20:16] MCI initialized.
2023-01-03 15:30:17.899 - DEBUG: [mci.js:28:20] name : external01
2023-01-03 15:30:17.915 - DEBUG: [cni.js:15:16] CNI initialized.
2023-01-03 15:30:17.915 - DEBUG: [cni.js:21:16] server name : external02
2023-01-03 15:30:17.916 - DEBUG: [cni.js:25:16] server host : localhost
2023-01-03 15:30:17.916 - DEBUG: [cni.js:26:16] server port : 7102
2023-01-03 15:30:18.056 - INFO: [index.js:242:20] Http Server started.
2023-01-03 15:30:18.057 - INFO: [index.js:252:16] Base URL -> http://localhost:7001
2023-01-03 15:30:18.057 - INFO: [index.js:257:16] Namespace -> ::_7001_6344
2023-01-03 15:30:18.134 - DEBUG: [socketio_loader.js:73:9] socketio_loader.load called.
2023-01-03 15:30:18.134 - DEBUG: [socketio_loader.js:83:16] read namespace file -> ::_7001_10424
2023-01-03 15:30:18.135 - INFO: [index.js:265:20] socket.io loader called.
2023-01-03 15:30:18.137 - DEBUG: [socketio_loader.js:103:16] Error in executing sql -> Sql definition for chat_reset_presence not found in sql_config
2023-01-03 15:30:18.151 - DEBUG: [socketio_loader.js:125:16] namespace file saved to -> ./socketio.pid
2023-01-03 15:30:18.151 - INFO: [socketio_loader.js:133:12] socket.io service started.
2023-01-03 15:30:18.152 - DEBUG: [socketio_loader.js:147:12] redis subscribed -> myapp_message
2023-01-03 15:30:18.162 - DEBUG: [controller_loader.js:226:12] registerRest called : /baroboard/darwin -> in file ../controllers/baroboard-darwin-sync-controller, table : baroboard.device
2023-01-03 15:30:18.164 - DEBUG: [controller_loader.js:241:16] rest type #0 -> list
2023-01-03 15:30:18.164 - DEBUG: [controller_loader.js:259:16] rest request method -> get, path -> /baroboard/darwin, func -> list
2023-01-03 15:30:18.165 - DEBUG: [controller_loader.js:241:16] rest type #1 -> create
2023-01-03 15:30:18.165 - DEBUG: [controller_loader.js:259:16] rest request method -> post, path -> /baroboard/darwin, func -> create
2023-01-03 15:30:18.165 - DEBUG: [controller_loader.js:241:16] rest type #2 -> read
2023-01-03 15:30:18.165 - DEBUG: [controller_loader.js:259:16] rest request method -> get, path -> /baroboard/darwin/:id, func -> read
2023-01-03 15:30:18.166 - DEBUG: [controller_loader.js:241:16] rest type #3 -> update
2023-01-03 15:30:18.166 - DEBUG: [controller_loader.js:259:16] rest request method -> put, path -> /baroboard/darwin/:id, func -> update
2023-01-03 15:30:18.166 - DEBUG: [controller_loader.js:241:16] rest type #4 -> delete
2023-01-03 15:30:18.166 - DEBUG: [controller_loader.js:259:16] rest request method -> delete, path -> /baroboard/darwin/:id, func -> delete
2023-01-03 15:30:18.167 - DEBUG: [controller_loader.js:267:12] registerPath called : /baroboard/darwin/request_esl_sync -> updateData in file ../controllers/baroboard-darwin-sync-controller
2023-01-03 15:30:18.260 - DEBUG: [controller_loader.js:274:20]  method #0 -> post
2023-01-03 15:30:18.265 - DEBUG: [controller_loader.js:226:12] registerRest called : /baroboard/device -> in file ../controllers/baroboard-device-controller, table : baroboard.device
2023-01-03 15:30:18.266 - DEBUG: [controller_loader.js:241:16] rest type #0 -> list
2023-01-03 15:30:18.266 - DEBUG: [controller_loader.js:259:16] rest request method -> get, path -> /baroboard/device, func -> list
2023-01-03 15:30:18.266 - DEBUG: [controller_loader.js:241:16] rest type #1 -> create
2023-01-03 15:30:18.267 - DEBUG: [controller_loader.js:259:16] rest request method -> post, path -> /baroboard/device, func -> create
2023-01-03 15:30:18.267 - DEBUG: [controller_loader.js:241:16] rest type #2 -> read
2023-01-03 15:30:18.267 - DEBUG: [controller_loader.js:259:16] rest request method -> get, path -> /baroboard/device/:id, func -> read
2023-01-03 15:30:18.268 - DEBUG: [controller_loader.js:241:16] rest type #3 -> update
2023-01-03 15:30:18.268 - DEBUG: [controller_loader.js:259:16] rest request method -> put, path -> /baroboard/device/:id, func -> update
2023-01-03 15:30:18.269 - DEBUG: [controller_loader.js:241:16] rest type #4 -> delete
2023-01-03 15:30:18.269 - DEBUG: [controller_loader.js:259:16] rest request method -> delete, path -> /baroboard/device/:id, func -> delete
2023-01-03 15:30:18.271 - DEBUG: [controller_loader.js:267:12] registerPath called : /baroboard/device/data/update -> updateData in file ../controllers/baroboard-device-controller
2023-01-03 15:30:18.287 - DEBUG: [controller_loader.js:274:20]  method #0 -> post
2023-01-03 15:30:18.288 - DEBUG: [controller_loader.js:267:12] registerPath called : /baroboard/device/data/select -> selectData in file ../controllers/baroboard-device-controller
2023-01-03 15:30:18.289 - DEBUG: [controller_loader.js:274:20]  method #0 -> get
2023-01-03 15:30:18.290 - DEBUG: [controller_loader.js:267:12] registerPath called : /baroboard/device/dashboard/list -> dashboardList in file ../controllers/baroboard-device-controller
2023-01-03 15:30:18.290 - DEBUG: [controller_loader.js:274:20]  method #0 -> get
2023-01-03 15:30:18.291 - DEBUG: [controller_loader.js:267:12] registerPath called : /baroboard/device/dashboard/sublist -> dashboardSubList in file ../controllers/baroboard-device-controller
2023-01-03 15:30:18.292 - DEBUG: [controller_loader.js:274:20]  method #0 -> get
2023-01-03 15:30:18.293 - DEBUG: [controller_loader.js:267:12] registerPath called : /baroboard/device/dashboard/legacy -> legacyInfo in file ../controllers/baroboard-device-controller
2023-01-03 15:30:18.293 - DEBUG: [controller_loader.js:288:16] legacyInfo not found in the controller.
2023-01-03 15:30:18.294 - DEBUG: [controller_loader.js:267:12] registerPath called : /baroboard/device/dashboard/fieldlist -> dashboardFieldList in file ../controllers/baroboard-device-controller
2023-01-03 15:30:18.294 - DEBUG: [controller_loader.js:274:20]  method #0 -> get
2023-01-03 15:30:18.295 - DEBUG: [controller_loader.js:267:12] registerPath called : /baroboard/device/data/preview2 -> preview2 in file ../controllers/baroboard-device-controller
2023-01-03 15:30:18.296 - DEBUG: [controller_loader.js:274:20]  method #0 -> post
2023-01-03 15:30:18.297 - DEBUG: [controller_loader.js:267:12] registerPath called : /baroboard/device/data/apply -> applyData in file ../controllers/baroboard-device-controller
2023-01-03 15:30:18.297 - DEBUG: [controller_loader.js:274:20]  method #0 -> post
2023-01-03 15:30:18.331 - DEBUG: [controller_loader.js:267:12] registerPath called : /baroboard/device/data/preview -> applyData2 in file ../controllers/baroboard-device-controller
2023-01-03 15:30:18.332 - DEBUG: [controller_loader.js:274:20]  method #0 -> post
2023-01-03 15:30:18.333 - DEBUG: [controller_loader.js:267:12] registerPath called : /baroboard/device/goodbattery -> batteryUpdate in file ../controllers/baroboard-device-controller
2023-01-03 15:30:18.333 - DEBUG: [controller_loader.js:274:20]  method #0 -> post
2023-01-03 15:30:18.334 - DEBUG: [controller_loader.js:267:12] registerPath called : /baroboard/device/badbattery -> batteryUpdate2 in file ../controllers/baroboard-device-controller
2023-01-03 15:30:18.335 - DEBUG: [controller_loader.js:274:20]  method #0 -> post
2023-01-03 15:30:18.336 - DEBUG: [controller_loader.js:267:12] registerPath called : /baroboard/device/check/usinglayout -> checkUsingLayout in file ../controllers/baroboard-device-controller
2023-01-03 15:30:18.336 - DEBUG: [controller_loader.js:274:20]  method #0 -> post
2023-01-03 15:30:18.339 - DEBUG: [controller_loader.js:267:12] registerPath called : /baroboard/device/status -> statusUpdate in file ../controllers/baroboard-device-controller
2023-01-03 15:30:18.339 - DEBUG: [controller_loader.js:274:20]  method #0 -> post
2023-01-03 15:30:18.341 - DEBUG: [controller_loader.js:267:12] registerPath called : /baroboard/device/statussync -> statusSync in file ../controllers/baroboard-device-controller
2023-01-03 15:30:18.342 - DEBUG: [controller_loader.js:274:20]  method #0 -> post
2023-01-03 15:30:18.343 - DEBUG: [controller_loader.js:267:12] registerPath called : /baroboard/device/data/mappinglist -> layoutMappingDataList in file ../controllers/baroboard-device-controller
2023-01-03 15:30:18.344 - DEBUG: [controller_loader.js:274:20]  method #0 -> post
2023-01-03 15:30:18.345 - DEBUG: [controller_loader.js:267:12] registerPath called : /baroboard/device/modify/layout -> modifyLayoutinfo in file ../controllers/baroboard-device-controller
2023-01-03 15:30:18.345 - DEBUG: [controller_loader.js:274:20]  method #0 -> post
2023-01-03 15:30:18.346 - DEBUG: [controller_loader.js:267:12] registerPath called : /baroboard/device/data/esl_request -> darwinPushESLData in file ../controllers/baroboard-device-controller
2023-01-03 15:30:18.346 - DEBUG: [controller_loader.js:274:20]  method #0 -> post
2023-01-03 15:30:18.349 - DEBUG: [controller_loader.js:226:12] registerRest called : /baroboard/device_group -> in file ../controllers/baroboard-device-group-controller, table : baroboard.device_group
2023-01-03 15:30:18.350 - DEBUG: [controller_loader.js:241:16] rest type #0 -> list
2023-01-03 15:30:18.350 - DEBUG: [controller_loader.js:259:16] rest request method -> get, path -> /baroboard/device_group, func -> list
2023-01-03 15:30:18.351 - DEBUG: [controller_loader.js:241:16] rest type #1 -> create
2023-01-03 15:30:18.351 - DEBUG: [controller_loader.js:259:16] rest request method -> post, path -> /baroboard/device_group, func -> create
2023-01-03 15:30:18.351 - DEBUG: [controller_loader.js:241:16] rest type #2 -> read
2023-01-03 15:30:18.352 - DEBUG: [controller_loader.js:259:16] rest request method -> get, path -> /baroboard/device_group/:id, func -> read
2023-01-03 15:30:18.352 - DEBUG: [controller_loader.js:241:16] rest type #3 -> update
2023-01-03 15:30:18.352 - DEBUG: [controller_loader.js:259:16] rest request method -> put, path -> /baroboard/device_group/:id, func -> update
2023-01-03 15:30:18.353 - DEBUG: [controller_loader.js:241:16] rest type #4 -> delete
2023-01-03 15:30:18.353 - DEBUG: [controller_loader.js:259:16] rest request method -> delete, path -> /baroboard/device_group/:id, func -> delete
2023-01-03 15:30:18.357 - DEBUG: [controller_loader.js:226:12] registerRest called : /baroboard/image -> in file ../controllers/baroboard-image-controller, table : baroboard.image
2023-01-03 15:30:18.358 - DEBUG: [controller_loader.js:241:16] rest type #0 -> list
2023-01-03 15:30:18.358 - DEBUG: [controller_loader.js:259:16] rest request method -> get, path -> /baroboard/image, func -> list
2023-01-03 15:30:18.358 - DEBUG: [controller_loader.js:241:16] rest type #1 -> create
2023-01-03 15:30:18.359 - DEBUG: [controller_loader.js:259:16] rest request method -> post, path -> /baroboard/image, func -> create
2023-01-03 15:30:18.359 - DEBUG: [controller_loader.js:241:16] rest type #2 -> read
2023-01-03 15:30:18.360 - DEBUG: [controller_loader.js:259:16] rest request method -> get, path -> /baroboard/image/:id, func -> read
2023-01-03 15:30:18.360 - DEBUG: [controller_loader.js:241:16] rest type #3 -> update
2023-01-03 15:30:18.360 - DEBUG: [controller_loader.js:259:16] rest request method -> put, path -> /baroboard/image/:id, func -> update
2023-01-03 15:30:18.361 - DEBUG: [controller_loader.js:241:16] rest type #4 -> delete
2023-01-03 15:30:18.361 - DEBUG: [controller_loader.js:259:16] rest request method -> delete, path -> /baroboard/image/:id, func -> delete
2023-01-03 15:30:18.363 - DEBUG: [controller_loader.js:267:12] registerPath called : /baroboard/image/list -> requestList in file ../controllers/baroboard-image-controller
2023-01-03 15:30:18.364 - DEBUG: [controller_loader.js:274:20]  method #0 -> post
2023-01-03 15:30:18.365 - DEBUG: [controller_loader.js:267:12] registerPath called : /baroboard/image/category/list -> requestcategoryList in file ../controllers/baroboard-image-controller
2023-01-03 15:30:18.365 - DEBUG: [controller_loader.js:274:20]  method #0 -> post
2023-01-03 15:30:18.366 - DEBUG: [controller_loader.js:267:12] registerPath called : /baroboard/image/category/delete_item -> requestDeleteImage2 in file ../controllers/baroboard-image-controller
2023-01-03 15:30:18.366 - DEBUG: [controller_loader.js:274:20]  method #0 -> post
2023-01-03 15:30:18.367 - DEBUG: [controller_loader.js:267:12] registerPath called : /baroboard/image/category/title_delete -> requestDeleteCategory in file ../controllers/baroboard-image-controller
2023-01-03 15:30:18.367 - DEBUG: [controller_loader.js:274:20]  method #0 -> post
2023-01-03 15:30:18.368 - DEBUG: [controller_loader.js:267:12] registerPath called : /baroboard/image/category/add -> requestAddCategoryItem in file ../controllers/baroboard-image-controller
2023-01-03 15:30:18.369 - DEBUG: [controller_loader.js:274:20]  method #0 -> post
2023-01-03 15:30:18.370 - DEBUG: [controller_loader.js:267:12] registerPath called : /baroboard/image/category/image -> requestAddImageItemInCategory in file ../controllers/baroboard-image-controller
2023-01-03 15:30:18.371 - DEBUG: [controller_loader.js:274:20]  method #0 -> get
2023-01-03 15:30:18.371 - DEBUG: [controller_loader.js:274:20]  method #1 -> post
2023-01-03 15:30:18.374 - DEBUG: [controller_loader.js:226:12] registerRest called : /baroboard/layout -> in file ../controllers/baroboard-layout-controller, table : baroboard.layout
2023-01-03 15:30:18.374 - DEBUG: [controller_loader.js:241:16] rest type #0 -> list
2023-01-03 15:30:18.375 - DEBUG: [controller_loader.js:259:16] rest request method -> get, path -> /baroboard/layout, func -> list
2023-01-03 15:30:18.375 - DEBUG: [controller_loader.js:241:16] rest type #1 -> create
2023-01-03 15:30:18.376 - DEBUG: [controller_loader.js:259:16] rest request method -> post, path -> /baroboard/layout, func -> create
2023-01-03 15:30:18.376 - DEBUG: [controller_loader.js:241:16] rest type #2 -> read
2023-01-03 15:30:18.376 - DEBUG: [controller_loader.js:259:16] rest request method -> get, path -> /baroboard/layout/:id, func -> read
2023-01-03 15:30:18.377 - DEBUG: [controller_loader.js:241:16] rest type #3 -> update
2023-01-03 15:30:18.377 - DEBUG: [controller_loader.js:259:16] rest request method -> put, path -> /baroboard/layout/:id, func -> update
2023-01-03 15:30:18.377 - DEBUG: [controller_loader.js:241:16] rest type #4 -> delete
2023-01-03 15:30:18.378 - DEBUG: [controller_loader.js:259:16] rest request method -> delete, path -> /baroboard/layout/:id, func -> delete
2023-01-03 15:30:18.379 - DEBUG: [controller_loader.js:267:12] registerPath called : /baroboard/layout/image/del -> requestImageDelete in file ../controllers/baroboard-layout-controller
2023-01-03 15:30:18.380 - DEBUG: [controller_loader.js:274:20]  method #0 -> get
2023-01-03 15:30:18.380 - DEBUG: [controller_loader.js:274:20]  method #1 -> post
2023-01-03 15:30:18.381 - DEBUG: [controller_loader.js:267:12] registerPath called : /baroboard/layout/image/update -> requestUpdateImage in file ../controllers/baroboard-layout-controller
2023-01-03 15:30:18.381 - DEBUG: [controller_loader.js:274:20]  method #0 -> post
2023-01-03 15:30:18.382 - DEBUG: [controller_loader.js:267:12] registerPath called : /baroboard/layout/mapping/update -> updateMapping in file ../controllers/baroboard-layout-controller
2023-01-03 15:30:18.383 - DEBUG: [controller_loader.js:274:20]  method #0 -> post
2023-01-03 15:30:18.384 - DEBUG: [controller_loader.js:226:12] registerRest called : /baroboard/legacy -> in file ../controllers/baroboard-legacy, table : baroboard.legacy
2023-01-03 15:30:18.385 - DEBUG: [controller_loader.js:241:16] rest type #0 -> list
2023-01-03 15:30:18.385 - DEBUG: [controller_loader.js:259:16] rest request method -> get, path -> /baroboard/legacy, func -> list
2023-01-03 15:30:18.385 - DEBUG: [controller_loader.js:241:16] rest type #1 -> create
2023-01-03 15:30:18.386 - DEBUG: [controller_loader.js:259:16] rest request method -> post, path -> /baroboard/legacy, func -> create
2023-01-03 15:30:18.386 - DEBUG: [controller_loader.js:241:16] rest type #2 -> read
2023-01-03 15:30:18.386 - DEBUG: [controller_loader.js:259:16] rest request method -> get, path -> /baroboard/legacy/:id, func -> read
2023-01-03 15:30:18.387 - DEBUG: [controller_loader.js:241:16] rest type #3 -> update
2023-01-03 15:30:18.387 - DEBUG: [controller_loader.js:259:16] rest request method -> put, path -> /baroboard/legacy/:id, func -> update
2023-01-03 15:30:18.388 - DEBUG: [controller_loader.js:241:16] rest type #4 -> delete
2023-01-03 15:30:18.388 - DEBUG: [controller_loader.js:259:16] rest request method -> delete, path -> /baroboard/legacy/:id, func -> delete
2023-01-03 15:30:18.390 - DEBUG: [controller_loader.js:226:12] registerRest called : /baroboard/users -> in file ../controllers/baroboard-users-controller, table : baroboard.users
2023-01-03 15:30:18.391 - DEBUG: [controller_loader.js:241:16] rest type #0 -> list
2023-01-03 15:30:18.391 - DEBUG: [controller_loader.js:259:16] rest request method -> get, path -> /baroboard/users, func -> list
2023-01-03 15:30:18.391 - DEBUG: [controller_loader.js:241:16] rest type #1 -> create
2023-01-03 15:30:18.392 - DEBUG: [controller_loader.js:259:16] rest request method -> post, path -> /baroboard/users, func -> create
2023-01-03 15:30:18.392 - DEBUG: [controller_loader.js:241:16] rest type #2 -> read
2023-01-03 15:30:18.392 - DEBUG: [controller_loader.js:259:16] rest request method -> get, path -> /baroboard/users/:id, func -> read
2023-01-03 15:30:18.393 - DEBUG: [controller_loader.js:241:16] rest type #3 -> update
2023-01-03 15:30:18.393 - DEBUG: [controller_loader.js:259:16] rest request method -> put, path -> /baroboard/users/:id, func -> update
2023-01-03 15:30:18.393 - DEBUG: [controller_loader.js:241:16] rest type #4 -> delete
2023-01-03 15:30:18.394 - DEBUG: [controller_loader.js:259:16] rest request method -> delete, path -> /baroboard/users/:id, func -> delete
2023-01-03 15:30:18.395 - DEBUG: [controller_loader.js:267:12] registerPath called : /baroboard/users/signup -> signup in file ../controllers/baroboard-users-controller
2023-01-03 15:30:18.397 - DEBUG: [controller_loader.js:274:20]  method #0 -> post
2023-01-03 15:30:18.397 - DEBUG: [controller_loader.js:267:12] registerPath called : /baroboard/users/login -> login in file ../controllers/baroboard-users-controller
2023-01-03 15:30:18.398 - DEBUG: [controller_loader.js:274:20]  method #0 -> post
2023-01-03 15:30:18.398 - DEBUG: [controller_loader.js:267:12] registerPath called : /baroboard/users/logout -> logout in file ../controllers/baroboard-users-controller
2023-01-03 15:30:18.399 - DEBUG: [controller_loader.js:274:20]  method #0 -> post
2023-01-03 15:30:18.401 - DEBUG: [controller_loader.js:226:12] registerRest called : /bear -> in file ../controllers/bear-controller, table : test.person
2023-01-03 15:30:18.401 - DEBUG: [controller_loader.js:241:16] rest type #0 -> list
2023-01-03 15:30:18.401 - DEBUG: [controller_loader.js:259:16] rest request method -> get, path -> /bear, func -> list
2023-01-03 15:30:18.402 - DEBUG: [controller_loader.js:241:16] rest type #1 -> create
2023-01-03 15:30:18.402 - DEBUG: [controller_loader.js:259:16] rest request method -> post, path -> /bear, func -> create
2023-01-03 15:30:18.402 - DEBUG: [controller_loader.js:241:16] rest type #2 -> read
2023-01-03 15:30:18.402 - DEBUG: [controller_loader.js:259:16] rest request method -> get, path -> /bear/:id, func -> read
2023-01-03 15:30:18.403 - DEBUG: [controller_loader.js:241:16] rest type #3 -> update
2023-01-03 15:30:18.403 - DEBUG: [controller_loader.js:259:16] rest request method -> put, path -> /bear/:id, func -> update
2023-01-03 15:30:18.404 - DEBUG: [controller_loader.js:241:16] rest type #4 -> delete
2023-01-03 15:30:18.405 - DEBUG: [controller_loader.js:259:16] rest request method -> delete, path -> /bear/:id, func -> delete
2023-01-03 15:30:18.408 - DEBUG: [controller_loader.js:226:12] registerRest called : /cat -> in file ../controllers/cat-controller, table : undefined
2023-01-03 15:30:18.410 - DEBUG: [controller_loader.js:241:16] rest type #0 -> list
2023-01-03 15:30:18.410 - DEBUG: [controller_loader.js:259:16] rest request method -> get, path -> /cat, func -> list
2023-01-03 15:30:18.410 - DEBUG: [controller_loader.js:241:16] rest type #1 -> create
2023-01-03 15:30:18.411 - DEBUG: [controller_loader.js:259:16] rest request method -> post, path -> /cat, func -> create
2023-01-03 15:30:18.411 - DEBUG: [controller_loader.js:241:16] rest type #2 -> read
2023-01-03 15:30:18.411 - DEBUG: [controller_loader.js:259:16] rest request method -> get, path -> /cat/:id, func -> read
2023-01-03 15:30:18.412 - DEBUG: [controller_loader.js:241:16] rest type #3 -> update
2023-01-03 15:30:18.412 - DEBUG: [controller_loader.js:259:16] rest request method -> put, path -> /cat/:id, func -> update
2023-01-03 15:30:18.412 - DEBUG: [controller_loader.js:241:16] rest type #4 -> delete
2023-01-03 15:30:18.412 - DEBUG: [controller_loader.js:259:16] rest request method -> delete, path -> /cat/:id, func -> delete
2023-01-03 15:30:18.415 - DEBUG: [controller_loader.js:267:12] registerPath called : /chat/send -> send in file ../controllers/chat-controller
2023-01-03 15:30:18.416 - DEBUG: [controller_loader.js:274:20]  method #0 -> get
2023-01-03 15:30:18.422 - DEBUG: [controller_loader.js:267:12] registerPath called : /cni-test/patient-list -> patientList in file ../controllers/cni-controller
2023-01-03 15:30:18.424 - DEBUG: [controller_loader.js:274:20]  method #0 -> get
2023-01-03 15:30:18.424 - DEBUG: [controller_loader.js:274:20]  method #1 -> post
2023-01-03 15:30:18.426 - DEBUG: [controller_loader.js:267:12] registerPath called : /consent/v1/patient/inpatient-list-01 -> inpatientList01 in file ../controllers/consent-v1-kbsmc-controller
2023-01-03 15:30:18.427 - DEBUG: [controller_loader.js:274:20]  method #0 -> get
2023-01-03 15:30:18.427 - DEBUG: [controller_loader.js:274:20]  method #1 -> post
2023-01-03 15:30:18.428 - DEBUG: [controller_loader.js:267:12] registerPath called : /consent/v1/consent/consent-save-01 -> consentSave01 in file ../controllers/consent-v1-kbsmc-controller
2023-01-03 15:30:18.429 - DEBUG: [controller_loader.js:274:20]  method #0 -> get
2023-01-03 15:30:18.429 - DEBUG: [controller_loader.js:274:20]  method #1 -> post
2023-01-03 15:30:18.432 - DEBUG: [controller_loader.js:267:12] registerPath called : /dog/index -> index in file ../controllers/dog-controller
2023-01-03 15:30:18.433 - DEBUG: [controller_loader.js:274:20]  method #0 -> get
2023-01-03 15:30:18.433 - DEBUG: [controller_loader.js:274:20]  method #1 -> post
2023-01-03 15:30:18.434 - DEBUG: [controller_loader.js:267:12] registerPath called : /dog/list -> list in file ../controllers/dog-controller
2023-01-03 15:30:18.434 - DEBUG: [controller_loader.js:274:20]  method #0 -> get
2023-01-03 15:30:18.434 - DEBUG: [controller_loader.js:274:20]  method #1 -> post
2023-01-03 15:30:18.435 - DEBUG: [controller_loader.js:267:12] registerPath called : /dog/create -> create in file ../controllers/dog-controller
2023-01-03 15:30:18.435 - DEBUG: [controller_loader.js:274:20]  method #0 -> get
2023-01-03 15:30:18.436 - DEBUG: [controller_loader.js:274:20]  method #1 -> post
2023-01-03 15:30:18.436 - DEBUG: [controller_loader.js:267:12] registerPath called : /dog/read -> read in file ../controllers/dog-controller
2023-01-03 15:30:18.437 - DEBUG: [controller_loader.js:274:20]  method #0 -> get
2023-01-03 15:30:18.437 - DEBUG: [controller_loader.js:274:20]  method #1 -> post
2023-01-03 15:30:18.439 - DEBUG: [controller_loader.js:267:12] registerPath called : /dog/update -> update in file ../controllers/dog-controller
2023-01-03 15:30:18.440 - DEBUG: [controller_loader.js:274:20]  method #0 -> get
2023-01-03 15:30:18.440 - DEBUG: [controller_loader.js:274:20]  method #1 -> post
2023-01-03 15:30:18.441 - DEBUG: [controller_loader.js:267:12] registerPath called : /dog/delete -> delete in file ../controllers/dog-controller
2023-01-03 15:30:18.441 - DEBUG: [controller_loader.js:274:20]  method #0 -> post
2023-01-03 15:30:18.443 - DEBUG: [controller_loader.js:267:12] registerPath called : /esl-index.do -> eslIndex in file ../controllers/index-controller
2023-01-03 15:30:18.444 - DEBUG: [controller_loader.js:274:20]  method #0 -> get
2023-01-03 15:30:18.446 - DEBUG: [controller_loader.js:267:12] registerPath called : /lion/ -> list in file ../controllers/lion-controller
2023-01-03 15:30:18.447 - DEBUG: [controller_loader.js:274:20]  method #0 -> get
2023-01-03 15:30:18.448 - DEBUG: [controller_loader.js:267:12] registerPath called : /lion/create -> create in file ../controllers/lion-controller
2023-01-03 15:30:18.448 - DEBUG: [controller_loader.js:274:20]  method #0 -> post
2023-01-03 15:30:18.449 - DEBUG: [controller_loader.js:267:12] registerPath called : /lion/read/:id -> read in file ../controllers/lion-controller
2023-01-03 15:30:18.450 - DEBUG: [controller_loader.js:274:20]  method #0 -> get
2023-01-03 15:30:18.450 - DEBUG: [controller_loader.js:267:12] registerPath called : /lion/update/:id -> update in file ../controllers/lion-controller
2023-01-03 15:30:18.451 - DEBUG: [controller_loader.js:274:20]  method #0 -> post
2023-01-03 15:30:18.475 - DEBUG: [controller_loader.js:267:12] registerPath called : /lion/delete/:id -> delete in file ../controllers/lion-controller
2023-01-03 15:30:18.476 - DEBUG: [controller_loader.js:274:20]  method #0 -> delete
2023-01-03 15:30:18.480 - DEBUG: [controller_loader.js:267:12] registerPath called : /mci-test/patient-list -> patientList in file ../controllers/mci-controller
2023-01-03 15:30:18.482 - DEBUG: [controller_loader.js:274:20]  method #0 -> get
2023-01-03 15:30:18.483 - DEBUG: [controller_loader.js:274:20]  method #1 -> post
2023-01-03 15:30:18.486 - DEBUG: [controller_loader.js:267:12] registerPath called : /panda/list -> list in file ../controllers/panda-controller
2023-01-03 15:30:18.489 - DEBUG: [controller_loader.js:274:20]  method #0 -> get
2023-01-03 15:30:18.494 - DEBUG: [controller_loader.js:267:12] registerPath called : /sboard_image/upload -> upload in file ../controllers/sboard-image-controller
2023-01-03 15:30:18.496 - DEBUG: [controller_loader.js:274:20]  method #0 -> post
2023-01-03 15:30:18.497 - DEBUG: [controller_loader.js:267:12] registerPath called : /sboard_image/send -> send in file ../controllers/sboard-image-controller
2023-01-03 15:30:18.497 - DEBUG: [controller_loader.js:274:20]  method #0 -> post
2023-01-03 15:30:18.498 - DEBUG: [controller_loader.js:267:12] registerPath called : /sboard_image/send_group -> sendGroup in file ../controllers/sboard-image-controller
2023-01-03 15:30:18.498 - DEBUG: [controller_loader.js:274:20]  method #0 -> post
2023-01-03 15:30:18.501 - DEBUG: [controller_loader.js:267:12] registerPath called : /sheep/ -> list in file ../controllers/sheep-controller
2023-01-03 15:30:18.502 - DEBUG: [controller_loader.js:274:20]  method #0 -> get
2023-01-03 15:30:18.503 - DEBUG: [controller_loader.js:267:12] registerPath called : /sheep/ -> create in file ../controllers/sheep-controller
2023-01-03 15:30:18.503 - DEBUG: [controller_loader.js:274:20]  method #0 -> post
2023-01-03 15:30:18.505 - DEBUG: [controller_loader.js:267:12] registerPath called : /sheep/:id -> read in file ../controllers/sheep-controller
2023-01-03 15:30:18.505 - DEBUG: [controller_loader.js:274:20]  method #0 -> get
2023-01-03 15:30:18.507 - DEBUG: [controller_loader.js:267:12] registerPath called : /sheep/:id -> update in file ../controllers/sheep-controller
2023-01-03 15:30:18.507 - DEBUG: [controller_loader.js:274:20]  method #0 -> put
2023-01-03 15:30:18.508 - DEBUG: [controller_loader.js:267:12] registerPath called : /sheep/:id -> delete in file ../controllers/sheep-controller
2023-01-03 15:30:18.508 - DEBUG: [controller_loader.js:274:20]  method #0 -> delete
2023-01-03 15:30:18.511 - DEBUG: [controller_loader.js:267:12] registerPath called : /data/apply -> applyData in file ../controllers/sync_to_esl-controller
2023-01-03 15:30:18.511 - DEBUG: [controller_loader.js:274:20]  method #0 -> post
2023-01-03 15:30:18.514 - DEBUG: [controller_loader.js:267:12] registerPath called : /data/lastmodifieddate -> getLastModifiedDate in file ../controllers/sync_to_mci-controller
2023-01-03 15:30:18.516 - DEBUG: [controller_loader.js:274:20]  method #0 -> post
2023-01-03 15:30:18.516 - DEBUG: [controller_loader.js:267:12] registerPath called : /data/apply -> applyData in file ../controllers/sync_to_mci-controller
2023-01-03 15:30:18.517 - DEBUG: [controller_loader.js:274:20]  method #0 -> post
2023-01-03 15:30:18.518 - DEBUG: [controller_loader.js:267:12] registerPath called : /tiger/hello -> hello in file ../controllers/tiger-controller
2023-01-03 15:30:18.519 - DEBUG: [controller_loader.js:274:20]  method #0 -> get
2023-01-03 15:30:18.519 - DEBUG: [controller_loader.js:274:20]  method #1 -> post
2023-01-03 15:30:18.521 - DEBUG: [controller_loader.js:267:12] registerPath called : /tiger/bye -> bye in file ../controllers/tiger-controller
2023-01-03 15:30:18.521 - DEBUG: [controller_loader.js:274:20]  method #0 -> get
2023-01-03 15:30:18.522 - DEBUG: [controller_loader.js:274:20]  method #1 -> post
2023-01-03 15:31:16.573 - DEBUG: [index-controller.js:25:16] eslIndex called for path /esl-index.do
2023-01-03 15:31:18.138 - DEBUG: [baroboard-users-controller.js:80:16] BaroboardUsers:login called for path /baroboard/users/login
2023-01-03 15:31:18.175 - DEBUG: [baroboard-device-controller.js:698:16] BaroboardDevice:deletePreview called 
2023-01-03 15:31:18.178 - DEBUG: [table-controller.js:121:14] Table:list called for GET /baroboard/layout
2023-01-03 15:31:18.216 - DEBUG: [table-controller.js:121:14] Table:list called for GET /baroboard/layout
2023-01-03 15:31:18.238 - DEBUG: [table-controller.js:121:14] Table:list called for GET /baroboard/layout
2023-01-03 15:32:13.109 - DEBUG: [table-controller.js:121:14] Table:list called for GET /baroboard/layout
2023-01-03 15:32:13.151 - DEBUG: [table-controller.js:121:14] Table:list called for GET /baroboard/layout
2023-01-03 15:32:16.834 - DEBUG: [table-controller.js:121:14] Table:list called for GET /baroboard/layout
2023-01-03 15:32:16.860 - DEBUG: [table-controller.js:121:14] Table:list called for GET /baroboard/layout
2023-01-03 15:32:18.309 - DEBUG: [table-controller.js:121:14] Table:list called for GET /baroboard/layout
2023-01-03 15:32:18.331 - DEBUG: [table-controller.js:121:14] Table:list called for GET /baroboard/layout
2023-01-03 15:32:26.216 - DEBUG: [table-controller.js:547:14] Table:update called for PUT /baroboard/layout/:id
2023-01-03 15:32:26.218 - DEBUG: [table-controller.js:121:14] Table:list called for GET /baroboard/layout
2023-01-03 15:32:26.240 - DEBUG: [baroboard-device-controller.js:1392:16] modify layoutinfo: Data called for path /modify/layout
2023-01-03 15:32:28.830 - DEBUG: [table-controller.js:121:14] Table:list called for GET /baroboard/layout
2023-01-03 15:32:28.874 - DEBUG: [table-controller.js:121:14] Table:list called for GET /baroboard/layout
2023-01-03 15:32:30.746 - DEBUG: [table-controller.js:121:14] Table:list called for GET /baroboard/layout
2023-01-03 15:32:30.768 - DEBUG: [table-controller.js:121:14] Table:list called for GET /baroboard/layout
2023-01-03 15:32:34.423 - DEBUG: [table-controller.js:121:14] Table:list called for GET /baroboard/layout
2023-01-03 15:32:34.444 - DEBUG: [table-controller.js:121:14] Table:list called for GET /baroboard/layout
2023-01-03 15:33:00.641 - DEBUG: [table-controller.js:256:14] Table:create called for PUT /baroboard/layout
2023-01-03 15:33:00.643 - DEBUG: [table-controller.js:121:14] Table:list called for GET /baroboard/layout
2023-01-03 15:33:00.672 - DEBUG: [index-controller.js:25:16] eslIndex called for path /esl-index.do
2023-01-03 15:33:00.715 - DEBUG: [table-controller.js:121:14] Table:list called for GET /baroboard/layout
2023-01-03 15:33:02.267 - DEBUG: [baroboard-users-controller.js:80:16] BaroboardUsers:login called for path /baroboard/users/login
2023-01-03 15:33:02.286 - DEBUG: [baroboard-device-controller.js:698:16] BaroboardDevice:deletePreview called 
2023-01-03 15:33:02.289 - DEBUG: [table-controller.js:121:14] Table:list called for GET /baroboard/layout
2023-01-03 15:33:02.311 - DEBUG: [table-controller.js:121:14] Table:list called for GET /baroboard/layout
2023-01-03 15:33:02.333 - DEBUG: [table-controller.js:121:14] Table:list called for GET /baroboard/layout
2023-01-03 15:33:32.093 - DEBUG: [table-controller.js:121:14] Table:list called for GET /baroboard/device
2023-01-03 15:33:37.550 - DEBUG: [table-controller.js:121:14] Table:list called for GET /baroboard/layout
2023-01-03 15:33:44.088 - DEBUG: [baroboard-device-controller.js:1279:16] check/usinglayout: Data called for path check/usinglayout
2023-01-03 15:33:44.094 - DEBUG: [table-controller.js:714:14] Table:delete called for DELETE /baroboard/layout/:id
2023-01-03 15:33:44.110 - DEBUG: [table-controller.js:121:14] Table:list called for GET /baroboard/layout
2023-01-03 15:40:26.922 - DEBUG: [table-controller.js:121:14] Table:list called for GET /baroboard/layout
2023-01-03 15:40:26.955 - DEBUG: [table-controller.js:121:14] Table:list called for GET /baroboard/layout
2023-01-03 15:41:18.540 - DEBUG: [table-controller.js:547:14] Table:update called for PUT /baroboard/layout/:id
2023-01-03 15:41:18.542 - DEBUG: [table-controller.js:121:14] Table:list called for GET /baroboard/layout
2023-01-03 15:41:18.574 - DEBUG: [baroboard-device-controller.js:1392:16] modify layoutinfo: Data called for path /modify/layout
2023-01-03 15:41:20.347 - DEBUG: [table-controller.js:121:14] Table:list called for GET /baroboard/layout
2023-01-03 15:41:20.371 - DEBUG: [table-controller.js:121:14] Table:list called for GET /baroboard/layout
2023-01-03 15:42:22.688 - DEBUG: [table-controller.js:547:14] Table:update called for PUT /baroboard/layout/:id
2023-01-03 15:42:22.691 - DEBUG: [table-controller.js:121:14] Table:list called for GET /baroboard/layout
2023-01-03 15:42:22.745 - DEBUG: [baroboard-device-controller.js:1392:16] modify layoutinfo: Data called for path /modify/layout
2023-01-03 15:42:24.679 - DEBUG: [table-controller.js:121:14] Table:list called for GET /baroboard/layout
2023-01-03 15:42:24.702 - DEBUG: [table-controller.js:121:14] Table:list called for GET /baroboard/layout
2023-01-03 15:59:19.804 - DEBUG: [table-controller.js:547:14] Table:update called for PUT /baroboard/layout/:id
2023-01-03 15:59:19.807 - DEBUG: [table-controller.js:121:14] Table:list called for GET /baroboard/layout
2023-01-03 15:59:19.836 - DEBUG: [baroboard-device-controller.js:1392:16] modify layoutinfo: Data called for path /modify/layout
2023-01-03 15:59:23.018 - DEBUG: [table-controller.js:121:14] Table:list called for GET /baroboard/layout
2023-01-03 15:59:23.056 - DEBUG: [table-controller.js:121:14] Table:list called for GET /baroboard/layout
2023-01-03 16:47:40.404 - DEBUG: [table-controller.js:547:14] Table:update called for PUT /baroboard/layout/:id
2023-01-03 16:47:40.406 - DEBUG: [table-controller.js:121:14] Table:list called for GET /baroboard/layout
2023-01-03 16:47:40.442 - DEBUG: [baroboard-device-controller.js:1392:16] modify layoutinfo: Data called for path /modify/layout
2023-01-03 16:49:09.601 - DEBUG: [index-controller.js:25:16] eslIndex called for path /esl-index.do
2023-01-03 16:49:11.715 - DEBUG: [baroboard-users-controller.js:80:16] BaroboardUsers:login called for path /baroboard/users/login
2023-01-03 16:49:11.732 - DEBUG: [baroboard-device-controller.js:698:16] BaroboardDevice:deletePreview called 
2023-01-03 16:49:11.734 - DEBUG: [table-controller.js:121:14] Table:list called for GET /baroboard/layout
2023-01-03 16:49:11.768 - DEBUG: [table-controller.js:121:14] Table:list called for GET /baroboard/layout
2023-01-03 16:49:11.789 - DEBUG: [table-controller.js:121:14] Table:list called for GET /baroboard/layout
2023-01-03 16:49:18.800 - DEBUG: [table-controller.js:121:14] Table:list called for GET /baroboard/layout
2023-01-03 16:49:18.822 - DEBUG: [table-controller.js:121:14] Table:list called for GET /baroboard/layout
2023-01-03 16:49:23.876 - DEBUG: [table-controller.js:547:14] Table:update called for PUT /baroboard/layout/:id
2023-01-03 16:49:23.878 - DEBUG: [table-controller.js:121:14] Table:list called for GET /baroboard/layout
2023-01-03 16:49:23.909 - DEBUG: [baroboard-device-controller.js:1392:16] modify layoutinfo: Data called for path /modify/layout
2023-01-03 16:49:23.961 - DEBUG: [table-controller.js:121:14] Table:list called for GET /baroboard/layout
2023-01-03 16:59:13.861 - DEBUG: [table-controller.js:547:14] Table:update called for PUT /baroboard/layout/:id
2023-01-03 16:59:13.868 - DEBUG: [table-controller.js:121:14] Table:list called for GET /baroboard/layout
2023-01-03 16:59:13.915 - DEBUG: [baroboard-device-controller.js:1392:16] modify layoutinfo: Data called for path /modify/layout
2023-01-03 16:59:13.987 - DEBUG: [table-controller.js:121:14] Table:list called for GET /baroboard/layout
2023-01-03 17:14:14.200 - DEBUG: [table-controller.js:547:14] Table:update called for PUT /baroboard/layout/:id
2023-01-03 17:14:14.204 - DEBUG: [table-controller.js:121:14] Table:list called for GET /baroboard/layout
2023-01-03 17:14:14.241 - DEBUG: [baroboard-device-controller.js:1392:16] modify layoutinfo: Data called for path /modify/layout
2023-01-03 17:14:14.302 - DEBUG: [table-controller.js:121:14] Table:list called for GET /baroboard/layout
