2023-01-30 08:15:42.607 - DEBUG: [service_loader.js:17:12] load in service_loader called.
2023-01-30 08:15:42.610 - DEBUG: [service_loader.js:21:16] #0 -> id:1, unit:person
2023-01-30 08:15:43.720 - DEBUG: [service_loader.js:39:16] method #0 -> list
2023-01-30 08:15:43.721 - DEBUG: [service_loader.js:43:16]     do method name -> doList
2023-01-30 08:15:43.721 - DEBUG: [service_loader.js:39:16] method #1 -> read
2023-01-30 08:15:43.721 - DEBUG: [service_loader.js:43:16]     do method name -> doRead
2023-01-30 08:15:43.722 - DEBUG: [service_loader.js:39:16] method #2 -> create
2023-01-30 08:15:43.722 - DEBUG: [service_loader.js:43:16]     do method name -> doCreate
2023-01-30 08:15:43.722 - DEBUG: [service_loader.js:39:16] method #3 -> update
2023-01-30 08:15:43.723 - DEBUG: [service_loader.js:43:16]     do method name -> doUpdate
2023-01-30 08:15:43.724 - DEBUG: [service_loader.js:39:16] method #4 -> delete
2023-01-30 08:15:43.725 - DEBUG: [service_loader.js:43:16]     do method name -> doDelete
2023-01-30 08:15:43.726 - INFO: [index.js:114:12] service loader called.
2023-01-30 08:15:43.727 - DEBUG: [controller_loader.js:26:12] load called.
2023-01-30 08:15:43.728 - DEBUG: [controller_loader.js:106:12] autoLoad called.
2023-01-30 08:15:43.967 - DEBUG: [controller_loader.js:34:20] #0 -> id:1, type:rest, base:, unit:person
2023-01-30 08:15:44.019 - DEBUG: [person-controller.js:27:16] PersonController initialized.
2023-01-30 08:15:44.020 - DEBUG: [controller_loader.js:53:24] rest type #0 -> list
2023-01-30 08:15:44.021 - DEBUG: [controller_loader.js:73:24] rest request method -> get, path -> /person, func -> list
2023-01-30 08:15:44.021 - DEBUG: [controller_loader.js:53:24] rest type #1 -> create
2023-01-30 08:15:44.022 - DEBUG: [controller_loader.js:73:24] rest request method -> post, path -> /person, func -> create
2023-01-30 08:15:44.023 - DEBUG: [controller_loader.js:53:24] rest type #2 -> read
2023-01-30 08:15:44.024 - DEBUG: [controller_loader.js:73:24] rest request method -> get, path -> /person/:id, func -> read
2023-01-30 08:15:44.026 - DEBUG: [controller_loader.js:53:24] rest type #3 -> update
2023-01-30 08:15:44.027 - DEBUG: [controller_loader.js:73:24] rest request method -> put, path -> /person/:id, func -> update
2023-01-30 08:15:44.027 - DEBUG: [controller_loader.js:53:24] rest type #4 -> delete
2023-01-30 08:15:44.028 - DEBUG: [controller_loader.js:73:24] rest request method -> delete, path -> /person/:id, func -> delete
2023-01-30 08:15:44.029 - DEBUG: [controller_loader.js:36:20] #1 -> id:2, type:path, path:/profile/list, method:get,post, file:profile-controller, func:list
2023-01-30 08:15:44.054 - DEBUG: [profile-controller.js:21:11] ProfileController initialized.
2023-01-30 08:15:44.055 - DEBUG: [controller_loader.js:84:28] method #0 -> get
2023-01-30 08:15:44.056 - DEBUG: [controller_loader.js:84:28] method #1 -> post
2023-01-30 08:15:44.057 - DEBUG: [controller_loader.js:36:20] #2 -> id:3, type:path, path:/profile/get, method:get,post, file:profile-controller, func:get
2023-01-30 08:15:44.058 - DEBUG: [profile-controller.js:21:11] ProfileController initialized.
2023-01-30 08:15:44.059 - DEBUG: [controller_loader.js:84:28] method #0 -> get
2023-01-30 08:15:44.060 - DEBUG: [controller_loader.js:84:28] method #1 -> post
2023-01-30 08:15:44.061 - DEBUG: [controller_loader.js:36:20] #3 -> id:4, type:path, path:/profile/add, method:get, file:profile-controller, func:add
2023-01-30 08:15:44.062 - DEBUG: [profile-controller.js:21:11] ProfileController initialized.
2023-01-30 08:15:44.063 - DEBUG: [controller_loader.js:84:28] method #0 -> get
2023-01-30 08:15:44.064 - DEBUG: [controller_loader.js:36:20] #4 -> id:5, type:path, path:/profile/upload, method:post, file:profile-controller, func:upload
2023-01-30 08:15:44.064 - DEBUG: [profile-controller.js:21:11] ProfileController initialized.
2023-01-30 08:15:44.065 - DEBUG: [controller_loader.js:84:28] method #0 -> post
2023-01-30 08:15:44.066 - DEBUG: [controller_loader.js:36:20] #5 -> id:6, type:path, path:/test/set_cookie, method:get, file:test-controller, func:set_cookie
2023-01-30 08:15:44.084 - DEBUG: [test-controller.js:15:16] TestController initialized.
2023-01-30 08:15:44.085 - DEBUG: [controller_loader.js:84:28] method #0 -> get
2023-01-30 08:15:44.086 - DEBUG: [controller_loader.js:36:20] #6 -> id:7, type:path, path:/test/show_cookie, method:get, file:test-controller, func:show_cookie
2023-01-30 08:15:44.087 - DEBUG: [test-controller.js:15:16] TestController initialized.
2023-01-30 08:15:44.087 - DEBUG: [controller_loader.js:84:28] method #0 -> get
2023-01-30 08:15:44.088 - INFO: [index.js:118:12] controller loader called.
2023-01-30 08:15:44.226 - DEBUG: [mci.js:20:16] MCI initialized.
2023-01-30 08:15:44.227 - DEBUG: [mci.js:28:20] name : external01
2023-01-30 08:15:44.907 - DEBUG: [cni.js:15:16] CNI initialized.
2023-01-30 08:15:44.908 - DEBUG: [cni.js:21:16] server name : external02
2023-01-30 08:15:44.909 - DEBUG: [cni.js:25:16] server host : localhost
2023-01-30 08:15:44.909 - DEBUG: [cni.js:26:16] server port : 7102
2023-01-30 08:15:49.295 - INFO: [index.js:242:20] Http Server started.
2023-01-30 08:15:49.296 - INFO: [index.js:252:16] Base URL -> http://localhost:7001
2023-01-30 08:15:49.296 - INFO: [index.js:257:16] Namespace -> ::_7001_21848
2023-01-30 08:15:50.279 - DEBUG: [socketio_loader.js:73:9] socketio_loader.load called.
2023-01-30 08:15:50.284 - DEBUG: [socketio_loader.js:83:16] read namespace file -> ::_7001_2676
2023-01-30 08:15:50.285 - INFO: [index.js:265:20] socket.io loader called.
2023-01-30 08:15:50.288 - DEBUG: [socketio_loader.js:103:16] Error in executing sql -> Sql definition for chat_reset_presence not found in sql_config
2023-01-30 08:15:50.482 - DEBUG: [socketio_loader.js:125:16] namespace file saved to -> ./socketio.pid
2023-01-30 08:15:50.483 - INFO: [socketio_loader.js:133:12] socket.io service started.
2023-01-30 08:15:50.483 - DEBUG: [socketio_loader.js:147:12] redis subscribed -> myapp_message
2023-01-30 08:15:50.527 - DEBUG: [controller_loader.js:226:12] registerRest called : /baroboard/darwin -> in file ../controllers/baroboard-darwin-sync-controller, table : baroboard.device
2023-01-30 08:15:50.554 - DEBUG: [controller_loader.js:241:16] rest type #0 -> list
2023-01-30 08:15:50.555 - DEBUG: [controller_loader.js:259:16] rest request method -> get, path -> /baroboard/darwin, func -> list
2023-01-30 08:15:50.556 - DEBUG: [controller_loader.js:241:16] rest type #1 -> create
2023-01-30 08:15:50.556 - DEBUG: [controller_loader.js:259:16] rest request method -> post, path -> /baroboard/darwin, func -> create
2023-01-30 08:15:50.557 - DEBUG: [controller_loader.js:241:16] rest type #2 -> read
2023-01-30 08:15:50.557 - DEBUG: [controller_loader.js:259:16] rest request method -> get, path -> /baroboard/darwin/:id, func -> read
2023-01-30 08:15:50.558 - DEBUG: [controller_loader.js:241:16] rest type #3 -> update
2023-01-30 08:15:50.558 - DEBUG: [controller_loader.js:259:16] rest request method -> put, path -> /baroboard/darwin/:id, func -> update
2023-01-30 08:15:50.558 - DEBUG: [controller_loader.js:241:16] rest type #4 -> delete
2023-01-30 08:15:50.559 - DEBUG: [controller_loader.js:259:16] rest request method -> delete, path -> /baroboard/darwin/:id, func -> delete
2023-01-30 08:15:50.561 - DEBUG: [controller_loader.js:267:12] registerPath called : /baroboard/darwin/request_esl_sync -> updateData in file ../controllers/baroboard-darwin-sync-controller
2023-01-30 08:15:51.485 - DEBUG: [controller_loader.js:274:20]  method #0 -> post
2023-01-30 08:15:51.491 - DEBUG: [controller_loader.js:226:12] registerRest called : /baroboard/device -> in file ../controllers/baroboard-device-controller, table : baroboard.device
2023-01-30 08:15:51.492 - DEBUG: [controller_loader.js:241:16] rest type #0 -> list
2023-01-30 08:15:51.493 - DEBUG: [controller_loader.js:259:16] rest request method -> get, path -> /baroboard/device, func -> list
2023-01-30 08:15:51.493 - DEBUG: [controller_loader.js:241:16] rest type #1 -> create
2023-01-30 08:15:51.494 - DEBUG: [controller_loader.js:259:16] rest request method -> post, path -> /baroboard/device, func -> create
2023-01-30 08:15:51.495 - DEBUG: [controller_loader.js:241:16] rest type #2 -> read
2023-01-30 08:15:51.496 - DEBUG: [controller_loader.js:259:16] rest request method -> get, path -> /baroboard/device/:id, func -> read
2023-01-30 08:15:51.496 - DEBUG: [controller_loader.js:241:16] rest type #3 -> update
2023-01-30 08:15:51.497 - DEBUG: [controller_loader.js:259:16] rest request method -> put, path -> /baroboard/device/:id, func -> update
2023-01-30 08:15:51.497 - DEBUG: [controller_loader.js:241:16] rest type #4 -> delete
2023-01-30 08:15:51.498 - DEBUG: [controller_loader.js:259:16] rest request method -> delete, path -> /baroboard/device/:id, func -> delete
2023-01-30 08:15:51.499 - DEBUG: [controller_loader.js:267:12] registerPath called : /baroboard/device/data/update -> updateData in file ../controllers/baroboard-device-controller
2023-01-30 08:15:51.528 - DEBUG: [controller_loader.js:274:20]  method #0 -> post
2023-01-30 08:15:51.530 - DEBUG: [controller_loader.js:267:12] registerPath called : /baroboard/device/data/select -> selectData in file ../controllers/baroboard-device-controller
2023-01-30 08:15:51.531 - DEBUG: [controller_loader.js:274:20]  method #0 -> get
2023-01-30 08:15:51.532 - DEBUG: [controller_loader.js:267:12] registerPath called : /baroboard/device/dashboard/list -> dashboardList in file ../controllers/baroboard-device-controller
2023-01-30 08:15:51.532 - DEBUG: [controller_loader.js:274:20]  method #0 -> get
2023-01-30 08:15:51.533 - DEBUG: [controller_loader.js:267:12] registerPath called : /baroboard/device/dashboard/sublist -> dashboardSubList in file ../controllers/baroboard-device-controller
2023-01-30 08:15:51.534 - DEBUG: [controller_loader.js:274:20]  method #0 -> get
2023-01-30 08:15:51.535 - DEBUG: [controller_loader.js:267:12] registerPath called : /baroboard/device/dashboard/legacy -> legacyInfo in file ../controllers/baroboard-device-controller
2023-01-30 08:15:51.535 - DEBUG: [controller_loader.js:288:16] legacyInfo not found in the controller.
2023-01-30 08:15:51.536 - DEBUG: [controller_loader.js:267:12] registerPath called : /baroboard/device/dashboard/fieldlist -> dashboardFieldList in file ../controllers/baroboard-device-controller
2023-01-30 08:15:51.537 - DEBUG: [controller_loader.js:274:20]  method #0 -> get
2023-01-30 08:15:51.538 - DEBUG: [controller_loader.js:267:12] registerPath called : /baroboard/device/data/preview2 -> preview2 in file ../controllers/baroboard-device-controller
2023-01-30 08:15:51.539 - DEBUG: [controller_loader.js:274:20]  method #0 -> post
2023-01-30 08:15:51.540 - DEBUG: [controller_loader.js:267:12] registerPath called : /baroboard/device/data/apply -> applyData in file ../controllers/baroboard-device-controller
2023-01-30 08:15:51.541 - DEBUG: [controller_loader.js:274:20]  method #0 -> post
2023-01-30 08:15:51.542 - DEBUG: [controller_loader.js:267:12] registerPath called : /baroboard/device/data/preview -> applyData2 in file ../controllers/baroboard-device-controller
2023-01-30 08:15:51.543 - DEBUG: [controller_loader.js:274:20]  method #0 -> post
2023-01-30 08:15:51.544 - DEBUG: [controller_loader.js:267:12] registerPath called : /baroboard/device/goodbattery -> batteryUpdate in file ../controllers/baroboard-device-controller
2023-01-30 08:15:51.545 - DEBUG: [controller_loader.js:274:20]  method #0 -> post
2023-01-30 08:15:51.546 - DEBUG: [controller_loader.js:267:12] registerPath called : /baroboard/device/badbattery -> batteryUpdate2 in file ../controllers/baroboard-device-controller
2023-01-30 08:15:51.546 - DEBUG: [controller_loader.js:274:20]  method #0 -> post
2023-01-30 08:15:51.547 - DEBUG: [controller_loader.js:267:12] registerPath called : /baroboard/device/check/usinglayout -> checkUsingLayout in file ../controllers/baroboard-device-controller
2023-01-30 08:15:51.548 - DEBUG: [controller_loader.js:274:20]  method #0 -> post
2023-01-30 08:15:51.549 - DEBUG: [controller_loader.js:267:12] registerPath called : /baroboard/device/status -> statusUpdate in file ../controllers/baroboard-device-controller
2023-01-30 08:15:51.549 - DEBUG: [controller_loader.js:274:20]  method #0 -> post
2023-01-30 08:15:51.550 - DEBUG: [controller_loader.js:267:12] registerPath called : /baroboard/device/statussync -> statusSync in file ../controllers/baroboard-device-controller
2023-01-30 08:15:51.551 - DEBUG: [controller_loader.js:274:20]  method #0 -> post
2023-01-30 08:15:51.552 - DEBUG: [controller_loader.js:267:12] registerPath called : /baroboard/device/data/mappinglist -> layoutMappingDataList in file ../controllers/baroboard-device-controller
2023-01-30 08:15:51.553 - DEBUG: [controller_loader.js:274:20]  method #0 -> post
2023-01-30 08:15:51.555 - DEBUG: [controller_loader.js:267:12] registerPath called : /baroboard/device/modify/layout -> modifyLayoutinfo in file ../controllers/baroboard-device-controller
2023-01-30 08:15:51.555 - DEBUG: [controller_loader.js:274:20]  method #0 -> post
2023-01-30 08:15:51.557 - DEBUG: [controller_loader.js:267:12] registerPath called : /baroboard/device/data/esl_request -> darwinPushESLData in file ../controllers/baroboard-device-controller
2023-01-30 08:15:51.558 - DEBUG: [controller_loader.js:274:20]  method #0 -> post
2023-01-30 08:15:51.562 - DEBUG: [controller_loader.js:226:12] registerRest called : /baroboard/device_group -> in file ../controllers/baroboard-device-group-controller, table : baroboard.device_group
2023-01-30 08:15:51.563 - DEBUG: [controller_loader.js:241:16] rest type #0 -> list
2023-01-30 08:15:51.564 - DEBUG: [controller_loader.js:259:16] rest request method -> get, path -> /baroboard/device_group, func -> list
2023-01-30 08:15:51.564 - DEBUG: [controller_loader.js:241:16] rest type #1 -> create
2023-01-30 08:15:51.565 - DEBUG: [controller_loader.js:259:16] rest request method -> post, path -> /baroboard/device_group, func -> create
2023-01-30 08:15:51.565 - DEBUG: [controller_loader.js:241:16] rest type #2 -> read
2023-01-30 08:15:51.566 - DEBUG: [controller_loader.js:259:16] rest request method -> get, path -> /baroboard/device_group/:id, func -> read
2023-01-30 08:15:51.566 - DEBUG: [controller_loader.js:241:16] rest type #3 -> update
2023-01-30 08:15:51.567 - DEBUG: [controller_loader.js:259:16] rest request method -> put, path -> /baroboard/device_group/:id, func -> update
2023-01-30 08:15:51.567 - DEBUG: [controller_loader.js:241:16] rest type #4 -> delete
2023-01-30 08:15:51.568 - DEBUG: [controller_loader.js:259:16] rest request method -> delete, path -> /baroboard/device_group/:id, func -> delete
2023-01-30 08:15:51.573 - DEBUG: [controller_loader.js:226:12] registerRest called : /baroboard/image -> in file ../controllers/baroboard-image-controller, table : baroboard.image
2023-01-30 08:15:51.574 - DEBUG: [controller_loader.js:241:16] rest type #0 -> list
2023-01-30 08:15:51.575 - DEBUG: [controller_loader.js:259:16] rest request method -> get, path -> /baroboard/image, func -> list
2023-01-30 08:15:51.575 - DEBUG: [controller_loader.js:241:16] rest type #1 -> create
2023-01-30 08:15:51.576 - DEBUG: [controller_loader.js:259:16] rest request method -> post, path -> /baroboard/image, func -> create
2023-01-30 08:15:51.576 - DEBUG: [controller_loader.js:241:16] rest type #2 -> read
2023-01-30 08:15:51.577 - DEBUG: [controller_loader.js:259:16] rest request method -> get, path -> /baroboard/image/:id, func -> read
2023-01-30 08:15:51.577 - DEBUG: [controller_loader.js:241:16] rest type #3 -> update
2023-01-30 08:15:51.578 - DEBUG: [controller_loader.js:259:16] rest request method -> put, path -> /baroboard/image/:id, func -> update
2023-01-30 08:15:51.578 - DEBUG: [controller_loader.js:241:16] rest type #4 -> delete
2023-01-30 08:15:51.579 - DEBUG: [controller_loader.js:259:16] rest request method -> delete, path -> /baroboard/image/:id, func -> delete
2023-01-30 08:15:51.581 - DEBUG: [controller_loader.js:267:12] registerPath called : /baroboard/image/list -> requestList in file ../controllers/baroboard-image-controller
2023-01-30 08:15:51.584 - DEBUG: [controller_loader.js:274:20]  method #0 -> post
2023-01-30 08:15:51.586 - DEBUG: [controller_loader.js:267:12] registerPath called : /baroboard/image/category/list -> requestcategoryList in file ../controllers/baroboard-image-controller
2023-01-30 08:15:51.586 - DEBUG: [controller_loader.js:274:20]  method #0 -> post
2023-01-30 08:15:51.588 - DEBUG: [controller_loader.js:267:12] registerPath called : /baroboard/image/category/delete_item -> requestDeleteImage2 in file ../controllers/baroboard-image-controller
2023-01-30 08:15:51.588 - DEBUG: [controller_loader.js:274:20]  method #0 -> post
2023-01-30 08:15:51.590 - DEBUG: [controller_loader.js:267:12] registerPath called : /baroboard/image/category/title_delete -> requestDeleteCategory in file ../controllers/baroboard-image-controller
2023-01-30 08:15:51.591 - DEBUG: [controller_loader.js:274:20]  method #0 -> post
2023-01-30 08:15:51.593 - DEBUG: [controller_loader.js:267:12] registerPath called : /baroboard/image/category/add -> requestAddCategoryItem in file ../controllers/baroboard-image-controller
2023-01-30 08:15:51.594 - DEBUG: [controller_loader.js:274:20]  method #0 -> post
2023-01-30 08:15:51.610 - DEBUG: [controller_loader.js:267:12] registerPath called : /baroboard/image/category/image -> requestAddImageItemInCategory in file ../controllers/baroboard-image-controller
2023-01-30 08:15:51.620 - DEBUG: [controller_loader.js:274:20]  method #0 -> get
2023-01-30 08:15:51.632 - DEBUG: [controller_loader.js:274:20]  method #1 -> post
2023-01-30 08:15:51.651 - DEBUG: [controller_loader.js:226:12] registerRest called : /baroboard/layout -> in file ../controllers/baroboard-layout-controller, table : baroboard.layout
2023-01-30 08:15:51.652 - DEBUG: [controller_loader.js:241:16] rest type #0 -> list
2023-01-30 08:15:51.653 - DEBUG: [controller_loader.js:259:16] rest request method -> get, path -> /baroboard/layout, func -> list
2023-01-30 08:15:51.653 - DEBUG: [controller_loader.js:241:16] rest type #1 -> create
2023-01-30 08:15:51.654 - DEBUG: [controller_loader.js:259:16] rest request method -> post, path -> /baroboard/layout, func -> create
2023-01-30 08:15:51.655 - DEBUG: [controller_loader.js:241:16] rest type #2 -> read
2023-01-30 08:15:51.689 - DEBUG: [controller_loader.js:259:16] rest request method -> get, path -> /baroboard/layout/:id, func -> read
2023-01-30 08:15:51.692 - DEBUG: [controller_loader.js:241:16] rest type #3 -> update
2023-01-30 08:15:51.695 - DEBUG: [controller_loader.js:259:16] rest request method -> put, path -> /baroboard/layout/:id, func -> update
2023-01-30 08:15:51.697 - DEBUG: [controller_loader.js:241:16] rest type #4 -> delete
2023-01-30 08:15:51.698 - DEBUG: [controller_loader.js:259:16] rest request method -> delete, path -> /baroboard/layout/:id, func -> delete
2023-01-30 08:15:51.703 - DEBUG: [controller_loader.js:267:12] registerPath called : /baroboard/layout/image/del -> requestImageDelete in file ../controllers/baroboard-layout-controller
2023-01-30 08:15:51.707 - DEBUG: [controller_loader.js:274:20]  method #0 -> get
2023-01-30 08:15:51.708 - DEBUG: [controller_loader.js:274:20]  method #1 -> post
2023-01-30 08:15:51.712 - DEBUG: [controller_loader.js:267:12] registerPath called : /baroboard/layout/image/update -> requestUpdateImage in file ../controllers/baroboard-layout-controller
2023-01-30 08:15:51.713 - DEBUG: [controller_loader.js:274:20]  method #0 -> post
2023-01-30 08:15:51.716 - DEBUG: [controller_loader.js:267:12] registerPath called : /baroboard/layout/mapping/update -> updateMapping in file ../controllers/baroboard-layout-controller
2023-01-30 08:15:51.716 - DEBUG: [controller_loader.js:274:20]  method #0 -> post
2023-01-30 08:15:51.784 - DEBUG: [controller_loader.js:226:12] registerRest called : /baroboard/legacy -> in file ../controllers/baroboard-legacy, table : baroboard.legacy
2023-01-30 08:15:51.787 - DEBUG: [controller_loader.js:241:16] rest type #0 -> list
2023-01-30 08:15:51.788 - DEBUG: [controller_loader.js:259:16] rest request method -> get, path -> /baroboard/legacy, func -> list
2023-01-30 08:15:51.789 - DEBUG: [controller_loader.js:241:16] rest type #1 -> create
2023-01-30 08:15:51.791 - DEBUG: [controller_loader.js:259:16] rest request method -> post, path -> /baroboard/legacy, func -> create
2023-01-30 08:15:51.793 - DEBUG: [controller_loader.js:241:16] rest type #2 -> read
2023-01-30 08:15:51.795 - DEBUG: [controller_loader.js:259:16] rest request method -> get, path -> /baroboard/legacy/:id, func -> read
2023-01-30 08:15:51.797 - DEBUG: [controller_loader.js:241:16] rest type #3 -> update
2023-01-30 08:15:51.801 - DEBUG: [controller_loader.js:259:16] rest request method -> put, path -> /baroboard/legacy/:id, func -> update
2023-01-30 08:15:51.802 - DEBUG: [controller_loader.js:241:16] rest type #4 -> delete
2023-01-30 08:15:51.803 - DEBUG: [controller_loader.js:259:16] rest request method -> delete, path -> /baroboard/legacy/:id, func -> delete
2023-01-30 08:15:51.818 - DEBUG: [controller_loader.js:226:12] registerRest called : /baroboard/users -> in file ../controllers/baroboard-users-controller, table : baroboard.users
2023-01-30 08:15:51.820 - DEBUG: [controller_loader.js:241:16] rest type #0 -> list
2023-01-30 08:15:51.821 - DEBUG: [controller_loader.js:259:16] rest request method -> get, path -> /baroboard/users, func -> list
2023-01-30 08:15:51.822 - DEBUG: [controller_loader.js:241:16] rest type #1 -> create
2023-01-30 08:15:51.823 - DEBUG: [controller_loader.js:259:16] rest request method -> post, path -> /baroboard/users, func -> create
2023-01-30 08:15:51.824 - DEBUG: [controller_loader.js:241:16] rest type #2 -> read
2023-01-30 08:15:51.825 - DEBUG: [controller_loader.js:259:16] rest request method -> get, path -> /baroboard/users/:id, func -> read
2023-01-30 08:15:51.826 - DEBUG: [controller_loader.js:241:16] rest type #3 -> update
2023-01-30 08:15:51.827 - DEBUG: [controller_loader.js:259:16] rest request method -> put, path -> /baroboard/users/:id, func -> update
2023-01-30 08:15:51.828 - DEBUG: [controller_loader.js:241:16] rest type #4 -> delete
2023-01-30 08:15:51.829 - DEBUG: [controller_loader.js:259:16] rest request method -> delete, path -> /baroboard/users/:id, func -> delete
2023-01-30 08:15:51.834 - DEBUG: [controller_loader.js:267:12] registerPath called : /baroboard/users/signup -> signup in file ../controllers/baroboard-users-controller
2023-01-30 08:15:51.870 - DEBUG: [controller_loader.js:274:20]  method #0 -> post
2023-01-30 08:15:51.872 - DEBUG: [controller_loader.js:267:12] registerPath called : /baroboard/users/login -> login in file ../controllers/baroboard-users-controller
2023-01-30 08:15:51.872 - DEBUG: [controller_loader.js:274:20]  method #0 -> post
2023-01-30 08:15:51.875 - DEBUG: [controller_loader.js:267:12] registerPath called : /baroboard/users/logout -> logout in file ../controllers/baroboard-users-controller
2023-01-30 08:15:51.876 - DEBUG: [controller_loader.js:274:20]  method #0 -> post
2023-01-30 08:15:51.880 - DEBUG: [controller_loader.js:226:12] registerRest called : /bear -> in file ../controllers/bear-controller, table : test.person
2023-01-30 08:15:51.881 - DEBUG: [controller_loader.js:241:16] rest type #0 -> list
2023-01-30 08:15:51.882 - DEBUG: [controller_loader.js:259:16] rest request method -> get, path -> /bear, func -> list
2023-01-30 08:15:51.883 - DEBUG: [controller_loader.js:241:16] rest type #1 -> create
2023-01-30 08:15:51.883 - DEBUG: [controller_loader.js:259:16] rest request method -> post, path -> /bear, func -> create
2023-01-30 08:15:51.884 - DEBUG: [controller_loader.js:241:16] rest type #2 -> read
2023-01-30 08:15:51.884 - DEBUG: [controller_loader.js:259:16] rest request method -> get, path -> /bear/:id, func -> read
2023-01-30 08:15:51.885 - DEBUG: [controller_loader.js:241:16] rest type #3 -> update
2023-01-30 08:15:51.886 - DEBUG: [controller_loader.js:259:16] rest request method -> put, path -> /bear/:id, func -> update
2023-01-30 08:15:51.886 - DEBUG: [controller_loader.js:241:16] rest type #4 -> delete
2023-01-30 08:15:51.887 - DEBUG: [controller_loader.js:259:16] rest request method -> delete, path -> /bear/:id, func -> delete
2023-01-30 08:15:51.894 - DEBUG: [controller_loader.js:226:12] registerRest called : /cat -> in file ../controllers/cat-controller, table : undefined
2023-01-30 08:15:51.897 - DEBUG: [controller_loader.js:241:16] rest type #0 -> list
2023-01-30 08:15:51.898 - DEBUG: [controller_loader.js:259:16] rest request method -> get, path -> /cat, func -> list
2023-01-30 08:15:51.898 - DEBUG: [controller_loader.js:241:16] rest type #1 -> create
2023-01-30 08:15:51.899 - DEBUG: [controller_loader.js:259:16] rest request method -> post, path -> /cat, func -> create
2023-01-30 08:15:51.899 - DEBUG: [controller_loader.js:241:16] rest type #2 -> read
2023-01-30 08:15:51.900 - DEBUG: [controller_loader.js:259:16] rest request method -> get, path -> /cat/:id, func -> read
2023-01-30 08:15:51.900 - DEBUG: [controller_loader.js:241:16] rest type #3 -> update
2023-01-30 08:15:51.901 - DEBUG: [controller_loader.js:259:16] rest request method -> put, path -> /cat/:id, func -> update
2023-01-30 08:15:51.901 - DEBUG: [controller_loader.js:241:16] rest type #4 -> delete
2023-01-30 08:15:51.902 - DEBUG: [controller_loader.js:259:16] rest request method -> delete, path -> /cat/:id, func -> delete
2023-01-30 08:15:51.914 - DEBUG: [controller_loader.js:267:12] registerPath called : /chat/send -> send in file ../controllers/chat-controller
2023-01-30 08:15:51.917 - DEBUG: [controller_loader.js:274:20]  method #0 -> get
2023-01-30 08:15:51.927 - DEBUG: [controller_loader.js:267:12] registerPath called : /cni-test/patient-list -> patientList in file ../controllers/cni-controller
2023-01-30 08:15:51.951 - DEBUG: [controller_loader.js:274:20]  method #0 -> get
2023-01-30 08:15:51.952 - DEBUG: [controller_loader.js:274:20]  method #1 -> post
2023-01-30 08:15:51.962 - DEBUG: [controller_loader.js:267:12] registerPath called : /consent/v1/patient/inpatient-list-01 -> inpatientList01 in file ../controllers/consent-v1-kbsmc-controller
2023-01-30 08:15:51.967 - DEBUG: [controller_loader.js:274:20]  method #0 -> get
2023-01-30 08:15:51.968 - DEBUG: [controller_loader.js:274:20]  method #1 -> post
2023-01-30 08:15:51.970 - DEBUG: [controller_loader.js:267:12] registerPath called : /consent/v1/consent/consent-save-01 -> consentSave01 in file ../controllers/consent-v1-kbsmc-controller
2023-01-30 08:15:51.972 - DEBUG: [controller_loader.js:274:20]  method #0 -> get
2023-01-30 08:15:51.975 - DEBUG: [controller_loader.js:274:20]  method #1 -> post
2023-01-30 08:15:51.983 - DEBUG: [controller_loader.js:267:12] registerPath called : /dog/index -> index in file ../controllers/dog-controller
2023-01-30 08:15:51.986 - DEBUG: [controller_loader.js:274:20]  method #0 -> get
2023-01-30 08:15:51.987 - DEBUG: [controller_loader.js:274:20]  method #1 -> post
2023-01-30 08:15:51.988 - DEBUG: [controller_loader.js:267:12] registerPath called : /dog/list -> list in file ../controllers/dog-controller
2023-01-30 08:15:51.989 - DEBUG: [controller_loader.js:274:20]  method #0 -> get
2023-01-30 08:15:51.989 - DEBUG: [controller_loader.js:274:20]  method #1 -> post
2023-01-30 08:15:51.992 - DEBUG: [controller_loader.js:267:12] registerPath called : /dog/create -> create in file ../controllers/dog-controller
2023-01-30 08:15:51.992 - DEBUG: [controller_loader.js:274:20]  method #0 -> get
2023-01-30 08:15:51.993 - DEBUG: [controller_loader.js:274:20]  method #1 -> post
2023-01-30 08:15:51.995 - DEBUG: [controller_loader.js:267:12] registerPath called : /dog/read -> read in file ../controllers/dog-controller
2023-01-30 08:15:51.997 - DEBUG: [controller_loader.js:274:20]  method #0 -> get
2023-01-30 08:15:51.998 - DEBUG: [controller_loader.js:274:20]  method #1 -> post
2023-01-30 08:15:52.000 - DEBUG: [controller_loader.js:267:12] registerPath called : /dog/update -> update in file ../controllers/dog-controller
2023-01-30 08:15:52.001 - DEBUG: [controller_loader.js:274:20]  method #0 -> get
2023-01-30 08:15:52.002 - DEBUG: [controller_loader.js:274:20]  method #1 -> post
2023-01-30 08:15:52.004 - DEBUG: [controller_loader.js:267:12] registerPath called : /dog/delete -> delete in file ../controllers/dog-controller
2023-01-30 08:15:52.004 - DEBUG: [controller_loader.js:274:20]  method #0 -> post
2023-01-30 08:15:52.012 - DEBUG: [controller_loader.js:267:12] registerPath called : /esl-index.do -> eslIndex in file ../controllers/index-controller
2023-01-30 08:15:52.014 - DEBUG: [controller_loader.js:274:20]  method #0 -> get
2023-01-30 08:15:52.019 - DEBUG: [controller_loader.js:267:12] registerPath called : /lion/ -> list in file ../controllers/lion-controller
2023-01-30 08:15:52.022 - DEBUG: [controller_loader.js:274:20]  method #0 -> get
2023-01-30 08:15:52.024 - DEBUG: [controller_loader.js:267:12] registerPath called : /lion/create -> create in file ../controllers/lion-controller
2023-01-30 08:15:52.025 - DEBUG: [controller_loader.js:274:20]  method #0 -> post
2023-01-30 08:15:52.027 - DEBUG: [controller_loader.js:267:12] registerPath called : /lion/read/:id -> read in file ../controllers/lion-controller
2023-01-30 08:15:52.027 - DEBUG: [controller_loader.js:274:20]  method #0 -> get
2023-01-30 08:15:52.029 - DEBUG: [controller_loader.js:267:12] registerPath called : /lion/update/:id -> update in file ../controllers/lion-controller
2023-01-30 08:15:52.030 - DEBUG: [controller_loader.js:274:20]  method #0 -> post
2023-01-30 08:15:52.032 - DEBUG: [controller_loader.js:267:12] registerPath called : /lion/delete/:id -> delete in file ../controllers/lion-controller
2023-01-30 08:15:52.032 - DEBUG: [controller_loader.js:274:20]  method #0 -> delete
2023-01-30 08:15:52.036 - DEBUG: [controller_loader.js:267:12] registerPath called : /mci-test/patient-list -> patientList in file ../controllers/mci-controller
2023-01-30 08:15:52.060 - DEBUG: [controller_loader.js:274:20]  method #0 -> get
2023-01-30 08:15:52.061 - DEBUG: [controller_loader.js:274:20]  method #1 -> post
2023-01-30 08:15:52.065 - DEBUG: [controller_loader.js:267:12] registerPath called : /panda/list -> list in file ../controllers/panda-controller
2023-01-30 08:15:52.067 - DEBUG: [controller_loader.js:274:20]  method #0 -> get
2023-01-30 08:15:52.072 - DEBUG: [controller_loader.js:267:12] registerPath called : /sboard_image/upload -> upload in file ../controllers/sboard-image-controller
2023-01-30 08:15:52.074 - DEBUG: [controller_loader.js:274:20]  method #0 -> post
2023-01-30 08:15:52.076 - DEBUG: [controller_loader.js:267:12] registerPath called : /sboard_image/send -> send in file ../controllers/sboard-image-controller
2023-01-30 08:15:52.077 - DEBUG: [controller_loader.js:274:20]  method #0 -> post
2023-01-30 08:15:52.078 - DEBUG: [controller_loader.js:267:12] registerPath called : /sboard_image/send_group -> sendGroup in file ../controllers/sboard-image-controller
2023-01-30 08:15:52.078 - DEBUG: [controller_loader.js:274:20]  method #0 -> post
2023-01-30 08:15:52.083 - DEBUG: [controller_loader.js:267:12] registerPath called : /sheep/ -> list in file ../controllers/sheep-controller
2023-01-30 08:15:52.085 - DEBUG: [controller_loader.js:274:20]  method #0 -> get
2023-01-30 08:15:52.086 - DEBUG: [controller_loader.js:267:12] registerPath called : /sheep/ -> create in file ../controllers/sheep-controller
2023-01-30 08:15:52.086 - DEBUG: [controller_loader.js:274:20]  method #0 -> post
2023-01-30 08:15:52.087 - DEBUG: [controller_loader.js:267:12] registerPath called : /sheep/:id -> read in file ../controllers/sheep-controller
2023-01-30 08:15:52.088 - DEBUG: [controller_loader.js:274:20]  method #0 -> get
2023-01-30 08:15:52.089 - DEBUG: [controller_loader.js:267:12] registerPath called : /sheep/:id -> update in file ../controllers/sheep-controller
2023-01-30 08:15:52.090 - DEBUG: [controller_loader.js:274:20]  method #0 -> put
2023-01-30 08:15:52.091 - DEBUG: [controller_loader.js:267:12] registerPath called : /sheep/:id -> delete in file ../controllers/sheep-controller
2023-01-30 08:15:52.092 - DEBUG: [controller_loader.js:274:20]  method #0 -> delete
2023-01-30 08:15:52.096 - DEBUG: [controller_loader.js:267:12] registerPath called : /data/apply -> applyData in file ../controllers/sync_to_esl-controller
2023-01-30 08:15:52.097 - DEBUG: [controller_loader.js:274:20]  method #0 -> post
2023-01-30 08:15:52.101 - DEBUG: [controller_loader.js:267:12] registerPath called : /data/lastmodifieddate -> getLastModifiedDate in file ../controllers/sync_to_mci-controller
2023-01-30 08:15:52.104 - DEBUG: [controller_loader.js:274:20]  method #0 -> post
2023-01-30 08:15:52.105 - DEBUG: [controller_loader.js:267:12] registerPath called : /data/apply -> applyData in file ../controllers/sync_to_mci-controller
2023-01-30 08:15:52.106 - DEBUG: [controller_loader.js:274:20]  method #0 -> post
2023-01-30 08:15:52.112 - DEBUG: [controller_loader.js:267:12] registerPath called : /tiger/hello -> hello in file ../controllers/tiger-controller
2023-01-30 08:15:52.116 - DEBUG: [controller_loader.js:274:20]  method #0 -> get
2023-01-30 08:15:52.116 - DEBUG: [controller_loader.js:274:20]  method #1 -> post
2023-01-30 08:15:52.118 - DEBUG: [controller_loader.js:267:12] registerPath called : /tiger/bye -> bye in file ../controllers/tiger-controller
2023-01-30 08:15:52.118 - DEBUG: [controller_loader.js:274:20]  method #0 -> get
2023-01-30 08:15:52.119 - DEBUG: [controller_loader.js:274:20]  method #1 -> post
