2020-05-25 13:10:48.910 - DEBUG: [service_loader.js:17:12] load in service_loader called.
2020-05-25 13:10:48.914 - DEBUG: [service_loader.js:21:16] #0 -> id:1, unit:person
2020-05-25 13:10:48.986 - DEBUG: [service_loader.js:39:16] method #0 -> list
2020-05-25 13:10:48.987 - DEBUG: [service_loader.js:43:16]     do method name -> doList
2020-05-25 13:10:48.988 - DEBUG: [service_loader.js:39:16] method #1 -> read
2020-05-25 13:10:48.989 - DEBUG: [service_loader.js:43:16]     do method name -> doRead
2020-05-25 13:10:48.989 - DEBUG: [service_loader.js:39:16] method #2 -> create
2020-05-25 13:10:48.990 - DEBUG: [service_loader.js:43:16]     do method name -> doCreate
2020-05-25 13:10:48.990 - DEBUG: [service_loader.js:39:16] method #3 -> update
2020-05-25 13:10:48.991 - DEBUG: [service_loader.js:43:16]     do method name -> doUpdate
2020-05-25 13:10:48.992 - DEBUG: [service_loader.js:39:16] method #4 -> delete
2020-05-25 13:10:48.992 - DEBUG: [service_loader.js:43:16]     do method name -> doDelete
2020-05-25 13:10:48.993 - INFO: [index.js:111:12] service loader called.
2020-05-25 13:10:48.994 - DEBUG: [controller_loader.js:26:12] load called.
2020-05-25 13:10:48.994 - DEBUG: [controller_loader.js:106:12] autoLoad called.
2020-05-25 13:10:49.006 - DEBUG: [controller_loader.js:34:20] #0 -> id:1, type:rest, base:, unit:person
2020-05-25 13:10:49.010 - DEBUG: [person-controller.js:27:16] PersonController initialized.
2020-05-25 13:10:49.011 - DEBUG: [controller_loader.js:53:24] rest type #0 -> list
2020-05-25 13:10:49.011 - DEBUG: [controller_loader.js:73:24] rest request method -> get, path -> /person, func -> list
2020-05-25 13:10:49.012 - DEBUG: [controller_loader.js:53:24] rest type #1 -> create
2020-05-25 13:10:49.013 - DEBUG: [controller_loader.js:73:24] rest request method -> post, path -> /person, func -> create
2020-05-25 13:10:49.015 - DEBUG: [controller_loader.js:53:24] rest type #2 -> read
2020-05-25 13:10:49.017 - DEBUG: [controller_loader.js:73:24] rest request method -> get, path -> /person/:id, func -> read
2020-05-25 13:10:49.018 - DEBUG: [controller_loader.js:53:24] rest type #3 -> update
2020-05-25 13:10:49.020 - DEBUG: [controller_loader.js:73:24] rest request method -> put, path -> /person/:id, func -> update
2020-05-25 13:10:49.021 - DEBUG: [controller_loader.js:53:24] rest type #4 -> delete
2020-05-25 13:10:49.022 - DEBUG: [controller_loader.js:73:24] rest request method -> delete, path -> /person/:id, func -> delete
2020-05-25 13:10:49.023 - DEBUG: [controller_loader.js:36:20] #1 -> id:2, type:path, path:/profile/list, method:get,post, file:profile-controller, func:list
2020-05-25 13:10:49.026 - DEBUG: [profile-controller.js:21:11] ProfileController initialized.
2020-05-25 13:10:49.027 - DEBUG: [controller_loader.js:84:28] method #0 -> get
2020-05-25 13:10:49.028 - DEBUG: [controller_loader.js:84:28] method #1 -> post
2020-05-25 13:10:49.030 - DEBUG: [controller_loader.js:36:20] #2 -> id:3, type:path, path:/profile/get, method:get,post, file:profile-controller, func:get
2020-05-25 13:10:49.032 - DEBUG: [profile-controller.js:21:11] ProfileController initialized.
2020-05-25 13:10:49.032 - DEBUG: [controller_loader.js:84:28] method #0 -> get
2020-05-25 13:10:49.033 - DEBUG: [controller_loader.js:84:28] method #1 -> post
2020-05-25 13:10:49.034 - DEBUG: [controller_loader.js:36:20] #3 -> id:4, type:path, path:/profile/add, method:get, file:profile-controller, func:add
2020-05-25 13:10:49.035 - DEBUG: [profile-controller.js:21:11] ProfileController initialized.
2020-05-25 13:10:49.036 - DEBUG: [controller_loader.js:84:28] method #0 -> get
2020-05-25 13:10:49.037 - DEBUG: [controller_loader.js:36:20] #4 -> id:5, type:path, path:/profile/upload, method:post, file:profile-controller, func:upload
2020-05-25 13:10:49.038 - DEBUG: [profile-controller.js:21:11] ProfileController initialized.
2020-05-25 13:10:49.039 - DEBUG: [controller_loader.js:84:28] method #0 -> post
2020-05-25 13:10:49.040 - DEBUG: [controller_loader.js:36:20] #5 -> id:6, type:path, path:/test/set_cookie, method:get, file:test-controller, func:set_cookie
2020-05-25 13:10:49.042 - DEBUG: [test-controller.js:15:16] TestController initialized.
2020-05-25 13:10:49.044 - DEBUG: [controller_loader.js:84:28] method #0 -> get
2020-05-25 13:10:49.048 - DEBUG: [controller_loader.js:36:20] #6 -> id:7, type:path, path:/test/show_cookie, method:get, file:test-controller, func:show_cookie
2020-05-25 13:10:49.050 - DEBUG: [test-controller.js:15:16] TestController initialized.
2020-05-25 13:10:49.050 - DEBUG: [controller_loader.js:84:28] method #0 -> get
2020-05-25 13:10:49.051 - INFO: [index.js:115:12] controller loader called.
2020-05-25 13:10:49.074 - DEBUG: [mci.js:20:16] MCI initialized.
2020-05-25 13:10:49.075 - DEBUG: [mci.js:28:20] name : external01
2020-05-25 13:10:49.118 - DEBUG: [cni.js:15:16] CNI initialized.
2020-05-25 13:10:49.119 - DEBUG: [cni.js:21:16] server name : external02
2020-05-25 13:10:49.121 - DEBUG: [cni.js:25:16] server host : localhost
2020-05-25 13:10:49.124 - DEBUG: [cni.js:26:16] server port : 7102
2020-05-25 13:10:49.379 - INFO: [index.js:238:20] Http Server started.
2020-05-25 13:10:49.380 - INFO: [index.js:248:16] Base URL -> http://localhost:7001
2020-05-25 13:10:49.383 - INFO: [index.js:253:16] Namespace -> ::_7001_16792
2020-05-25 13:10:49.524 - DEBUG: [socketio_loader.js:73:9] socketio_loader.load called.
2020-05-25 13:10:49.526 - DEBUG: [socketio_loader.js:83:16] read namespace file -> ::_7001_18876
2020-05-25 13:10:49.533 - INFO: [index.js:261:20] socket.io loader called.
2020-05-25 13:10:49.561 - DEBUG: [controller_loader.js:226:12] registerRest called : /baroboard/device -> in file ../controllers/baroboard-device-controller, table : baroboard.device
2020-05-25 13:10:49.566 - DEBUG: [controller_loader.js:241:16] rest type #0 -> list
2020-05-25 13:10:49.566 - DEBUG: [controller_loader.js:259:16] rest request method -> get, path -> /baroboard/device, func -> list
2020-05-25 13:10:49.569 - DEBUG: [controller_loader.js:241:16] rest type #1 -> create
2020-05-25 13:10:49.569 - DEBUG: [controller_loader.js:259:16] rest request method -> post, path -> /baroboard/device, func -> create
2020-05-25 13:10:49.570 - DEBUG: [controller_loader.js:241:16] rest type #2 -> read
2020-05-25 13:10:49.571 - DEBUG: [controller_loader.js:259:16] rest request method -> get, path -> /baroboard/device/:id, func -> read
2020-05-25 13:10:49.572 - DEBUG: [controller_loader.js:241:16] rest type #3 -> update
2020-05-25 13:10:49.573 - DEBUG: [controller_loader.js:259:16] rest request method -> put, path -> /baroboard/device/:id, func -> update
2020-05-25 13:10:49.574 - DEBUG: [controller_loader.js:241:16] rest type #4 -> delete
2020-05-25 13:10:49.575 - DEBUG: [controller_loader.js:259:16] rest request method -> delete, path -> /baroboard/device/:id, func -> delete
2020-05-25 13:10:49.582 - DEBUG: [controller_loader.js:267:12] registerPath called : /baroboard/device/data/update -> updateData in file ../controllers/baroboard-device-controller
2020-05-25 13:10:49.908 - DEBUG: [controller_loader.js:274:20]  method #0 -> post
2020-05-25 13:10:49.916 - DEBUG: [controller_loader.js:267:12] registerPath called : /baroboard/device/data/select -> selectData in file ../controllers/baroboard-device-controller
2020-05-25 13:10:49.917 - DEBUG: [controller_loader.js:274:20]  method #0 -> get
2020-05-25 13:10:49.922 - DEBUG: [controller_loader.js:267:12] registerPath called : /baroboard/device/dashboard/list -> dashboardList in file ../controllers/baroboard-device-controller
2020-05-25 13:10:49.923 - DEBUG: [controller_loader.js:274:20]  method #0 -> get
2020-05-25 13:10:49.926 - DEBUG: [controller_loader.js:267:12] registerPath called : /baroboard/device/dashboard/sublist -> dashboardSubList in file ../controllers/baroboard-device-controller
2020-05-25 13:10:49.928 - DEBUG: [controller_loader.js:274:20]  method #0 -> get
2020-05-25 13:10:49.931 - DEBUG: [controller_loader.js:267:12] registerPath called : /baroboard/device/dashboard/legacy -> legacyInfo in file ../controllers/baroboard-device-controller
2020-05-25 13:10:49.932 - DEBUG: [controller_loader.js:288:16] legacyInfo not found in the controller.
2020-05-25 13:10:49.935 - DEBUG: [controller_loader.js:267:12] registerPath called : /baroboard/device/dashboard/fieldlist -> dashboardFieldList in file ../controllers/baroboard-device-controller
2020-05-25 13:10:49.937 - DEBUG: [controller_loader.js:274:20]  method #0 -> get
2020-05-25 13:10:49.941 - DEBUG: [controller_loader.js:267:12] registerPath called : /baroboard/device/data/preview2 -> preview2 in file ../controllers/baroboard-device-controller
2020-05-25 13:10:49.943 - DEBUG: [controller_loader.js:274:20]  method #0 -> post
2020-05-25 13:10:49.946 - DEBUG: [controller_loader.js:267:12] registerPath called : /baroboard/device/data/apply -> applyData in file ../controllers/baroboard-device-controller
2020-05-25 13:10:49.946 - DEBUG: [controller_loader.js:274:20]  method #0 -> post
2020-05-25 13:10:49.949 - DEBUG: [controller_loader.js:267:12] registerPath called : /baroboard/device/data/preview -> applyData2 in file ../controllers/baroboard-device-controller
2020-05-25 13:10:49.950 - DEBUG: [controller_loader.js:274:20]  method #0 -> post
2020-05-25 13:10:49.956 - DEBUG: [controller_loader.js:267:12] registerPath called : /baroboard/device/goodbattery -> batteryUpdate in file ../controllers/baroboard-device-controller
2020-05-25 13:10:49.957 - DEBUG: [controller_loader.js:274:20]  method #0 -> post
2020-05-25 13:10:49.964 - DEBUG: [controller_loader.js:267:12] registerPath called : /baroboard/device/badbattery -> batteryUpdate2 in file ../controllers/baroboard-device-controller
2020-05-25 13:10:49.966 - DEBUG: [controller_loader.js:274:20]  method #0 -> post
2020-05-25 13:10:49.975 - DEBUG: [controller_loader.js:267:12] registerPath called : /baroboard/device/check/usinglayout -> checkUsingLayout in file ../controllers/baroboard-device-controller
2020-05-25 13:10:49.978 - DEBUG: [controller_loader.js:274:20]  method #0 -> post
2020-05-25 13:10:49.986 - DEBUG: [controller_loader.js:267:12] registerPath called : /baroboard/device/status -> statusUpdate in file ../controllers/baroboard-device-controller
2020-05-25 13:10:49.988 - DEBUG: [controller_loader.js:274:20]  method #0 -> post
2020-05-25 13:10:49.996 - DEBUG: [controller_loader.js:267:12] registerPath called : /baroboard/device/data/mappinglist -> layoutMappingDataList in file ../controllers/baroboard-device-controller
2020-05-25 13:10:50.001 - DEBUG: [controller_loader.js:274:20]  method #0 -> post
2020-05-25 13:10:50.008 - DEBUG: [controller_loader.js:267:12] registerPath called : /baroboard/device/modify/layout -> modifyLayoutinfo in file ../controllers/baroboard-device-controller
2020-05-25 13:10:50.012 - DEBUG: [controller_loader.js:274:20]  method #0 -> post
2020-05-25 13:10:50.025 - DEBUG: [controller_loader.js:226:12] registerRest called : /baroboard/device_group -> in file ../controllers/baroboard-device-group-controller, table : baroboard.device_group
2020-05-25 13:10:50.028 - DEBUG: [controller_loader.js:241:16] rest type #0 -> list
2020-05-25 13:10:50.032 - DEBUG: [controller_loader.js:259:16] rest request method -> get, path -> /baroboard/device_group, func -> list
2020-05-25 13:10:50.035 - DEBUG: [controller_loader.js:241:16] rest type #1 -> create
2020-05-25 13:10:50.036 - DEBUG: [controller_loader.js:259:16] rest request method -> post, path -> /baroboard/device_group, func -> create
2020-05-25 13:10:50.038 - DEBUG: [controller_loader.js:241:16] rest type #2 -> read
2020-05-25 13:10:50.040 - DEBUG: [controller_loader.js:259:16] rest request method -> get, path -> /baroboard/device_group/:id, func -> read
2020-05-25 13:10:50.042 - DEBUG: [controller_loader.js:241:16] rest type #3 -> update
2020-05-25 13:10:50.045 - DEBUG: [controller_loader.js:259:16] rest request method -> put, path -> /baroboard/device_group/:id, func -> update
2020-05-25 13:10:50.048 - DEBUG: [controller_loader.js:241:16] rest type #4 -> delete
2020-05-25 13:10:50.050 - DEBUG: [controller_loader.js:259:16] rest request method -> delete, path -> /baroboard/device_group/:id, func -> delete
2020-05-25 13:10:50.061 - DEBUG: [controller_loader.js:226:12] registerRest called : /baroboard/image -> in file ../controllers/baroboard-image-controller, table : baroboard.image
2020-05-25 13:10:50.065 - DEBUG: [controller_loader.js:241:16] rest type #0 -> list
2020-05-25 13:10:50.067 - DEBUG: [controller_loader.js:259:16] rest request method -> get, path -> /baroboard/image, func -> list
2020-05-25 13:10:50.069 - DEBUG: [controller_loader.js:241:16] rest type #1 -> create
2020-05-25 13:10:50.071 - DEBUG: [controller_loader.js:259:16] rest request method -> post, path -> /baroboard/image, func -> create
2020-05-25 13:10:50.073 - DEBUG: [controller_loader.js:241:16] rest type #2 -> read
2020-05-25 13:10:50.074 - DEBUG: [controller_loader.js:259:16] rest request method -> get, path -> /baroboard/image/:id, func -> read
2020-05-25 13:10:50.079 - DEBUG: [controller_loader.js:241:16] rest type #3 -> update
2020-05-25 13:10:50.081 - DEBUG: [controller_loader.js:259:16] rest request method -> put, path -> /baroboard/image/:id, func -> update
2020-05-25 13:10:50.083 - DEBUG: [controller_loader.js:241:16] rest type #4 -> delete
2020-05-25 13:10:50.085 - DEBUG: [controller_loader.js:259:16] rest request method -> delete, path -> /baroboard/image/:id, func -> delete
2020-05-25 13:10:50.096 - DEBUG: [controller_loader.js:267:12] registerPath called : /baroboard/image/list -> requestList in file ../controllers/baroboard-image-controller
2020-05-25 13:10:50.100 - DEBUG: [controller_loader.js:274:20]  method #0 -> post
2020-05-25 13:10:50.105 - DEBUG: [controller_loader.js:267:12] registerPath called : /baroboard/image/category/list -> requestcategoryList in file ../controllers/baroboard-image-controller
2020-05-25 13:10:50.107 - DEBUG: [controller_loader.js:274:20]  method #0 -> post
2020-05-25 13:10:50.116 - DEBUG: [controller_loader.js:267:12] registerPath called : /baroboard/image/category/delete_item -> requestDeleteImage2 in file ../controllers/baroboard-image-controller
2020-05-25 13:10:50.118 - DEBUG: [controller_loader.js:274:20]  method #0 -> post
2020-05-25 13:10:50.130 - DEBUG: [controller_loader.js:267:12] registerPath called : /baroboard/image/category/title_delete -> requestDeleteCategory in file ../controllers/baroboard-image-controller
2020-05-25 13:10:50.132 - DEBUG: [controller_loader.js:274:20]  method #0 -> post
2020-05-25 13:10:50.139 - DEBUG: [controller_loader.js:267:12] registerPath called : /baroboard/image/category/add -> requestAddCategoryItem in file ../controllers/baroboard-image-controller
2020-05-25 13:10:50.142 - DEBUG: [controller_loader.js:274:20]  method #0 -> post
2020-05-25 13:10:50.149 - DEBUG: [controller_loader.js:267:12] registerPath called : /baroboard/image/category/image -> requestAddImageItemInCategory in file ../controllers/baroboard-image-controller
2020-05-25 13:10:50.151 - DEBUG: [controller_loader.js:274:20]  method #0 -> get
2020-05-25 13:10:50.152 - DEBUG: [controller_loader.js:274:20]  method #1 -> post
2020-05-25 13:10:50.166 - DEBUG: [controller_loader.js:226:12] registerRest called : /baroboard/layout -> in file ../controllers/baroboard-layout-controller, table : baroboard.layout
2020-05-25 13:10:50.167 - DEBUG: [controller_loader.js:241:16] rest type #0 -> list
2020-05-25 13:10:50.168 - DEBUG: [controller_loader.js:259:16] rest request method -> get, path -> /baroboard/layout, func -> list
2020-05-25 13:10:50.170 - DEBUG: [controller_loader.js:241:16] rest type #1 -> create
2020-05-25 13:10:50.173 - DEBUG: [controller_loader.js:259:16] rest request method -> post, path -> /baroboard/layout, func -> create
2020-05-25 13:10:50.175 - DEBUG: [controller_loader.js:241:16] rest type #2 -> read
2020-05-25 13:10:50.178 - DEBUG: [controller_loader.js:259:16] rest request method -> get, path -> /baroboard/layout/:id, func -> read
2020-05-25 13:10:50.180 - DEBUG: [controller_loader.js:241:16] rest type #3 -> update
2020-05-25 13:10:50.182 - DEBUG: [controller_loader.js:259:16] rest request method -> put, path -> /baroboard/layout/:id, func -> update
2020-05-25 13:10:50.183 - DEBUG: [controller_loader.js:241:16] rest type #4 -> delete
2020-05-25 13:10:50.185 - DEBUG: [controller_loader.js:259:16] rest request method -> delete, path -> /baroboard/layout/:id, func -> delete
2020-05-25 13:10:50.195 - DEBUG: [controller_loader.js:267:12] registerPath called : /baroboard/layout/image/del -> requestImageDelete in file ../controllers/baroboard-layout-controller
2020-05-25 13:10:50.198 - DEBUG: [controller_loader.js:274:20]  method #0 -> get
2020-05-25 13:10:50.199 - DEBUG: [controller_loader.js:274:20]  method #1 -> post
2020-05-25 13:10:50.206 - DEBUG: [controller_loader.js:267:12] registerPath called : /baroboard/layout/image/update -> requestUpdateImage in file ../controllers/baroboard-layout-controller
2020-05-25 13:10:50.210 - DEBUG: [controller_loader.js:274:20]  method #0 -> post
2020-05-25 13:10:50.220 - DEBUG: [controller_loader.js:267:12] registerPath called : /baroboard/layout/mapping/update -> updateMapping in file ../controllers/baroboard-layout-controller
2020-05-25 13:10:50.225 - DEBUG: [controller_loader.js:274:20]  method #0 -> post
2020-05-25 13:10:50.237 - DEBUG: [controller_loader.js:226:12] registerRest called : /baroboard/legacy -> in file ../controllers/baroboard-legacy, table : baroboard.legacy
2020-05-25 13:10:50.238 - DEBUG: [controller_loader.js:241:16] rest type #0 -> list
2020-05-25 13:10:50.240 - DEBUG: [controller_loader.js:259:16] rest request method -> get, path -> /baroboard/legacy, func -> list
2020-05-25 13:10:50.242 - DEBUG: [controller_loader.js:241:16] rest type #1 -> create
2020-05-25 13:10:50.244 - DEBUG: [controller_loader.js:259:16] rest request method -> post, path -> /baroboard/legacy, func -> create
2020-05-25 13:10:50.246 - DEBUG: [controller_loader.js:241:16] rest type #2 -> read
2020-05-25 13:10:50.249 - DEBUG: [controller_loader.js:259:16] rest request method -> get, path -> /baroboard/legacy/:id, func -> read
2020-05-25 13:10:50.251 - DEBUG: [controller_loader.js:241:16] rest type #3 -> update
2020-05-25 13:10:50.253 - DEBUG: [controller_loader.js:259:16] rest request method -> put, path -> /baroboard/legacy/:id, func -> update
2020-05-25 13:10:50.255 - DEBUG: [controller_loader.js:241:16] rest type #4 -> delete
2020-05-25 13:10:50.256 - DEBUG: [controller_loader.js:259:16] rest request method -> delete, path -> /baroboard/legacy/:id, func -> delete
2020-05-25 13:10:50.267 - DEBUG: [controller_loader.js:226:12] registerRest called : /baroboard/users -> in file ../controllers/baroboard-users-controller, table : baroboard.users
2020-05-25 13:10:50.268 - DEBUG: [controller_loader.js:241:16] rest type #0 -> list
2020-05-25 13:10:50.269 - DEBUG: [controller_loader.js:259:16] rest request method -> get, path -> /baroboard/users, func -> list
2020-05-25 13:10:50.270 - DEBUG: [controller_loader.js:241:16] rest type #1 -> create
2020-05-25 13:10:50.271 - DEBUG: [controller_loader.js:259:16] rest request method -> post, path -> /baroboard/users, func -> create
2020-05-25 13:10:50.273 - DEBUG: [controller_loader.js:241:16] rest type #2 -> read
2020-05-25 13:10:50.274 - DEBUG: [controller_loader.js:259:16] rest request method -> get, path -> /baroboard/users/:id, func -> read
2020-05-25 13:10:50.275 - DEBUG: [controller_loader.js:241:16] rest type #3 -> update
2020-05-25 13:10:50.277 - DEBUG: [controller_loader.js:259:16] rest request method -> put, path -> /baroboard/users/:id, func -> update
2020-05-25 13:10:50.279 - DEBUG: [controller_loader.js:241:16] rest type #4 -> delete
2020-05-25 13:10:50.282 - DEBUG: [controller_loader.js:259:16] rest request method -> delete, path -> /baroboard/users/:id, func -> delete
2020-05-25 13:10:50.287 - DEBUG: [controller_loader.js:267:12] registerPath called : /baroboard/users/login -> login in file ../controllers/baroboard-users-controller
2020-05-25 13:10:50.290 - DEBUG: [controller_loader.js:274:20]  method #0 -> post
2020-05-25 13:10:50.297 - DEBUG: [controller_loader.js:267:12] registerPath called : /baroboard/users/logout -> logout in file ../controllers/baroboard-users-controller
2020-05-25 13:10:50.298 - DEBUG: [controller_loader.js:274:20]  method #0 -> post
2020-05-25 13:10:50.305 - DEBUG: [controller_loader.js:226:12] registerRest called : /bear -> in file ../controllers/bear-controller, table : test.person
2020-05-25 13:10:50.306 - DEBUG: [controller_loader.js:241:16] rest type #0 -> list
2020-05-25 13:10:50.307 - DEBUG: [controller_loader.js:259:16] rest request method -> get, path -> /bear, func -> list
2020-05-25 13:10:50.310 - DEBUG: [controller_loader.js:241:16] rest type #1 -> create
2020-05-25 13:10:50.313 - DEBUG: [controller_loader.js:259:16] rest request method -> post, path -> /bear, func -> create
2020-05-25 13:10:50.315 - DEBUG: [controller_loader.js:241:16] rest type #2 -> read
2020-05-25 13:10:50.316 - DEBUG: [controller_loader.js:259:16] rest request method -> get, path -> /bear/:id, func -> read
2020-05-25 13:10:50.317 - DEBUG: [controller_loader.js:241:16] rest type #3 -> update
2020-05-25 13:10:50.319 - DEBUG: [controller_loader.js:259:16] rest request method -> put, path -> /bear/:id, func -> update
2020-05-25 13:10:50.320 - DEBUG: [controller_loader.js:241:16] rest type #4 -> delete
2020-05-25 13:10:50.321 - DEBUG: [controller_loader.js:259:16] rest request method -> delete, path -> /bear/:id, func -> delete
2020-05-25 13:10:50.331 - DEBUG: [controller_loader.js:226:12] registerRest called : /cat -> in file ../controllers/cat-controller, table : undefined
2020-05-25 13:10:50.334 - DEBUG: [controller_loader.js:241:16] rest type #0 -> list
2020-05-25 13:10:50.335 - DEBUG: [controller_loader.js:259:16] rest request method -> get, path -> /cat, func -> list
2020-05-25 13:10:50.336 - DEBUG: [controller_loader.js:241:16] rest type #1 -> create
2020-05-25 13:10:50.337 - DEBUG: [controller_loader.js:259:16] rest request method -> post, path -> /cat, func -> create
2020-05-25 13:10:50.339 - DEBUG: [controller_loader.js:241:16] rest type #2 -> read
2020-05-25 13:10:50.340 - DEBUG: [controller_loader.js:259:16] rest request method -> get, path -> /cat/:id, func -> read
2020-05-25 13:10:50.343 - DEBUG: [controller_loader.js:241:16] rest type #3 -> update
2020-05-25 13:10:50.345 - DEBUG: [controller_loader.js:259:16] rest request method -> put, path -> /cat/:id, func -> update
2020-05-25 13:10:50.347 - DEBUG: [controller_loader.js:241:16] rest type #4 -> delete
2020-05-25 13:10:50.349 - DEBUG: [controller_loader.js:259:16] rest request method -> delete, path -> /cat/:id, func -> delete
2020-05-25 13:10:50.363 - DEBUG: [controller_loader.js:267:12] registerPath called : /chat/send -> send in file ../controllers/chat-controller
2020-05-25 13:10:50.366 - DEBUG: [controller_loader.js:274:20]  method #0 -> get
2020-05-25 13:10:50.382 - DEBUG: [controller_loader.js:267:12] registerPath called : /cni-test/patient-list -> patientList in file ../controllers/cni-controller
2020-05-25 13:10:50.386 - DEBUG: [controller_loader.js:274:20]  method #0 -> get
2020-05-25 13:10:50.387 - DEBUG: [controller_loader.js:274:20]  method #1 -> post
2020-05-25 13:10:50.401 - DEBUG: [controller_loader.js:267:12] registerPath called : /consent/v1/patient/inpatient-list-01 -> inpatientList01 in file ../controllers/consent-v1-kbsmc-controller
2020-05-25 13:10:50.403 - DEBUG: [controller_loader.js:274:20]  method #0 -> get
2020-05-25 13:10:50.406 - DEBUG: [controller_loader.js:274:20]  method #1 -> post
2020-05-25 13:10:50.412 - DEBUG: [controller_loader.js:267:12] registerPath called : /consent/v1/consent/consent-save-01 -> consentSave01 in file ../controllers/consent-v1-kbsmc-controller
2020-05-25 13:10:50.413 - DEBUG: [controller_loader.js:274:20]  method #0 -> get
2020-05-25 13:10:50.415 - DEBUG: [controller_loader.js:274:20]  method #1 -> post
2020-05-25 13:10:50.431 - DEBUG: [controller_loader.js:267:12] registerPath called : /dog/index -> index in file ../controllers/dog-controller
2020-05-25 13:10:50.433 - DEBUG: [controller_loader.js:274:20]  method #0 -> get
2020-05-25 13:10:50.435 - DEBUG: [controller_loader.js:274:20]  method #1 -> post
2020-05-25 13:10:50.443 - DEBUG: [controller_loader.js:267:12] registerPath called : /dog/list -> list in file ../controllers/dog-controller
2020-05-25 13:10:50.445 - DEBUG: [controller_loader.js:274:20]  method #0 -> get
2020-05-25 13:10:50.446 - DEBUG: [controller_loader.js:274:20]  method #1 -> post
2020-05-25 13:10:50.451 - DEBUG: [controller_loader.js:267:12] registerPath called : /dog/create -> create in file ../controllers/dog-controller
2020-05-25 13:10:50.454 - DEBUG: [controller_loader.js:274:20]  method #0 -> get
2020-05-25 13:10:50.456 - DEBUG: [controller_loader.js:274:20]  method #1 -> post
2020-05-25 13:10:50.462 - DEBUG: [controller_loader.js:267:12] registerPath called : /dog/read -> read in file ../controllers/dog-controller
2020-05-25 13:10:50.464 - DEBUG: [controller_loader.js:274:20]  method #0 -> get
2020-05-25 13:10:50.465 - DEBUG: [controller_loader.js:274:20]  method #1 -> post
2020-05-25 13:10:50.472 - DEBUG: [controller_loader.js:267:12] registerPath called : /dog/update -> update in file ../controllers/dog-controller
2020-05-25 13:10:50.473 - DEBUG: [controller_loader.js:274:20]  method #0 -> get
2020-05-25 13:10:50.475 - DEBUG: [controller_loader.js:274:20]  method #1 -> post
2020-05-25 13:10:50.479 - DEBUG: [controller_loader.js:267:12] registerPath called : /dog/delete -> delete in file ../controllers/dog-controller
2020-05-25 13:10:50.480 - DEBUG: [controller_loader.js:274:20]  method #0 -> post
2020-05-25 13:10:50.490 - DEBUG: [controller_loader.js:267:12] registerPath called : /sheep.do -> sheepIndex in file ../controllers/index-controller
2020-05-25 13:10:50.494 - DEBUG: [controller_loader.js:274:20]  method #0 -> get
2020-05-25 13:10:50.500 - DEBUG: [controller_loader.js:267:12] registerPath called : /sheep2.do -> sheepIndex2 in file ../controllers/index-controller
2020-05-25 13:10:50.502 - DEBUG: [controller_loader.js:274:20]  method #0 -> get
2020-05-25 13:10:50.509 - DEBUG: [controller_loader.js:267:12] registerPath called : /sheep3.do -> sheepIndex3 in file ../controllers/index-controller
2020-05-25 13:10:50.511 - DEBUG: [controller_loader.js:274:20]  method #0 -> get
2020-05-25 13:10:50.517 - DEBUG: [controller_loader.js:267:12] registerPath called : /sheep4.do -> sheepIndex4 in file ../controllers/index-controller
2020-05-25 13:10:50.518 - DEBUG: [controller_loader.js:274:20]  method #0 -> get
2020-05-25 13:10:50.523 - DEBUG: [controller_loader.js:267:12] registerPath called : /esl-index.do -> eslIndex in file ../controllers/index-controller
2020-05-25 13:10:50.524 - DEBUG: [controller_loader.js:274:20]  method #0 -> get
2020-05-25 13:10:50.541 - DEBUG: [controller_loader.js:267:12] registerPath called : /lion/ -> list in file ../controllers/lion-controller
2020-05-25 13:10:50.545 - DEBUG: [controller_loader.js:274:20]  method #0 -> get
2020-05-25 13:10:50.550 - DEBUG: [controller_loader.js:267:12] registerPath called : /lion/create -> create in file ../controllers/lion-controller
2020-05-25 13:10:50.551 - DEBUG: [controller_loader.js:274:20]  method #0 -> post
2020-05-25 13:10:50.556 - DEBUG: [controller_loader.js:267:12] registerPath called : /lion/read/:id -> read in file ../controllers/lion-controller
2020-05-25 13:10:50.557 - DEBUG: [controller_loader.js:274:20]  method #0 -> get
2020-05-25 13:10:50.567 - DEBUG: [controller_loader.js:267:12] registerPath called : /lion/update/:id -> update in file ../controllers/lion-controller
2020-05-25 13:10:50.568 - DEBUG: [controller_loader.js:274:20]  method #0 -> post
2020-05-25 13:10:50.575 - DEBUG: [controller_loader.js:267:12] registerPath called : /lion/delete/:id -> delete in file ../controllers/lion-controller
2020-05-25 13:10:50.579 - DEBUG: [controller_loader.js:274:20]  method #0 -> delete
2020-05-25 13:10:50.590 - DEBUG: [controller_loader.js:267:12] registerPath called : /mci-test/patient-list -> patientList in file ../controllers/mci-controller
2020-05-25 13:10:50.596 - DEBUG: [controller_loader.js:274:20]  method #0 -> get
2020-05-25 13:10:50.598 - DEBUG: [controller_loader.js:274:20]  method #1 -> post
2020-05-25 13:10:50.613 - DEBUG: [controller_loader.js:267:12] registerPath called : /panda/list -> list in file ../controllers/panda-controller
2020-05-25 13:10:50.615 - DEBUG: [controller_loader.js:274:20]  method #0 -> get
2020-05-25 13:10:50.633 - DEBUG: [controller_loader.js:267:12] registerPath called : /sboard_image/upload -> upload in file ../controllers/sboard-image-controller
2020-05-25 13:10:50.636 - DEBUG: [controller_loader.js:274:20]  method #0 -> post
2020-05-25 13:10:50.642 - DEBUG: [controller_loader.js:267:12] registerPath called : /sboard_image/send -> send in file ../controllers/sboard-image-controller
2020-05-25 13:10:50.644 - DEBUG: [controller_loader.js:274:20]  method #0 -> post
2020-05-25 13:10:50.648 - DEBUG: [controller_loader.js:267:12] registerPath called : /sboard_image/send_group -> sendGroup in file ../controllers/sboard-image-controller
2020-05-25 13:10:50.649 - DEBUG: [controller_loader.js:274:20]  method #0 -> post
2020-05-25 13:10:50.662 - DEBUG: [controller_loader.js:267:12] registerPath called : /sheep/ -> list in file ../controllers/sheep-controller
2020-05-25 13:10:50.664 - DEBUG: [controller_loader.js:274:20]  method #0 -> get
2020-05-25 13:10:50.668 - DEBUG: [controller_loader.js:267:12] registerPath called : /sheep/ -> create in file ../controllers/sheep-controller
2020-05-25 13:10:50.669 - DEBUG: [controller_loader.js:274:20]  method #0 -> post
2020-05-25 13:10:50.676 - DEBUG: [controller_loader.js:267:12] registerPath called : /sheep/:id -> read in file ../controllers/sheep-controller
2020-05-25 13:10:50.678 - DEBUG: [controller_loader.js:274:20]  method #0 -> get
2020-05-25 13:10:50.681 - DEBUG: [controller_loader.js:267:12] registerPath called : /sheep/:id -> update in file ../controllers/sheep-controller
2020-05-25 13:10:50.682 - DEBUG: [controller_loader.js:274:20]  method #0 -> put
2020-05-25 13:10:50.688 - DEBUG: [controller_loader.js:267:12] registerPath called : /sheep/:id -> delete in file ../controllers/sheep-controller
2020-05-25 13:10:50.689 - DEBUG: [controller_loader.js:274:20]  method #0 -> delete
2020-05-25 13:10:50.706 - DEBUG: [controller_loader.js:267:12] registerPath called : /data/lastmodifieddate -> getLastModifiedDate in file ../controllers/sync_to_mci-controller
2020-05-25 13:10:50.747 - DEBUG: [controller_loader.js:274:20]  method #0 -> post
2020-05-25 13:10:50.755 - DEBUG: [controller_loader.js:267:12] registerPath called : /data/apply -> applyData in file ../controllers/sync_to_mci-controller
2020-05-25 13:10:50.758 - DEBUG: [controller_loader.js:274:20]  method #0 -> post
2020-05-25 13:10:50.770 - DEBUG: [controller_loader.js:267:12] registerPath called : /tiger/hello -> hello in file ../controllers/tiger-controller
2020-05-25 13:10:50.773 - DEBUG: [controller_loader.js:274:20]  method #0 -> get
2020-05-25 13:10:50.775 - DEBUG: [controller_loader.js:274:20]  method #1 -> post
2020-05-25 13:10:50.785 - DEBUG: [controller_loader.js:267:12] registerPath called : /tiger/bye -> bye in file ../controllers/tiger-controller
2020-05-25 13:10:50.786 - DEBUG: [controller_loader.js:274:20]  method #0 -> get
2020-05-25 13:10:50.787 - DEBUG: [controller_loader.js:274:20]  method #1 -> post
2020-05-25 13:10:50.821 - DEBUG: [socketio_loader.js:103:16] Error in executing sql -> Error: ER_BAD_DB_ERROR: Unknown database 'chat'
2020-05-25 13:10:50.860 - DEBUG: [socketio_loader.js:125:16] namespace file saved to -> ./socketio.pid
2020-05-25 13:10:50.863 - INFO: [socketio_loader.js:133:12] socket.io service started.
2020-05-25 13:10:50.869 - DEBUG: [socketio_loader.js:147:12] redis subscribed -> myapp_message
2020-05-25 13:11:08.312 - DEBUG: [index-controller.js:57:16] eslIndex called for path /esl-index.do
2020-05-25 13:11:49.004 - DEBUG: [baroboard-users-controller.js:32:16] BaroboardUsers:login called for path /baroboard/users/login
2020-05-25 13:11:49.106 - DEBUG: [baroboard-device-controller.js:693:16] BaroboardDevice:deletePreview called 
2020-05-25 13:11:49.144 - DEBUG: [table-controller.js:121:14] Table:list called for GET /baroboard/layout
2020-05-25 13:11:49.223 - DEBUG: [table-controller.js:121:14] Table:list called for GET /baroboard/layout
2020-05-25 13:11:49.259 - DEBUG: [table-controller.js:121:14] Table:list called for GET /baroboard/layout
2020-05-25 13:12:10.340 - DEBUG: [table-controller.js:121:14] Table:list called for GET /baroboard/device
2020-05-25 13:12:12.659 - DEBUG: [table-controller.js:121:14] Table:list called for GET /baroboard/device
2020-05-25 13:12:20.917 - DEBUG: [table-controller.js:121:14] Table:list called for GET /baroboard/device_group
2020-05-25 13:12:20.934 - DEBUG: [table-controller.js:121:14] Table:list called for GET /baroboard/layout
2020-05-25 13:12:24.977 - DEBUG: [table-controller.js:547:14] Table:update called for PUT /baroboard/device/:id
2020-05-25 13:12:24.991 - DEBUG: [table-controller.js:121:14] Table:list called for GET /baroboard/device
2020-05-25 13:12:25.082 - DEBUG: [index-controller.js:57:16] eslIndex called for path /esl-index.do
2020-05-25 13:12:29.547 - DEBUG: [baroboard-users-controller.js:32:16] BaroboardUsers:login called for path /baroboard/users/login
2020-05-25 13:12:29.600 - DEBUG: [baroboard-device-controller.js:693:16] BaroboardDevice:deletePreview called 
2020-05-25 13:12:29.634 - DEBUG: [table-controller.js:121:14] Table:list called for GET /baroboard/layout
2020-05-25 13:12:29.705 - DEBUG: [table-controller.js:121:14] Table:list called for GET /baroboard/layout
2020-05-25 13:12:29.755 - DEBUG: [table-controller.js:121:14] Table:list called for GET /baroboard/layout
2020-05-25 13:12:33.621 - DEBUG: [baroboard-device-controller.js:569:16] BaroboardDevice:dashboardList called for path /baroboard/device/dashboard/list
2020-05-25 13:12:35.533 - DEBUG: [baroboard-device-controller.js:600:16] BaroboardDevice:dashboardSubList called for path /baroboard/device/dashboard/sublist
2020-05-25 13:12:39.752 - DEBUG: [table-controller.js:121:14] Table:list called for GET /baroboard/device
2020-05-25 13:12:41.425 - DEBUG: [table-controller.js:121:14] Table:list called for GET /baroboard/device
2020-05-25 13:13:36.347 - DEBUG: [baroboard-device-controller.js:600:16] BaroboardDevice:dashboardSubList called for path /baroboard/device/dashboard/sublist
2020-05-25 13:14:26.156 - DEBUG: [table-controller.js:121:14] Table:list called for GET /baroboard/device_group
2020-05-25 13:14:26.165 - DEBUG: [table-controller.js:121:14] Table:list called for GET /baroboard/layout
2020-05-25 13:14:27.521 - DEBUG: [table-controller.js:121:14] Table:list called for GET /baroboard/device
